2018-09-28T01:58:11.472848	b8:27:eb:48:eb:46	Raspberry Pi Foundation		-65
2018-09-28T01:58:20.624602	b8:27:eb:d4:09:61	Raspberry Pi Foundation		-77
2018-09-28T01:58:31.551714	b8:27:eb:d4:09:61	Raspberry Pi Foundation		-77
2018-09-28T01:58:31.707445	b8:27:eb:b5:96:1c	Raspberry Pi Foundation		-73
2018-09-28T01:58:37.013846	b8:27:eb:d4:09:61	Raspberry Pi Foundation		-81
2018-09-28T01:58:46.762619	76:c6:1a:72:34:c9	UNKNOWN		-81
2018-09-28T01:58:49.197693	76:c6:1a:72:34:c9	UNKNOWN		-83
2018-09-28T01:58:53.676682	80:30:dc:ec:c7:a5	Texas Instruments	dcl_2016_5g	-89
2018-09-28T01:59:04.956838	b8:27:eb:d4:09:61	Raspberry Pi Foundation		-79
2018-09-28T01:59:10.219452	84:4b:f5:08:0c:a6	Hon Hai Precision Ind. Co.,Ltd.	unconfigured	-85
2018-09-28T01:59:14.699421	b8:27:eb:48:eb:46	Raspberry Pi Foundation		-71
2018-09-28T01:59:15.981513	b8:27:eb:d4:09:61	Raspberry Pi Foundation		-79
2018-09-28T01:59:16.279126	b0:c0:90:ac:24:dd	Chicony Electronics Co., Ltd.		-79
2018-09-28T01:59:16.286922	b0:c0:90:ac:24:dd	Chicony Electronics Co., Ltd.		-83
2018-09-28T01:59:16.573332	b0:c0:90:ac:24:dd	Chicony Electronics Co., Ltd.		-85
2018-09-28T01:59:32.734857	b8:27:eb:d4:09:61	Raspberry Pi Foundation		-79
2018-09-28T01:59:41.464263	84:4b:f5:08:0c:a6	Hon Hai Precision Ind. Co.,Ltd.	unconfigured	-85
2018-09-28T01:59:43.783237	b8:27:eb:d4:09:61	Raspberry Pi Foundation		-79
2018-09-28T01:59:43.804693	b8:27:eb:d4:09:61	Raspberry Pi Foundation		-75
2018-09-28T01:59:53.535470	38:d5:47:d4:5c:c6	ASUSTek COMPUTER INC.		-83
2018-09-28T01:59:53.941561	1c:70:22:0a:82:46	UNKNOWN		-49
2018-09-28T01:59:54.755637	b8:27:eb:d4:09:61	Raspberry Pi Foundation		-77
2018-09-28T01:59:54.764279	b8:27:eb:d4:09:61	Raspberry Pi Foundation		-77
2018-09-28T02:00:05.904912	b8:27:eb:d4:09:61	Raspberry Pi Foundation		-77
2018-09-28T02:00:16.912959	b8:27:eb:d4:09:61	Raspberry Pi Foundation		-79
2018-09-28T02:00:27.985715	d4:0b:1a:67:7b:bd	HTC Corporation		-61
2018-09-28T02:00:30.005970	b6:53:12:dd:5b:70	UNKNOWN		-85
2018-09-28T02:00:31.853534	b8:27:eb:b5:96:1c	Raspberry Pi Foundation		-73
2018-09-28T02:00:38.891775	b8:27:eb:d4:09:61	Raspberry Pi Foundation		-77
2018-09-28T02:00:38.910836	b8:27:eb:d4:09:61	Raspberry Pi Foundation		-77
2018-09-28T02:00:41.876427	26:27:1e:27:57:3b	UNKNOWN		-85
2018-09-28T02:00:44.000924	84:4b:f5:08:0c:a6	Hon Hai Precision Ind. Co.,Ltd.	unconfigured	-89
2018-09-28T02:00:54.421584	1c:70:22:0a:82:46	UNKNOWN		-45
2018-09-28T02:00:55.551340	b8:27:eb:d4:09:61	Raspberry Pi Foundation		-77
2018-09-28T02:00:55.585274	b8:27:eb:d4:09:61	Raspberry Pi Foundation		-79
2018-09-28T02:01:01.081959	0c:84:dc:0b:e7:45	Hon Hai Precision Ind. Co.,Ltd.	SmileLab92583	-87
2018-09-28T02:01:06.374006	b8:27:eb:d4:09:61	Raspberry Pi Foundation		-79
2018-09-28T02:01:12.199637	b8:27:eb:d4:09:61	Raspberry Pi Foundation		-79
2018-09-28T02:01:12.920486	b8:27:eb:50:01:2a	Raspberry Pi Foundation		-45
2018-09-28T02:01:20.883464	b8:27:eb:48:eb:46	Raspberry Pi Foundation		-71
2018-09-28T02:01:22.996173	b8:27:eb:1d:28:4d	Raspberry Pi Foundation		-41
2018-09-28T02:01:28.616171	b8:27:eb:d4:09:61	Raspberry Pi Foundation		-79
2018-09-28T02:01:28.634953	b8:27:eb:d4:09:61	Raspberry Pi Foundation		-77
2018-09-28T02:01:34.086259	b8:27:eb:d4:09:61	Raspberry Pi Foundation		-79
2018-09-28T02:01:45.252855	b8:27:eb:d4:09:61	Raspberry Pi Foundation		-79
2018-09-28T02:01:50.755841	b8:27:eb:d4:09:61	Raspberry Pi Foundation		-79
2018-09-28T02:01:51.587151	5c:e0:c5:79:ba:a8	Intel Corporate	SmileLab92583	-83
2018-09-28T02:01:52.075430	04:d6:aa:2c:2f:ae	UNKNOWN		-81
2018-09-28T02:01:54.680712	1c:70:22:0a:82:46	UNKNOWN		-47
2018-09-28T02:01:56.325908	b8:27:eb:d4:09:61	Raspberry Pi Foundation		-77
2018-09-28T02:02:01.948670	b8:27:eb:d4:09:61	Raspberry Pi Foundation		-79
2018-09-28T02:02:01.979847	b8:27:eb:d4:09:61	Raspberry Pi Foundation		-81
2018-09-28T02:02:06.281094	68:07:15:c5:2c:45	Intel Corporate		-79
2018-09-28T02:02:29.512525	b8:27:eb:d4:09:61	Raspberry Pi Foundation		-77
2018-09-28T02:02:31.805151	b8:27:eb:b5:96:1c	Raspberry Pi Foundation		-73
2018-09-28T02:02:40.570436	b8:27:eb:d4:09:61	Raspberry Pi Foundation		-77
2018-09-28T02:02:46.030822	b8:27:eb:d4:09:61	Raspberry Pi Foundation		-77
2018-09-28T02:02:51.779047	76:c6:82:72:c6:fd	UNKNOWN		-83
2018-09-28T02:02:55.314403	1c:70:22:0a:82:46	UNKNOWN		-45
2018-09-28T02:02:57.243756	b8:27:eb:d4:09:61	Raspberry Pi Foundation		-77
2018-09-28T02:03:08.303341	b8:27:eb:d4:09:61	Raspberry Pi Foundation		-79
2018-09-28T02:03:13.800798	b8:27:eb:d4:09:61	Raspberry Pi Foundation		-79
2018-09-28T02:03:19.078089	b8:27:eb:d4:09:61	Raspberry Pi Foundation		-79
2018-09-28T02:03:24.741286	b8:27:eb:d4:09:61	Raspberry Pi Foundation		-77
2018-09-28T02:03:26.518178	b8:27:eb:48:eb:46	Raspberry Pi Foundation		-63
2018-09-28T02:03:41.465980	b8:27:eb:d4:09:61	Raspberry Pi Foundation		-77
