2018-09-26T18:20:00.839529	dc:85:de:92:90:d5	AzureWave Technology Inc.		-65
2018-09-26T18:20:01.670447	dc:85:de:92:90:d5	AzureWave Technology Inc.		-71
2018-09-26T18:20:02.516030	ac:37:43:ca:4e:83	HTC Corporation		-83
2018-09-26T18:20:04.260555	b8:27:eb:d4:09:61	Raspberry Pi Foundation		-83
2018-09-26T18:20:04.550400	da:a1:19:9c:2d:1d	UNKNOWN		-77
2018-09-26T18:20:06.216092	7c:7a:91:d6:a5:5b	Intel Corporate	SmileLab92583	-85
2018-09-26T18:20:06.233496	7c:7a:91:d6:a5:5b	Intel Corporate		-83
2018-09-26T18:20:06.924126	40:98:ad:12:5a:3d	UNKNOWN	NCKU-WLAN-802.1x	-77
2018-09-26T18:20:07.944133	40:98:ad:12:5a:3d	UNKNOWN	NCKU-WLAN-802.1x	-69
2018-09-26T18:20:07.951278	40:98:ad:12:5a:3d	UNKNOWN	NCKU-WLAN-802.1x	-67
2018-09-26T18:20:10.796826	b8:27:eb:d4:09:61	Raspberry Pi Foundation		-83
2018-09-26T18:20:11.394525	da:a1:19:53:87:cb	UNKNOWN		-65
2018-09-26T18:20:13.578203	3a:4e:be:4d:4d:2f	UNKNOWN		-81
2018-09-26T18:20:17.399903	da:a1:19:c9:6d:b8	UNKNOWN		-79
2018-09-26T18:20:18.932625	84:4b:f5:08:0c:a6	Hon Hai Precision Ind. Co.,Ltd.	unconfigured	-85
2018-09-26T18:20:20.733034	da:a1:19:62:94:92	UNKNOWN		-79
2018-09-26T18:20:21.238912	10:7b:44:29:19:ce	UNKNOWN		-83
2018-09-26T18:20:21.245683	10:7b:44:29:19:ce	UNKNOWN		-73
2018-09-26T18:20:21.262816	10:7b:44:29:19:ce	UNKNOWN		-71
2018-09-26T18:20:23.540903	c8:ff:28:a5:22:86	Liteon Technology Corporation		-73
2018-09-26T18:20:23.694208	da:a1:19:e5:e7:01	UNKNOWN		-87
2018-09-26T18:20:23.723764	da:a1:19:e5:e7:01	UNKNOWN		-79
2018-09-26T18:20:24.616788	20:47:da:47:0d:c7	UNKNOWN	NCKU-WLAN	-77
2018-09-26T18:20:24.623512	20:47:da:47:0d:c7	UNKNOWN	NCKU-WLAN	-85
2018-09-26T18:20:24.630174	20:47:da:47:0d:c7	UNKNOWN	NCKU-WLAN	-73
2018-09-26T18:20:24.636893	20:47:da:47:0d:c7	UNKNOWN	NCKU-WLAN	-73
2018-09-26T18:20:24.643547	20:47:da:47:0d:c7	UNKNOWN	NCKU-WLAN	-73
2018-09-26T18:20:24.691966	c8:ff:28:a5:22:86	Liteon Technology Corporation		-73
2018-09-26T18:20:26.754463	da:a1:19:2d:af:3c	UNKNOWN		-83
2018-09-26T18:20:28.708847	c4:43:8f:de:ec:9f	LG Electronics (Mobile Communications)		-81
2018-09-26T18:20:29.163483	c8:ff:28:a5:22:86	Liteon Technology Corporation		-85
2018-09-26T18:20:29.782509	da:a1:19:57:bd:12	UNKNOWN		-69
2018-09-26T18:20:30.095896	c8:ff:28:a5:22:86	Liteon Technology Corporation		-85
2018-09-26T18:20:32.605720	da:a1:19:67:f6:99	UNKNOWN		-77
2018-09-26T18:20:34.574953	b4:6b:fc:d7:6b:35	UNKNOWN	92A28	-87
2018-09-26T18:20:35.383167	00:08:ca:3d:e1:42	TwinHan Technology Co.,Ltd	NCKUEE-802.1x	-87
2018-09-26T18:20:35.426031	00:08:ca:3d:e1:42	TwinHan Technology Co.,Ltd	NCKUEE-802.1x	-89
2018-09-26T18:20:35.756769	da:a1:19:35:1f:41	UNKNOWN		-87
2018-09-26T18:20:35.914312	1c:91:48:8f:e2:f0	Apple, Inc.	NCKU-WLAN	-79
2018-09-26T18:20:38.615200	da:a1:19:6e:f7:3f	UNKNOWN		-83
2018-09-26T18:20:40.620159	26:0a:64:24:64:af	UNKNOWN		-87
2018-09-26T18:20:41.629160	da:a1:19:b7:b4:ce	UNKNOWN		-87
2018-09-26T18:20:46.060702	94:39:e5:61:ed:1a	Hon Hai Precision Ind. Co.,Ltd.	VLSILAB_2G2	-89
2018-09-26T18:20:59.580021	24:1b:7a:2d:8f:a2	UNKNOWN	NCKU-WLAN-802.1x	-83
2018-09-26T18:21:04.303617	dc:85:de:92:90:d5	AzureWave Technology Inc.		-69
2018-09-26T18:21:05.722713	b8:27:eb:48:eb:46	Raspberry Pi Foundation		-71
2018-09-26T18:21:12.970387	9e:7c:f0:88:f6:d5	UNKNOWN		-81
2018-09-26T18:21:18.078387	b8:27:eb:d4:09:61	Raspberry Pi Foundation		-81
2018-09-26T18:21:23.434947	1c:70:22:0a:82:46	UNKNOWN		-47
2018-09-26T18:21:25.014113	d2:0d:0a:dc:2f:90	UNKNOWN		-85
2018-09-26T18:21:25.817678	c8:ff:28:a5:22:86	Liteon Technology Corporation		-73
2018-09-26T18:21:29.196086	b8:27:eb:d4:09:61	Raspberry Pi Foundation		-83
2018-09-26T18:21:31.396077	c4:b3:01:be:7f:c1	Apple, Inc.		-81
2018-09-26T18:21:31.419375	c4:b3:01:be:7f:c1	Apple, Inc.		-79
2018-09-26T18:21:35.016055	98:e0:d9:10:d5:c0	Apple, Inc.	TWNGBM_5G	-77
2018-09-26T18:21:35.029568	98:e0:d9:10:d5:c0	Apple, Inc.	TWNGBM_5G	-79
2018-09-26T18:21:48.939566	fa:ba:5d:54:57:a6	UNKNOWN		-83
2018-09-26T18:21:52.415802	84:7a:88:61:b5:c5	HTC Corporation	Anycast-ceaec1	-89
2018-09-26T18:21:52.436960	84:7a:88:61:b5:c5	HTC Corporation	Anycast-ceaec1	-87
2018-09-26T18:21:53.403422	84:4b:f5:08:0c:a6	Hon Hai Precision Ind. Co.,Ltd.	unconfigured	-83
2018-09-26T18:21:56.615581	b8:27:eb:d4:09:61	Raspberry Pi Foundation		-83
2018-09-26T18:21:59.509217	24:0a:64:24:64:af	AzureWave Technology Inc.		-87
2018-09-26T18:22:03.004094	b8:27:eb:b5:96:1c	Raspberry Pi Foundation		-73
2018-09-26T18:22:04.186393	dc:85:de:92:90:d5	AzureWave Technology Inc.		-65
2018-09-26T18:22:11.079962	c4:b3:01:be:7f:c1	Apple, Inc.		-79
2018-09-26T18:22:14.170942	e2:a3:e7:1d:2d:67	UNKNOWN		-85
2018-09-26T18:22:17.297637	1a:ef:f7:f6:54:53	UNKNOWN		-85
2018-09-26T18:22:24.191357	1c:70:22:0a:82:46	UNKNOWN		-45
2018-09-26T18:22:24.613969	84:4b:f5:08:0c:a6	Hon Hai Precision Ind. Co.,Ltd.	unconfigured	-85
2018-09-26T18:22:26.036242	c8:ff:28:a5:22:86	Liteon Technology Corporation		-73
2018-09-26T18:22:27.039952	c8:ff:28:a5:22:86	Liteon Technology Corporation		-75
2018-09-26T18:22:39.742013	98:e0:d9:10:d5:c0	Apple, Inc.	NCKU-WLAN-802.1x	-83
2018-09-26T18:22:44.809916	e6:8b:a6:da:2c:79	UNKNOWN		-87
2018-09-26T18:22:47.268669	3a:e6:5d:4c:7f:ed	UNKNOWN		-87
2018-09-26T18:22:48.934941	6c:4d:73:d6:71:a8	UNKNOWN	NCKUEE-802.1x	-83
2018-09-26T18:22:49.393479	cc:fa:00:f2:41:0e	LG Electronics (Mobile Communications)		-85
2018-09-26T18:22:49.415407	cc:fa:00:f2:41:0e	LG Electronics (Mobile Communications)		-85
2018-09-26T18:22:52.505085	84:7a:88:61:b5:c5	HTC Corporation		-87
2018-09-26T18:23:04.685754	dc:85:de:92:90:d5	AzureWave Technology Inc.		-87
2018-09-26T18:23:08.532801	54:ae:27:70:53:78	Apple, Inc.	NCKU-WLAN-802.1x	-85
2018-09-26T18:23:12.241762	54:ae:27:70:53:78	Apple, Inc.	NCKU-WLAN-802.1x	-87
2018-09-26T18:23:24.741642	1c:70:22:0a:82:46	UNKNOWN		-81
2018-09-26T18:23:25.526008	b8:27:eb:d4:09:61	Raspberry Pi Foundation		-83
2018-09-26T18:23:30.951825	b6:2c:a9:a0:21:2d	UNKNOWN		-75
2018-09-26T18:23:31.473995	c4:b3:01:be:7f:c1	Apple, Inc.		-83
2018-09-26T18:23:31.605016	c8:ff:28:a5:22:86	Liteon Technology Corporation		-73
2018-09-26T18:23:32.271100	c8:ff:28:a5:22:86	Liteon Technology Corporation		-73
2018-09-26T18:23:32.447186	c8:ff:28:a5:22:86	Liteon Technology Corporation	CHT Wi-Fi(HiNet)	-77
2018-09-26T18:23:35.968813	04:d6:aa:e3:42:75	UNKNOWN		-77
2018-09-26T18:23:47.714648	b8:27:eb:d4:09:61	Raspberry Pi Foundation		-83
2018-09-26T18:23:51.519357	c4:b3:01:be:7f:c1	Apple, Inc.		-79
2018-09-26T18:23:53.176819	b8:27:eb:d4:09:61	Raspberry Pi Foundation		-81
2018-09-26T18:23:57.940878	9c:5c:f9:1f:b2:fc	Sony Mobile Communications AB	Dlink DIR-615	-77
2018-09-26T18:23:58.197220	84:4b:f5:08:0c:a6	Hon Hai Precision Ind. Co.,Ltd.	unconfigured	-83
2018-09-26T18:23:58.569482	b8:27:eb:d4:09:61	Raspberry Pi Foundation		-79
2018-09-26T18:23:58.782940	94:39:e5:61:ed:1a	Hon Hai Precision Ind. Co.,Ltd.	VLSILAB_2G2	-87
2018-09-26T18:24:11.623609	c4:b3:01:be:7f:c1	Apple, Inc.		-81
2018-09-26T18:24:18.871685	22:e2:30:ff:16:83	UNKNOWN		-85
2018-09-26T18:24:20.688590	b8:27:eb:d4:09:61	Raspberry Pi Foundation		-83
2018-09-26T18:24:25.176950	1c:70:22:0a:82:46	UNKNOWN		-49
2018-09-26T18:24:27.895043	c8:ff:28:a5:22:86	Liteon Technology Corporation		-75
2018-09-26T18:24:28.827907	9c:5c:f9:1f:b2:fc	Sony Mobile Communications AB	TWM WiFi Auto	-61
2018-09-26T18:24:28.846503	9c:5c:f9:1f:b2:fc	Sony Mobile Communications AB		-61
2018-09-26T18:24:29.464570	84:4b:f5:08:0c:a6	Hon Hai Precision Ind. Co.,Ltd.	unconfigured	-81
2018-09-26T18:24:30.800309	c4:b3:01:be:7f:c1	Apple, Inc.		-79
2018-09-26T18:24:31.691512	b8:27:eb:d4:09:61	Raspberry Pi Foundation		-83
2018-09-26T18:24:33.596365	9c:5c:f9:1f:b2:fc	Sony Mobile Communications AB	TWM WiFi Auto	-85
2018-09-26T18:24:42.849824	b8:27:eb:d4:09:61	Raspberry Pi Foundation		-83
2018-09-26T18:24:43.595982	40:4e:36:5e:43:8e	HTC Corporation		-83
2018-09-26T18:24:45.355721	9c:5c:f9:1f:b2:fc	Sony Mobile Communications AB	CHT Wi-Fi Auto	-67
2018-09-26T18:24:49.751646	9c:5c:f9:1f:b2:fc	Sony Mobile Communications AB		-65
2018-09-26T18:24:50.696895	9c:5c:f9:1f:b2:fc	Sony Mobile Communications AB	CHT Wi-Fi Auto	-63
2018-09-26T18:24:50.885544	a2:85:b7:9b:34:4e	UNKNOWN		-77
2018-09-26T18:24:50.962424	9c:5c:f9:1f:b2:fc	Sony Mobile Communications AB	FET Wi-Fi Auto	-83
2018-09-26T18:24:51.007481	9c:5c:f9:1f:b2:fc	Sony Mobile Communications AB	CHT Wi-Fi Auto	-67
2018-09-26T18:24:51.798434	9c:5c:f9:1f:b2:fc	Sony Mobile Communications AB		-65
2018-09-26T18:24:52.778555	76:18:d0:72:94:d5	UNKNOWN		-83
2018-09-26T18:24:53.165690	9c:5c:f9:1f:b2:fc	Sony Mobile Communications AB		-79
2018-09-26T18:24:56.679733	9c:5c:f9:1f:b2:fc	Sony Mobile Communications AB		-69
2018-09-26T18:24:57.764034	9c:5c:f9:1f:b2:fc	Sony Mobile Communications AB	Dlink DIR-615	-77
2018-09-26T18:25:00.480509	84:4b:f5:08:0c:a6	Hon Hai Precision Ind. Co.,Ltd.	unconfigured	-89
2018-09-26T18:25:04.434874	dc:85:de:92:90:d5	AzureWave Technology Inc.		-65
2018-09-26T18:25:17.892217	b8:27:eb:48:eb:46	Raspberry Pi Foundation		-69
2018-09-26T18:25:21.548434	b8:27:eb:d4:09:61	Raspberry Pi Foundation		-81
2018-09-26T18:25:23.454223	c2:9d:b0:1c:cd:0b	UNKNOWN		-75
2018-09-26T18:25:25.619752	1c:70:22:0a:82:46	UNKNOWN		-49
2018-09-26T18:25:25.638331	1c:70:22:0a:82:46	UNKNOWN		-85
2018-09-26T18:25:27.074034	b8:27:eb:d4:09:61	Raspberry Pi Foundation		-81
2018-09-26T18:25:27.777680	c8:ff:28:a5:22:86	Liteon Technology Corporation		-87
2018-09-26T18:25:28.744396	c8:ff:28:a5:22:86	Liteon Technology Corporation		-75
2018-09-26T18:25:29.902203	c8:ff:28:a5:22:86	Liteon Technology Corporation		-75
2018-09-26T18:25:32.609311	b8:27:eb:d4:09:61	Raspberry Pi Foundation		-81
2018-09-26T18:25:38.253321	b8:27:eb:d4:09:61	Raspberry Pi Foundation		-81
2018-09-26T18:25:43.762007	b8:27:eb:d4:09:61	Raspberry Pi Foundation		-79
2018-09-26T18:25:43.780581	b8:27:eb:d4:09:61	Raspberry Pi Foundation		-85
2018-09-26T18:25:51.825008	7c:7a:91:d6:a5:5b	Intel Corporate	SmileLab92583	-83
2018-09-26T18:25:51.831379	7c:7a:91:d6:a5:5b	Intel Corporate		-85
2018-09-26T18:25:54.367273	ca:57:0f:a9:07:3c	UNKNOWN		-85
2018-09-26T18:25:59.847682	ee:5c:61:16:b6:4b	UNKNOWN		-81
2018-09-26T18:25:59.888208	ee:5c:61:16:b6:4b	UNKNOWN		-87
2018-09-26T18:26:02.325290	ae:21:cd:1a:45:84	UNKNOWN		-83
2018-09-26T18:26:03.018862	b8:27:eb:b5:96:1c	Raspberry Pi Foundation		-73
2018-09-26T18:26:04.573038	dc:85:de:92:90:d5	AzureWave Technology Inc.		-73
2018-09-26T18:26:10.058070	94:39:e5:61:ed:1a	Hon Hai Precision Ind. Co.,Ltd.	VLSILAB_2G2	-89
2018-09-26T18:26:11.346648	b8:27:eb:d4:09:61	Raspberry Pi Foundation		-83
2018-09-26T18:26:17.010380	24:1b:7a:2d:8f:a2	UNKNOWN	NCKU-WLAN-802.1x	-85
2018-09-26T18:26:20.518837	c4:b3:01:be:7f:c1	Apple, Inc.		-81
2018-09-26T18:26:20.720562	b8:27:eb:48:eb:46	Raspberry Pi Foundation		-69
2018-09-26T18:26:21.309825	9c:5c:8e:65:c9:1c	ASUSTek COMPUTER INC.	TWNGBM	-59
2018-09-26T18:26:26.160726	1c:70:22:0a:82:46	UNKNOWN		-45
2018-09-26T18:26:26.389532	6e:0d:93:69:2a:22	UNKNOWN		-87
2018-09-26T18:26:29.464587	c8:ff:28:a5:22:86	Liteon Technology Corporation		-75
2018-09-26T18:26:29.471756	c8:ff:28:a5:22:86	Liteon Technology Corporation		-77
2018-09-26T18:26:33.508250	b8:27:eb:d4:09:61	Raspberry Pi Foundation		-79
2018-09-26T18:26:38.975935	b8:27:eb:d4:09:61	Raspberry Pi Foundation		-83
2018-09-26T18:26:39.003926	b8:27:eb:d4:09:61	Raspberry Pi Foundation		-83
2018-09-26T18:26:51.147103	28:e1:4c:2d:37:00	Apple, Inc.	NCKU-WLAN-802.1x	-81
2018-09-26T18:26:54.079484	40:40:a7:df:a5:bf	Sony Mobile Communications AB		-67
2018-09-26T18:26:58.703354	28:e1:4c:2d:37:00	Apple, Inc.	NCKU-WLAN-802.1x	-71
2018-09-26T18:27:04.354174	dc:85:de:92:90:d5	AzureWave Technology Inc.		-73
2018-09-26T18:27:07.543799	ac:1f:74:72:08:9a	UNKNOWN	NCKU-WLAN-802.1x	-87
2018-09-26T18:27:10.285571	c4:b3:01:be:7f:c1	Apple, Inc.		-81
2018-09-26T18:27:12.310646	b8:27:eb:d4:09:61	Raspberry Pi Foundation		-81
2018-09-26T18:27:12.337705	b8:27:eb:d4:09:61	Raspberry Pi Foundation		-83
2018-09-26T18:27:12.747239	2c:8a:72:a0:d3:e4	HTC Corporation		-83
2018-09-26T18:27:14.689641	94:39:e5:61:ed:1a	Hon Hai Precision Ind. Co.,Ltd.	VLSILAB_2G2	-85
2018-09-26T18:27:14.921444	ac:37:43:ea:ca:5e	HTC Corporation		-77
2018-09-26T18:27:14.959697	ac:37:43:ea:ca:5e	HTC Corporation		-83
2018-09-26T18:27:23.716704	b8:27:eb:48:eb:46	Raspberry Pi Foundation		-69
2018-09-26T18:27:26.677308	58:40:4e:0e:50:cb	Apple, Inc.	NCKU-WLAN-802.1x	-85
2018-09-26T18:27:29.237965	c8:ff:28:a5:22:86	Liteon Technology Corporation		-77
2018-09-26T18:27:29.245195	c8:ff:28:a5:22:86	Liteon Technology Corporation		-75
2018-09-26T18:27:30.221591	c4:b3:01:be:7f:c1	Apple, Inc.		-79
2018-09-26T18:27:34.130194	b8:27:eb:d4:09:61	Raspberry Pi Foundation		-83
2018-09-26T18:27:36.756634	84:4b:f5:08:0c:a6	Hon Hai Precision Ind. Co.,Ltd.	unconfigured	-85
2018-09-26T18:27:50.124203	c4:b3:01:be:7f:c1	Apple, Inc.		-79
2018-09-26T18:27:50.494692	b8:27:eb:d4:09:61	Raspberry Pi Foundation		-83
2018-09-26T18:27:52.998721	ac:1f:74:72:08:9a	UNKNOWN	NCKU-WLAN-802.1x	-83
2018-09-26T18:27:53.019776	ac:1f:74:72:08:9a	UNKNOWN	NCKU-WLAN-802.1x	-83
2018-09-26T18:28:01.242519	7c:7a:91:d6:a5:5b	Intel Corporate	SmileLab92583	-81
2018-09-26T18:28:02.943901	b8:27:eb:b5:96:1c	Raspberry Pi Foundation		-71
2018-09-26T18:28:04.199953	dc:85:de:92:90:d5	AzureWave Technology Inc.		-73
2018-09-26T18:28:07.145339	ac:1f:74:72:08:9a	UNKNOWN	NCKU-WLAN-802.1x	-69
2018-09-26T18:28:07.165792	ac:1f:74:72:08:9a	UNKNOWN	NCKU-WLAN-802.1x	-69
2018-09-26T18:28:07.439329	ec:f3:42:8d:ee:57	UNKNOWN	91B81	-83
2018-09-26T18:28:10.195215	84:7a:88:61:b5:c5	HTC Corporation	Anycast-ceaec1	-89
2018-09-26T18:28:11.959235	3c:a0:67:7a:23:a5	Liteon Technology Corporation		-91
2018-09-26T18:28:15.506475	d0:7a:b5:0c:00:bd	HUAWEI TECHNOLOGIES CO.,LTD		-83
2018-09-26T18:28:18.573552	ac:1f:74:72:08:9a	UNKNOWN	NCKU-WLAN-802.1x	-89
2018-09-26T18:28:24.128023	b8:27:eb:d4:09:61	Raspberry Pi Foundation		-83
2018-09-26T18:28:29.519658	c8:ff:28:a5:22:86	Liteon Technology Corporation		-75
2018-09-26T18:28:30.519468	c8:ff:28:a5:22:86	Liteon Technology Corporation		-75
2018-09-26T18:28:30.610970	a2:f8:f9:3b:05:81	UNKNOWN	shanyue	-89
2018-09-26T18:28:30.616923	a2:f8:f9:3b:05:81	UNKNOWN	nckm_guest	-83
2018-09-26T18:28:34.439167	be:9d:01:be:eb:ef	UNKNOWN		-87
2018-09-26T18:28:36.433974	f4:0f:24:39:39:d7	Apple, Inc.	NCKUEE-B1-4F	-83
2018-09-26T18:28:40.371917	1a:43:26:4b:d8:09	UNKNOWN		-79
2018-09-26T18:28:41.037678	ac:1f:74:72:08:9a	UNKNOWN	NCKU-WLAN-802.1x	-83
2018-09-26T18:28:42.179757	ac:1f:74:72:08:9a	UNKNOWN	NCKU-WLAN-802.1x	-73
2018-09-26T18:28:46.040166	b8:27:eb:d4:09:61	Raspberry Pi Foundation		-79
2018-09-26T18:28:47.508617	c8:ff:28:a5:22:86	Liteon Technology Corporation		-75
2018-09-26T18:28:47.515902	c8:ff:28:a5:22:86	Liteon Technology Corporation		-77
2018-09-26T18:28:47.663080	f4:0f:24:39:39:d7	Apple, Inc.	NCKUEE-B1-4F	-81
2018-09-26T18:28:50.258388	c4:b3:01:be:7f:c1	Apple, Inc.		-79
2018-09-26T18:28:51.350221	2a:8c:b8:28:bf:20	UNKNOWN	NCKUEE-B1-4F	-79
2018-09-26T18:28:51.356997	2a:8c:b8:28:bf:20	UNKNOWN		-81
2018-09-26T18:28:51.863059	c8:ff:28:a5:22:86	Liteon Technology Corporation		-75
2018-09-26T18:28:51.870157	c8:ff:28:a5:22:86	Liteon Technology Corporation		-75
2018-09-26T18:28:52.036008	f4:0f:24:39:39:d7	Apple, Inc.	NCKUEE-B1-4F	-81
2018-09-26T18:28:53.096068	c8:ff:28:a5:22:86	Liteon Technology Corporation	CHT Wi-Fi(HiNet)	-83
2018-09-26T18:28:53.103354	c8:ff:28:a5:22:86	Liteon Technology Corporation	CHT Wi-Fi(HiNet)	-77
2018-09-26T18:28:54.100332	f4:0f:24:39:39:d7	Apple, Inc.	NCKUEE-B1-4F	-81
2018-09-26T18:28:57.159086	b8:27:eb:d4:09:61	Raspberry Pi Foundation		-85
2018-09-26T18:29:01.801724	4e:e4:55:30:02:c9	UNKNOWN		-89
2018-09-26T18:29:02.126625	80:30:dc:ec:c7:a5	Texas Instruments	dcl_2016_5g	-87
2018-09-26T18:29:02.164050	80:30:dc:ec:c7:a5	Texas Instruments	dcl_2016_5g	-87
2018-09-26T18:29:08.200241	b8:27:eb:d4:09:61	Raspberry Pi Foundation		-83
2018-09-26T18:29:13.715075	b8:27:eb:d4:09:61	Raspberry Pi Foundation		-81
2018-09-26T18:29:17.852108	00:08:ca:3d:e1:42	TwinHan Technology Co.,Ltd	NCKUEE-802.1x	-89
2018-09-26T18:29:27.538092	1c:70:22:0a:82:46	UNKNOWN		-47
2018-09-26T18:29:27.555700	1c:70:22:0a:82:46	UNKNOWN		-49
2018-09-26T18:29:28.340741	40:e2:30:ff:16:83	AzureWave Technology Inc.	NCKU-WLAN	-85
2018-09-26T18:29:30.253652	c4:b3:01:be:7f:c1	Apple, Inc.		-77
2018-09-26T18:29:41.558910	b8:27:eb:d4:09:61	Raspberry Pi Foundation		-83
2018-09-26T18:29:57.958776	b8:27:eb:d4:09:61	Raspberry Pi Foundation		-83
2018-09-26T18:29:57.985869	b8:27:eb:d4:09:61	Raspberry Pi Foundation		-83
2018-09-26T18:30:00.402203	76:01:27:79:a7:42	UNKNOWN	TANetRoaming	-87
2018-09-26T18:30:00.408123	76:01:27:79:a7:42	UNKNOWN	NCKUEE-B1-4F	-83
2018-09-26T18:30:00.415042	76:01:27:79:a7:42	UNKNOWN	NCKU-WLAN	-83
2018-09-26T18:30:00.429144	76:01:27:79:a7:42	UNKNOWN	TANetRoaming	-85
2018-09-26T18:30:00.496328	76:01:27:79:a7:42	UNKNOWN	AndroidAP0562	-83
2018-09-26T18:30:00.502265	76:01:27:79:a7:42	UNKNOWN	NCKUEE-802.1x	-87
2018-09-26T18:30:03.025424	b8:27:eb:b5:96:1c	Raspberry Pi Foundation		-71
2018-09-26T18:30:03.496195	b8:27:eb:d4:09:61	Raspberry Pi Foundation		-81
2018-09-26T18:30:04.023373	86:db:6a:84:43:37	UNKNOWN		-89
2018-09-26T18:30:05.408506	50:2e:5c:eb:40:1a	HTC Corporation		-87
2018-09-26T18:30:05.899815	2c:8a:72:a0:d3:e4	HTC Corporation		-83
2018-09-26T18:30:09.089196	b8:27:eb:d4:09:61	Raspberry Pi Foundation		-83
2018-09-26T18:30:10.254990	86:db:6a:84:43:37	UNKNOWN	NCKUEE-B1-4F	-83
2018-09-26T18:30:10.261743	86:db:6a:84:43:37	UNKNOWN		-87
2018-09-26T18:30:10.504932	f4:0f:24:39:39:d7	Apple, Inc.	NCKUEE-B1-4F	-83
2018-09-26T18:30:12.088572	84:7a:88:61:b5:c5	HTC Corporation		-89
2018-09-26T18:30:12.814358	84:4b:f5:08:0c:a6	Hon Hai Precision Ind. Co.,Ltd.	unconfigured	-83
2018-09-26T18:30:15.374605	2c:4d:54:41:ab:be	ASUSTek COMPUTER INC.		-79
2018-09-26T18:30:21.638509	f4:0f:24:39:39:d7	Apple, Inc.	NCKUEE-B1-4F	-83
2018-09-26T18:30:24.285844	94:39:e5:61:ed:1a	Hon Hai Precision Ind. Co.,Ltd.	VLSILAB_2G2	-87
2018-09-26T18:30:30.257347	c4:b3:01:be:7f:c1	Apple, Inc.		-79
2018-09-26T18:30:32.573456	b8:27:eb:48:eb:46	Raspberry Pi Foundation		-69
2018-09-26T18:30:36.419492	b8:27:eb:d4:09:61	Raspberry Pi Foundation		-77
2018-09-26T18:30:42.241585	b8:27:eb:d4:09:61	Raspberry Pi Foundation		-75
2018-09-26T18:30:44.227879	84:4b:f5:08:0c:a6	Hon Hai Precision Ind. Co.,Ltd.	unconfigured	-87
2018-09-26T18:30:53.425196	b8:27:eb:d4:09:61	Raspberry Pi Foundation		-83
2018-09-26T18:30:59.509461	aa:4f:40:ad:41:40	UNKNOWN		-83
2018-09-26T18:31:04.496505	dc:85:de:92:90:d5	AzureWave Technology Inc.		-75
2018-09-26T18:31:06.399351	80:30:dc:ec:c7:a5	Texas Instruments	dcl_2016_5g	-87
2018-09-26T18:31:10.021490	b8:27:eb:d4:09:61	Raspberry Pi Foundation		-83
2018-09-26T18:31:12.338686	84:7a:88:61:b5:c5	HTC Corporation		-87
2018-09-26T18:31:14.925239	ec:f3:42:8d:ee:57	UNKNOWN	NCKUEE-B1-4F	-87
2018-09-26T18:31:21.279996	2a:ea:a8:98:62:52	UNKNOWN		-75
2018-09-26T18:31:28.720853	1c:70:22:0a:82:46	UNKNOWN		-75
2018-09-26T18:31:29.147222	40:16:7e:da:a8:77	ASUSTek COMPUTER INC.	my-place 2093099	-87
2018-09-26T18:31:30.383818	c4:b3:01:be:7f:c1	Apple, Inc.		-83
2018-09-26T18:31:35.826585	b8:27:eb:48:eb:46	Raspberry Pi Foundation		-71
2018-09-26T18:31:36.641973	6e:db:e9:51:ae:3c	UNKNOWN		-75
2018-09-26T18:31:37.096181	ec:f3:42:8d:ee:57	UNKNOWN	NCKUEE-B1-4F	-83
2018-09-26T18:31:37.531126	b8:27:eb:d4:09:61	Raspberry Pi Foundation		-83
2018-09-26T18:31:39.337159	40:16:7e:da:a8:77	ASUSTek COMPUTER INC.	my-place 2093099	-89
2018-09-26T18:31:50.336149	c4:b3:01:be:7f:c1	Apple, Inc.		-79
2018-09-26T18:31:54.254881	b8:27:eb:d4:09:61	Raspberry Pi Foundation		-83
2018-09-26T18:31:59.825112	68:ef:43:2c:8c:82	UNKNOWN	NCKU-WLAN	-85
2018-09-26T18:32:03.008511	b8:27:eb:b5:96:1c	Raspberry Pi Foundation		-71
2018-09-26T18:32:03.035545	b8:27:eb:b5:96:1c	Raspberry Pi Foundation		-71
2018-09-26T18:32:04.313696	dc:85:de:92:90:d5	AzureWave Technology Inc.		-69
2018-09-26T18:32:08.892750	80:be:05:7b:c3:d4	Apple, Inc.	MBILAB	-83
2018-09-26T18:32:10.824539	b8:27:eb:d4:09:61	Raspberry Pi Foundation		-83
2018-09-26T18:32:15.338031	7c:7a:91:d6:a5:5b	Intel Corporate		-87
2018-09-26T18:32:16.410226	b8:27:eb:d4:09:61	Raspberry Pi Foundation		-81
2018-09-26T18:32:17.949672	84:4b:f5:08:0c:a6	Hon Hai Precision Ind. Co.,Ltd.	unconfigured	-87
2018-09-26T18:32:29.121681	1c:70:22:0a:82:46	UNKNOWN		-45
2018-09-26T18:32:29.130649	1c:70:22:0a:82:46	UNKNOWN		-77
2018-09-26T18:32:29.369291	fa:5f:97:24:66:2d	UNKNOWN		-85
2018-09-26T18:32:31.875784	5a:12:41:e6:aa:a2	UNKNOWN	NCKUEE-B1-4F	-79
2018-09-26T18:32:32.002179	94:39:e5:61:ed:1a	Hon Hai Precision Ind. Co.,Ltd.	VLSILAB_2G2	-83
2018-09-26T18:32:35.970393	76:63:04:2a:05:68	UNKNOWN		-81
