2019-08-22T12:43:39.930535	b8:27:eb:c5:4a:49	Raspberry Pi Foundation		-47
2019-08-22T12:43:40.843696	b8:27:eb:c5:4a:49	Raspberry Pi Foundation		-51
2019-08-22T12:43:43.340740	b8:27:eb:0d:4a:66	Raspberry Pi Foundation		-33
2019-08-22T12:43:43.385289	b8:27:eb:0d:4a:66	Raspberry Pi Foundation		-53
2019-08-22T12:43:43.561222	b8:27:eb:0d:4a:66	Raspberry Pi Foundation		-85
2019-08-22T12:43:44.713229	98:ca:33:7a:f9:a4	UNKNOWN	NCKU-WLAN	-71
2019-08-22T12:43:44.747802	98:ca:33:7a:f9:a4	UNKNOWN	NCKU-WLAN	-75
2019-08-22T12:43:45.745084	b8:27:eb:5b:e9:a5	Raspberry Pi Foundation		-75
2019-08-22T12:43:45.771819	b8:27:eb:5b:e9:a5	Raspberry Pi Foundation	kappa	-77
2019-08-22T12:43:48.465169	a6:a4:05:90:05:9a	UNKNOWN		-79
2019-11-25T10:50:24.018085	60:45:cb:c6:5b:46	ASUSTek COMPUTER INC.	NCKU-WLAN	-81
2019-11-25T10:50:25.263797	da:a1:19:5e:92:8f	UNKNOWN		-75
2019-11-25T10:50:25.742236	40:98:ad:b6:04:58	UNKNOWN	NCKU-WLAN-802.1x	-71
2019-11-25T10:50:31.723275	b8:27:eb:70:0d:e2	Raspberry Pi Foundation		-45
2019-11-25T10:50:33.212606	f4:28:53:19:7e:1f	Zioncom Electronics (Shenzhen) Ltd.		-73
2019-11-25T10:50:33.349741	f4:28:53:19:7e:1f	Zioncom Electronics (Shenzhen) Ltd.		-69
2019-11-25T10:50:34.755825	f4:28:53:19:7e:1f	Zioncom Electronics (Shenzhen) Ltd.		-37
2019-11-25T10:50:34.762300	f4:28:53:19:7e:1f	Zioncom Electronics (Shenzhen) Ltd.		-35
2019-11-25T10:50:39.184819	b8:27:eb:01:ea:27	Raspberry Pi Foundation		-53
2019-11-25T10:50:39.208964	b8:27:eb:01:ea:27	Raspberry Pi Foundation		-57
2019-11-25T10:50:41.054540	60:45:cb:c6:5b:46	ASUSTek COMPUTER INC.	NCKU-WLAN	-75
2019-11-25T10:50:43.511762	b8:27:eb:26:1a:ca	Raspberry Pi Foundation		-61
2019-11-25T10:50:47.098179	da:a1:19:79:f7:5d	UNKNOWN		-83
2019-11-25T10:50:49.972882	d8:68:c3:2c:3e:27	UNKNOWN	NCKUEE-802.1x	-71
2019-11-25T10:50:53.262967	1c:70:22:0a:82:46	UNKNOWN		-67
2019-11-25T10:50:53.292400	1c:70:22:0a:82:46	UNKNOWN		-67
2019-11-25T10:50:54.070355	ca:ca:06:3a:e8:e8	UNKNOWN		-71
2019-11-25T10:50:54.105942	40:98:ad:b6:04:58	UNKNOWN	NCKU-WLAN-802.1x	-71
2019-11-25T10:50:54.503374	56:91:a3:4f:64:59	UNKNOWN		-75
2019-11-25T10:50:55.003291	d8:68:c3:2c:3e:27	UNKNOWN	NCKUEE-802.1x	-69
2019-11-25T10:50:55.729035	d8:68:c3:2c:3e:27	UNKNOWN	NCKUEE-802.1x	-73
2019-11-25T10:50:56.497791	88:b1:11:1d:34:4a	UNKNOWN	DBSE-Guest	-71
2019-11-25T10:50:57.677016	4e:42:27:53:a1:65	UNKNOWN		-71
2019-11-25T10:51:00.041615	d8:68:c3:2c:3e:27	UNKNOWN		-71
2019-11-25T10:51:00.103735	d8:68:c3:2c:3e:27	UNKNOWN		-71
2019-11-25T10:51:00.289463	d8:68:c3:2c:3e:27	UNKNOWN		-67
2019-11-25T10:51:01.130194	9a:62:df:37:cf:30	UNKNOWN		-75
2019-11-25T10:51:02.001449	b8:27:eb:f1:06:9c	Raspberry Pi Foundation		-41
2019-11-25T10:51:02.676108	d8:68:c3:2c:3e:27	UNKNOWN	NCKUEE-802.1x	-65
2019-11-25T10:51:03.852901	d8:68:c3:2c:3e:27	UNKNOWN	NCKUEE-802.1x	-71
2019-11-25T10:51:04.564849	d8:68:c3:2c:3e:27	UNKNOWN	NCKUEE-802.1x	-65
2019-11-25T10:51:07.360196	86:e7:49:7c:d4:d3	UNKNOWN		-71
2019-11-25T10:51:07.376901	86:e7:49:7c:d4:d3	UNKNOWN		-77
2019-11-25T10:51:10.258896	9c:b7:0d:dc:d6:0b	Liteon Technology Corporation	NCKU-WLAN	-75
2019-11-25T10:51:11.335060	b8:27:eb:c5:4a:49	Raspberry Pi Foundation		-49
2019-11-25T10:51:13.347710	b8:27:eb:0d:4a:66	Raspberry Pi Foundation		-31
2019-11-25T10:51:16.950230	9c:b7:0d:dc:d6:0b	Liteon Technology Corporation	NCKU-WLAN	-71
2019-11-25T10:51:18.754687	d8:68:c3:2c:3e:27	UNKNOWN	NCKUEE-802.1x	-75
2019-11-25T10:51:24.032480	40:98:ad:b6:04:58	UNKNOWN	NCKU-WLAN-802.1x	-81
2019-11-25T10:51:31.625603	b8:27:eb:70:0d:e2	Raspberry Pi Foundation		-49
2019-11-25T10:51:31.673551	b8:27:eb:70:0d:e2	Raspberry Pi Foundation		-61
2019-11-25T10:51:33.220909	f4:28:53:19:7e:1f	Zioncom Electronics (Shenzhen) Ltd.		-33
2019-11-25T10:51:35.364000	40:98:ad:b6:04:58	UNKNOWN	NCKU-WLAN-802.1x	-77
2019-11-25T10:51:36.640393	b8:27:eb:85:bf:e1	Raspberry Pi Foundation		-69
2019-11-25T10:51:39.265252	b8:27:eb:01:ea:27	Raspberry Pi Foundation		-51
2019-11-25T10:51:39.290166	b8:27:eb:01:ea:27	Raspberry Pi Foundation		-73
2019-11-25T10:51:39.327126	b8:27:eb:01:ea:27	Raspberry Pi Foundation		-55
2019-11-25T10:51:41.536747	04:d3:b0:85:4e:9a	UNKNOWN		-67
2019-11-25T10:51:42.245173	d8:68:c3:2c:3e:27	UNKNOWN	NCKUEE-802.1x	-83
2019-11-25T10:51:43.236492	6e:55:a5:a9:a2:94	UNKNOWN		-71
2019-11-25T10:51:47.786770	f0:18:98:74:6e:ea	UNKNOWN		-63
2019-11-25T10:51:47.794029	f0:18:98:74:6e:ea	UNKNOWN		-73
2019-11-25T10:51:52.794424	12:3f:6b:ff:bc:b9	UNKNOWN		-83
2019-11-25T10:51:53.801092	1c:70:22:0a:82:46	UNKNOWN		-69
2019-11-25T10:51:56.022294	5e:c4:46:6c:53:10	UNKNOWN		-73
2019-11-25T10:51:58.453437	d8:68:c3:2c:3e:27	UNKNOWN	NCKUEE-802.1x	-81
2019-11-25T10:51:59.686204	40:98:ad:b6:04:58	UNKNOWN	NCKU-WLAN-802.1x	-77
2019-11-25T10:52:02.288874	b8:27:eb:f1:06:9c	Raspberry Pi Foundation		-35
2019-11-25T10:52:02.302683	b8:27:eb:f1:06:9c	Raspberry Pi Foundation		-37
2019-11-25T10:52:03.186676	80:b0:3d:a4:76:92	UNKNOWN		-73
2019-11-25T10:52:05.721004	18:3d:a2:8b:4a:38	Intel Corporate		-87
2019-11-25T10:52:13.891321	b8:27:eb:0d:4a:66	Raspberry Pi Foundation		-33
2019-11-25T10:52:15.362531	b8:27:eb:5b:e9:a5	Raspberry Pi Foundation	kappa	-73
2019-11-25T10:52:18.995313	dc:85:de:ff:57:cf	AzureWave Technology Inc.		-75
2019-11-25T10:52:23.297015	d8:68:c3:2c:3e:27	UNKNOWN	NCKUEE-802.1x	-81
2019-11-25T10:52:30.467301	74:b5:87:9a:b0:3b	UNKNOWN		-79
2019-11-25T10:52:30.732761	b8:76:3f:04:05:fd	Hon Hai Precision Ind. Co.,Ltd.		-77
2019-11-25T10:52:30.886706	2c:fd:a1:9e:b6:80	UNKNOWN		-59
2019-11-25T10:52:31.794463	b8:27:eb:70:0d:e2	Raspberry Pi Foundation		-49
2019-11-25T10:52:31.819745	b8:27:eb:70:0d:e2	Raspberry Pi Foundation		-49
2019-11-25T10:52:33.173585	20:34:fb:cf:41:9d	UNKNOWN	NCKU-WLAN-802.1x	-79
2019-11-25T10:52:33.364009	f4:28:53:19:7e:1f	Zioncom Electronics (Shenzhen) Ltd.		-63
2019-11-25T10:52:41.759763	40:98:ad:b6:04:58	UNKNOWN	NCKU-WLAN-802.1x	-73
2019-11-25T10:52:41.775623	04:d3:b0:85:4e:9a	UNKNOWN		-65
2019-11-25T10:52:42.006605	dc:71:96:15:2b:38	UNKNOWN	92A26_SIM_5GHz	-81
2019-11-25T10:52:44.479808	2c:4d:54:be:e5:3e	ASUSTek COMPUTER INC.		-57
2019-11-25T10:52:48.863637	14:1f:78:e8:98:2e	Samsung Electronics Co.,Ltd		-81
2019-11-25T10:52:49.343951	f0:18:98:74:6e:ea	UNKNOWN		-63
2019-11-25T10:52:56.530649	da:a1:19:4b:08:68	UNKNOWN		-81
2019-11-25T10:53:00.026127	60:45:cb:c6:5b:46	ASUSTek COMPUTER INC.	NCKU-WLAN	-81
2019-11-25T10:53:02.082516	b8:27:eb:f1:06:9c	Raspberry Pi Foundation		-41
2019-11-25T10:53:04.750732	b8:27:eb:b2:89:cb	Raspberry Pi Foundation		-45
2019-11-25T10:53:12.246265	b8:27:eb:c5:4a:49	Raspberry Pi Foundation		-49
2019-11-25T10:53:12.262972	b8:27:eb:c5:4a:49	Raspberry Pi Foundation		-53
2019-11-25T10:53:14.030054	b8:27:eb:0d:4a:66	Raspberry Pi Foundation		-33
2019-11-25T10:53:25.927430	9c:b7:0d:dc:d6:0b	Liteon Technology Corporation	NCKU-WLAN	-73
2019-11-25T10:53:27.313042	d8:68:c3:2c:3e:27	UNKNOWN	NCKUEE-802.1x	-75
2019-11-25T10:53:31.952907	b8:27:eb:70:0d:e2	Raspberry Pi Foundation		-47
2019-11-25T10:53:33.332763	f4:28:53:19:7e:1f	Zioncom Electronics (Shenzhen) Ltd.		-31
2019-11-25T10:53:33.368342	da:a1:19:7a:3d:bc	UNKNOWN		-75
2019-11-25T10:53:33.591353	f4:28:53:19:7e:1f	Zioncom Electronics (Shenzhen) Ltd.		-33
2019-11-25T10:53:33.709352	f4:28:53:19:7e:1f	Zioncom Electronics (Shenzhen) Ltd.		-77
2019-11-25T10:53:38.630433	b8:27:eb:01:ea:27	Raspberry Pi Foundation		-55
2019-11-25T10:53:39.069627	68:e7:c2:62:14:cf	UNKNOWN		-81
2019-11-25T10:53:44.482360	de:cb:c3:9d:e9:54	UNKNOWN		-73
2019-11-25T10:53:47.667420	a0:51:0b:30:a5:f7	UNKNOWN		-83
2019-11-25T10:53:48.157840	4a:2f:c5:79:8a:24	UNKNOWN		-75
2019-11-25T10:53:49.112201	d8:68:c3:2c:3e:27	UNKNOWN	NCKUEE-802.1x	-85
2019-11-25T10:53:52.957538	da:a1:19:94:d9:42	UNKNOWN		-57
2019-11-25T10:53:58.198086	b8:76:3f:04:05:fd	Hon Hai Precision Ind. Co.,Ltd.		-77
2019-11-25T10:53:58.456813	b8:5d:0a:6a:a1:a7	UNKNOWN	NCKU-WLAN-802.1x	-73
2019-11-25T10:53:58.961498	c8:38:70:8c:a8:af	Samsung Electronics Co.,Ltd		-77
2019-11-25T10:54:00.294508	b8:76:3f:04:05:fd	Hon Hai Precision Ind. Co.,Ltd.		-79
2019-11-25T10:54:03.525327	6e:11:2e:ff:bc:62	UNKNOWN		-73
2019-11-25T10:54:08.273160	06:9e:bc:27:b3:a2	UNKNOWN		-67
2019-11-25T10:54:11.110558	ea:fd:c0:10:b7:78	UNKNOWN		-67
2019-11-25T10:54:12.336972	b8:27:eb:c5:4a:49	Raspberry Pi Foundation		-47
2019-11-25T10:54:15.246054	5a:8d:f9:77:a9:ec	UNKNOWN		-67
2019-11-25T10:54:15.611663	b8:27:eb:5b:e9:a5	Raspberry Pi Foundation	kappa	-73
2019-11-25T10:54:27.578763	d0:c6:37:5c:8a:2d	UNKNOWN		-71
2019-11-25T10:54:30.551823	d8:68:c3:2c:3e:27	UNKNOWN	NCKUEE-802.1x	-77
2019-11-25T10:54:33.449789	f4:28:53:19:7e:1f	Zioncom Electronics (Shenzhen) Ltd.		-37
2019-11-25T10:54:39.020840	b8:27:eb:01:ea:27	Raspberry Pi Foundation		-55
2019-11-25T10:54:39.052600	b8:27:eb:01:ea:27	Raspberry Pi Foundation		-57
2019-11-25T10:54:41.029682	4e:2a:dd:d7:d3:64	UNKNOWN		-79
2019-11-25T10:54:43.321884	b8:27:eb:26:1a:ca	Raspberry Pi Foundation		-91
2019-11-25T10:54:45.160532	d8:68:c3:2c:3e:27	UNKNOWN	NCKUEE-802.1x	-77
2019-11-25T10:54:46.656300	e4:b3:18:d0:81:e4	Intel Corporate		-73
2019-11-25T10:54:50.525101	d8:68:c3:2c:3e:27	UNKNOWN	NCKUEE-802.1x	-73
2019-11-25T10:54:52.194575	f0:18:98:74:6e:ea	UNKNOWN		-61
2019-11-25T10:54:55.812719	0a:be:b5:63:48:9a	UNKNOWN		-79
2019-11-25T10:54:56.499934	b8:27:eb:08:9e:dc	Raspberry Pi Foundation		-53
2019-11-25T10:54:58.870250	b2:b1:47:4c:d0:d4	UNKNOWN		-69
2019-11-25T10:55:00.428340	d8:68:c3:2c:3e:27	UNKNOWN	NCKUEE-802.1x	-77
2019-11-25T10:55:03.702774	24:ec:99:a6:23:1a	ASKEY COMPUTER CORP		-73
2019-11-25T10:55:04.490983	b8:27:eb:b2:89:cb	Raspberry Pi Foundation		-47
2019-11-25T10:55:07.833214	ec:5c:68:b7:47:73	UNKNOWN	SDML	-77
2019-11-25T10:55:09.071640	48:4b:aa:12:49:87	Apple, Inc.	NCKU-WLAN-802.1x	-83
2019-11-25T10:55:09.750404	a0:51:0b:30:a5:f7	UNKNOWN		-83
2019-11-25T10:55:11.692892	d8:68:c3:2c:3e:27	UNKNOWN	NCKUEE-802.1x	-77
2019-11-25T10:55:12.060851	b8:27:eb:c5:4a:49	Raspberry Pi Foundation		-53
2019-11-25T10:55:12.897736	86:dc:c6:a1:1a:8f	UNKNOWN		-69
2019-11-25T10:55:13.827921	b8:27:eb:0d:4a:66	Raspberry Pi Foundation		-57
2019-11-25T10:55:15.813442	b8:76:3f:04:05:fd	Hon Hai Precision Ind. Co.,Ltd.		-79
2019-11-25T10:55:16.214852	44:d4:e0:4b:6e:cf	Sony Mobile Communications AB		-83
2019-11-25T10:55:16.728556	d8:68:c3:2c:3e:27	UNKNOWN	NCKUEE-802.1x	-77
2019-11-25T10:55:24.533111	2c:4d:54:be:e5:3e	ASUSTek COMPUTER INC.		-29
2019-11-25T10:55:24.918737	3a:20:46:b9:ed:57	UNKNOWN		-71
2019-11-25T10:55:27.376559	d0:c6:37:5c:8a:2d	UNKNOWN		-67
2019-11-25T10:55:29.321670	ca:b7:1c:5b:94:8e	UNKNOWN		-73
2019-11-25T10:55:31.813889	d8:68:c3:2c:3e:27	UNKNOWN	NCKUEE-802.1x	-75
2019-11-25T10:55:31.885871	b8:27:eb:70:0d:e2	Raspberry Pi Foundation		-47
2019-11-25T10:55:39.340825	b8:27:eb:01:ea:27	Raspberry Pi Foundation		-59
2019-11-25T10:55:39.347593	9a:ff:39:bf:70:71	UNKNOWN		-65
2019-11-25T10:55:39.355089	b8:27:eb:01:ea:27	Raspberry Pi Foundation		-59
2019-11-25T10:55:40.533258	3c:70:59:f0:df:d8	MakerBot Industries		-83
2019-11-25T10:55:41.612412	04:d3:b0:85:4e:9a	UNKNOWN		-67
2019-11-25T10:55:42.278327	f0:99:b6:1d:df:dd	UNKNOWN	epslab_new	-83
2019-11-25T10:55:45.597524	92:bd:13:2b:34:d9	UNKNOWN		-69
2019-11-25T10:55:46.778975	d8:68:c3:2c:3e:27	UNKNOWN	NCKUEE-802.1x	-83
2019-11-25T10:55:46.795586	d8:68:c3:2c:3e:27	UNKNOWN	NCKUEE-802.1x	-81
2019-11-25T10:55:50.950703	d0:ab:d5:70:8e:d8	UNKNOWN	lee wen 92c28	-83
2019-11-25T10:55:54.498476	2e:85:de:3e:0f:38	UNKNOWN		-83
2019-11-25T10:55:56.470976	1a:3b:fa:07:e9:b4	UNKNOWN		-75
2019-11-25T10:55:56.625585	b8:27:eb:08:9e:dc	Raspberry Pi Foundation		-55
2019-11-25T10:55:56.652296	b8:27:eb:08:9e:dc	Raspberry Pi Foundation		-55
2019-11-25T10:55:57.841481	72:7c:02:e3:d2:74	UNKNOWN		-73
2019-11-25T10:55:58.161700	2e:3b:50:b9:a8:fa	UNKNOWN		-79
2019-11-25T10:55:58.539958	7a:24:a6:4d:d2:7e	UNKNOWN		-77
2019-11-25T10:56:02.031317	b8:27:eb:f1:06:9c	Raspberry Pi Foundation		-41
2019-11-25T10:56:02.055063	b8:27:eb:f1:06:9c	Raspberry Pi Foundation		-39
2019-11-25T10:56:02.826084	ec:f3:42:33:92:cd	UNKNOWN		-81
2019-11-25T10:56:03.103027	40:b0:76:1a:1c:47	UNKNOWN		-67
2019-11-25T10:56:04.320517	aa:05:d0:ad:82:1b	UNKNOWN		-73
2019-11-25T10:56:04.547338	b8:27:eb:b2:89:cb	Raspberry Pi Foundation		-47
2019-11-25T10:56:06.258657	24:ec:99:a6:23:1a	ASKEY COMPUTER CORP		-71
2019-11-25T10:56:06.509498	fa:d0:98:70:9b:04	UNKNOWN		-81
2019-11-25T10:56:11.991539	b8:27:eb:c5:4a:49	Raspberry Pi Foundation		-53
2019-11-25T10:56:12.009272	b8:27:eb:c5:4a:49	Raspberry Pi Foundation		-53
2019-11-25T10:56:12.540321	b8:5d:0a:6a:a1:a7	UNKNOWN		-87
2019-11-25T10:56:13.412313	b6:d9:3b:e1:db:40	UNKNOWN		-73
2019-11-25T10:56:13.594539	ba:0d:7a:ca:b6:62	UNKNOWN		-63
2019-11-25T10:56:13.826241	b8:27:eb:0d:4a:66	Raspberry Pi Foundation		-33
2019-11-25T10:56:23.781152	d8:68:c3:2c:3e:27	UNKNOWN	NCKUEE-802.1x	-75
2019-11-25T10:56:27.164744	74:b5:87:9a:b0:3b	UNKNOWN		-69
2019-11-25T10:56:28.326272	da:a1:19:e0:b4:f9	UNKNOWN		-77
2019-11-25T10:56:31.850457	b8:27:eb:70:0d:e2	Raspberry Pi Foundation		-47
2019-11-25T10:56:33.354522	f4:28:53:19:7e:1f	Zioncom Electronics (Shenzhen) Ltd.		-31
2019-11-25T10:56:33.609745	f4:28:53:19:7e:1f	Zioncom Electronics (Shenzhen) Ltd.		-33
2019-11-25T10:56:37.514354	e6:48:f7:d5:00:89	UNKNOWN		-73
2019-11-25T10:56:39.423714	b8:27:eb:01:ea:27	Raspberry Pi Foundation		-57
2019-11-25T10:56:39.819783	8e:fa:ce:af:0b:be	UNKNOWN		-67
2019-11-25T10:56:40.485913	da:a1:19:b2:57:35	UNKNOWN		-51
2019-11-25T10:56:40.510896	da:a1:19:b2:57:35	UNKNOWN		-51
2019-11-25T10:56:40.684037	b8:76:3f:04:05:fd	Hon Hai Precision Ind. Co.,Ltd.		-65
2019-11-25T10:56:41.811018	04:d3:b0:85:4e:9a	UNKNOWN		-67
2019-11-25T10:56:42.272975	18:65:90:43:40:ca	Apple, Inc.	NCKU-WLAN	-71
2019-11-25T10:56:43.597769	b8:27:eb:26:1a:ca	Raspberry Pi Foundation		-61
2019-11-25T10:56:45.537769	d4:0b:1a:eb:40:ee	HTC Corporation	NCKUEE-802.1x	-77
2019-11-25T10:56:50.100298	22:92:9a:09:fe:23	UNKNOWN		-61
2019-11-25T10:56:52.844415	22:c3:ec:70:34:18	UNKNOWN		-77
2019-11-25T10:56:54.947704	36:62:60:15:02:e5	UNKNOWN		-55
2019-11-25T10:56:55.170524	1c:70:22:0a:82:46	UNKNOWN		-65
2019-11-25T10:56:55.926234	b8:27:eb:0d:4a:66	Raspberry Pi Foundation		-29
2019-11-25T10:56:56.038825	b8:27:eb:0d:4a:66	Raspberry Pi Foundation		-29
2019-11-25T10:56:56.046962	b8:27:eb:0d:4a:66	Raspberry Pi Foundation		-71
2019-11-25T10:56:56.083377	b8:27:eb:0d:4a:66	Raspberry Pi Foundation		-51
2019-11-25T10:56:56.471528	b8:27:eb:08:9e:dc	Raspberry Pi Foundation		-53
2019-11-25T10:56:56.866876	b8:27:eb:0d:4a:66	Raspberry Pi Foundation	MCSLAB	-53
2019-11-25T10:56:57.165188	b8:27:eb:0d:4a:66	Raspberry Pi Foundation	MCSLAB	-31
2019-11-25T10:56:57.183499	b8:27:eb:0d:4a:66	Raspberry Pi Foundation	MCSLAB	-33
2019-11-25T10:57:00.213071	d8:68:c3:2c:3e:27	UNKNOWN	NCKUEE-802.1x	-81
2019-11-25T10:57:01.962624	b8:27:eb:f1:06:9c	Raspberry Pi Foundation		-41
2019-11-25T10:57:02.035212	b8:27:eb:f1:06:9c	Raspberry Pi Foundation		-65
2019-11-25T10:57:07.405238	6a:da:d3:6a:95:90	UNKNOWN		-85
2019-11-25T10:57:08.223189	24:ec:99:a6:23:1a	ASKEY COMPUTER CORP		-67
2019-11-25T10:57:08.258629	24:ec:99:a6:23:1a	ASKEY COMPUTER CORP		-81
2019-11-25T10:57:08.494856	84:11:9e:71:56:f7	Samsung Electronics Co.,Ltd		-77
2019-11-25T10:57:08.982008	60:ab:67:da:78:c4	UNKNOWN		-87
2019-11-25T10:57:09.348221	50:76:af:49:bc:90	UNKNOWN	NCKUEE-802.1x	-73
2019-11-25T10:57:12.159802	b8:27:eb:c5:4a:49	Raspberry Pi Foundation		-49
2019-11-25T10:57:12.263570	5e:12:e2:6b:79:17	UNKNOWN		-67
2019-11-25T10:57:13.033888	d4:a3:3d:d4:fd:fb	UNKNOWN	NCKU-WLAN-802.1x	-87
2019-11-25T10:57:15.686239	f0:18:98:74:6e:ea	UNKNOWN	🐑	-59
2019-11-25T10:57:15.719302	f0:18:98:74:6e:ea	UNKNOWN		-61
2019-11-25T10:57:16.018783	b8:27:eb:0d:4a:66	Raspberry Pi Foundation		-29
2019-11-25T10:57:16.481607	b8:27:eb:0d:4a:66	Raspberry Pi Foundation		-69
2019-11-25T10:57:20.014836	d8:68:c3:2c:3e:27	UNKNOWN	NCKUEE-802.1x	-81
2019-11-25T10:57:21.445218	1c:c3:eb:98:2f:fd	UNKNOWN		-81
2019-11-25T10:57:22.655286	2c:6e:85:4b:e0:b0	Intel Corporate	NCKUEE-B1-4F	-83
2019-11-25T10:57:25.535913	50:76:af:49:bc:90	UNKNOWN	NCKUEE-802.1x	-77
2019-11-25T10:57:27.138007	d0:c6:37:5c:8a:2d	UNKNOWN		-69
2019-11-25T10:57:27.237406	88:b1:11:1d:34:4a	UNKNOWN	DBSE-Guest	-67
2019-11-25T10:57:27.663008	d0:c6:37:5c:8a:2d	UNKNOWN		-67
2019-11-25T10:57:27.891942	d0:c6:37:5c:8a:2d	UNKNOWN		-69
2019-11-25T10:57:30.338660	ce:a7:3c:72:b2:12	UNKNOWN		-79
2019-11-25T10:57:30.757051	a6:4f:ec:a9:11:70	UNKNOWN		-85
2019-11-25T10:57:31.352235	d8:68:c3:2c:3e:27	UNKNOWN	NCKUEE-802.1x	-79
2019-11-25T10:57:31.676538	b8:27:eb:70:0d:e2	Raspberry Pi Foundation		-47
2019-11-25T10:57:31.693148	b8:27:eb:70:0d:e2	Raspberry Pi Foundation		-47
2019-11-25T10:57:34.111230	f4:28:53:19:7e:1f	Zioncom Electronics (Shenzhen) Ltd.		-67
2019-11-25T10:57:35.175336	e0:89:7e:22:4e:60	UNKNOWN	wics_B1_2	-77
2019-11-25T10:57:39.340782	b8:27:eb:01:ea:27	Raspberry Pi Foundation		-61
2019-11-25T10:57:40.869416	40:a3:cc:2b:71:86	UNKNOWN	NCKU-WLAN-802.1x	-85
2019-11-25T10:57:44.104187	d8:68:c3:2c:3e:27	UNKNOWN		-81
2019-11-25T10:57:44.191545	84:41:67:89:84:d2	UNKNOWN	NCKU-WLAN-802.1x	-67
2019-11-25T10:57:44.888759	64:5d:86:0f:a0:73	UNKNOWN		-81
2019-11-25T10:57:47.457221	68:e7:c2:62:14:cf	UNKNOWN		-79
2019-11-25T10:57:48.196077	48:4b:aa:12:49:87	Apple, Inc.	NCKU-WLAN-802.1x	-81
2019-11-25T10:57:54.345462	1a:74:01:d5:f9:47	UNKNOWN		-73
2019-11-25T10:57:54.412693	1a:74:01:d5:f9:47	UNKNOWN		-77
2019-11-25T10:57:55.833978	1c:70:22:0a:82:46	UNKNOWN		-65
2019-11-25T10:57:58.333645	de:f8:28:a5:76:bf	UNKNOWN		-79
2019-11-25T10:58:03.159059	b8:27:eb:08:9e:dc	Raspberry Pi Foundation		-55
2019-11-25T10:58:03.179708	b8:27:eb:08:9e:dc	Raspberry Pi Foundation		-55
2019-11-25T10:58:04.603116	b8:27:eb:08:9e:dc	Raspberry Pi Foundation	MCSLAB	-61
2019-11-25T10:58:04.620849	b8:27:eb:08:9e:dc	Raspberry Pi Foundation	MCSLAB	-61
2019-11-25T10:58:05.527702	e6:a5:a8:64:c0:70	UNKNOWN		-79
2019-11-25T10:58:07.835745	38:ba:f8:8a:8e:d2	UNKNOWN		-83
2019-11-25T10:58:08.020417	50:76:af:49:bc:90	UNKNOWN	NCKUEE-802.1x	-83
2019-11-25T10:58:08.686090	36:16:ac:7a:ae:9d	UNKNOWN		-65
2019-11-25T10:58:08.812883	36:16:ac:7a:ae:9d	UNKNOWN		-85
2019-11-25T10:58:09.796191	42:29:86:b9:b2:5f	UNKNOWN		-79
2019-11-25T10:58:10.718775	50:76:af:49:bc:90	UNKNOWN	NCKUEE-802.1x	-79
2019-11-25T10:58:11.729191	b8:27:eb:c5:4a:49	Raspberry Pi Foundation		-53
2019-11-25T10:58:12.412325	d6:90:f4:e2:ba:de	UNKNOWN		-79
2019-11-25T10:58:18.596595	56:91:5f:34:02:a1	UNKNOWN	CHT4003	-85
2019-11-25T10:58:18.636853	56:91:5f:34:02:a1	UNKNOWN		-65
2019-11-25T10:58:22.535078	aa:5d:77:1c:07:fb	UNKNOWN		-81
2019-11-25T10:58:22.828555	d8:68:c3:2c:3e:27	UNKNOWN	NCKUEE-802.1x	-81
2019-11-25T10:58:24.128743	86:4b:70:17:f5:ca	UNKNOWN		-85
2019-11-25T10:58:24.443115	dc:71:96:15:2b:38	UNKNOWN	92A26_SIM_5GHz	-81
2019-11-25T10:58:27.133724	40:98:ad:b6:04:58	UNKNOWN	NCKU-WLAN-802.1x	-67
2019-11-25T10:58:29.506194	38:ba:f8:8a:8e:d2	UNKNOWN		-83
2019-11-25T10:58:30.564977	50:76:af:49:bc:90	UNKNOWN		-73
2019-11-25T10:58:30.962813	5e:a7:2c:bb:e4:81	UNKNOWN		-83
2019-11-25T10:58:33.134757	f4:28:53:19:7e:1f	Zioncom Electronics (Shenzhen) Ltd.		-31
2019-11-25T10:58:33.410773	f4:28:53:19:7e:1f	Zioncom Electronics (Shenzhen) Ltd.		-33
2019-11-25T10:58:34.478749	88:b1:11:1d:34:4a	UNKNOWN	DBSE-Guest	-77
2019-11-25T10:58:35.220423	ce:b6:36:66:05:ba	UNKNOWN	CHT4003	-77
2019-11-25T10:58:35.247110	ce:b6:36:66:05:ba	UNKNOWN		-71
2019-11-25T10:58:35.254280	ce:b6:36:66:05:ba	UNKNOWN	CHT4003	-71
2019-11-25T10:58:38.547770	ce:b6:36:66:05:ba	UNKNOWN		-65
2019-11-25T10:58:39.317932	b8:27:eb:01:ea:27	Raspberry Pi Foundation		-53
2019-11-25T10:58:41.603024	b2:9f:f2:32:6a:da	UNKNOWN	CHT4003	-63
2019-11-25T10:58:41.845695	04:d3:b0:85:4e:9a	UNKNOWN		-71
2019-11-25T10:58:42.177840	74:b5:87:9a:b0:3b	UNKNOWN		-71
2019-11-25T10:58:43.584208	b8:27:eb:26:1a:ca	Raspberry Pi Foundation		-61
2019-11-25T10:58:46.234499	86:04:35:65:0d:b9	UNKNOWN		-83
2019-11-25T10:58:53.112609	9a:75:ad:d0:f9:28	UNKNOWN	CHT4003	-73
2019-11-25T10:58:53.119766	9a:75:ad:d0:f9:28	UNKNOWN		-73
2019-11-25T10:58:56.017010	1c:70:22:0a:82:46	UNKNOWN		-67
2019-11-25T10:58:56.584465	b8:27:eb:08:9e:dc	Raspberry Pi Foundation		-53
2019-11-25T10:58:58.783846	d8:68:c3:2c:3e:27	UNKNOWN	NCKUEE-802.1x	-77
2019-11-25T10:58:58.806486	d8:68:c3:2c:3e:27	UNKNOWN	NCKUEE-802.1x	-73
2019-11-25T10:59:01.227463	2a:70:01:6f:93:f3	UNKNOWN		-73
2019-11-25T10:59:02.653045	62:c1:a9:fb:87:0d	UNKNOWN		-75
2019-11-25T10:59:04.390685	b8:27:eb:b2:89:cb	Raspberry Pi Foundation		-47
2019-11-25T10:59:04.762877	1a:e5:b7:0a:00:64	UNKNOWN		-87
2019-11-25T10:59:06.146941	40:98:ad:b6:04:58	UNKNOWN	NCKU-WLAN-802.1x	-69
2019-11-25T10:59:08.405158	68:db:ca:7b:42:27	Apple, Inc.		-77
2019-11-25T10:59:11.033264	a0:51:0b:30:a5:f7	UNKNOWN		-81
2019-11-25T10:59:11.842448	ea:40:a1:42:63:00	UNKNOWN		-75
2019-11-25T10:59:12.304206	24:ec:99:a6:23:1a	ASKEY COMPUTER CORP		-75
2019-11-25T10:59:16.074616	b8:27:eb:0d:4a:66	Raspberry Pi Foundation		-31
2019-11-25T10:59:16.093838	b8:27:eb:0d:4a:66	Raspberry Pi Foundation		-33
2019-11-25T10:59:22.178214	6a:da:d3:6a:95:90	UNKNOWN		-85
2019-11-25T10:59:31.908460	b8:27:eb:70:0d:e2	Raspberry Pi Foundation		-45
2019-11-25T10:59:33.394323	f4:28:53:19:7e:1f	Zioncom Electronics (Shenzhen) Ltd.		-31
2019-11-25T10:59:33.639795	f4:28:53:19:7e:1f	Zioncom Electronics (Shenzhen) Ltd.		-31
2019-11-25T10:59:39.149460	48:4b:aa:12:49:87	Apple, Inc.	NCKU-WLAN-802.1x	-71
2019-11-25T10:59:39.379469	b8:27:eb:01:ea:27	Raspberry Pi Foundation		-57
2019-11-25T10:59:43.728057	ce:53:68:4f:4a:5a	UNKNOWN		-73
2019-11-25T10:59:47.473122	b0:6e:bf:04:cc:12	UNKNOWN	NCKU-WLAN	-65
2019-11-25T10:59:49.350374	cc:66:0a:65:d7:f9	UNKNOWN	epslab_new	-65
2019-11-25T10:59:49.625999	68:e7:c2:62:14:cf	UNKNOWN		-79
2019-11-25T10:59:50.771038	18:31:bf:d9:c0:3d	UNKNOWN		-65
2019-11-25T10:59:51.047612	12:15:77:e8:7a:5d	UNKNOWN	CHT4003	-65
2019-11-25T10:59:51.054668	12:15:77:e8:7a:5d	UNKNOWN		-67
2019-11-25T10:59:56.647729	b8:27:eb:08:9e:dc	Raspberry Pi Foundation		-53
2019-11-25T10:59:57.397625	a0:51:0b:30:a5:f7	UNKNOWN		-83
2019-11-25T11:00:01.171106	7e:47:1c:10:e8:1b	UNKNOWN		-73
2019-11-25T11:00:02.186680	b8:27:eb:f1:06:9c	Raspberry Pi Foundation		-43
2019-11-25T11:00:02.764253	a2:ab:d2:28:d2:2f	UNKNOWN		-83
2019-11-25T11:00:04.110894	2c:4d:54:be:e5:3e	ASUSTek COMPUTER INC.		-29
2019-11-25T11:00:04.548426	b8:27:eb:b2:89:cb	Raspberry Pi Foundation		-49
2019-11-25T11:00:06.063586	4e:87:f2:b7:64:fc	UNKNOWN	CHT4003	-55
2019-11-25T11:00:06.879199	6a:da:d3:6a:95:90	UNKNOWN		-89
2019-11-25T11:00:07.182015	92:02:3e:70:b6:9a	UNKNOWN		-59
2019-11-25T11:00:07.284425	84:41:67:89:84:d2	UNKNOWN	NCKU-WLAN-802.1x	-67
2019-11-25T11:00:11.351919	c2:76:16:6e:a8:08	UNKNOWN		-59
2019-11-25T11:00:12.016826	b8:27:eb:c5:4a:49	Raspberry Pi Foundation		-51
2019-11-25T11:00:14.830145	3e:f5:aa:78:26:f2	UNKNOWN	CHT4003	-69
2019-11-25T11:00:15.465511	b8:27:eb:5b:e9:a5	Raspberry Pi Foundation	kappa	-73
2019-11-25T11:00:15.496835	b8:27:eb:5b:e9:a5	Raspberry Pi Foundation		-75
2019-11-25T11:00:17.150699	d6:f4:96:5d:eb:c2	UNKNOWN		-69
2019-11-25T11:00:25.988762	38:ba:f8:8a:8e:d2	UNKNOWN		-83
2019-11-25T11:00:27.174369	da:a1:19:ad:93:3c	UNKNOWN		-81
2019-11-25T11:00:28.665906	66:15:4c:0f:23:b3	UNKNOWN		-69
2019-11-25T11:00:28.712797	66:15:4c:0f:23:b3	UNKNOWN		-63
2019-11-25T11:00:29.526349	60:ab:67:da:78:c4	UNKNOWN	NCKU-WLAN-802.1x	-79
2019-11-25T11:00:31.658162	52:dd:36:6e:82:cf	UNKNOWN	CHT4003	-61
2019-11-25T11:00:33.447124	f4:28:53:19:7e:1f	Zioncom Electronics (Shenzhen) Ltd.		-69
2019-11-25T11:00:33.596778	f4:28:53:19:7e:1f	Zioncom Electronics (Shenzhen) Ltd.		-77
2019-11-25T11:00:33.758755	f4:28:53:19:7e:1f	Zioncom Electronics (Shenzhen) Ltd.		-31
2019-11-25T11:00:37.205984	b8:27:eb:85:bf:e1	Raspberry Pi Foundation		-73
2019-11-25T11:00:41.663970	f0:98:9d:81:12:25	UNKNOWN	NCKU-WLAN-802.1x	-77
2019-11-25T11:00:42.071551	6e:3a:4a:d6:bb:a8	UNKNOWN		-73
2019-11-25T11:00:50.037053	ae:4b:6c:ee:58:bc	UNKNOWN		-81
2019-11-25T11:00:50.351247	da:a1:19:b9:0f:57	UNKNOWN		-71
2019-11-25T11:00:52.019706	f0:98:9d:81:12:25	UNKNOWN	NCKU-WLAN-802.1x	-65
2019-11-25T11:00:55.167860	a0:51:0b:30:a5:f7	UNKNOWN		-79
2019-11-25T11:00:56.962624	b8:27:eb:08:9e:dc	Raspberry Pi Foundation		-55
2019-11-25T11:00:57.044300	da:a1:19:bd:06:1a	UNKNOWN		-61
2019-11-25T11:00:57.063991	da:a1:19:bd:06:1a	UNKNOWN		-65
2019-11-25T11:00:57.500936	74:b5:87:9a:b0:3b	UNKNOWN		-67
2019-11-25T11:00:59.058029	ec:51:bc:96:4b:e1	UNKNOWN		-63
2019-11-25T11:01:01.057121	da:a1:19:d7:26:86	UNKNOWN		-65
2019-11-25T11:01:02.215116	b8:27:eb:f1:06:9c	Raspberry Pi Foundation		-43
2019-11-25T11:01:03.694918	38:d5:47:8f:66:69	ASUSTek COMPUTER INC.		-75
2019-11-25T11:01:04.796778	b8:27:eb:b2:89:cb	Raspberry Pi Foundation		-49
2019-11-25T11:01:06.060533	a0:51:0b:30:a5:f7	UNKNOWN		-81
2019-11-25T11:01:06.459913	04:41:69:d0:ff:68	GoPro	HERO-RC-A1111425576115	-87
2019-11-25T11:01:10.496760	da:a1:19:ce:22:44	UNKNOWN		-81
2019-11-25T11:01:11.425629	d8:68:c3:2c:3e:27	UNKNOWN	NCKUEE-802.1x	-79
2019-11-25T11:01:12.329426	b8:27:eb:c5:4a:49	Raspberry Pi Foundation		-49
2019-11-25T11:01:12.990328	12:a3:2d:c4:7f:9a	UNKNOWN		-75
2019-11-25T11:01:13.955313	40:98:ad:b6:04:58	UNKNOWN	epslab_new	-67
2019-11-25T11:01:14.967569	da:a1:19:12:3d:ce	UNKNOWN		-73
2019-11-25T11:01:15.181874	b8:27:eb:5b:e9:a5	Raspberry Pi Foundation		-73
2019-11-25T11:01:16.264223	ba:ce:39:c3:4f:b3	UNKNOWN		-67
2019-11-25T11:01:19.453830	da:a1:19:90:64:da	UNKNOWN	NCKU-WLAN-802.1x	-77
2019-11-25T11:01:21.037410	84:41:67:89:84:d2	UNKNOWN	NCKU-WLAN-802.1x	-73
2019-11-25T11:01:24.253799	14:c2:13:97:66:2a	UNKNOWN	NCKU-WLAN-802.1x	-73
2019-11-25T11:01:24.327640	40:98:ad:b6:04:58	UNKNOWN	epslab_new	-63
2019-11-25T11:01:25.028948	74:b5:87:63:c7:be	UNKNOWN	epslab_new	-61
2019-11-25T11:01:32.732945	da:a1:19:8b:a1:21	UNKNOWN		-61
2019-11-25T11:01:39.040106	a0:51:0b:30:a5:f7	UNKNOWN		-81
2019-11-25T11:01:39.458794	b8:27:eb:01:ea:27	Raspberry Pi Foundation		-49
2019-11-25T11:01:40.368449	40:98:ad:b6:04:58	UNKNOWN		-69
2019-11-25T11:01:42.004998	04:d3:b0:85:4e:9a	UNKNOWN		-67
2019-11-25T11:01:42.469984	aa:53:99:72:43:6e	UNKNOWN		-77
2019-11-25T11:01:48.976593	e0:33:8e:1f:88:99	UNKNOWN	NCKU-WLAN-802.1x	-71
2019-11-25T11:01:50.660202	68:e7:c2:62:14:cf	UNKNOWN		-73
2019-11-25T11:01:53.433577	5a:b5:1e:14:5c:36	UNKNOWN		-69
2019-11-25T11:01:57.217127	94:39:e5:34:9c:9e	Hon Hai Precision Ind. Co.,Ltd.		-83
2019-11-25T11:01:59.308705	dc:a9:04:90:54:36	Apple, Inc.		-73
2019-11-25T11:02:05.340728	f0:18:98:74:6e:ea	UNKNOWN	NCKU-WLAN	-59
2019-11-25T11:02:15.607950	b8:27:eb:5b:e9:a5	Raspberry Pi Foundation	kappa	-67
2019-11-25T11:02:15.643108	b8:27:eb:5b:e9:a5	Raspberry Pi Foundation	kappa	-73
2019-11-25T11:02:15.651483	b8:27:eb:5b:e9:a5	Raspberry Pi Foundation		-71
2019-11-25T11:02:15.912573	40:98:ad:b6:04:58	UNKNOWN	epslab_new	-55
2019-11-25T11:02:16.481723	b8:27:eb:0d:4a:66	Raspberry Pi Foundation		-31
2019-11-25T11:02:16.741651	12:cb:f7:dc:1f:06	UNKNOWN		-73
2019-11-25T11:02:18.753124	76:6d:89:a3:15:8e	UNKNOWN		-61
2019-11-25T11:02:19.234621	24:ec:99:a6:23:1a	ASKEY COMPUTER CORP		-71
2019-11-25T11:02:21.759133	da:a1:19:d2:50:f7	UNKNOWN		-63
2019-11-25T11:02:21.769150	da:a1:19:d2:50:f7	UNKNOWN	TWM WiFi Auto	-63
2019-11-25T11:02:21.776249	da:a1:19:d2:50:f7	UNKNOWN	TWM Wi-Fi Auto	-63
2019-11-25T11:02:21.783038	da:a1:19:d2:50:f7	UNKNOWN	CHT Wi-Fi Auto	-63
2019-11-25T11:02:21.789854	da:a1:19:d2:50:f7	UNKNOWN	FET Wi-Fi Auto	-63
2019-11-25T11:02:21.796817	da:a1:19:d2:50:f7	UNKNOWN	92475	-63
2019-11-25T11:02:23.581014	82:d6:82:e0:c5:83	UNKNOWN		-77
2019-11-25T11:02:25.104630	b0:48:1a:c8:22:63	Apple, Inc.	NCKUEE-802.1x	-67
2019-11-25T11:02:25.562160	40:98:ad:b6:04:58	UNKNOWN	epslab_new	-69
2019-11-25T11:02:27.539652	ca:1f:d9:9f:d5:b5	UNKNOWN	NCKU-WLAN	-59
2019-11-25T11:02:27.547663	ca:1f:d9:9f:d5:b5	UNKNOWN		-69
2019-11-25T11:02:27.722469	d0:c6:37:5c:8a:2d	UNKNOWN		-65
2019-11-25T11:02:30.538226	f0:18:98:74:6e:ea	UNKNOWN	NCKU-WLAN	-61
2019-11-25T11:02:31.114004	2c:fd:a1:9e:b6:80	UNKNOWN		-57
2019-11-25T11:02:33.329349	f4:28:53:19:7e:1f	Zioncom Electronics (Shenzhen) Ltd.		-35
2019-11-25T11:02:38.815477	82:98:c0:9b:80:36	UNKNOWN		-79
2019-11-25T11:02:39.805316	b8:27:eb:01:ea:27	Raspberry Pi Foundation		-79
2019-11-25T11:02:41.191748	b0:48:1a:c8:22:63	Apple, Inc.	NCKUEE-802.1x	-63
2019-11-25T11:02:41.405919	b0:48:1a:c8:22:63	Apple, Inc.	NCKUEE-802.1x	-73
2019-11-25T11:02:42.639945	da:a1:19:80:9e:80	UNKNOWN		-37
2019-11-25T11:02:42.726994	f0:18:98:74:6e:ea	UNKNOWN		-59
2019-11-25T11:02:43.770419	b8:27:eb:26:1a:ca	Raspberry Pi Foundation		-59
2019-11-25T11:02:44.373169	2c:4d:54:be:e5:3e	ASUSTek COMPUTER INC.		-29
2019-11-25T11:02:46.780494	40:4e:36:94:89:c1	HTC Corporation		-35
2019-11-25T11:02:46.816171	40:4e:36:94:89:c1	HTC Corporation		-37
2019-11-25T11:02:47.985666	f0:18:98:74:6e:ea	UNKNOWN		-59
2019-11-25T11:02:47.993812	f0:18:98:74:6e:ea	UNKNOWN	🐑	-61
2019-11-25T11:02:48.001748	f0:18:98:74:6e:ea	UNKNOWN		-59
2019-11-25T11:02:49.196764	40:4e:36:94:89:c1	HTC Corporation		-41
2019-11-25T11:02:50.837388	b0:48:1a:c8:22:63	Apple, Inc.	NCKUEE-802.1x	-73
2019-11-25T11:02:52.478146	c2:90:34:88:e2:ab	UNKNOWN		-71
2019-11-25T11:02:56.958267	b8:27:eb:08:9e:dc	Raspberry Pi Foundation		-57
2019-11-25T11:02:58.117383	84:41:67:89:84:d2	UNKNOWN	NCKU-WLAN-802.1x	-71
2019-11-25T11:02:58.142134	84:41:67:89:84:d2	UNKNOWN	NCKU-WLAN-802.1x	-73
2019-11-25T11:02:59.597234	cc:66:0a:65:d7:f9	UNKNOWN	epslab_new	-69
2019-11-25T11:03:03.886227	40:4e:36:94:89:c1	HTC Corporation		-39
2019-11-25T11:03:06.842202	52:fe:38:07:9b:f0	UNKNOWN		-71
2019-11-25T11:03:08.029228	94:39:e5:34:9c:9e	Hon Hai Precision Ind. Co.,Ltd.		-85
2019-11-25T11:03:10.230371	84:41:67:89:84:d2	UNKNOWN	NCKU-WLAN-802.1x	-63
2019-11-25T11:03:10.283944	12:21:b7:a6:fd:0d	UNKNOWN		-69
2019-11-25T11:03:11.388853	40:4e:36:94:89:c1	HTC Corporation		-61
2019-11-25T11:03:13.640643	1a:78:e8:4a:cb:89	UNKNOWN		-73
2019-11-25T11:03:15.978152	b8:27:eb:5b:e9:a5	Raspberry Pi Foundation		-75
2019-11-25T11:03:16.821710	40:4e:36:94:89:c1	HTC Corporation		-39
2019-11-25T11:03:16.850263	40:4e:36:94:89:c1	HTC Corporation		-43
2019-11-25T11:03:19.763175	28:3f:69:c8:2b:7b	Sony Mobile Communications AB	TP-Link_92401	-67
2019-11-25T11:03:20.915682	3c:95:09:96:0d:77	UNKNOWN		-81
2019-11-25T11:03:22.970534	40:4e:36:94:89:c1	HTC Corporation		-51
2019-11-25T11:03:22.988996	40:4e:36:94:89:c1	HTC Corporation		-55
2019-11-25T11:03:27.081363	84:41:67:89:84:d2	UNKNOWN	NCKU-WLAN-802.1x	-67
2019-11-25T11:03:27.997283	d0:c6:37:5c:8a:2d	UNKNOWN		-69
2019-11-25T11:03:29.066418	40:4e:36:94:89:c1	HTC Corporation		-43
2019-11-25T11:03:29.091959	40:4e:36:94:89:c1	HTC Corporation		-43
2019-11-25T11:03:31.152564	84:11:9e:71:56:f7	Samsung Electronics Co.,Ltd		-67
2019-11-25T11:03:32.122844	96:b8:2f:cc:96:e7	UNKNOWN		-65
2019-11-25T11:03:33.740597	f4:28:53:19:7e:1f	Zioncom Electronics (Shenzhen) Ltd.		-35
2019-11-25T11:03:36.360599	40:4e:36:b3:81:90	HTC Corporation		-73
2019-11-25T11:03:36.965273	40:4e:36:94:89:c1	HTC Corporation		-49
2019-11-25T11:03:36.974627	40:4e:36:94:89:c1	HTC Corporation		-51
2019-11-25T11:03:38.633192	06:a2:9f:bb:03:aa	UNKNOWN		-75
2019-11-25T11:03:41.900629	04:d3:b0:85:4e:9a	UNKNOWN		-65
2019-11-25T11:03:42.174048	04:d3:b0:85:4e:9a	UNKNOWN		-65
2019-11-25T11:03:43.002023	40:4e:36:94:89:c1	HTC Corporation		-57
2019-11-25T11:03:43.755264	b8:27:eb:26:1a:ca	Raspberry Pi Foundation		-55
2019-11-25T11:03:45.679900	6a:09:6d:57:e0:b6	UNKNOWN		-65
2019-11-25T11:03:48.763071	da:a1:19:23:9c:d3	UNKNOWN	IDBA-LAB	-75
2019-11-25T11:03:48.989286	3c:2e:ff:d2:33:01	UNKNOWN	kwcheng Apple Network	-69
2019-11-25T11:03:56.123995	22:7a:81:a2:aa:99	UNKNOWN		-67
2019-11-25T11:03:56.412117	6e:4c:33:d2:f5:cc	UNKNOWN		-69
2019-11-25T11:03:56.866589	b8:27:eb:08:9e:dc	Raspberry Pi Foundation		-55
2019-11-25T11:03:58.339676	1c:70:22:0a:82:46	UNKNOWN		-63
2019-11-25T11:04:02.289719	b8:27:eb:f1:06:9c	Raspberry Pi Foundation		-41
2019-11-25T11:04:05.026891	9c:4e:36:9f:a4:c8	Intel Corporate		-81
2019-11-25T11:04:05.337120	62:4d:1a:b4:66:58	UNKNOWN		-79
2019-11-25T11:04:07.314437	1e:ff:b6:b3:65:4e	UNKNOWN		-69
2019-11-25T11:04:08.190456	36:93:14:ce:9a:19	UNKNOWN		-77
2019-11-25T11:04:12.446304	b8:27:eb:c5:4a:49	Raspberry Pi Foundation		-53
2019-11-25T11:04:16.641430	40:4e:36:94:89:c1	HTC Corporation		-53
2019-11-25T11:04:21.944097	40:4e:36:94:89:c1	HTC Corporation		-49
2019-11-25T11:04:23.764200	72:b6:1b:59:5c:63	UNKNOWN		-71
2019-11-25T11:04:25.779141	60:45:cb:c6:5b:46	ASUSTek COMPUTER INC.		-67
2019-11-25T11:04:26.472419	04:41:69:d0:ff:68	GoPro		-83
2019-11-25T11:04:28.029042	40:4e:36:94:89:c1	HTC Corporation		-43
2019-11-25T11:04:30.167728	fc:18:3c:55:52:8f	UNKNOWN		-63
2019-11-25T11:04:30.254936	fc:18:3c:55:52:8f	UNKNOWN		-69
2019-11-25T11:04:32.837052	dc:8b:28:65:76:c9	UNKNOWN		-71
2019-11-25T11:04:33.746823	f4:28:53:19:7e:1f	Zioncom Electronics (Shenzhen) Ltd.		-33
2019-11-25T11:04:34.355895	40:4e:36:94:89:c1	HTC Corporation		-47
2019-11-25T11:04:39.706965	b8:27:eb:01:ea:27	Raspberry Pi Foundation		-55
2019-11-25T11:04:40.467548	40:4e:36:94:89:c1	HTC Corporation		-37
2019-11-25T11:04:41.021239	da:a1:19:b8:20:40	UNKNOWN		-67
2019-11-25T11:04:42.080150	da:a1:19:8c:36:e5	UNKNOWN		-51
2019-11-25T11:04:42.099092	da:a1:19:8c:36:e5	UNKNOWN		-49
2019-11-25T11:04:42.239157	04:d3:b0:85:4e:9a	UNKNOWN		-67
2019-11-25T11:04:43.832447	b8:27:eb:26:1a:ca	Raspberry Pi Foundation		-59
2019-11-25T11:04:43.854648	b8:27:eb:26:1a:ca	Raspberry Pi Foundation		-51
2019-11-25T11:04:45.861742	60:45:cb:c6:5b:46	ASUSTek COMPUTER INC.		-63
2019-11-25T11:04:46.801749	84:41:67:89:84:d2	UNKNOWN	NCKU-WLAN-802.1x	-59
2019-11-25T11:04:46.810537	84:41:67:89:84:d2	UNKNOWN	NCKU-WLAN-802.1x	-59
2019-11-25T11:04:47.153693	da:a1:19:79:89:39	UNKNOWN		-49
2019-11-25T11:04:48.135288	40:4e:36:94:89:c1	HTC Corporation		-37
2019-11-25T11:04:48.155589	40:4e:36:94:89:c1	HTC Corporation		-35
2019-11-25T11:04:48.559288	da:a1:19:3b:89:bf	UNKNOWN	TWM Wi-Fi Auto	-67
2019-11-25T11:04:48.584678	da:a1:19:3b:89:bf	UNKNOWN	FET Wi-Fi Auto	-73
2019-11-25T11:04:49.917858	84:41:67:89:84:d2	UNKNOWN	NCKU-WLAN-802.1x	-61
2019-11-25T11:04:50.513478	84:41:67:89:84:d2	UNKNOWN	NCKU-WLAN-802.1x	-63
2019-11-25T11:04:52.727582	da:a1:19:13:bf:77	UNKNOWN		-49
2019-11-25T11:04:54.419107	40:4e:36:94:89:c1	HTC Corporation		-69
2019-11-25T11:04:56.443313	8a:61:a4:8c:29:35	UNKNOWN	sap	-81
2019-11-25T11:04:56.483800	8a:61:a4:8c:29:35	UNKNOWN	sap	-63
2019-11-25T11:04:58.666486	84:41:67:89:84:d2	UNKNOWN	NCKU-WLAN-802.1x	-71
2019-11-25T11:05:00.585183	40:4e:36:94:89:c1	HTC Corporation		-45
2019-11-25T11:05:00.756085	a6:02:64:ce:2c:69	UNKNOWN		-75
2019-11-25T11:05:04.787084	b8:27:eb:b2:89:cb	Raspberry Pi Foundation		-79
2019-11-25T11:05:05.262494	60:45:cb:c6:5b:46	ASUSTek COMPUTER INC.	NCKU-WLAN	-67
2019-11-25T11:05:07.942873	d6:84:bf:39:ac:d7	UNKNOWN		-63
2019-11-25T11:05:08.000048	d6:84:bf:39:ac:d7	UNKNOWN		-61
2019-11-25T11:05:11.195377	0a:db:8e:45:bd:92	UNKNOWN		-75
2019-11-25T11:05:11.498843	b8:27:eb:0d:4a:66	Raspberry Pi Foundation		-31
2019-11-25T11:05:11.562105	b8:27:eb:0d:4a:66	Raspberry Pi Foundation		-27
2019-11-25T11:05:11.574478	b8:27:eb:0d:4a:66	Raspberry Pi Foundation		-29
2019-11-25T11:05:11.710799	b8:27:eb:0d:4a:66	Raspberry Pi Foundation		-59
2019-11-25T11:05:11.848607	b8:27:eb:0d:4a:66	Raspberry Pi Foundation		-71
2019-11-25T11:05:12.735943	b8:27:eb:0d:4a:66	Raspberry Pi Foundation	MCSLAB	-31
2019-11-25T11:05:12.779949	40:4e:36:94:89:c1	HTC Corporation		-45
2019-11-25T11:05:12.788793	40:4e:36:94:89:c1	HTC Corporation		-43
2019-11-25T11:05:12.885758	40:4e:36:94:89:c1	HTC Corporation		-49
2019-11-25T11:05:13.109308	da:a1:19:33:73:d9	UNKNOWN		-49
2019-11-25T11:05:15.351763	40:4e:36:94:89:c1	HTC Corporation		-35
2019-11-25T11:05:15.903864	b8:27:eb:5b:e9:a5	Raspberry Pi Foundation		-75
2019-11-25T11:05:15.913977	b8:27:eb:5b:e9:a5	Raspberry Pi Foundation	kappa	-73
2019-11-25T11:05:20.908764	60:45:cb:c6:5b:46	ASUSTek COMPUTER INC.		-73
2019-11-25T11:05:21.743665	b8:27:eb:0d:4a:66	Raspberry Pi Foundation		-29
2019-11-25T11:05:21.907280	b8:27:eb:0d:4a:66	Raspberry Pi Foundation		-27
2019-11-25T11:05:23.663715	40:4e:36:94:89:c1	HTC Corporation		-43
2019-11-25T11:05:24.106932	40:4e:36:94:89:c1	HTC Corporation		-71
2019-11-25T11:05:24.783082	2c:4d:54:be:e5:3e	ASUSTek COMPUTER INC.		-33
2019-11-25T11:05:25.052574	2c:4d:54:be:e5:3e	ASUSTek COMPUTER INC.		-83
2019-11-25T11:05:26.894066	24:ec:99:a6:23:1a	ASKEY COMPUTER CORP		-81
2019-11-25T11:05:27.513457	d0:c6:37:5c:8a:2d	UNKNOWN		-69
2019-11-25T11:05:27.593122	d0:c6:37:5c:8a:2d	UNKNOWN		-71
2019-11-25T11:05:28.177184	d0:c6:37:5c:8a:2d	UNKNOWN		-63
2019-11-25T11:05:31.422260	da:a1:19:e0:38:75	UNKNOWN		-57
2019-11-25T11:05:31.464453	da:a1:19:e0:38:75	UNKNOWN		-63
2019-11-25T11:05:32.306399	b8:27:eb:70:0d:e2	Raspberry Pi Foundation		-41
2019-11-25T11:05:32.322726	b8:27:eb:70:0d:e2	Raspberry Pi Foundation		-43
2019-11-25T11:05:33.672833	f4:28:53:19:7e:1f	Zioncom Electronics (Shenzhen) Ltd.		-41
2019-11-25T11:05:34.908319	f0:18:98:74:6e:ea	UNKNOWN	NCKU-WLAN	-61
2019-11-25T11:05:35.725624	40:4e:36:94:89:c1	HTC Corporation		-41
2019-11-25T11:05:36.593078	ee:98:b5:70:03:d1	UNKNOWN	sap	-73
2019-11-25T11:05:37.220055	b8:27:eb:85:bf:e1	Raspberry Pi Foundation		-75
2019-11-25T11:05:38.896055	1a:25:66:d9:7a:e4	UNKNOWN		-67
2019-11-25T11:05:40.798945	60:45:cb:c6:5b:46	ASUSTek COMPUTER INC.		-63
2019-11-25T11:05:42.896641	ea:ad:4d:cb:b7:8f	UNKNOWN		-71
2019-11-25T11:05:43.318105	da:a1:19:41:c8:a6	UNKNOWN		-79
2019-11-25T11:05:43.945296	b8:27:eb:26:1a:ca	Raspberry Pi Foundation		-59
2019-11-25T11:05:43.965964	b8:27:eb:26:1a:ca	Raspberry Pi Foundation		-55
2019-11-25T11:05:44.207096	2a:22:49:9c:35:39	UNKNOWN		-85
2019-11-25T11:05:45.918172	56:92:0c:3b:18:18	UNKNOWN		-71
2019-11-25T11:05:49.563618	1e:9e:37:71:1f:82	UNKNOWN		-83
2019-11-25T11:05:56.044165	40:4e:36:94:89:c1	HTC Corporation		-41
2019-11-25T11:05:56.969583	fe:9a:bd:3b:ac:b7	UNKNOWN		-83
2019-11-25T11:05:59.167333	1c:70:22:0a:82:46	UNKNOWN		-65
2019-11-25T11:06:08.289846	40:4e:36:94:89:c1	HTC Corporation		-43
2019-11-25T11:06:09.919518	da:a1:19:08:0c:dd	UNKNOWN		-83
2019-11-25T11:06:09.930439	da:a1:19:08:0c:dd	UNKNOWN		-83
2019-11-25T11:06:15.960585	7e:72:8a:13:07:ca	UNKNOWN		-69
2019-11-25T11:06:17.215212	84:c7:ea:ce:4d:cc	Sony Mobile Communications AB		-67
2019-11-25T11:06:17.329241	2a:68:23:eb:f0:1c	UNKNOWN		-73
2019-11-25T11:06:18.546782	b8:27:eb:08:9e:dc	Raspberry Pi Foundation		-55
2019-11-25T11:06:18.566886	b8:27:eb:08:9e:dc	Raspberry Pi Foundation		-55
2019-11-25T11:06:19.870399	b8:27:eb:08:9e:dc	Raspberry Pi Foundation	MCSLAB	-59
2019-11-25T11:06:20.718812	50:76:af:49:bc:90	UNKNOWN		-65
2019-11-25T11:06:21.526072	b8:27:eb:0d:4a:66	Raspberry Pi Foundation		-33
2019-11-25T11:06:21.613378	b8:27:eb:0d:4a:66	Raspberry Pi Foundation		-31
2019-11-25T11:06:24.243610	86:21:d1:b3:a4:ee	UNKNOWN		-81
2019-11-25T11:06:25.441332	3c:f5:91:e7:00:59	UNKNOWN		-69
2019-11-25T11:06:25.990959	5e:ea:08:5a:cf:d4	UNKNOWN		-85
2019-11-25T11:06:27.427436	c2:f8:85:87:91:82	UNKNOWN		-71
2019-11-25T11:06:27.826266	d0:c6:37:5c:8a:2d	UNKNOWN		-81
2019-11-25T11:06:33.673784	f4:28:53:19:7e:1f	Zioncom Electronics (Shenzhen) Ltd.		-31
2019-11-25T11:06:36.439420	40:4e:36:94:89:c1	HTC Corporation		-37
2019-11-25T11:06:39.746774	b8:27:eb:01:ea:27	Raspberry Pi Foundation		-51
2019-11-25T11:06:42.127987	04:d3:b0:ac:0f:bc	UNKNOWN		-83
2019-11-25T11:06:45.291349	d8:68:c3:2c:3e:27	UNKNOWN	NCKUEE-802.1x	-71
2019-11-25T11:06:45.302426	d8:68:c3:2c:3e:27	UNKNOWN	NCKUEE-802.1x	-79
2019-11-25T11:06:48.219958	f6:41:c0:af:1b:c8	UNKNOWN		-65
2019-11-25T11:06:48.228372	f6:41:c0:af:1b:c8	UNKNOWN		-69
2019-11-25T11:06:49.856306	a0:51:0b:30:a5:f7	UNKNOWN		-83
2019-11-25T11:06:50.196340	40:4e:36:94:89:c1	HTC Corporation		-49
2019-11-25T11:06:50.613741	da:a1:19:02:38:71	UNKNOWN		-79
2019-11-25T11:06:53.049498	d8:68:c3:2c:3e:27	UNKNOWN	NCKUEE-802.1x	-65
2019-11-25T11:06:57.961559	d8:68:c3:2c:3e:27	UNKNOWN	NCKUEE-802.1x	-59
2019-11-25T11:06:59.475971	1c:70:22:0a:82:46	UNKNOWN		-65
2019-11-25T11:07:02.414821	b8:27:eb:08:9e:dc	Raspberry Pi Foundation		-69
2019-11-25T11:07:02.425900	b8:27:eb:08:9e:dc	Raspberry Pi Foundation		-55
2019-11-25T11:07:02.523184	b8:27:eb:08:9e:dc	Raspberry Pi Foundation		-77
2019-11-25T11:07:09.255604	da:a1:19:a9:10:7b	UNKNOWN	92475	-71
2019-11-25T11:07:09.263569	da:a1:19:a9:10:7b	UNKNOWN	TP-Link_92401	-65
2019-11-25T11:07:09.271557	da:a1:19:a9:10:7b	UNKNOWN	CHT Wi-Fi Auto	-65
2019-11-25T11:07:12.206603	b8:27:eb:c5:4a:49	Raspberry Pi Foundation		-47
2019-11-25T11:07:12.866703	d8:68:c3:2c:3e:27	UNKNOWN	NCKUEE-802.1x	-73
2019-11-25T11:07:17.488199	b8:76:3f:04:05:fd	Hon Hai Precision Ind. Co.,Ltd.		-73
2019-11-25T11:07:17.516885	b8:76:3f:04:05:fd	Hon Hai Precision Ind. Co.,Ltd.		-73
2019-11-25T11:07:21.056026	b8:27:eb:0d:4a:66	Raspberry Pi Foundation		-31
2019-11-25T11:07:21.197092	b8:27:eb:0d:4a:66	Raspberry Pi Foundation		-29
2019-11-25T11:07:22.474277	14:c2:13:d9:48:ec	UNKNOWN	NCKU-WLAN-802.1x	-77
2019-11-25T11:07:25.368981	40:4e:36:94:89:c1	HTC Corporation		-37
2019-11-25T11:07:28.266517	d0:c6:37:5c:8a:2d	UNKNOWN		-69
2019-11-25T11:07:32.411706	40:4e:36:94:89:c1	HTC Corporation		-79
2019-11-25T11:07:32.501045	b8:27:eb:70:0d:e2	Raspberry Pi Foundation		-47
2019-11-25T11:07:33.862581	f4:28:53:19:7e:1f	Zioncom Electronics (Shenzhen) Ltd.		-31
2019-11-25T11:07:41.995527	04:d3:b0:85:4e:9a	UNKNOWN		-65
2019-11-25T11:07:43.828402	b8:27:eb:26:1a:ca	Raspberry Pi Foundation		-53
2019-11-25T11:07:51.835184	40:4e:36:94:89:c1	HTC Corporation		-31
2019-11-25T11:08:01.793383	40:4e:36:94:89:c1	HTC Corporation		-37
2019-11-25T11:08:02.432875	b8:27:eb:08:9e:dc	Raspberry Pi Foundation		-55
2019-11-25T11:08:02.441965	b8:27:eb:08:9e:dc	Raspberry Pi Foundation		-59
2019-11-25T11:08:02.511125	b8:27:eb:f1:06:9c	Raspberry Pi Foundation		-41
2019-11-25T11:08:03.624458	e6:89:cd:97:ea:26	UNKNOWN		-77
2019-11-25T11:08:04.551420	12:cb:5f:c5:14:81	UNKNOWN		-83
2019-11-25T11:08:08.668980	68:db:ca:7b:42:27	Apple, Inc.		-63
2019-11-25T11:08:12.426453	b8:27:eb:c5:4a:49	Raspberry Pi Foundation		-51
2019-11-25T11:08:15.938345	b8:27:eb:5b:e9:a5	Raspberry Pi Foundation	kappa	-71
2019-11-25T11:08:20.661941	e2:31:74:92:5e:b6	UNKNOWN		-71
2019-11-25T11:08:21.689090	b8:27:eb:0d:4a:66	Raspberry Pi Foundation		-33
2019-11-25T11:08:21.803076	b8:27:eb:0d:4a:66	Raspberry Pi Foundation		-31
2019-11-25T11:08:21.812296	b8:27:eb:0d:4a:66	Raspberry Pi Foundation		-33
2019-11-25T11:08:26.010403	52:bf:cc:2f:ce:e8	UNKNOWN		-73
2019-11-25T11:08:33.556772	2a:79:17:37:0e:9b	UNKNOWN		-75
2019-11-25T11:08:33.752762	f4:28:53:19:7e:1f	Zioncom Electronics (Shenzhen) Ltd.		-31
2019-11-25T11:08:34.000192	f4:28:53:19:7e:1f	Zioncom Electronics (Shenzhen) Ltd.		-33
2019-11-25T11:08:35.392085	f4:28:53:19:7e:1f	Zioncom Electronics (Shenzhen) Ltd.		-29
2019-11-25T11:08:36.470864	40:4e:36:94:89:c1	HTC Corporation		-35
2019-11-25T11:08:36.954253	c4:93:d9:21:c9:1c	UNKNOWN		-61
2019-11-25T11:08:38.542997	ce:af:36:1c:ff:06	UNKNOWN		-67
2019-11-25T11:08:41.742909	b6:84:43:9c:69:ff	UNKNOWN		-67
2019-11-25T11:08:43.972286	b8:27:eb:26:1a:ca	Raspberry Pi Foundation		-45
2019-11-25T11:08:44.987009	c4:93:d9:21:c9:1c	UNKNOWN		-69
2019-11-25T11:08:48.640044	ce:00:48:1d:f2:eb	UNKNOWN		-75
2019-11-25T11:08:56.367094	40:4e:36:94:89:c1	HTC Corporation		-41
2019-11-25T11:09:00.459352	1c:70:22:0a:82:46	UNKNOWN		-65
2019-11-25T11:09:02.784497	b8:27:eb:f1:06:9c	Raspberry Pi Foundation		-41
2019-11-25T11:09:05.207230	b8:27:eb:b2:89:cb	Raspberry Pi Foundation		-49
2019-11-25T11:09:05.235552	b8:27:eb:b2:89:cb	Raspberry Pi Foundation		-49
2019-11-25T11:09:07.269420	40:4e:36:94:89:c1	HTC Corporation		-45
2019-11-25T11:09:09.756996	40:4e:36:94:89:c1	HTC Corporation		-49
2019-11-25T11:09:11.262911	8a:77:b0:9e:fb:aa	UNKNOWN		-65
2019-11-25T11:09:12.521352	b8:27:eb:c5:4a:49	Raspberry Pi Foundation		-47
2019-11-25T11:09:12.545109	b8:27:eb:c5:4a:49	Raspberry Pi Foundation		-71
2019-11-25T11:09:13.001035	e0:33:8e:1f:88:99	UNKNOWN	NCKU-WLAN-802.1x	-81
2019-11-25T11:09:21.836402	b8:27:eb:0d:4a:66	Raspberry Pi Foundation		-31
2019-11-25T11:09:21.935571	b8:27:eb:0d:4a:66	Raspberry Pi Foundation		-31
2019-11-25T11:09:28.424355	d0:c6:37:5c:8a:2d	UNKNOWN		-85
2019-11-25T11:09:28.649811	76:8e:bc:a3:5c:f8	UNKNOWN		-67
2019-11-25T11:09:33.395094	5e:c7:71:c1:23:8f	UNKNOWN		-73
2019-11-25T11:09:39.979036	b8:27:eb:01:ea:27	Raspberry Pi Foundation		-81
2019-11-25T11:09:42.307271	04:d3:b0:85:4e:9a	UNKNOWN		-67
2019-11-25T11:09:44.227875	b8:27:eb:26:1a:ca	Raspberry Pi Foundation		-59
2019-11-25T11:09:48.649014	d0:a6:37:c3:99:21	Apple, Inc.	SpaceLab	-79
2019-11-25T11:09:53.955118	40:4e:36:e0:2c:95	HTC Corporation		-85
2019-11-25T11:10:01.704267	e0:33:8e:1f:88:99	UNKNOWN	NCKU-WLAN-802.1x	-69
2019-11-25T11:10:02.546730	b8:27:eb:f1:06:9c	Raspberry Pi Foundation		-41
2019-11-25T11:10:02.565805	b8:27:eb:08:9e:dc	Raspberry Pi Foundation		-73
2019-11-25T11:10:02.587833	da:a1:19:75:a0:f8	UNKNOWN		-73
2019-11-25T11:10:03.420915	80:b0:3d:a4:76:92	UNKNOWN		-63
2019-11-25T11:10:04.874517	40:4e:36:94:89:c1	HTC Corporation		-59
2019-11-25T11:10:05.037032	b8:27:eb:b2:89:cb	Raspberry Pi Foundation		-45
2019-11-25T11:10:09.201686	2c:fd:a1:9e:b6:80	UNKNOWN		-53
2019-11-25T11:10:09.317019	2c:fd:a1:9e:b6:80	UNKNOWN		-73
2019-11-25T11:10:09.768800	3c:f8:62:76:14:9d	Intel Corporate		-85
2019-11-25T11:10:14.769847	40:4e:36:94:89:c1	HTC Corporation		-71
2019-11-25T11:10:15.330295	ec:5c:68:b7:47:73	UNKNOWN		-79
2019-11-25T11:10:16.013445	b8:27:eb:5b:e9:a5	Raspberry Pi Foundation	kappa	-75
2019-11-25T11:10:20.097725	1e:bb:03:e8:2c:65	UNKNOWN		-77
2019-11-25T11:10:22.024969	b8:27:eb:0d:4a:66	Raspberry Pi Foundation		-33
2019-11-25T11:10:25.320383	9a:3f:62:0e:11:05	UNKNOWN		-77
2019-11-25T11:10:29.850125	ca:37:e9:50:be:17	UNKNOWN		-81
2019-11-25T11:10:33.085846	dc:8b:28:65:76:c9	UNKNOWN		-69
2019-11-25T11:10:33.789008	f4:28:53:19:7e:1f	Zioncom Electronics (Shenzhen) Ltd.		-65
2019-11-25T11:10:36.497153	4e:1d:93:96:26:94	UNKNOWN		-69
2019-11-25T11:10:37.513178	b8:27:eb:85:bf:e1	Raspberry Pi Foundation		-77
2019-11-25T11:10:38.929528	40:4e:36:94:89:c1	HTC Corporation		-71
2019-11-25T11:10:39.548854	46:28:72:00:95:4f	UNKNOWN	CHT4003	-75
2019-11-25T11:10:39.827452	b8:27:eb:01:ea:27	Raspberry Pi Foundation		-53
2019-11-25T11:10:42.739209	18:56:80:27:95:43	UNKNOWN		-83
2019-11-25T11:10:43.565886	a2:80:ed:f8:b2:36	UNKNOWN		-71
2019-11-25T11:10:45.930442	88:b1:11:1d:34:4a	UNKNOWN	DBSE-Guest	-85
2019-11-25T11:10:48.494612	e2:cf:15:c6:87:cf	UNKNOWN	CHT4003	-83
2019-11-25T11:10:51.550867	38:ba:f8:8a:8e:d2	UNKNOWN		-83
2019-11-25T11:10:53.673700	c6:fa:a7:f7:51:b8	UNKNOWN		-81
2019-11-25T11:10:53.809933	6c:e8:5c:cb:66:0a	UNKNOWN		-83
2019-11-25T11:11:00.706547	c4:93:d9:21:c9:1c	UNKNOWN		-75
2019-11-25T11:11:04.934095	b8:27:eb:b2:89:cb	Raspberry Pi Foundation		-45
2019-11-25T11:11:07.279952	f0:18:98:74:6e:ea	UNKNOWN	NCKU-WLAN	-81
2019-11-25T11:11:12.485824	b8:27:eb:c5:4a:49	Raspberry Pi Foundation		-51
2019-11-25T11:11:13.514350	2c:4d:54:be:e5:3e	ASUSTek COMPUTER INC.		-67
2019-11-25T11:11:16.248257	5a:d2:3a:6b:12:21	UNKNOWN		-75
2019-11-25T11:11:19.866182	c4:93:d9:21:c9:1c	UNKNOWN		-73
2019-11-25T11:11:27.792370	d0:c6:37:5c:8a:2d	UNKNOWN		-61
2019-11-25T11:11:33.944268	f4:28:53:19:7e:1f	Zioncom Electronics (Shenzhen) Ltd.		-37
2019-11-25T11:11:34.027576	42:61:5a:16:b2:a4	UNKNOWN		-83
2019-11-25T11:11:37.029863	86:b8:77:6a:04:d1	UNKNOWN		-79
2019-11-25T11:11:39.978542	b8:27:eb:01:ea:27	Raspberry Pi Foundation		-55
2019-11-25T11:11:43.768724	78:7b:8a:7a:e7:99	UNKNOWN	NCKU-WLAN-802.1x	-77
2019-11-25T11:11:44.150282	b8:27:eb:26:1a:ca	Raspberry Pi Foundation		-61
2019-11-25T11:11:49.010755	18:56:80:27:95:43	UNKNOWN	92A28_5G	-81
2019-11-25T11:11:51.120873	42:fa:4b:f7:cf:85	UNKNOWN		-79
2019-11-25T11:12:01.476424	4a:75:31:aa:c2:00	UNKNOWN		-69
2019-11-25T11:12:01.832273	1c:70:22:0a:82:46	UNKNOWN		-63
2019-11-25T11:12:02.107841	ee:8d:b0:84:6a:50	UNKNOWN		-67
2019-11-25T11:12:02.772767	b8:27:eb:08:9e:dc	Raspberry Pi Foundation		-55
2019-11-25T11:12:02.989599	00:0a:f5:ac:df:0b	Airgo Networks, Inc.		-59
2019-11-25T11:12:03.268427	6a:f7:5a:c2:fd:35	UNKNOWN		-75
2019-11-25T11:12:03.275545	6a:f7:5a:c2:fd:35	UNKNOWN		-75
2019-11-25T11:12:12.359110	b8:27:eb:c5:4a:49	Raspberry Pi Foundation		-77
2019-11-25T11:12:16.500244	ca:3a:ae:ae:7b:5d	UNKNOWN		-83
2019-11-25T11:12:21.857856	b8:27:eb:0d:4a:66	Raspberry Pi Foundation		-31
2019-11-25T11:12:28.409907	d0:c6:37:5c:8a:2d	UNKNOWN		-71
2019-11-25T11:12:28.980786	66:16:09:f1:d5:48	UNKNOWN		-83
2019-11-25T11:12:30.898301	46:98:c1:4d:39:52	UNKNOWN		-65
2019-11-25T11:12:34.222807	94:39:e5:34:9c:9e	Hon Hai Precision Ind. Co.,Ltd.		-81
2019-11-25T11:12:36.693293	b8:76:3f:04:05:fd	Hon Hai Precision Ind. Co.,Ltd.		-67
2019-11-25T11:12:37.189804	26:b8:45:69:6a:f6	UNKNOWN		-81
2019-11-25T11:12:39.761995	b8:27:eb:01:ea:27	Raspberry Pi Foundation		-55
2019-11-25T11:12:39.784781	b8:27:eb:01:ea:27	Raspberry Pi Foundation		-53
2019-11-25T11:12:42.403045	04:d3:b0:85:4e:9a	UNKNOWN		-69
2019-11-25T11:12:55.064879	c8:1e:e7:e3:d9:92	Apple, Inc.	NCKU-WLAN-802.1x	-63
2019-11-25T11:12:55.099733	c8:1e:e7:e3:d9:92	Apple, Inc.	NCKU-WLAN-802.1x	-63
2019-11-25T11:13:02.732299	b8:27:eb:08:9e:dc	Raspberry Pi Foundation		-59
2019-11-25T11:13:02.868014	b8:27:eb:f1:06:9c	Raspberry Pi Foundation		-71
2019-11-25T11:13:02.887498	b8:27:eb:f1:06:9c	Raspberry Pi Foundation		-57
2019-11-25T11:13:12.527823	b8:27:eb:c5:4a:49	Raspberry Pi Foundation		-49
2019-11-25T11:13:21.890378	b8:27:eb:0d:4a:66	Raspberry Pi Foundation		-31
2019-11-25T11:13:21.899642	b8:27:eb:0d:4a:66	Raspberry Pi Foundation		-55
2019-11-25T11:13:22.875645	da:a1:19:fd:42:fe	UNKNOWN		-65
2019-11-25T11:13:27.898426	b8:27:eb:0d:4a:66	Raspberry Pi Foundation	MCSLAB	-53
2019-11-25T11:13:27.983136	b8:27:eb:0d:4a:66	Raspberry Pi Foundation		-29
2019-11-25T11:13:28.083410	b8:27:eb:0d:4a:66	Raspberry Pi Foundation		-71
2019-11-25T11:13:28.256514	b8:27:eb:0d:4a:66	Raspberry Pi Foundation		-73
2019-11-25T11:13:29.210204	b8:27:eb:0d:4a:66	Raspberry Pi Foundation	MCSLAB	-31
2019-11-25T11:13:32.464463	20:34:fb:cf:41:9d	UNKNOWN	NCKU-WLAN-802.1x	-85
2019-11-25T11:13:33.226456	b2:2e:5e:0e:55:05	UNKNOWN	CHT4003	-83
2019-11-25T11:13:33.566750	f4:28:53:19:7e:1f	Zioncom Electronics (Shenzhen) Ltd.		-33
2019-11-25T11:13:37.743100	9c:4e:36:9f:a4:c8	Intel Corporate		-75
2019-11-25T11:13:38.703136	1e:09:bb:c2:fb:12	UNKNOWN		-71
2019-11-25T11:13:39.934946	b8:27:eb:01:ea:27	Raspberry Pi Foundation		-51
2019-11-25T11:13:43.372163	2c:fd:a1:9e:b6:80	UNKNOWN		-43
2019-11-25T11:13:46.002761	f0:18:98:74:6e:ea	UNKNOWN	🐑	-59
2019-11-25T11:13:46.010814	f0:18:98:74:6e:ea	UNKNOWN		-61
2019-11-25T11:13:52.871750	da:a1:19:7b:6e:c0	UNKNOWN		-59
2019-11-25T11:13:53.634718	2c:4d:54:be:e5:3e	ASUSTek COMPUTER INC.		-27
2019-11-25T11:13:53.710398	2c:4d:54:be:e5:3e	ASUSTek COMPUTER INC.		-71
2019-11-25T11:14:02.298545	b8:27:eb:08:9e:dc	Raspberry Pi Foundation		-55
2019-11-25T11:14:02.307876	b8:27:eb:08:9e:dc	Raspberry Pi Foundation		-55
2019-11-25T11:14:05.877483	28:3f:69:2c:c7:78	Sony Mobile Communications AB		-71
2019-11-25T11:14:11.601115	ca:1b:0e:46:0b:12	UNKNOWN		-61
2019-11-25T11:14:12.711382	b8:27:eb:c5:4a:49	Raspberry Pi Foundation		-47
2019-11-25T11:14:13.461981	3c:2e:ff:71:35:6b	UNKNOWN	TANetRoaming	-71
2019-11-25T11:14:14.239223	fe:eb:5c:03:1a:56	UNKNOWN		-79
2019-11-25T11:14:18.257640	8c:86:1e:54:33:88	UNKNOWN	CASLab	-75
2019-11-25T11:14:19.423207	3c:2e:ff:71:35:6b	UNKNOWN	TANetRoaming	-61
2019-11-25T11:14:20.454301	3c:95:09:96:0d:77	UNKNOWN		-77
2019-11-25T11:14:21.319531	b8:27:eb:0d:4a:66	Raspberry Pi Foundation		-29
2019-11-25T11:14:22.619915	40:4e:36:b3:81:90	HTC Corporation		-77
2019-11-25T11:14:22.649579	40:4e:36:b3:81:90	HTC Corporation		-79
2019-11-25T11:14:34.024787	f4:28:53:19:7e:1f	Zioncom Electronics (Shenzhen) Ltd.		-31
2019-11-25T11:14:34.378677	f4:28:53:19:7e:1f	Zioncom Electronics (Shenzhen) Ltd.		-71
2019-11-25T11:14:34.401205	62:c1:05:73:6a:c1	UNKNOWN		-75
2019-11-25T11:14:34.738101	b8:27:eb:08:9e:dc	Raspberry Pi Foundation		-53
2019-11-25T11:14:36.066847	b8:27:eb:08:9e:dc	Raspberry Pi Foundation	MCSLAB	-57
2019-11-25T11:14:39.998903	b8:27:eb:01:ea:27	Raspberry Pi Foundation		-47
2019-11-25T11:14:42.589013	9c:4e:36:9f:a4:c8	Intel Corporate	NCKU-WLAN-802.1x	-79
2019-11-25T11:14:48.189365	20:34:fb:cf:41:9d	UNKNOWN	NCKU-WLAN-802.1x	-85
2019-11-25T11:14:48.731627	da:a1:19:47:a0:d9	UNKNOWN		-85
2019-11-25T11:14:52.698219	aa:07:08:b0:53:f4	UNKNOWN		-85
2019-11-25T11:15:00.827311	46:98:c1:4d:39:52	UNKNOWN		-73
2019-11-25T11:15:01.531092	dc:71:96:15:2b:38	UNKNOWN	92A26_SIM_5GHz	-81
2019-11-25T11:15:02.635215	b8:27:eb:f1:06:9c	Raspberry Pi Foundation		-41
2019-11-25T11:15:02.718302	1c:70:22:0a:82:46	UNKNOWN		-65
2019-11-25T11:15:08.129109	4a:10:f0:50:ee:57	UNKNOWN		-83
2019-11-25T11:15:12.229460	80:4a:14:a5:c3:37	UNKNOWN	NCKU-WLAN-802.1x	-77
2019-11-25T11:15:12.703003	b8:27:eb:c5:4a:49	Raspberry Pi Foundation		-47
2019-11-25T11:15:13.546560	8c:86:1e:54:33:88	UNKNOWN	CASLab	-79
2019-11-25T11:15:16.335648	b8:27:eb:08:9e:dc	Raspberry Pi Foundation		-57
2019-11-25T11:15:18.824323	18:31:bf:d9:c0:3d	UNKNOWN		-65
2019-11-25T11:15:20.853586	3c:95:09:96:0d:77	UNKNOWN		-73
2019-11-25T11:15:21.829918	b8:27:eb:0d:4a:66	Raspberry Pi Foundation		-31
2019-11-25T11:15:24.404333	3c:95:09:96:0d:77	UNKNOWN		-79
2019-11-25T11:15:25.171186	44:d4:e0:4b:6e:cf	Sony Mobile Communications AB		-81
2019-11-25T11:15:26.315178	a0:51:0b:30:a5:f7	UNKNOWN		-79
2019-11-25T11:15:28.055007	5e:1d:39:cb:66:24	UNKNOWN		-85
2019-11-25T11:15:30.968176	de:2c:d7:c3:f6:f6	UNKNOWN		-75
2019-11-25T11:15:34.168967	f4:28:53:19:7e:1f	Zioncom Electronics (Shenzhen) Ltd.		-33
2019-11-25T11:15:34.548173	f4:28:53:19:7e:1f	Zioncom Electronics (Shenzhen) Ltd.		-73
2019-11-25T11:15:34.842348	8c:86:1e:54:33:88	UNKNOWN	CASLab	-73
2019-11-25T11:15:39.935628	b8:27:eb:01:ea:27	Raspberry Pi Foundation		-49
2019-11-25T11:15:40.667410	3a:77:0c:f0:43:4d	UNKNOWN		-81
                                                                                                                                                                                                                                                                                                                                                                                                                                                                                                                  