2019-03-09T13:17:31.630092	da:a1:19:f9:1a:3b	UNKNOWN		-65
2019-03-09T13:17:33.305429	da:a1:19:f9:1a:3b	UNKNOWN		-65
2019-03-09T13:17:33.326424	da:a1:19:f9:1a:3b	UNKNOWN		-67
2019-03-09T13:17:33.372770	da:a1:19:f9:1a:3b	UNKNOWN		-85
2019-03-14T12:58:02.514947	da:a1:19:1c:4b:a1	UNKNOWN		-39
2019-03-14T12:58:02.535278	da:a1:19:1c:4b:a1	UNKNOWN	2F	-39
2019-03-14T12:58:02.555389	da:a1:19:1c:4b:a1	UNKNOWN		-51
2019-03-14T12:58:02.571396	da:a1:19:1c:4b:a1	UNKNOWN	2F	-41
2019-03-14T12:58:03.053478	da:a1:19:75:35:8d	UNKNOWN		-57
2019-03-14T12:58:03.121743	da:a1:19:75:35:8d	UNKNOWN		-57
2019-03-14T12:58:03.139479	da:a1:19:75:35:8d	UNKNOWN		-57
2019-03-14T12:58:07.310640	da:a1:19:c3:da:c5	UNKNOWN		-59
2019-03-14T12:58:07.334823	da:a1:19:c3:da:c5	UNKNOWN		-43
2019-03-14T12:58:07.373837	da:a1:19:c3:da:c5	UNKNOWN		-59
2019-03-14T12:58:07.936589	00:1f:1f:85:95:e1	Edimax Technology Co. Ltd.		-49
2019-03-14T12:58:07.954440	00:1f:1f:85:95:e1	Edimax Technology Co. Ltd.		-49
2019-03-14T12:58:07.970131	00:1f:1f:85:95:e1	Edimax Technology Co. Ltd.		-51
2019-03-14T12:58:10.396391	e6:4f:b5:18:12:45	UNKNOWN		-85
2019-03-14T12:58:10.904894	b8:27:eb:50:01:2a	Raspberry Pi Foundation		-41
2019-03-14T12:58:11.004853	b8:27:eb:50:01:2a	Raspberry Pi Foundation		-41
2019-03-14T12:58:11.855454	da:a1:19:29:af:7c	UNKNOWN		-83
2019-03-14T12:58:11.868659	da:a1:19:29:af:7c	UNKNOWN		-59
2019-03-14T12:58:11.912300	da:a1:19:29:af:7c	UNKNOWN		-57
2019-03-14T12:58:12.132579	da:a1:19:7d:11:24	UNKNOWN		-39
2019-03-14T12:58:12.148358	da:a1:19:7d:11:24	UNKNOWN	2F	-43
2019-03-14T12:58:12.178300	da:a1:19:7d:11:24	UNKNOWN		-43
2019-03-14T12:58:13.413338	ba:bd:10:99:67:f7	UNKNOWN		-87
2019-03-14T12:58:16.410047	da:a1:19:ef:d9:62	UNKNOWN		-85
2019-03-14T12:58:16.885101	da:a1:19:ca:be:ec	UNKNOWN		-57
2019-03-14T12:58:17.800285	da:a1:19:93:7d:f7	UNKNOWN		-43
2019-03-14T12:58:17.840753	da:a1:19:93:7d:f7	UNKNOWN		-43
2019-03-14T12:58:17.856996	da:a1:19:93:7d:f7	UNKNOWN	2F	-47
2019-03-14T12:58:21.035600	f8:28:19:5a:9d:e3	UNKNOWN		-73
2019-03-14T12:58:21.094661	f8:28:19:5a:9d:e3	UNKNOWN		-73
2019-03-14T12:58:21.739314	f8:28:19:5a:9d:e3	UNKNOWN		-77
2019-03-14T12:58:21.887096	da:a1:19:98:24:ce	UNKNOWN		-59
2019-03-14T12:58:21.908174	da:a1:19:98:24:ce	UNKNOWN		-41
2019-03-14T12:58:21.921343	da:a1:19:98:24:ce	UNKNOWN		-57
2019-03-14T12:58:22.995442	c8:1e:e7:e3:d9:92	Apple, Inc.	NCKU-WLAN-802.1x	-87
2019-03-14T12:58:23.287023	8c:8e:f2:cc:3e:0d	Apple, Inc.		-87
2019-03-14T12:58:23.321309	8c:8e:f2:cc:3e:0d	Apple, Inc.		-87
2019-03-14T12:58:24.397678	da:a1:19:20:a7:75	UNKNOWN		-53
2019-03-14T12:58:24.437614	da:a1:19:20:a7:75	UNKNOWN		-55
2019-03-14T12:58:24.453322	da:a1:19:20:a7:75	UNKNOWN	2F	-55
2019-03-14T12:58:24.503079	da:a1:19:20:a7:75	UNKNOWN		-41
2019-03-14T12:58:24.518985	da:a1:19:20:a7:75	UNKNOWN	2F	-53
2019-03-14T12:58:25.345706	92:2a:98:4d:26:1f	UNKNOWN		-81
2019-03-14T12:58:27.251788	da:a1:19:40:e5:6a	UNKNOWN		-85
2019-03-14T12:58:27.268204	da:a1:19:40:e5:6a	UNKNOWN		-81
2019-03-14T12:58:30.420580	da:a1:19:0c:10:3e	UNKNOWN		-81
2019-03-14T12:58:30.458398	da:a1:19:0c:10:3e	UNKNOWN		-81
2019-03-14T12:58:30.536263	da:a1:19:0c:10:3e	UNKNOWN		-85
2019-03-14T12:58:32.011490	da:a1:19:2c:d5:96	UNKNOWN		-63
2019-03-14T12:58:32.051669	da:a1:19:2c:d5:96	UNKNOWN		-63
2019-03-14T12:58:32.068970	da:a1:19:2c:d5:96	UNKNOWN		-63
2019-03-14T12:58:35.007795	04:d3:b0:85:4e:9a	UNKNOWN		-83
2019-03-14T12:58:35.253444	14:4f:8a:12:7a:f5	UNKNOWN		-85
2019-03-14T12:58:36.998887	da:a1:19:22:a4:46	UNKNOWN		-57
2019-03-14T12:58:37.061677	da:a1:19:22:a4:46	UNKNOWN		-61
2019-03-14T12:58:37.353209	14:4f:8a:12:7a:f5	UNKNOWN		-83
2019-03-14T12:58:37.371669	14:4f:8a:12:7a:f5	UNKNOWN		-83
2019-03-14T12:58:37.849228	da:a1:19:cb:f8:e5	UNKNOWN		-65
2019-03-14T12:58:38.702868	7c:6b:9c:e8:85:ae	UNKNOWN		-81
2019-03-14T12:58:38.715444	7c:6b:9c:e8:85:ae	UNKNOWN		-81
2019-03-14T12:58:38.805198	7c:6b:9c:e8:85:ae	UNKNOWN		-85
2019-03-14T12:58:40.842870	24:0a:64:be:ac:a1	AzureWave Technology Inc.		-73
2019-03-14T12:58:40.891050	24:0a:64:be:ac:a1	AzureWave Technology Inc.		-77
2019-03-14T12:58:41.083080	da:a1:19:36:ba:d1	UNKNOWN		-89
2019-03-14T12:58:41.119010	da:a1:19:27:6a:82	UNKNOWN		-77
2019-03-14T12:58:41.156386	da:a1:19:27:6a:82	UNKNOWN		-77
2019-03-14T12:58:41.223070	da:a1:19:27:6a:82	UNKNOWN		-75
2019-03-14T12:58:42.016130	da:a1:19:77:38:c1	UNKNOWN		-87
2019-03-14T12:58:42.746128	2c:4d:54:2d:92:34	ASUSTek COMPUTER INC.		-87
2019-03-14T12:58:44.247298	da:a1:19:5f:11:21	UNKNOWN		-71
2019-03-14T12:58:44.337401	da:a1:19:5f:11:21	UNKNOWN		-75
2019-03-14T12:58:44.355572	da:a1:19:5f:11:21	UNKNOWN		-75
2019-03-14T12:58:44.370640	da:a1:19:5f:11:21	UNKNOWN		-75
2019-03-14T12:58:44.446614	da:a1:19:57:4b:c3	UNKNOWN		-85
2019-03-14T12:58:44.519056	da:a1:19:57:4b:c3	UNKNOWN		-83
2019-03-14T12:58:44.536363	da:a1:19:57:4b:c3	UNKNOWN		-85
2019-03-14T12:58:44.555734	da:a1:19:57:4b:c3	UNKNOWN		-83
2019-03-14T12:58:45.142014	24:0a:64:d1:cb:33	AzureWave Technology Inc.		-69
2019-03-14T12:58:45.530862	da:a1:19:e8:9c:20	UNKNOWN		-53
2019-03-14T12:58:45.547537	da:a1:19:e8:9c:20	UNKNOWN	2F	-53
2019-03-14T12:58:45.571084	da:a1:19:e8:9c:20	UNKNOWN		-81
2019-03-14T12:58:46.595292	e8:2a:44:d2:cc:bf	UNKNOWN		-89
2019-03-14T12:58:47.032251	da:a1:19:09:77:3b	UNKNOWN		-61
2019-03-14T12:58:47.046324	da:a1:19:09:77:3b	UNKNOWN		-61
2019-03-14T12:58:47.352386	da:a1:19:d5:5b:f7	UNKNOWN		-75
2019-03-14T12:58:47.377613	da:a1:19:d5:5b:f7	UNKNOWN		-81
2019-03-14T12:58:47.922294	7c:6b:9c:e8:85:ae	UNKNOWN		-83
2019-03-14T12:58:47.935188	7c:6b:9c:e8:85:ae	UNKNOWN		-79
2019-03-14T12:58:50.282593	7c:6b:9c:e8:85:ae	UNKNOWN		-85
2019-03-14T12:58:52.141672	da:a1:19:d1:45:34	UNKNOWN		-65
2019-03-14T12:58:52.318338	00:1f:1f:85:95:e1	Edimax Technology Co. Ltd.		-65
2019-03-14T12:58:52.382153	00:1f:1f:85:95:e1	Edimax Technology Co. Ltd.		-57
2019-03-14T12:58:52.445320	00:1f:1f:85:95:e1	Edimax Technology Co. Ltd.		-59
2019-03-14T12:58:54.024004	da:a1:19:4c:51:47	UNKNOWN		-83
2019-03-14T12:58:54.092341	da:a1:19:4c:51:47	UNKNOWN		-85
2019-03-14T12:58:54.186702	da:a1:19:4c:51:47	UNKNOWN		-79
2019-03-14T12:58:54.353935	ce:1a:b4:f3:6d:37	UNKNOWN		-87
2019-03-14T12:58:54.374777	da:a1:19:f9:a2:67	UNKNOWN		-85
2019-03-14T12:58:54.396806	da:a1:19:f9:a2:67	UNKNOWN		-87
2019-03-14T12:58:55.116916	7c:6b:9c:e8:85:ae	UNKNOWN		-79
2019-03-14T12:58:55.808302	8c:8e:f2:cc:3e:0d	Apple, Inc.	NCKUEE-802.1x	-81
2019-03-14T12:58:56.117707	1a:af:b9:14:c5:1e	UNKNOWN		-85
2019-03-14T12:58:57.049277	da:a1:19:f0:b1:05	UNKNOWN		-41
2019-03-14T12:58:57.070101	da:a1:19:f0:b1:05	UNKNOWN		-59
2019-03-14T12:58:57.087274	da:a1:19:f0:b1:05	UNKNOWN		-49
2019-03-14T12:58:57.194541	da:a1:19:76:c5:3d	UNKNOWN		-85
2019-03-14T12:58:57.255941	da:9d:8b:0b:2f:a3	UNKNOWN		-85
2019-03-14T12:58:57.555252	da:a1:19:da:e9:63	UNKNOWN		-85
2019-03-14T12:59:01.118450	c8:1e:e7:e3:d9:92	Apple, Inc.	NCKU-WLAN-802.1x	-89
2019-03-14T12:59:01.925650	2c:4d:54:2d:92:34	ASUSTek COMPUTER INC.		-89
2019-03-14T12:59:01.966685	86:a5:a5:d8:c5:75	UNKNOWN		-71
2019-03-14T12:59:02.053807	86:a5:a5:d8:c5:75	UNKNOWN		-71
2019-03-14T12:59:02.317677	da:a1:19:7e:b8:41	UNKNOWN		-75
2019-03-14T12:59:04.283735	da:a1:19:b7:cc:d9	UNKNOWN		-85
2019-03-14T12:59:07.715868	da:a1:19:49:b1:27	UNKNOWN		-91
2019-03-14T12:59:07.783498	da:a1:19:49:b1:27	UNKNOWN		-61
2019-03-14T12:59:07.819391	da:a1:19:49:b1:27	UNKNOWN		-61
2019-03-14T12:59:10.208145	60:45:cb:32:21:7d	ASUSTek COMPUTER INC.		-87
2019-03-14T12:59:10.243833	60:45:cb:32:21:7d	ASUSTek COMPUTER INC.		-87
2019-03-14T12:59:11.697431	2c:4d:54:2d:92:34	ASUSTek COMPUTER INC.		-77
2019-03-14T12:59:11.711594	2c:4d:54:2d:92:34	ASUSTek COMPUTER INC.		-77
2019-03-14T12:59:12.072505	da:a1:19:2c:ed:47	UNKNOWN		-67
2019-03-14T12:59:12.149920	da:a1:19:2c:ed:47	UNKNOWN		-65
2019-03-14T12:59:13.252485	96:0a:14:7d:36:55	UNKNOWN	hinet	-83
2019-03-14T12:59:13.265133	f8:28:19:5a:9d:e3	UNKNOWN		-77
2019-03-14T12:59:13.329279	96:0a:14:7d:36:55	UNKNOWN		-81
2019-03-14T12:59:13.345667	f8:28:19:5a:9d:e3	UNKNOWN		-81
2019-03-14T12:59:14.662199	00:e1:8c:97:d1:19	UNKNOWN	MCSLAB_5G	-63
2019-03-14T12:59:16.554408	6a:f6:24:38:29:ae	UNKNOWN		-79
2019-03-14T12:59:17.114925	da:a1:19:3c:46:8a	UNKNOWN		-67
2019-03-14T12:59:17.232957	da:a1:19:3c:46:8a	UNKNOWN		-69
2019-03-14T12:59:21.181573	2c:4d:54:2d:92:34	ASUSTek COMPUTER INC.		-75
2019-03-14T12:59:21.203426	2c:4d:54:2d:92:34	ASUSTek COMPUTER INC.		-75
2019-03-14T12:59:21.227251	2c:4d:54:2d:92:34	ASUSTek COMPUTER INC.		-75
2019-03-14T12:59:22.102556	da:a1:19:3a:7a:9a	UNKNOWN		-59
2019-03-14T12:59:22.116089	da:a1:19:3a:7a:9a	UNKNOWN		-43
2019-03-14T12:59:22.133267	da:a1:19:3a:7a:9a	UNKNOWN		-57
2019-03-14T12:59:24.724000	4e:e9:0c:28:33:ca	UNKNOWN		-79
2019-03-14T12:59:25.534733	60:45:cb:32:21:7d	ASUSTek COMPUTER INC.	NCKU-WLAN-802.1x	-73
2019-03-14T12:59:27.343358	da:a1:19:83:cb:33	UNKNOWN		-67
2019-03-14T12:59:27.454350	da:a1:19:83:cb:33	UNKNOWN		-67
2019-03-14T12:59:28.747834	12:56:96:af:e7:82	UNKNOWN		-79
2019-03-14T12:59:28.802244	12:56:96:af:e7:82	UNKNOWN		-81
2019-03-14T12:59:29.791702	f4:5c:89:c7:37:91	Apple, Inc.	NCKUEE-802.1x	-87
2019-03-14T12:59:29.868762	da:a1:19:df:75:58	UNKNOWN		-87
2019-03-14T12:59:32.681792	da:a1:19:74:e3:64	UNKNOWN		-75
2019-03-14T12:59:32.725113	da:a1:19:74:e3:64	UNKNOWN		-67
2019-03-14T12:59:33.881813	60:45:cb:32:21:7d	ASUSTek COMPUTER INC.	NCKU-WLAN-802.1x	-71
2019-03-14T12:59:33.896988	60:45:cb:32:21:7d	ASUSTek COMPUTER INC.	NCKU-WLAN-802.1x	-71
2019-03-14T12:59:35.647437	2c:4d:54:2d:92:34	ASUSTek COMPUTER INC.		-79
2019-03-14T12:59:35.667988	2c:4d:54:2d:92:34	ASUSTek COMPUTER INC.		-79
2019-03-14T12:59:35.688525	2c:4d:54:2d:92:34	ASUSTek COMPUTER INC.		-79
2019-03-14T12:59:36.876858	e2:3b:00:5a:b2:bf	UNKNOWN		-81
2019-03-14T12:59:37.306913	da:a1:19:ef:45:d6	UNKNOWN		-55
2019-03-14T12:59:37.327332	da:a1:19:ef:45:d6	UNKNOWN		-51
2019-03-14T12:59:37.350237	da:a1:19:ef:45:d6	UNKNOWN		-53
2019-03-14T12:59:41.926407	c8:1e:e7:e3:d9:92	Apple, Inc.	NCKU-WLAN-802.1x	-87
2019-03-14T12:59:42.224064	da:a1:19:e5:65:33	UNKNOWN		-55
2019-03-14T12:59:42.471577	3e:52:23:20:01:78	UNKNOWN	hinet	-79
2019-03-14T12:59:42.487353	3e:52:23:20:01:78	UNKNOWN		-79
2019-03-14T12:59:42.524750	3e:52:23:20:01:78	UNKNOWN	hinet	-83
2019-03-14T12:59:42.540566	3e:52:23:20:01:78	UNKNOWN		-79
2019-03-14T12:59:44.094620	56:cf:79:8a:93:f4	UNKNOWN		-89
2019-03-14T12:59:44.140113	56:cf:79:8a:93:f4	UNKNOWN		-85
2019-03-14T12:59:46.247340	da:a1:19:d0:aa:56	UNKNOWN		-85
2019-03-14T12:59:46.272494	da:a1:19:d0:aa:56	UNKNOWN		-83
2019-03-14T12:59:46.348837	40:4e:36:94:92:6c	HTC Corporation		-83
2019-03-14T12:59:46.371878	40:4e:36:94:92:6c	HTC Corporation		-85
2019-03-14T12:59:46.396707	2e:b2:fa:a5:4a:f5	UNKNOWN	hinet	-77
2019-03-14T12:59:46.412632	2e:b2:fa:a5:4a:f5	UNKNOWN		-77
2019-03-14T12:59:46.428596	2e:b2:fa:a5:4a:f5	UNKNOWN	hinet	-75
2019-03-14T12:59:46.445281	2e:b2:fa:a5:4a:f5	UNKNOWN		-73
2019-03-14T12:59:46.655908	e8:2a:44:d2:cc:bf	UNKNOWN		-85
2019-03-14T12:59:46.714191	e8:2a:44:d2:cc:bf	UNKNOWN		-85
2019-03-14T12:59:47.221506	da:a1:19:56:f4:12	UNKNOWN		-61
2019-03-14T12:59:47.239656	da:a1:19:56:f4:12	UNKNOWN		-61
2019-03-14T12:59:47.260180	da:a1:19:56:f4:12	UNKNOWN		-47
2019-03-14T12:59:52.215076	da:a1:19:cc:28:cb	UNKNOWN		-59
2019-03-14T12:59:52.235671	da:a1:19:cc:28:cb	UNKNOWN		-59
2019-03-14T12:59:52.260701	da:a1:19:cc:28:cb	UNKNOWN		-41
2019-03-14T12:59:52.479373	da:a1:19:f4:c9:97	UNKNOWN		-83
2019-03-14T12:59:54.747155	2c:4d:54:2d:92:34	ASUSTek COMPUTER INC.		-85
2019-03-14T12:59:54.783607	2c:4d:54:2d:92:34	ASUSTek COMPUTER INC.		-81
2019-03-14T12:59:55.972492	da:a1:19:76:89:7e	UNKNOWN		-87
2019-03-14T12:59:55.986596	da:a1:19:76:89:7e	UNKNOWN		-85
2019-03-14T12:59:56.581518	c8:1e:e7:e3:d9:92	Apple, Inc.	NCKU-WLAN-802.1x	-89
2019-03-14T12:59:57.199988	ee:d9:32:9b:01:5d	UNKNOWN		-89
2019-03-14T12:59:57.383394	40:4e:36:08:20:d1	HTC Corporation		-51
2019-03-14T12:59:57.409949	40:4e:36:08:20:d1	HTC Corporation		-87
2019-03-14T12:59:57.446713	40:4e:36:08:20:d1	HTC Corporation		-51
2019-03-14T12:59:57.492899	da:a1:19:5b:74:43	UNKNOWN		-59
2019-03-14T12:59:57.787651	da:a1:19:9e:03:3b	UNKNOWN		-87
2019-03-14T12:59:58.529769	80:a5:89:62:e3:0b	AzureWave Technology Inc.	epslab_new2	-87
2019-03-14T12:59:58.591361	80:a5:89:62:e3:0b	AzureWave Technology Inc.	epslab_new2	-87
2019-03-14T13:00:01.311107	00:1f:1f:85:95:e1	Edimax Technology Co. Ltd.		-45
2019-03-14T13:00:01.408422	00:1f:1f:85:95:e1	Edimax Technology Co. Ltd.		-43
2019-03-14T13:00:02.438179	da:a1:19:30:9c:ee	UNKNOWN		-57
2019-03-14T13:00:02.473488	da:a1:19:30:9c:ee	UNKNOWN		-59
2019-03-14T13:00:02.508135	da:a1:19:30:9c:ee	UNKNOWN		-61
2019-03-14T13:00:02.566437	da:a1:19:30:9c:ee	UNKNOWN		-61
2019-03-14T13:00:02.608566	da:a1:19:30:9c:ee	UNKNOWN		-61
2019-03-14T13:00:02.913857	00:1f:1f:85:95:e1	Edimax Technology Co. Ltd.		-39
2019-03-14T13:00:03.911601	da:a1:19:6f:d9:ca	UNKNOWN	miao	-83
2019-03-14T13:00:04.828986	2c:4d:54:2d:92:34	ASUSTek COMPUTER INC.		-77
2019-03-14T13:00:04.843066	2c:4d:54:2d:92:34	ASUSTek COMPUTER INC.		-79
2019-03-14T13:00:07.263979	da:a1:19:11:ab:fe	UNKNOWN		-63
2019-03-14T13:00:07.280961	da:a1:19:11:ab:fe	UNKNOWN		-63
2019-03-14T13:00:10.591582	da:a1:19:da:04:f7	UNKNOWN		-81
2019-03-14T13:00:12.576920	da:a1:19:c2:fc:a7	UNKNOWN		-63
2019-03-14T13:00:12.655968	da:a1:19:c2:fc:a7	UNKNOWN		-63
2019-03-14T13:00:12.702440	da:a1:19:c2:fc:a7	UNKNOWN		-63
2019-03-14T13:00:12.776099	da:a1:19:c2:fc:a7	UNKNOWN		-63
2019-03-14T13:00:13.819447	2c:4d:54:2d:92:34	ASUSTek COMPUTER INC.		-85
2019-03-14T13:00:15.808292	f8:28:19:5a:9d:e3	UNKNOWN		-75
2019-03-14T13:00:15.880152	f8:28:19:5a:9d:e3	UNKNOWN		-77
2019-03-14T13:00:16.655468	4c:bb:58:fa:24:31	Chicony Electronics Co., Ltd.		-85
2019-03-14T13:00:16.673179	4c:bb:58:fa:24:31	Chicony Electronics Co., Ltd.	NCKUEE-STAFF	-85
2019-03-14T13:00:16.687297	4c:bb:58:fa:24:31	Chicony Electronics Co., Ltd.	NCKUEE-STAFF	-83
2019-03-14T13:00:17.293226	da:a1:19:92:f6:cb	UNKNOWN		-43
2019-03-14T13:00:17.310423	da:a1:19:92:f6:cb	UNKNOWN		-55
2019-03-14T13:00:17.327918	da:a1:19:92:f6:cb	UNKNOWN		-41
2019-03-14T13:00:17.350258	da:a1:19:92:f6:cb	UNKNOWN		-57
2019-03-14T13:00:18.613736	9c:2a:83:7b:98:5f	Samsung Electronics Co.,Ltd		-63
2019-03-14T13:00:18.711477	2c:4d:54:2d:92:34	ASUSTek COMPUTER INC.		-75
2019-03-14T13:00:19.125288	f8:28:19:5a:9d:e3	UNKNOWN		-87
2019-03-14T13:00:20.992732	40:4e:36:19:21:8b	HTC Corporation		-87
2019-03-14T13:00:22.290432	da:a1:19:d6:27:f9	UNKNOWN		-41
2019-03-14T13:00:22.309671	da:a1:19:d6:27:f9	UNKNOWN		-51
2019-03-14T13:00:22.327099	da:a1:19:d6:27:f9	UNKNOWN		-51
2019-03-14T13:00:23.537024	2c:4d:54:2d:92:34	ASUSTek COMPUTER INC.		-83
2019-03-14T13:00:23.555327	2c:4d:54:2d:92:34	ASUSTek COMPUTER INC.		-83
2019-03-14T13:00:26.349453	00:1f:1f:85:95:e1	Edimax Technology Co. Ltd.		-41
2019-03-14T13:00:26.633296	00:1f:1f:85:95:e1	Edimax Technology Co. Ltd.		-47
2019-03-14T13:00:27.675549	da:a1:19:e7:59:1d	UNKNOWN		-73
2019-03-14T13:00:27.738986	da:a1:19:e7:59:1d	UNKNOWN		-71
2019-03-14T13:00:27.794612	da:a1:19:e7:59:1d	UNKNOWN		-71
2019-03-14T13:00:29.388728	cc:2f:71:a3:c8:cf	UNKNOWN		-87
2019-03-14T13:00:29.425148	56:cf:79:8a:93:f4	UNKNOWN		-85
2019-03-14T13:00:29.600232	40:4e:36:94:19:ba	HTC Corporation		-83
2019-03-14T13:00:30.233998	82:ed:26:46:a6:e8	UNKNOWN		-83
2019-03-14T13:00:33.162044	74:da:38:6a:ca:02	Edimax Technology Co. Ltd.		-87
2019-03-14T13:00:34.806080	04:d3:b0:85:4e:9a	UNKNOWN		-81
2019-03-14T13:00:37.462905	da:a1:19:88:25:13	UNKNOWN		-63
2019-03-14T13:00:37.483874	da:a1:19:88:25:13	UNKNOWN		-63
2019-03-14T13:00:37.499165	da:a1:19:88:25:13	UNKNOWN		-63
2019-03-14T13:00:37.574334	da:a1:19:88:25:13	UNKNOWN		-63
2019-03-14T13:00:37.697484	da:a1:19:88:25:13	UNKNOWN		-81
2019-03-14T13:00:37.966534	2c:4d:54:2d:92:34	ASUSTek COMPUTER INC.		-85
2019-03-14T13:00:37.980579	2c:4d:54:2d:92:34	ASUSTek COMPUTER INC.		-85
2019-03-14T13:00:39.226273	24:0a:64:24:64:af	AzureWave Technology Inc.	NCKU-WLAN	-87
2019-03-14T13:00:39.244502	24:0a:64:24:64:af	AzureWave Technology Inc.	NCKU-WLAN	-91
2019-03-14T13:00:41.539430	24:0a:64:be:ac:a1	AzureWave Technology Inc.		-71
2019-03-14T13:00:41.601686	24:0a:64:be:ac:a1	AzureWave Technology Inc.		-77
2019-03-14T13:00:42.358839	da:a1:19:be:bc:e5	UNKNOWN		-41
2019-03-14T13:00:42.377387	da:a1:19:be:bc:e5	UNKNOWN		-43
2019-03-14T13:00:42.399451	da:a1:19:be:bc:e5	UNKNOWN		-57
2019-03-14T13:00:43.064434	ec:51:bc:96:4b:e1	UNKNOWN		-83
2019-03-14T13:00:46.895280	e8:2a:44:d2:cc:bf	UNKNOWN		-83
2019-03-14T13:00:49.029251	9c:2a:83:7b:98:5f	Samsung Electronics Co.,Ltd		-51
2019-03-14T13:00:49.115280	da:a1:19:ae:90:ee	UNKNOWN		-43
2019-03-14T13:00:49.136417	da:a1:19:ae:90:ee	UNKNOWN		-57
2019-03-14T13:00:50.514362	8c:f5:a3:5d:4d:07	SAMSUNG ELECTRO-MECHANICS(THAILAND)	NCKUEE-802.1x	-83
2019-03-14T13:00:51.272822	9c:2a:83:7b:98:5f	Samsung Electronics Co.,Ltd		-51
2019-03-14T13:00:51.326145	9c:2a:83:7b:98:5f	Samsung Electronics Co.,Ltd		-53
2019-03-14T13:00:51.376940	9c:2a:83:7b:98:5f	Samsung Electronics Co.,Ltd		-63
2019-03-14T13:00:52.135114	1c:70:22:0a:82:46	UNKNOWN		-71
2019-03-14T13:01:04.780094	40:4e:36:0a:93:c8	HTC Corporation		-81
2019-03-14T13:01:06.390254	c8:1e:e7:e3:d9:92	Apple, Inc.	NCKU-WLAN-802.1x	-81
2019-03-14T13:01:10.012651	00:1f:1f:85:95:e1	Edimax Technology Co. Ltd.		-49
2019-03-14T13:01:10.148025	da:a1:19:61:d2:4a	UNKNOWN	18651867	-77
2019-03-14T13:01:10.204705	da:a1:19:61:d2:4a	UNKNOWN		-79
2019-03-14T13:01:10.328094	00:1f:1f:85:95:e1	Edimax Technology Co. Ltd.		-57
2019-03-14T13:01:10.921457	2c:4d:54:2d:92:34	ASUSTek COMPUTER INC.		-85
2019-03-14T13:01:10.941968	2c:4d:54:2d:92:34	ASUSTek COMPUTER INC.		-83
2019-03-14T13:01:15.705265	2c:4d:54:2d:92:34	ASUSTek COMPUTER INC.		-81
2019-03-14T13:01:16.607775	5e:34:52:a9:66:e5	UNKNOWN		-79
2019-03-14T13:01:19.203533	f8:28:19:5a:9d:e3	UNKNOWN		-75
2019-03-14T13:01:19.281562	f8:28:19:5a:9d:e3	UNKNOWN		-77
2019-03-14T13:01:19.902821	ac:1f:74:64:c0:d3	UNKNOWN	NCKU-WLAN-802.1x	-79
2019-03-14T13:01:25.128441	2c:4d:54:2d:92:34	ASUSTek COMPUTER INC.		-85
2019-03-14T13:01:26.520947	f4:5c:89:cb:35:87	Apple, Inc.		-85
2019-03-14T13:01:26.632120	f4:5c:89:cb:35:87	Apple, Inc.		-87
2019-03-14T13:01:32.929296	a2:9e:30:73:1e:74	UNKNOWN		-83
2019-03-14T13:01:33.496314	40:4e:36:0a:93:c8	HTC Corporation	NSDA	-77
2019-03-14T13:01:33.536286	40:4e:36:0a:93:c8	HTC Corporation	NSDA	-77
2019-03-14T13:01:34.873350	2c:4d:54:2d:92:34	ASUSTek COMPUTER INC.		-83
2019-03-14T13:01:34.887235	2c:4d:54:2d:92:34	ASUSTek COMPUTER INC.		-81
2019-03-14T13:01:34.905271	2c:4d:54:2d:92:34	ASUSTek COMPUTER INC.		-79
2019-03-14T13:01:35.024051	2c:4d:54:2d:92:34	ASUSTek COMPUTER INC.		-81
2019-03-14T13:01:35.932903	74:da:38:6a:ca:02	Edimax Technology Co. Ltd.	2F LAB Teacher	-89
2019-03-14T13:01:37.915060	4a:b7:69:c6:02:25	UNKNOWN		-85
2019-03-14T13:01:39.234444	da:a1:19:81:a3:50	UNKNOWN	miao	-83
2019-03-14T13:01:39.246743	da:a1:19:81:a3:50	UNKNOWN	lol_wow	-81
2019-03-14T13:01:39.259139	da:a1:19:81:a3:50	UNKNOWN	Angel_AP	-83
2019-03-14T13:01:39.290597	da:a1:19:81:a3:50	UNKNOWN		-81
2019-03-14T13:01:39.787576	2c:4d:54:2d:92:34	ASUSTek COMPUTER INC.		-83
2019-03-14T13:01:41.819060	24:0a:64:be:ac:a1	AzureWave Technology Inc.		-69
2019-03-14T13:01:42.105941	da:a1:19:6f:1e:e7	UNKNOWN		-79
2019-03-14T13:01:45.294983	da:a1:19:59:58:87	UNKNOWN		-85
2019-03-14T13:01:45.663105	24:0a:64:d1:cb:33	AzureWave Technology Inc.		-71
2019-03-14T13:01:47.224936	f4:5c:89:cb:35:87	Apple, Inc.	Eric	-85
2019-03-14T13:01:47.239618	f4:5c:89:cb:35:87	Apple, Inc.		-85
2019-03-14T13:01:49.348944	2c:4d:54:2d:92:34	ASUSTek COMPUTER INC.		-83
2019-03-14T13:01:49.391859	2c:4d:54:2d:92:34	ASUSTek COMPUTER INC.		-85
2019-03-14T13:01:50.547546	ac:1f:74:64:c0:d3	UNKNOWN	NCKU-WLAN-802.1x	-79
2019-03-14T13:01:52.874103	60:45:cb:32:21:7d	ASUSTek COMPUTER INC.		-79
2019-03-14T13:01:52.887980	60:45:cb:32:21:7d	ASUSTek COMPUTER INC.		-81
2019-03-14T13:01:58.317633	ac:1f:74:64:c0:d3	UNKNOWN	NCKU-WLAN-802.1x	-81
2019-03-14T13:01:58.903405	86:68:ca:dd:6d:6b	UNKNOWN		-87
2019-03-14T13:01:59.004835	2c:4d:54:2d:92:34	ASUSTek COMPUTER INC.		-85
2019-03-14T13:01:59.018722	2c:4d:54:2d:92:34	ASUSTek COMPUTER INC.		-83
2019-03-14T13:02:04.564364	f4:5c:89:c7:37:91	Apple, Inc.		-89
2019-03-14T13:02:04.895293	40:4e:36:0a:93:c8	HTC Corporation		-85
2019-03-14T13:02:07.847676	ac:1f:74:64:c0:d3	UNKNOWN	NCKU-WLAN-802.1x	-83
2019-03-14T13:02:08.801474	2c:4d:54:2d:92:34	ASUSTek COMPUTER INC.		-83
2019-03-14T13:02:08.827981	2c:4d:54:2d:92:34	ASUSTek COMPUTER INC.		-85
2019-03-14T13:02:12.387373	00:1f:1f:85:95:e1	Edimax Technology Co. Ltd.		-49
2019-03-14T13:02:16.880318	4c:bb:58:fa:24:31	Chicony Electronics Co., Ltd.		-85
2019-03-14T13:02:16.895999	4c:bb:58:fa:24:31	Chicony Electronics Co., Ltd.	NCKUEE-STAFF	-85
2019-03-14T13:02:16.912149	4c:bb:58:fa:24:31	Chicony Electronics Co., Ltd.	NCKUEE-STAFF	-83
2019-03-14T13:02:16.925872	4c:bb:58:fa:24:31	Chicony Electronics Co., Ltd.		-83
2019-03-14T13:02:18.337023	96:80:b9:62:55:34	UNKNOWN		-83
2019-03-14T13:02:19.909830	24:0a:64:25:7d:85	AzureWave Technology Inc.		-79
2019-03-14T13:02:22.815294	2c:4d:54:2d:92:34	ASUSTek COMPUTER INC.		-85
2019-03-14T13:02:23.190891	f8:28:19:5a:9d:e3	UNKNOWN		-79
2019-03-14T13:02:23.769125	2c:4d:54:41:ab:be	ASUSTek COMPUTER INC.		-89
2019-03-14T13:02:26.355632	f8:28:19:5a:9d:e3	UNKNOWN		-79
2019-03-14T13:02:26.848650	8c:f5:a3:5d:4d:07	SAMSUNG ELECTRO-MECHANICS(THAILAND)	NCKUEE-802.1x	-81
2019-03-14T13:02:27.284353	5a:d4:ea:51:94:94	UNKNOWN		-87
2019-03-14T13:02:29.678928	da:a1:19:ad:b2:e8	UNKNOWN	18651867	-81
2019-03-14T13:02:29.698127	da:a1:19:ad:b2:e8	UNKNOWN	18651867	-77
2019-03-14T13:02:29.715289	da:a1:19:ad:b2:e8	UNKNOWN		-77
2019-03-14T13:02:29.734476	da:a1:19:ad:b2:e8	UNKNOWN	18651867	-77
2019-03-14T13:02:29.749514	da:a1:19:ad:b2:e8	UNKNOWN		-79
2019-03-14T13:02:29.768228	da:a1:19:ad:b2:e8	UNKNOWN	18651867	-75
2019-03-14T13:02:34.575154	04:d3:b0:85:4e:9a	UNKNOWN		-81
2019-03-14T13:02:37.120015	58:48:22:7c:18:33	Sony Mobile Communications AB		-87
2019-03-14T13:02:37.237634	40:4e:36:0a:93:c8	HTC Corporation	NSDA	-85
2019-03-14T13:02:37.526421	2c:4d:54:2d:92:34	ASUSTek COMPUTER INC.		-83
2019-03-14T13:02:38.643121	74:da:38:6a:ca:02	Edimax Technology Co. Ltd.	2F LAB Teacher	-89
2019-03-14T13:02:39.680217	da:a1:19:d1:99:a6	UNKNOWN		-79
2019-03-14T13:02:41.560287	24:0a:64:be:ac:a1	AzureWave Technology Inc.		-77
2019-03-14T13:02:43.751896	da:a1:19:73:3c:64	UNKNOWN		-81
2019-03-14T13:02:43.782210	da:a1:19:73:3c:64	UNKNOWN		-85
2019-03-14T13:02:45.860186	24:0a:64:d1:cb:33	AzureWave Technology Inc.		-71
2019-03-14T13:02:45.904605	24:0a:64:d1:cb:33	AzureWave Technology Inc.		-79
2019-03-14T13:02:46.435643	c8:1e:e7:e3:d9:92	Apple, Inc.	NCKU-WLAN-802.1x	-87
2019-03-14T13:02:46.458450	40:4e:36:94:92:6c	HTC Corporation		-85
2019-03-14T13:02:52.875359	1c:70:22:0a:82:46	UNKNOWN		-73
2019-03-14T13:02:52.937914	1c:70:22:0a:82:46	UNKNOWN		-75
2019-03-14T13:02:53.938825	26:46:2b:da:80:1b	UNKNOWN		-79
2019-03-14T13:02:59.206625	9e:05:39:e0:20:c8	UNKNOWN		-85
2019-03-14T13:03:00.071629	70:4d:7b:c4:b7:f4	ASUSTek COMPUTER INC.		-73
2019-03-14T13:03:00.111824	70:4d:7b:c4:b7:f4	ASUSTek COMPUTER INC.		-79
2019-03-14T13:03:01.726317	2c:4d:54:2d:92:34	ASUSTek COMPUTER INC.		-81
2019-03-14T13:03:01.742882	2c:4d:54:2d:92:34	ASUSTek COMPUTER INC.		-83
2019-03-14T13:03:01.765999	2c:4d:54:2d:92:34	ASUSTek COMPUTER INC.		-83
2019-03-14T13:03:05.154908	24:0a:64:24:64:af	AzureWave Technology Inc.	NCKU-WLAN	-87
2019-03-14T13:03:11.012285	2c:4d:54:2d:92:34	ASUSTek COMPUTER INC.		-85
2019-03-14T13:03:12.700273	9a:a0:3b:b6:f5:94	UNKNOWN		-85
2019-03-14T13:03:16.378216	c8:1e:e7:e3:d9:92	Apple, Inc.	NCKU-WLAN-802.1x	-83
2019-03-14T13:03:16.421324	46:b6:d1:06:af:77	UNKNOWN		-83
2019-03-14T13:03:16.472053	46:b6:d1:06:af:77	UNKNOWN		-85
2019-03-14T13:03:16.530758	4c:bb:58:fa:24:31	Chicony Electronics Co., Ltd.		-83
2019-03-14T13:03:16.544647	4c:bb:58:fa:24:31	Chicony Electronics Co., Ltd.	NCKUEE-STAFF	-83
2019-03-14T13:03:16.558426	4c:bb:58:fa:24:31	Chicony Electronics Co., Ltd.	NCKUEE-STAFF	-85
2019-03-14T13:03:26.152609	1a:af:b9:14:c5:1e	UNKNOWN		-85
2019-03-14T13:03:26.488511	f8:28:19:5a:9d:e3	UNKNOWN		-77
2019-03-14T13:03:29.731463	f8:28:19:5a:9d:e3	UNKNOWN		-79
2019-03-14T13:03:30.405342	2c:4d:54:2d:92:34	ASUSTek COMPUTER INC.		-87
2019-03-14T13:03:30.492735	2c:4d:54:2d:92:34	ASUSTek COMPUTER INC.		-85
2019-03-14T13:03:32.364016	dc:85:de:52:d2:7d	AzureWave Technology Inc.	NCKU-WLAN	-83
2019-03-14T13:03:32.379622	dc:85:de:52:d2:7d	AzureWave Technology Inc.	NCKU-WLAN	-89
2019-03-14T13:03:34.796590	b0:e2:35:c7:a4:af	Xiaomi Communications Co Ltd	miao	-85
2019-03-14T13:03:34.816300	b0:e2:35:c7:a4:af	Xiaomi Communications Co Ltd	  lol_ap	-83
2019-03-14T13:03:34.832794	b0:e2:35:c7:a4:af	Xiaomi Communications Co Ltd	Angel_AP	-71
2019-03-14T13:03:34.873849	b0:e2:35:c7:a4:af	Xiaomi Communications Co Ltd	miao	-81
2019-03-14T13:03:34.890670	b0:e2:35:c7:a4:af	Xiaomi Communications Co Ltd	Angel_AP	-85
2019-03-14T13:03:34.907256	b0:e2:35:c7:a4:af	Xiaomi Communications Co Ltd	lol_ap	-83
2019-03-14T13:03:34.924225	b0:e2:35:c7:a4:af	Xiaomi Communications Co Ltd	lol_wow	-83
2019-03-14T13:03:35.077689	00:1f:1f:85:95:e1	Edimax Technology Co. Ltd.		-59
2019-03-14T13:03:35.366082	04:d3:b0:85:4e:9a	UNKNOWN		-83
2019-03-14T13:03:35.515076	04:d3:b0:85:4e:9a	UNKNOWN		-81
2019-03-14T13:03:35.697488	14:4f:8a:12:7a:f5	UNKNOWN		-83
2019-03-14T13:03:37.480597	14:4f:8a:12:7a:f5	UNKNOWN		-87
2019-03-14T13:03:37.754113	14:4f:8a:12:7a:f5	UNKNOWN		-85
2019-03-14T13:03:41.426169	74:da:38:6a:ca:02	Edimax Technology Co. Ltd.	2F LAB Teacher	-89
2019-03-14T13:03:41.626427	24:0a:64:be:ac:a1	AzureWave Technology Inc.		-71
2019-03-14T13:03:43.098540	da:a1:19:ac:f5:7c	UNKNOWN		-83
2019-03-14T13:03:44.674967	da:a1:19:7e:23:d1	UNKNOWN		-83
2019-03-14T13:03:45.089469	da:a1:19:7f:31:b5	UNKNOWN		-77
2019-03-14T13:03:45.104707	da:a1:19:7f:31:b5	UNKNOWN		-79
2019-03-14T13:03:45.563717	24:0a:64:d1:cb:33	AzureWave Technology Inc.		-71
2019-03-14T13:03:49.512565	40:4e:36:94:19:ba	HTC Corporation		-89
2019-03-14T13:03:50.968653	da:a1:19:b6:7b:2f	UNKNOWN		-73
2019-03-14T13:03:50.999190	da:a1:19:b6:7b:2f	UNKNOWN		-75
2019-03-14T13:03:53.334360	1c:70:22:0a:82:46	UNKNOWN		-85
2019-03-14T13:03:53.401524	1c:70:22:0a:82:46	UNKNOWN		-73
2019-03-14T13:03:54.796634	38:d5:47:d4:5c:c6	ASUSTek COMPUTER INC.		-89
2019-03-14T13:03:59.658066	da:a1:19:7a:e9:79	UNKNOWN	18651867	-81
2019-03-14T13:03:59.693098	da:a1:19:7a:e9:79	UNKNOWN	18651867	-79
2019-03-14T13:03:59.708432	da:a1:19:7a:e9:79	UNKNOWN		-81
2019-03-14T13:03:59.731533	da:a1:19:7a:e9:79	UNKNOWN		-81
2019-03-14T13:04:00.199605	e2:c4:2b:2a:f3:af	UNKNOWN		-83
2019-03-14T13:04:00.279297	e2:c4:2b:2a:f3:af	UNKNOWN		-85
2019-03-14T13:04:08.109141	1a:63:0e:a5:49:4b	UNKNOWN		-87
2019-03-14T13:04:08.143524	1a:63:0e:a5:49:4b	UNKNOWN		-85
2019-03-14T13:04:08.964865	2c:4d:54:41:8f:7c	ASUSTek COMPUTER INC.		-89
2019-03-14T13:04:09.065546	2c:4d:54:41:8f:7c	ASUSTek COMPUTER INC.		-85
2019-03-14T13:04:10.299451	fc:2a:9c:91:ae:ae	UNKNOWN	92717	-87
2019-03-14T13:04:13.213530	da:a1:19:36:bf:20	UNKNOWN		-73
2019-03-14T13:04:16.482646	40:4e:36:19:21:8b	HTC Corporation		-91
2019-03-14T13:04:20.441644	24:0a:64:25:7d:85	AzureWave Technology Inc.		-75
2019-03-14T13:04:29.977531	62:38:63:30:e1:d7	UNKNOWN		-85
2019-03-14T13:04:32.616699	f8:28:19:5a:9d:e3	UNKNOWN		-75
2019-03-14T13:04:35.337672	dc:85:de:52:d2:7d	AzureWave Technology Inc.	NCKU-WLAN	-85
2019-03-14T13:04:38.902317	9c:2a:83:7b:98:5f	Samsung Electronics Co.,Ltd		-65
2019-03-14T13:04:39.141838	9c:2a:83:7b:98:5f	Samsung Electronics Co.,Ltd		-75
2019-03-14T13:04:41.480415	24:0a:64:be:ac:a1	AzureWave Technology Inc.		-73
2019-03-14T13:04:41.537095	24:0a:64:be:ac:a1	AzureWave Technology Inc.		-79
2019-03-14T13:04:43.795065	f4:5c:89:c7:37:91	Apple, Inc.		-85
2019-03-14T13:04:45.684131	24:0a:64:d1:cb:33	AzureWave Technology Inc.		-67
2019-03-14T13:04:50.272807	e8:2a:44:d2:cc:bf	UNKNOWN		-85
2019-03-14T13:04:53.566959	1c:70:22:0a:82:46	UNKNOWN		-65
2019-03-14T13:04:56.768964	b8:27:eb:1a:ea:01	Raspberry Pi Foundation		-85
2019-03-14T13:05:02.633589	8c:f5:a3:5d:4d:07	SAMSUNG ELECTRO-MECHANICS(THAILAND)	NCKUEE-802.1x	-81
2019-03-14T13:05:04.787048	b2:40:7d:8e:e1:93	UNKNOWN		-87
2019-03-14T13:05:08.617160	da:a1:19:57:1e:76	UNKNOWN		-85
2019-03-14T13:05:13.986648	fa:ac:11:77:07:54	UNKNOWN		-85
2019-03-14T13:05:18.318993	00:1f:1f:85:95:e1	Edimax Technology Co. Ltd.		-41
2019-03-14T13:05:25.633487	a2:73:58:dc:f5:0d	UNKNOWN		-81
2019-03-14T13:05:29.110063	cc:2f:71:a3:c8:cf	UNKNOWN		-87
2019-03-14T13:05:29.588177	c8:1e:e7:e3:d9:92	Apple, Inc.	NCKU-WLAN-802.1x	-85
2019-03-14T13:05:31.716226	8c:f5:a3:5d:4d:07	SAMSUNG ELECTRO-MECHANICS(THAILAND)		-71
2019-03-14T13:05:36.017835	f8:28:19:5a:9d:e3	UNKNOWN		-75
2019-03-14T13:05:36.119609	f8:28:19:5a:9d:e3	UNKNOWN		-75
2019-03-14T13:05:37.628071	14:4f:8a:12:7a:f5	UNKNOWN		-87
2019-03-14T13:05:37.699379	14:4f:8a:12:7a:f5	UNKNOWN		-83
2019-03-14T13:05:40.547480	8a:10:f9:37:c2:4d	UNKNOWN		-89
2019-03-14T13:05:44.214619	ee:f1:79:32:84:dc	UNKNOWN		-83
2019-03-14T13:05:46.578123	24:0a:64:d1:cb:33	AzureWave Technology Inc.		-73
2019-03-14T13:05:46.873067	40:4e:36:94:92:6c	HTC Corporation		-87
2019-03-14T13:05:47.083541	70:4d:7b:c4:b7:f4	ASUSTek COMPUTER INC.	NCKU-WLAN-802.1x	-77
2019-03-14T13:05:47.882989	74:da:38:6a:ca:02	Edimax Technology Co. Ltd.	2F LAB Teacher	-87
2019-03-14T13:05:56.776410	b8:27:eb:1a:ea:01	Raspberry Pi Foundation		-83
2019-03-14T13:06:03.305393	2c:4d:54:2d:92:34	ASUSTek COMPUTER INC.		-83
2019-03-14T13:06:03.342298	2c:4d:54:2d:92:34	ASUSTek COMPUTER INC.		-87
2019-03-14T13:06:03.434356	da:a1:19:a0:3e:79	UNKNOWN		-75
2019-03-14T13:06:03.455651	da:a1:19:a0:3e:79	UNKNOWN	  lol_ap	-73
2019-03-14T13:06:03.471306	da:a1:19:a0:3e:79	UNKNOWN	lol_ap	-71
2019-03-14T13:06:03.487040	da:a1:19:a0:3e:79	UNKNOWN	lol_wow	-75
2019-03-14T13:06:03.502871	da:a1:19:a0:3e:79	UNKNOWN		-75
2019-03-14T13:06:03.522458	da:a1:19:a0:3e:79	UNKNOWN	miao	-73
2019-03-14T13:06:03.542047	da:a1:19:a0:3e:79	UNKNOWN	Angel_AP	-75
2019-03-14T13:06:08.175730	60:45:cb:32:21:7d	ASUSTek COMPUTER INC.		-83
2019-03-14T13:06:09.004183	6a:5b:eb:7a:f6:1f	UNKNOWN		-85
2019-03-14T13:06:20.341998	c4:85:08:2b:4b:ca	Intel Corporate	CILS92810	-89
2019-03-14T13:06:24.423964	4c:bb:58:fa:24:31	Chicony Electronics Co., Ltd.	NCKUEE-STAFF	-81
2019-03-14T13:06:24.437769	4c:bb:58:fa:24:31	Chicony Electronics Co., Ltd.	NCKUEE-STAFF	-85
2019-03-14T13:06:29.122016	ee:f1:79:32:84:dc	UNKNOWN		-85
2019-03-14T13:06:31.771158	5a:0d:1a:67:d9:12	UNKNOWN		-87
2019-03-14T13:06:32.898898	da:a1:19:05:25:63	UNKNOWN		-73
2019-03-14T13:06:34.898500	04:d3:b0:85:4e:9a	UNKNOWN		-81
2019-03-14T13:06:35.122125	14:4f:8a:12:7a:f5	UNKNOWN		-87
2019-03-14T13:06:35.172164	14:4f:8a:12:7a:f5	UNKNOWN		-85
2019-03-14T13:06:38.994562	f8:28:19:5a:9d:e3	UNKNOWN		-75
2019-03-14T13:06:39.061453	f8:28:19:5a:9d:e3	UNKNOWN		-77
2019-03-14T13:06:41.565281	24:0a:64:be:ac:a1	AzureWave Technology Inc.		-77
2019-03-14T13:06:46.756578	e8:2a:44:d2:cc:bf	UNKNOWN		-83
2019-03-14T13:06:46.796368	24:0a:64:24:64:af	AzureWave Technology Inc.	NCKU-WLAN	-87
2019-03-14T13:06:46.932567	d4:6d:6d:f4:b5:e6	UNKNOWN		-85
2019-03-14T13:06:47.472070	24:0a:64:d1:cb:33	AzureWave Technology Inc.		-79
2019-03-14T13:06:47.618966	40:4e:36:19:21:8b	HTC Corporation		-85
2019-03-14T13:06:47.767447	40:4e:36:19:21:8b	HTC Corporation		-85
2019-03-14T13:06:48.133864	da:a1:19:ab:05:db	UNKNOWN		-79
2019-03-14T13:06:50.073963	74:da:38:6a:ca:02	Edimax Technology Co. Ltd.	2F LAB Teacher	-87
2019-03-14T13:06:50.086111	74:da:38:6a:ca:02	Edimax Technology Co. Ltd.		-87
2019-03-14T13:06:51.892078	f2:31:b0:b6:71:4c	UNKNOWN		-79
2019-03-14T13:06:52.107745	7a:2c:dc:99:19:7f	UNKNOWN		-77
2019-03-14T13:06:56.346078	1c:70:22:0a:82:46	UNKNOWN		-73
2019-03-14T13:06:56.369210	1c:70:22:0a:82:46	UNKNOWN		-73
2019-03-14T13:07:02.111419	ac:e4:b5:cf:77:86	UNKNOWN	NCKU-WLAN-802.1x	-89
2019-03-14T13:07:04.486647	2c:4d:54:2d:92:34	ASUSTek COMPUTER INC.		-87
2019-03-14T13:07:06.048144	9c:f4:8e:df:5b:c7	Apple, Inc.		-85
2019-03-14T13:07:06.999021	40:f3:08:73:6f:8a	Murata Manufacturing Co., Ltd.		-85
2019-03-14T13:07:11.174473	fe:8f:d4:cb:46:0d	UNKNOWN		-83
2019-03-14T13:07:11.210808	fe:8f:d4:cb:46:0d	UNKNOWN		-79
2019-03-14T13:07:14.028833	9c:2a:83:7b:98:5f	Samsung Electronics Co.,Ltd		-61
2019-03-14T13:07:14.540269	da:a1:19:ce:23:ce	UNKNOWN		-73
2019-03-14T13:07:14.560823	da:a1:19:ce:23:ce	UNKNOWN		-73
2019-03-14T13:07:18.608081	00:1f:1f:85:95:e1	Edimax Technology Co. Ltd.		-49
2019-03-14T13:07:18.951603	00:1f:1f:85:95:e1	Edimax Technology Co. Ltd.		-53
2019-03-14T13:07:22.307116	e2:32:16:31:80:d9	UNKNOWN		-75
2019-03-14T13:07:23.890416	f2:4c:82:97:e5:fb	UNKNOWN		-85
2019-03-14T13:07:24.900067	88:d7:f6:92:33:6a	UNKNOWN		-81
2019-03-14T13:07:26.330355	10:7b:44:a9:88:a6	UNKNOWN		-87
2019-03-14T13:07:27.081810	2c:4d:54:41:8f:7c	ASUSTek COMPUTER INC.		-89
2019-03-14T13:07:27.103754	2c:4d:54:41:8f:7c	ASUSTek COMPUTER INC.		-87
2019-03-14T13:07:27.329351	f4:5c:89:cb:35:87	Apple, Inc.	sammyhome	-81
2019-03-14T13:07:27.341812	f4:5c:89:cb:35:87	Apple, Inc.	jmnz5g	-83
2019-03-14T13:07:27.354138	f4:5c:89:cb:35:87	Apple, Inc.	jmnz	-83
2019-03-14T13:07:27.366660	f4:5c:89:cb:35:87	Apple, Inc.	Eric	-75
2019-03-14T13:07:27.379168	f4:5c:89:cb:35:87	Apple, Inc.	D.BOW	-75
2019-03-14T13:07:27.391500	f4:5c:89:cb:35:87	Apple, Inc.	jmnz5g	-75
2019-03-14T13:07:27.404060	f4:5c:89:cb:35:87	Apple, Inc.	jmnz	-75
2019-03-14T13:07:27.416608	f4:5c:89:cb:35:87	Apple, Inc.	sammyhome3F	-75
2019-03-14T13:07:29.557412	4c:bb:58:fa:24:31	Chicony Electronics Co., Ltd.		-85
2019-03-14T13:07:29.571687	4c:bb:58:fa:24:31	Chicony Electronics Co., Ltd.	NCKUEE-STAFF	-87
2019-03-14T13:07:29.609274	4c:bb:58:fa:24:31	Chicony Electronics Co., Ltd.	NCKUEE-STAFF	-85
2019-03-14T13:07:32.035846	da:a1:19:b2:06:52	UNKNOWN		-75
2019-03-14T13:07:32.072725	da:a1:19:1a:8d:44	UNKNOWN		-81
2019-03-14T13:07:32.107115	da:a1:19:b2:06:52	UNKNOWN		-75
2019-03-14T13:07:32.135312	da:a1:19:b2:06:52	UNKNOWN		-71
2019-03-14T13:07:34.417231	f4:5c:89:cb:35:87	Apple, Inc.		-83
2019-03-14T13:07:34.480008	f4:5c:89:cb:35:87	Apple, Inc.		-85
2019-03-14T13:07:41.561330	24:0a:64:be:ac:a1	AzureWave Technology Inc.		-77
2019-03-14T13:07:46.831475	e8:2a:44:d2:cc:bf	UNKNOWN		-85
2019-03-14T13:07:46.976048	d4:6d:6d:f4:b5:e6	UNKNOWN		-87
2019-03-14T13:07:47.305342	24:0a:64:d1:cb:33	AzureWave Technology Inc.		-71
2019-03-14T13:07:49.222955	98:e0:d9:10:d5:c0	Apple, Inc.	NCKU-WLAN	-81
2019-03-14T13:07:49.263507	98:e0:d9:10:d5:c0	Apple, Inc.	NCKU-WLAN	-81
2019-03-14T13:07:49.751308	c8:1e:e7:e3:d9:92	Apple, Inc.	NCKU-WLAN-802.1x	-79
2019-03-14T13:07:52.692058	8a:1b:2c:d1:fd:c6	UNKNOWN		-81
2019-03-14T13:07:56.696259	1c:70:22:0a:82:46	UNKNOWN		-73
2019-03-14T13:07:59.302036	ee:f1:79:32:84:dc	UNKNOWN		-81
2019-03-14T13:07:59.343366	ee:f1:79:32:84:dc	UNKNOWN		-83
2019-03-14T13:07:59.406841	26:0a:64:24:64:af	UNKNOWN		-87
2019-03-14T13:08:00.740730	da:a1:19:b6:57:6d	UNKNOWN		-71
2019-03-14T13:08:00.760098	da:a1:19:b6:57:6d	UNKNOWN		-71
2019-03-14T13:08:00.808960	da:a1:19:b6:57:6d	UNKNOWN		-71
2019-03-14T13:08:02.021913	1e:9a:29:c3:39:c8	UNKNOWN		-53
2019-03-14T13:08:02.799261	c8:1e:e7:e3:d9:92	Apple, Inc.	NCKU-WLAN-802.1x	-77
2019-03-14T13:08:04.763489	8a:1b:2c:d1:fd:c6	UNKNOWN		-83
2019-03-14T13:08:05.993901	f4:5c:89:cb:35:87	Apple, Inc.	Eric	-83
2019-03-14T13:08:06.027708	f4:5c:89:cb:35:87	Apple, Inc.		-83
2019-03-14T13:08:06.673216	2c:4d:54:2d:92:34	ASUSTek COMPUTER INC.		-77
2019-03-14T13:08:06.700406	2c:4d:54:2d:92:34	ASUSTek COMPUTER INC.		-79
2019-03-14T13:08:06.741487	2c:4d:54:2d:92:34	ASUSTek COMPUTER INC.		-81
2019-03-14T13:08:06.771153	2c:4d:54:2d:92:34	ASUSTek COMPUTER INC.		-79
2019-03-14T13:08:07.989350	fc:18:3c:ed:bb:57	UNKNOWN	NCKU-WLAN-802.1x	-81
2019-03-14T13:08:08.932296	c8:1e:e7:e3:d9:92	Apple, Inc.	NCKU-WLAN-802.1x	-81
2019-03-14T13:08:09.965841	f2:c0:48:e1:6c:2d	UNKNOWN		-81
2019-03-14T13:08:10.647402	0e:9f:1a:55:f2:df	UNKNOWN		-77
2019-03-14T13:08:13.593159	7c:04:d0:c7:05:f0	Apple, Inc.		-89
2019-03-14T13:08:14.800574	c8:1e:e7:e3:d9:92	Apple, Inc.	NCKU-WLAN-802.1x	-79
2019-03-14T13:08:16.190492	da:a1:19:ff:a1:b8	UNKNOWN		-55
2019-03-14T13:08:16.223363	da:a1:19:ff:a1:b8	UNKNOWN		-57
2019-03-14T13:08:16.259614	da:a1:19:ff:a1:b8	UNKNOWN		-55
2019-03-14T13:08:16.320571	da:a1:19:ff:a1:b8	UNKNOWN		-61
2019-03-14T13:08:16.337099	da:a1:19:ff:a1:b8	UNKNOWN		-61
2019-03-14T13:08:20.109962	c8:1e:e7:e3:d9:92	Apple, Inc.	NCKU-WLAN-802.1x	-77
2019-03-14T13:08:20.127689	c8:1e:e7:e3:d9:92	Apple, Inc.	NCKU-WLAN-802.1x	-81
2019-03-14T13:08:20.454659	8a:1b:2c:d1:fd:c6	UNKNOWN		-83
2019-03-14T13:08:22.115351	98:e0:d9:10:d5:c0	Apple, Inc.	NCKU-WLAN	-89
2019-03-14T13:08:24.192054	c8:1e:e7:e3:d9:92	Apple, Inc.	NCKU-WLAN-802.1x	-77
2019-03-14T13:08:24.572864	c0:b6:58:2f:29:69	UNKNOWN	WCSL	-89
2019-03-14T13:08:28.338389	da:b7:70:5d:a6:ac	UNKNOWN		-87
2019-03-14T13:08:30.001003	4c:bb:58:fa:24:31	Chicony Electronics Co., Ltd.		-85
2019-03-14T13:08:30.016574	4c:bb:58:fa:24:31	Chicony Electronics Co., Ltd.	NCKUEE-STAFF	-85
2019-03-14T13:08:30.223916	4c:bb:58:fa:24:31	Chicony Electronics Co., Ltd.	NCKUEE-STAFF	-85
2019-03-14T13:08:32.837687	80:a5:89:62:e3:0b	AzureWave Technology Inc.	epslab_new2	-87
2019-03-14T13:08:34.235187	c4:85:08:2b:4b:ca	Intel Corporate		-89
2019-03-14T13:08:35.398719	da:a1:19:38:54:a6	UNKNOWN		-69
2019-03-14T13:08:35.821610	14:20:5e:a1:0e:3f	UNKNOWN		-85
2019-03-14T13:08:35.838354	14:20:5e:a1:0e:3f	UNKNOWN		-87
2019-03-14T13:08:40.176985	78:4f:43:a0:d1:22	Apple, Inc.	307	-89
2019-03-14T13:08:40.190746	78:4f:43:a0:d1:22	Apple, Inc.	D.BOW 1F	-87
2019-03-14T13:08:40.203103	78:4f:43:a0:d1:22	Apple, Inc.	CSIE-WLAN	-87
2019-03-14T13:08:40.215589	78:4f:43:a0:d1:22	Apple, Inc.	Chido cafe 2F	-87
2019-03-14T13:08:40.228491	78:4f:43:a0:d1:22	Apple, Inc.	Y5Bus_4G	-89
2019-03-14T13:08:40.644085	da:a1:19:de:1a:97	UNKNOWN		-71
2019-03-14T13:08:40.706876	da:a1:19:de:1a:97	UNKNOWN		-71
2019-03-14T13:08:40.722917	da:a1:19:de:1a:97	UNKNOWN		-71
2019-03-14T13:08:40.741593	da:a1:19:de:1a:97	UNKNOWN		-71
2019-03-14T13:08:40.763454	da:a1:19:de:1a:97	UNKNOWN		-71
2019-03-14T13:08:42.180317	c8:1e:e7:e3:d9:92	Apple, Inc.	NCKU-WLAN-802.1x	-79
2019-03-14T13:08:42.227948	c8:1e:e7:e3:d9:92	Apple, Inc.	NCKU-WLAN-802.1x	-79
2019-03-14T13:08:42.361309	f8:28:19:5a:9d:e3	UNKNOWN		-77
2019-03-14T13:08:42.380410	f8:28:19:5a:9d:e3	UNKNOWN		-75
2019-03-14T13:08:42.444826	f8:28:19:5a:9d:e3	UNKNOWN		-77
2019-03-14T13:08:42.992957	f8:28:19:5a:9d:e3	UNKNOWN		-81
2019-03-14T13:08:43.663236	da:a1:19:92:10:a7	UNKNOWN		-75
2019-03-14T13:08:43.719517	da:a1:19:92:10:a7	UNKNOWN		-79
2019-03-14T13:08:43.762085	da:a1:19:92:10:a7	UNKNOWN		-79
2019-03-14T13:08:44.453922	ee:f1:79:32:84:dc	UNKNOWN		-83
2019-03-14T13:08:45.330460	c4:85:08:2b:4b:ca	Intel Corporate		-89
2019-03-14T13:08:45.710473	f8:28:19:5a:9d:e3	UNKNOWN		-73
2019-03-14T13:08:45.764237	da:a1:19:2c:06:9d	UNKNOWN		-79
2019-03-14T13:08:46.721808	f8:28:19:5a:9d:e3	UNKNOWN		-83
2019-03-14T13:08:46.796631	f8:28:19:5a:9d:e3	UNKNOWN		-83
2019-03-14T13:08:47.348129	e6:1e:f1:d6:ee:1a	UNKNOWN		-79
2019-03-14T13:08:47.840786	24:0a:64:d1:cb:33	AzureWave Technology Inc.		-71
2019-03-14T13:08:50.823354	de:2a:ca:e9:4d:74	UNKNOWN		-73
2019-03-14T13:08:51.700240	70:70:0d:b7:93:4e	Apple, Inc.	epslab_new2	-89
2019-03-14T13:08:51.821691	da:a1:19:8e:02:7d	UNKNOWN		-83
2019-03-14T13:08:51.897300	da:a1:19:8e:02:7d	UNKNOWN		-77
2019-03-14T13:08:51.917628	da:a1:19:8e:02:7d	UNKNOWN		-81
2019-03-14T13:08:54.190298	c8:1e:e7:e3:d9:92	Apple, Inc.	NCKU-WLAN-802.1x	-81
2019-03-14T13:08:56.500359	74:da:38:6a:ca:02	Edimax Technology Co. Ltd.		-87
2019-03-14T13:08:56.617719	da:a1:19:e5:29:5c	UNKNOWN		-81
2019-03-14T13:08:57.172151	1c:70:22:0a:82:46	UNKNOWN		-71
2019-03-14T13:08:57.253819	1c:70:22:0a:82:46	UNKNOWN		-73
2019-03-14T13:09:11.205352	26:4d:c8:20:d8:25	UNKNOWN		-87
2019-03-14T13:09:17.954386	34:97:f6:bb:93:42	ASUSTek COMPUTER INC.		-79
2019-03-14T13:09:18.122896	da:a1:19:d1:05:6c	UNKNOWN		-63
2019-03-14T13:09:18.146251	da:a1:19:d1:05:6c	UNKNOWN		-61
2019-03-14T13:09:18.168446	da:a1:19:d1:05:6c	UNKNOWN		-63
2019-03-14T13:09:27.943908	76:92:78:10:46:f6	UNKNOWN		-79
2019-03-14T13:09:30.791879	be:da:06:7c:58:3b	UNKNOWN		-83
2019-03-14T13:09:32.456443	4c:bb:58:fa:24:31	Chicony Electronics Co., Ltd.		-79
2019-03-14T13:09:32.729704	44:d4:e0:4b:6e:cf	Sony Mobile Communications AB		-83
2019-03-14T13:09:32.782819	44:d4:e0:4b:6e:cf	Sony Mobile Communications AB		-79
2019-03-14T13:09:35.054167	04:d3:b0:85:4e:9a	UNKNOWN		-81
2019-03-14T13:09:36.134174	98:e0:d9:10:d5:c0	Apple, Inc.	NCKU-WLAN	-73
2019-03-14T13:09:36.154636	98:e0:d9:10:d5:c0	Apple, Inc.	NCKU-WLAN	-73
2019-03-14T13:09:38.577082	44:d4:e0:4b:6e:cf	Sony Mobile Communications AB	NCKU-WLAN	-85
2019-03-14T13:09:38.605131	44:d4:e0:4b:6e:cf	Sony Mobile Communications AB	NCKU-WLAN	-83
2019-03-14T13:09:43.739203	88:d7:f6:92:33:6a	UNKNOWN		-83
2019-03-14T13:09:45.423011	98:e0:d9:10:d5:c0	Apple, Inc.	NCKU-WLAN	-73
2019-03-14T13:09:46.062521	f8:28:19:5a:9d:e3	UNKNOWN		-73
2019-03-14T13:09:49.205360	da:a1:19:56:bd:f8	UNKNOWN		-67
2019-03-14T13:09:52.799983	98:e0:d9:10:d5:c0	Apple, Inc.	NCKU-WLAN	-85
2019-03-14T13:09:54.747203	38:d5:47:a0:75:cf	ASUSTek COMPUTER INC.		-85
2019-03-14T13:09:59.615310	74:da:38:6a:ca:02	Edimax Technology Co. Ltd.	2F LAB Teacher	-87
2019-03-14T13:10:00.066846	c2:dc:3e:22:6e:65	UNKNOWN		-75
2019-03-14T13:10:03.347149	3a:bf:ba:40:35:8b	UNKNOWN		-89
2019-03-14T13:10:10.058964	f8:28:19:58:60:e1	UNKNOWN		-81
2019-03-14T13:10:13.052796	f8:28:19:58:60:e1	UNKNOWN		-83
2019-03-14T13:10:13.259861	da:a1:19:e9:75:69	UNKNOWN		-75
2019-03-14T13:10:15.063312	3a:2a:f5:08:62:40	UNKNOWN		-83
2019-03-14T13:10:19.006125	98:e0:d9:10:d5:c0	Apple, Inc.	NCKU-WLAN	-87
2019-03-14T13:10:19.043290	98:e0:d9:10:d5:c0	Apple, Inc.	NCKU-WLAN	-83
2019-03-14T13:10:21.058749	d4:0b:1a:67:7b:bd	HTC Corporation		-83
2019-03-14T13:10:22.622364	60:45:cb:32:21:7d	ASUSTek COMPUTER INC.		-73
2019-03-14T13:10:24.936508	c8:1e:e7:e3:d9:92	Apple, Inc.	NCKU-WLAN-802.1x	-85
2019-03-14T13:10:29.834964	40:4e:36:94:19:ba	HTC Corporation		-83
2019-03-14T13:10:30.933415	24:0a:64:24:64:af	AzureWave Technology Inc.	NCKU-WLAN	-81
2019-03-14T13:10:31.965488	92:d1:95:4b:63:cb	UNKNOWN		-81
2019-03-14T13:10:32.000647	92:d1:95:4b:63:cb	UNKNOWN		-85
2019-03-14T13:10:32.347847	4c:bb:58:fa:24:31	Chicony Electronics Co., Ltd.	NCKUEE-STAFF	-85
2019-03-14T13:10:32.361976	4c:bb:58:fa:24:31	Chicony Electronics Co., Ltd.	NCKUEE-STAFF	-85
2019-03-14T13:10:42.679765	c8:1e:e7:e3:d9:92	Apple, Inc.	NCKU-WLAN-802.1x	-81
2019-03-14T13:10:44.060900	98:e0:d9:10:d5:c0	Apple, Inc.	NCKU-WLAN	-83
2019-03-14T13:10:44.656946	c8:1e:e7:e3:d9:92	Apple, Inc.	NCKU-WLAN-802.1x	-83
2019-03-14T13:10:44.676702	c8:1e:e7:e3:d9:92	Apple, Inc.	NCKU-WLAN-802.1x	-83
2019-03-14T13:10:46.786733	e8:2a:44:d2:cc:bf	UNKNOWN		-87
2019-03-14T13:10:47.542977	c8:1e:e7:e3:d9:92	Apple, Inc.	NCKU-WLAN-802.1x	-81
2019-03-14T13:10:48.439651	24:0a:64:d1:cb:33	AzureWave Technology Inc.		-77
2019-03-14T13:10:49.065866	f8:28:19:5a:9d:e3	UNKNOWN		-73
2019-03-14T13:10:50.278310	da:a1:19:a5:35:44	UNKNOWN		-85
2019-03-14T13:10:50.298150	da:a1:19:a5:35:44	UNKNOWN		-83
2019-03-14T13:10:50.309674	e8:2a:44:d2:cc:bf	UNKNOWN		-87
2019-03-14T13:10:50.436268	e8:2a:44:d2:cc:bf	UNKNOWN		-87
2019-03-14T13:10:50.805680	c8:1e:e7:e3:d9:92	Apple, Inc.	NCKU-WLAN-802.1x	-79
2019-03-14T13:10:52.077599	da:a1:19:12:0c:e5	UNKNOWN		-87
2019-03-14T13:10:52.727844	f8:28:19:5a:9d:e3	UNKNOWN		-73
2019-03-14T13:10:52.791445	f8:28:19:5a:9d:e3	UNKNOWN		-73
2019-03-14T13:10:53.390750	b2:7b:bc:85:c0:70	UNKNOWN		-85
2019-03-14T13:10:54.206707	e8:2a:44:d2:cc:bf	UNKNOWN		-85
2019-03-14T13:10:54.716404	da:a1:19:aa:7f:75	UNKNOWN		-81
2019-03-14T13:10:54.754810	da:a1:19:aa:7f:75	UNKNOWN		-83
2019-03-14T13:10:56.960470	b8:27:eb:1a:ea:01	Raspberry Pi Foundation		-83
2019-03-14T13:10:57.547652	c8:1e:e7:e3:d9:92	Apple, Inc.	NCKU-WLAN-802.1x	-81
2019-03-14T13:10:58.586822	24:0a:64:24:64:af	AzureWave Technology Inc.	NCKU-WLAN	-81
2019-03-14T13:11:01.710404	ea:83:aa:c0:e6:68	UNKNOWN		-79
2019-03-14T13:11:02.564054	c8:1e:e7:e3:d9:92	Apple, Inc.	NCKU-WLAN-802.1x	-81
2019-03-14T13:11:03.424711	ac:57:75:aa:5b:51	UNKNOWN		-79
2019-03-14T13:11:06.155698	da:a1:19:f0:d9:c4	UNKNOWN		-77
2019-03-14T13:11:06.226588	da:a1:19:f0:d9:c4	UNKNOWN		-77
2019-03-14T13:11:15.119569	e6:aa:0d:6f:b1:b6	UNKNOWN		-87
2019-03-14T13:11:16.205909	90:06:28:8a:af:31	Samsung Electronics Co.,Ltd		-85
2019-03-14T13:11:19.101986	00:1f:1f:85:95:e1	Edimax Technology Co. Ltd.		-51
2019-03-14T13:11:20.607883	aa:af:54:eb:a9:37	UNKNOWN		-83
2019-03-14T13:11:24.820151	c8:1e:e7:e3:d9:92	Apple, Inc.	NCKU-WLAN-802.1x	-83
2019-03-14T13:11:24.837417	c8:1e:e7:e3:d9:92	Apple, Inc.	NCKU-WLAN-802.1x	-85
2019-03-14T13:11:27.497230	c8:1e:e7:e3:d9:92	Apple, Inc.	NCKU-WLAN-802.1x	-87
2019-03-14T13:11:30.784156	c8:1e:e7:e3:d9:92	Apple, Inc.	NCKU-WLAN-802.1x	-83
2019-03-14T13:11:30.805459	c8:1e:e7:e3:d9:92	Apple, Inc.	NCKU-WLAN-802.1x	-89
2019-03-14T13:11:33.278774	32:5a:2b:5b:2e:75	UNKNOWN		-83
2019-03-14T13:11:34.795512	4c:bb:58:fa:24:31	Chicony Electronics Co., Ltd.		-81
2019-03-14T13:11:34.809606	4c:bb:58:fa:24:31	Chicony Electronics Co., Ltd.	NCKUEE-STAFF	-83
2019-03-14T13:11:34.823704	4c:bb:58:fa:24:31	Chicony Electronics Co., Ltd.	NCKUEE-STAFF	-81
2019-03-14T13:11:35.411623	fc:2a:9c:91:ae:ae	UNKNOWN	NCKU-WLAN-802.1x	-87
2019-03-14T13:11:35.427596	fc:2a:9c:91:ae:ae	UNKNOWN	NCKU-WLAN-802.1x	-89
2019-03-14T13:11:41.527247	24:0a:64:be:ac:a1	AzureWave Technology Inc.		-71
2019-03-14T13:11:43.583887	8c:8e:f2:99:c4:14	Apple, Inc.	NCKU-WLAN-802.1x	-87
2019-03-14T13:11:44.743439	ee:f1:79:32:84:dc	UNKNOWN		-83
2019-03-14T13:11:49.515245	24:0a:64:d1:cb:33	AzureWave Technology Inc.		-81
2019-03-14T13:11:49.539410	24:0a:64:d1:cb:33	AzureWave Technology Inc.		-77
2019-03-14T13:11:52.400514	44:d4:e0:4b:6e:cf	Sony Mobile Communications AB		-83
2019-03-14T13:11:52.472660	f8:28:19:5a:9d:e3	UNKNOWN		-73
2019-03-14T13:11:53.812953	c8:38:70:d9:2f:c7	Samsung Electronics Co.,Ltd		-85
2019-03-14T13:11:53.883213	c8:38:70:d9:2f:c7	Samsung Electronics Co.,Ltd		-89
2019-03-14T13:11:54.226470	36:01:02:74:8c:3e	UNKNOWN		-79
2019-03-14T13:11:54.290667	e8:2a:44:d2:cc:bf	UNKNOWN		-83
2019-03-14T13:11:58.575111	1c:70:22:0a:82:46	UNKNOWN		-73
2019-03-14T13:11:58.621752	1c:70:22:0a:82:46	UNKNOWN		-73
2019-03-14T13:12:00.013336	4e:3b:9a:b7:84:bf	UNKNOWN		-85
2019-03-14T13:12:02.700003	60:45:cb:32:21:7d	ASUSTek COMPUTER INC.		-83
2019-03-14T13:12:02.714960	60:45:cb:32:21:7d	ASUSTek COMPUTER INC.		-83
2019-03-14T13:12:02.734558	60:45:cb:32:21:7d	ASUSTek COMPUTER INC.		-83
2019-03-14T13:12:08.226507	ac:57:75:aa:5b:51	UNKNOWN	NCKUEE-B1-4F	-73
2019-03-14T13:12:09.563488	26:0a:64:24:64:af	UNKNOWN		-85
2019-03-14T13:12:09.956490	f8:28:19:58:60:e1	UNKNOWN		-89
2019-03-14T13:12:16.571669	2e:74:77:86:86:fb	UNKNOWN		-73
2019-03-14T13:12:18.096504	2c:4d:54:41:ab:be	ASUSTek COMPUTER INC.		-85
2019-03-14T13:12:21.973020	02:0f:6a:65:03:6f	UNKNOWN		-61
2019-03-14T13:12:27.135023	c8:1e:e7:e3:d9:92	Apple, Inc.	NCKU-WLAN-802.1x	-83
2019-03-14T13:12:32.325498	42:c0:95:80:c1:de	UNKNOWN		-79
2019-03-14T13:12:34.601028	04:d3:b0:85:4e:9a	UNKNOWN		-79
2019-03-14T13:12:34.873339	4c:bb:58:fa:24:31	Chicony Electronics Co., Ltd.		-83
2019-03-14T13:12:34.888225	4c:bb:58:fa:24:31	Chicony Electronics Co., Ltd.	NCKUEE-STAFF	-85
2019-03-14T13:12:34.930478	4c:bb:58:fa:24:31	Chicony Electronics Co., Ltd.	NCKUEE-STAFF	-85
2019-03-14T13:12:35.285041	4c:bb:58:fa:24:31	Chicony Electronics Co., Ltd.	NCKUEE-STAFF	-85
2019-03-14T13:12:35.299184	4c:bb:58:fa:24:31	Chicony Electronics Co., Ltd.		-83
2019-03-14T13:12:35.659984	10:7b:44:0d:19:9a	UNKNOWN		-79
2019-03-14T13:12:35.675145	10:7b:44:0d:19:9a	UNKNOWN		-77
2019-03-14T13:12:35.732256	10:7b:44:0d:19:9a	UNKNOWN		-79
2019-03-14T13:12:37.867102	4c:bb:58:fa:24:31	Chicony Electronics Co., Ltd.		-85
2019-03-14T13:12:41.727256	24:0a:64:be:ac:a1	AzureWave Technology Inc.		-71
2019-03-14T13:12:41.752223	24:0a:64:be:ac:a1	AzureWave Technology Inc.		-77
2019-03-14T13:12:42.412546	ce:16:e3:2d:54:b0	UNKNOWN		-79
2019-03-14T13:12:43.004686	80:a5:89:62:e3:0b	AzureWave Technology Inc.	epslab_new2	-87
2019-03-14T13:12:46.669115	96:6e:b3:a3:81:d7	UNKNOWN		-85
2019-03-14T13:12:48.897334	6a:0c:53:68:25:b9	UNKNOWN		-81
2019-03-14T13:12:48.944755	6a:0c:53:68:25:b9	UNKNOWN		-83
2019-03-14T13:12:50.305945	24:0a:64:d1:cb:33	AzureWave Technology Inc.		-75
2019-03-14T13:12:50.340673	24:0a:64:d1:cb:33	AzureWave Technology Inc.		-79
2019-03-14T13:12:50.480386	da:a1:19:49:37:b4	UNKNOWN		-77
2019-03-14T13:12:50.496015	da:a1:19:49:37:b4	UNKNOWN		-77
2019-03-14T13:12:50.542143	da:a1:19:49:37:b4	UNKNOWN		-75
2019-03-14T13:12:50.637492	da:a1:19:49:37:b4	UNKNOWN		-77
2019-03-14T13:12:51.145514	24:0a:64:25:7d:85	AzureWave Technology Inc.		-59
2019-03-14T13:12:54.028350	1c:70:22:0a:82:46	UNKNOWN	TWNGBM	-73
2019-03-14T13:12:54.314409	60:45:cb:32:21:7d	ASUSTek COMPUTER INC.		-81
2019-03-14T13:12:54.356764	60:45:cb:32:21:7d	ASUSTek COMPUTER INC.		-81
2019-03-14T13:12:54.383624	60:45:cb:32:21:7d	ASUSTek COMPUTER INC.		-77
2019-03-14T13:12:54.411940	60:45:cb:32:21:7d	ASUSTek COMPUTER INC.		-79
2019-03-14T13:12:54.538573	6c:8d:c1:9f:cf:9c	Apple, Inc.	NCKU-WLAN-802.1x	-85
2019-03-14T13:12:54.572592	1c:70:22:0a:82:46	UNKNOWN	TWNGBM	-73
2019-03-14T13:12:54.594500	1c:70:22:0a:82:46	UNKNOWN	TWNGBM	-75
2019-03-14T13:12:55.929279	da:a1:19:6c:a5:a6	UNKNOWN		-83
2019-03-14T13:12:56.012796	da:a1:19:6c:a5:a6	UNKNOWN		-81
2019-03-14T13:12:57.247176	b8:27:eb:1a:ea:01	Raspberry Pi Foundation		-85
2019-03-14T13:12:57.319337	b8:27:eb:1a:ea:01	Raspberry Pi Foundation		-87
2019-03-14T13:12:57.458131	dc:85:de:52:d2:7d	AzureWave Technology Inc.	NCKU-WLAN	-85
2019-03-14T13:12:57.935524	1c:70:22:0a:82:46	UNKNOWN	TWNGBM	-73
2019-03-14T13:12:58.007614	1c:70:22:0a:82:46	UNKNOWN	TWNGBM	-73
2019-03-14T13:12:58.697938	1c:70:22:0a:82:46	UNKNOWN	TWNGBM	-75
2019-03-14T13:12:59.322017	f8:28:19:5a:9d:e3	UNKNOWN		-73
2019-03-14T13:12:59.416419	f8:28:19:5a:9d:e3	UNKNOWN		-71
2019-03-14T13:13:01.440003	ec:51:bc:99:d4:11	UNKNOWN		-77
2019-03-14T13:13:06.280710	6a:06:27:6b:8e:d3	UNKNOWN		-87
2019-03-14T13:13:07.634856	2c:4d:54:2d:92:34	ASUSTek COMPUTER INC.		-81
2019-03-14T13:13:07.660332	2c:4d:54:2d:92:34	ASUSTek COMPUTER INC.		-77
2019-03-14T13:13:07.689115	2c:4d:54:2d:92:34	ASUSTek COMPUTER INC.		-77
2019-03-14T13:13:07.710349	2c:4d:54:2d:92:34	ASUSTek COMPUTER INC.		-79
2019-03-14T13:13:07.822099	10:7b:44:23:98:4c	UNKNOWN		-81
2019-03-14T13:13:09.245395	10:7b:44:23:98:4c	UNKNOWN		-75
2019-03-14T13:13:09.286871	10:7b:44:23:98:4c	UNKNOWN		-75
2019-03-14T13:13:09.300070	10:7b:44:23:98:4c	UNKNOWN		-73
2019-03-14T13:13:11.858417	02:3a:86:17:de:99	UNKNOWN		-87
2019-03-14T13:13:13.810560	42:c0:95:80:c1:de	UNKNOWN		-85
2019-03-14T13:13:15.245866	24:0a:64:25:7d:85	AzureWave Technology Inc.		-77
2019-03-14T13:13:18.573749	00:1f:1f:85:95:e1	Edimax Technology Co. Ltd.		-55
2019-03-14T13:13:19.624133	f8:32:e4:3c:ef:1a	ASUSTek COMPUTER INC.		-85
2019-03-14T13:13:19.665837	f8:32:e4:3c:ef:1a	ASUSTek COMPUTER INC.		-85
2019-03-14T13:13:19.702746	f8:32:e4:3c:ef:1a	ASUSTek COMPUTER INC.		-85
2019-03-14T13:13:21.720720	38:53:9c:c4:cb:66	UNKNOWN		-79
2019-03-14T13:13:21.846420	c8:1e:e7:e3:d9:92	Apple, Inc.	NCKU-WLAN-802.1x	-81
2019-03-14T13:13:23.389439	2c:4d:54:41:ab:be	ASUSTek COMPUTER INC.		-87
2019-03-14T13:13:25.759119	c8:1e:e7:e3:d9:92	Apple, Inc.	NCKU-WLAN-802.1x	-81
2019-03-14T13:13:25.776806	c8:1e:e7:e3:d9:92	Apple, Inc.	NCKU-WLAN-802.1x	-81
2019-03-14T13:13:29.525995	c2:d4:3c:2b:5f:af	UNKNOWN		-77
2019-03-14T13:13:32.055272	da:a1:19:f6:70:cd	UNKNOWN		-63
2019-03-14T13:13:32.136963	da:a1:19:f6:70:cd	UNKNOWN		-61
2019-03-14T13:13:32.216167	da:a1:19:f6:70:cd	UNKNOWN		-81
2019-03-14T13:13:36.612916	e2:f4:fe:67:97:bb	UNKNOWN		-79
2019-03-14T13:13:40.112078	4c:bb:58:fa:24:31	Chicony Electronics Co., Ltd.	NCKUEE-STAFF	-81
2019-03-14T13:13:40.128197	4c:bb:58:fa:24:31	Chicony Electronics Co., Ltd.	NCKUEE-STAFF	-83
2019-03-14T13:13:40.144732	4c:bb:58:fa:24:31	Chicony Electronics Co., Ltd.		-83
2019-03-14T13:13:40.159564	4c:bb:58:fa:24:31	Chicony Electronics Co., Ltd.	NCKUEE-STAFF	-85
2019-03-14T13:13:40.174391	4c:bb:58:fa:24:31	Chicony Electronics Co., Ltd.	NCKUEE-STAFF	-83
2019-03-14T13:13:41.386509	24:0a:64:be:ac:a1	AzureWave Technology Inc.		-79
2019-03-14T13:13:41.481387	b8:27:eb:32:f7:a4	Raspberry Pi Foundation		-47
2019-03-14T13:13:41.503195	b8:27:eb:32:f7:a4	Raspberry Pi Foundation		-47
2019-03-14T13:13:42.413932	c8:1e:e7:e3:d9:92	Apple, Inc.	NCKU-WLAN-802.1x	-79
2019-03-14T13:13:42.431292	c8:1e:e7:e3:d9:92	Apple, Inc.	NCKU-WLAN-802.1x	-79
2019-03-14T13:13:45.602757	c8:1e:e7:e3:d9:92	Apple, Inc.	NCKU-WLAN-802.1x	-81
2019-03-14T13:13:46.135141	90:06:28:8a:af:31	Samsung Electronics Co.,Ltd		-81
2019-03-14T13:13:48.700147	98:e0:d9:10:d5:c0	Apple, Inc.	NCKU-WLAN	-83
2019-03-14T13:13:50.280313	24:0a:64:d1:cb:33	AzureWave Technology Inc.		-71
2019-03-14T13:13:50.296289	24:0a:64:d1:cb:33	AzureWave Technology Inc.		-79
2019-03-14T13:13:52.870128	98:e0:d9:10:d5:c0	Apple, Inc.	NCKU-WLAN	-83
2019-03-14T13:13:54.157088	e8:2a:44:d2:cc:bf	UNKNOWN		-87
2019-03-14T13:13:54.321132	4e:f0:ac:69:83:6f	UNKNOWN	red river valley	-69
2019-03-14T13:13:54.376219	4e:f0:ac:69:83:6f	UNKNOWN	red river valley	-65
2019-03-14T13:13:54.540776	ce:08:40:2f:5c:da	UNKNOWN	HTC Portable Hotspot 6283	-67
2019-03-14T13:13:54.578150	ce:08:40:2f:5c:da	UNKNOWN	HTC Portable Hotspot 6283	-67
2019-03-14T13:13:54.660746	e8:2a:44:d2:cc:bf	UNKNOWN		-87
2019-03-14T13:13:55.995376	ce:08:40:2f:5c:da	UNKNOWN		-81
2019-03-14T13:13:57.991717	e8:2a:44:d2:cc:bf	UNKNOWN		-87
2019-03-14T13:13:58.218424	da:a1:19:8c:1d:ff	UNKNOWN		-83
2019-03-14T13:13:58.468842	24:0a:64:25:7d:85	AzureWave Technology Inc.		-75
2019-03-14T13:13:58.828873	42:c0:95:80:c1:de	UNKNOWN		-85
2019-03-14T13:13:59.109303	9c:2a:83:7b:98:5f	Samsung Electronics Co.,Ltd		-49
2019-03-14T13:13:59.155405	9c:2a:83:7b:98:5f	Samsung Electronics Co.,Ltd		-61
2019-03-14T13:13:59.399677	8a:41:7d:6f:83:0f	UNKNOWN		-85
2019-03-14T13:13:59.912909	46:87:dc:ac:b0:65	UNKNOWN		-81
2019-03-14T13:14:00.021633	46:87:dc:ac:b0:65	UNKNOWN		-79
2019-03-14T13:14:02.384992	ec:10:7b:0c:09:f1	Samsung Electronics Co.,Ltd		-81
2019-03-14T13:14:02.445097	ec:10:7b:0c:09:f1	Samsung Electronics Co.,Ltd		-85
2019-03-14T13:14:06.735936	58:48:22:7c:18:33	Sony Mobile Communications AB		-81
2019-03-14T13:14:06.782376	58:48:22:7c:18:33	Sony Mobile Communications AB		-73
2019-03-14T13:14:07.008276	4e:ce:da:7b:d0:70	UNKNOWN		-83
2019-03-14T13:14:09.678035	9a:02:cd:09:08:80	UNKNOWN		-73
2019-03-14T13:14:11.054996	74:da:38:6a:ca:02	Edimax Technology Co. Ltd.		-85
2019-03-14T13:14:11.431262	74:da:38:6a:ca:02	Edimax Technology Co. Ltd.		-87
2019-03-14T13:14:17.188771	ae:29:30:1f:fc:59	UNKNOWN		-73
2019-03-14T13:14:17.205291	ae:29:30:1f:fc:59	UNKNOWN		-75
2019-03-14T13:14:19.512741	b2:37:59:1f:c9:e6	UNKNOWN		-77
2019-03-14T13:14:19.564255	b2:37:59:1f:c9:e6	UNKNOWN		-75
2019-03-14T13:14:23.723051	86:96:be:9a:75:b0	UNKNOWN		-85
2019-03-14T13:14:27.812077	40:98:ad:76:37:0a	UNKNOWN	SmileLab92583	-83
2019-03-14T13:14:29.497457	cc:2f:71:a3:c8:cf	UNKNOWN		-81
2019-03-14T13:14:31.068307	c8:1e:e7:e3:d9:92	Apple, Inc.	NCKU-WLAN-802.1x	-77
2019-03-14T13:14:31.085873	c8:1e:e7:e3:d9:92	Apple, Inc.	NCKU-WLAN-802.1x	-79
2019-03-14T13:14:32.936657	da:f9:22:0c:9e:87	UNKNOWN		-83
2019-03-14T13:14:35.538253	04:d3:b0:85:4e:9a	UNKNOWN		-77
2019-03-14T13:14:36.616053	9c:5c:f9:32:b0:79	Sony Mobile Communications AB		-83
2019-03-14T13:14:36.655635	9c:5c:f9:32:b0:79	Sony Mobile Communications AB	TWM WiFi Auto	-81
2019-03-14T13:14:36.672307	9c:5c:f9:32:b0:79	Sony Mobile Communications AB	CHT Wi-Fi Auto	-81
2019-03-14T13:14:40.251730	4c:bb:58:fa:24:31	Chicony Electronics Co., Ltd.	NCKUEE-STAFF	-83
2019-03-14T13:14:40.793805	24:0a:64:24:64:af	AzureWave Technology Inc.	NCKU-WLAN	-81
2019-03-14T13:14:40.969701	9c:5c:f9:32:b0:79	Sony Mobile Communications AB	CHT Wi-Fi Auto	-83
2019-03-14T13:14:41.749001	da:a1:19:e7:e5:89	UNKNOWN		-67
2019-03-14T13:14:41.762532	da:a1:19:e7:e5:89	UNKNOWN		-69
2019-03-14T13:14:42.303327	72:ed:ba:3b:32:8c	UNKNOWN		-85
2019-03-14T13:14:43.802718	7a:b3:84:2c:0c:35	UNKNOWN		-87
2019-03-14T13:14:45.974152	80:a5:89:62:e3:0b	AzureWave Technology Inc.	epslab_new2	-87
2019-03-14T13:14:46.249335	aa:02:08:26:6d:ff	UNKNOWN		-79
2019-03-14T13:14:46.396403	aa:02:08:26:6d:ff	UNKNOWN		-69
2019-03-14T13:14:50.121598	f4:5c:89:c7:37:91	Apple, Inc.	NCKUEE-802.1x	-87
2019-03-14T13:14:55.547204	9c:2a:83:7b:98:5f	Samsung Electronics Co.,Ltd		-67
2019-03-14T13:14:55.605446	9c:2a:83:7b:98:5f	Samsung Electronics Co.,Ltd		-67
2019-03-14T13:14:55.709951	9c:2a:83:7b:98:5f	Samsung Electronics Co.,Ltd		-69
2019-03-14T13:14:56.798221	b8:27:eb:1a:ea:01	Raspberry Pi Foundation		-85
2019-03-14T13:14:59.833814	da:a1:19:82:bc:42	UNKNOWN		-81
2019-03-14T13:14:59.855582	da:a1:19:82:bc:42	UNKNOWN		-79
2019-03-14T13:14:59.881148	da:a1:19:82:bc:42	UNKNOWN		-79
2019-03-14T13:15:01.563916	1c:70:22:0a:82:46	UNKNOWN		-71
2019-03-14T13:15:01.584170	24:0a:64:25:7d:85	AzureWave Technology Inc.		-75
2019-03-14T13:15:01.651223	1c:70:22:0a:82:46	UNKNOWN		-73
2019-03-14T13:15:02.137279	e8:2a:44:d2:cc:bf	UNKNOWN		-85
2019-03-14T13:15:04.714994	f2:9b:90:10:0c:8a	UNKNOWN		-85
2019-03-14T13:15:08.413430	8a:59:9f:ff:ef:20	UNKNOWN		-77
2019-03-14T13:15:12.504004	92:30:c7:24:c9:10	UNKNOWN		-83
2019-03-14T13:15:12.530388	92:30:c7:24:c9:10	UNKNOWN		-83
2019-03-14T13:15:13.089522	da:a1:19:a2:84:35	UNKNOWN		-81
2019-03-14T13:15:13.823363	74:da:38:6a:ca:02	Edimax Technology Co. Ltd.	2F LAB Teacher	-87
2019-03-14T13:15:14.145059	74:da:38:6a:ca:02	Edimax Technology Co. Ltd.		-89
2019-03-14T13:15:14.191540	c8:1e:e7:e3:d9:92	Apple, Inc.	NCKU-WLAN-802.1x	-77
2019-03-14T13:15:14.210870	c8:1e:e7:e3:d9:92	Apple, Inc.	NCKU-WLAN-802.1x	-77
2019-03-14T13:15:16.745328	2c:4d:54:bb:82:56	ASUSTek COMPUTER INC.		-85
2019-03-14T13:15:16.759520	2c:4d:54:bb:82:56	ASUSTek COMPUTER INC.		-83
2019-03-14T13:15:16.773597	2c:4d:54:bb:82:56	ASUSTek COMPUTER INC.		-81
2019-03-14T13:15:18.136868	da:a1:19:53:86:3a	UNKNOWN		-79
2019-03-14T13:15:25.799847	d6:2f:a4:56:43:b3	UNKNOWN		-81
2019-03-14T13:15:33.331570	44:d4:e0:4b:6e:cf	Sony Mobile Communications AB		-87
2019-03-14T13:15:33.804418	02:4c:d4:56:49:03	UNKNOWN		-53
2019-03-14T13:15:33.845816	02:4c:d4:56:49:03	UNKNOWN		-53
2019-03-14T13:15:38.067749	c8:1e:e7:e3:d9:92	Apple, Inc.	NCKU-WLAN-802.1x	-81
2019-03-14T13:15:39.182956	6c:e8:5c:cb:66:0a	UNKNOWN		-83
2019-03-14T13:15:41.569596	24:0a:64:be:ac:a1	AzureWave Technology Inc.		-69
2019-03-14T13:15:41.622372	24:0a:64:be:ac:a1	AzureWave Technology Inc.		-77
2019-03-14T13:15:44.500596	c8:1e:e7:e3:d9:92	Apple, Inc.	NCKU-WLAN-802.1x	-79
2019-03-14T13:15:44.518089	c8:1e:e7:e3:d9:92	Apple, Inc.	NCKU-WLAN-802.1x	-81
2019-03-14T13:15:45.736063	4c:bb:58:fa:24:31	Chicony Electronics Co., Ltd.	NCKUEE-STAFF	-83
2019-03-14T13:15:45.749903	4c:bb:58:fa:24:31	Chicony Electronics Co., Ltd.	NCKUEE-STAFF	-83
2019-03-14T13:15:52.139377	96:bc:02:81:9c:84	UNKNOWN		-81
2019-03-14T13:15:52.185504	9e:0f:f6:3d:07:ae	UNKNOWN		-83
2019-03-14T13:15:52.206235	9e:0f:f6:3d:07:ae	UNKNOWN	hinet	-81
2019-03-14T13:15:54.110261	c8:1e:e7:e3:d9:92	Apple, Inc.	NCKU-WLAN-802.1x	-75
2019-03-14T13:15:56.004921	52:28:4d:ff:ed:a9	UNKNOWN		-79
2019-03-14T13:15:56.127200	52:28:4d:ff:ed:a9	UNKNOWN		-79
2019-03-14T13:15:59.879812	da:a1:19:23:02:bb	UNKNOWN		-79
2019-03-14T13:15:59.920636	da:a1:19:23:02:bb	UNKNOWN		-83
2019-03-14T13:15:59.938577	da:a1:19:23:02:bb	UNKNOWN		-77
2019-03-14T13:15:59.993978	da:a1:19:23:02:bb	UNKNOWN		-79
2019-03-14T13:16:00.371302	9e:bc:a2:68:1c:e9	UNKNOWN		-79
2019-03-14T13:16:00.434052	9e:bc:a2:68:1c:e9	UNKNOWN		-79
2019-03-14T13:16:02.180310	e8:2a:44:d2:cc:bf	UNKNOWN		-87
2019-03-14T13:16:02.680413	92:e0:6f:db:55:02	UNKNOWN		-87
2019-03-14T13:16:04.402963	52:ab:58:97:ac:05	UNKNOWN		-79
2019-03-14T13:16:04.477615	52:ab:58:97:ac:05	UNKNOWN		-77
2019-03-14T13:16:05.608749	f8:28:19:5a:9d:e3	UNKNOWN		-73
2019-03-14T13:16:05.658302	f8:28:19:5a:9d:e3	UNKNOWN		-73
2019-03-14T13:16:13.348414	3a:de:56:e7:e4:ec	UNKNOWN		-79
2019-03-14T13:16:13.444687	3a:de:56:e7:e4:ec	UNKNOWN		-81
2019-03-14T13:16:16.070277	74:da:38:6a:ca:02	Edimax Technology Co. Ltd.		-87
2019-03-14T13:16:17.775462	c8:1e:e7:e3:d9:92	Apple, Inc.	NCKU-WLAN-802.1x	-85
2019-03-14T13:16:19.235538	6e:86:8f:24:9a:56	UNKNOWN		-81
2019-03-14T13:16:26.264108	6e:90:d3:43:a7:27	UNKNOWN		-79
2019-03-14T13:16:26.337047	6e:90:d3:43:a7:27	UNKNOWN		-83
2019-03-14T13:16:26.472602	d4:a3:3d:d4:fd:fb	UNKNOWN	epslab_new2	-85
2019-03-14T13:16:33.784035	48:43:7c:f0:5a:56	Apple, Inc.	NCKU-WLAN-802.1x	-87
2019-03-14T13:16:37.026518	12:e6:cd:fe:05:de	UNKNOWN		-81
2019-03-14T13:16:37.607089	6a:e4:27:f4:cc:09	UNKNOWN		-79
2019-03-14T13:16:37.651238	6a:e4:27:f4:cc:09	UNKNOWN		-81
2019-03-14T13:16:39.264840	1e:8a:96:dc:8e:97	UNKNOWN		-87
2019-03-14T13:16:46.524766	4c:bb:58:fa:24:31	Chicony Electronics Co., Ltd.		-81
2019-03-14T13:16:47.818884	6a:33:b9:b2:b2:7a	UNKNOWN		-87
2019-03-14T13:16:51.645827	24:0a:64:d1:cb:33	AzureWave Technology Inc.		-73
2019-03-14T13:16:52.994115	da:a1:19:f1:f9:c0	UNKNOWN		-75
2019-03-14T13:16:53.047622	da:a1:19:f1:f9:c0	UNKNOWN		-75
2019-03-14T13:16:56.812108	b8:27:eb:1a:ea:01	Raspberry Pi Foundation		-87
2019-03-14T13:16:57.046340	1c:70:22:0a:82:46	UNKNOWN	TWNGBM	-73
2019-03-14T13:17:00.971905	da:a1:19:fa:13:a3	UNKNOWN		-79
2019-03-14T13:17:01.777320	1e:9a:29:c3:39:c8	UNKNOWN		-43
2019-03-14T13:17:05.035003	da:a1:19:c6:c1:e4	UNKNOWN		-77
2019-03-14T13:17:09.021384	a0:28:ed:65:bd:54	UNKNOWN		-71
2019-03-14T13:17:09.091272	f8:28:19:5a:9d:e3	UNKNOWN		-75
2019-03-14T13:17:09.107087	b2:e7:cc:03:a7:92	UNKNOWN		-81
2019-03-14T13:17:09.156788	f8:28:19:5a:9d:e3	UNKNOWN		-73
2019-03-14T13:17:10.146251	40:4e:36:94:19:ba	HTC Corporation		-79
2019-03-14T13:17:12.451526	f8:28:19:5a:9d:e3	UNKNOWN		-73
2019-03-14T13:17:18.768592	00:1f:1f:85:95:e1	Edimax Technology Co. Ltd.		-55
2019-03-14T13:17:21.627241	60:45:cb:32:21:7d	ASUSTek COMPUTER INC.		-65
2019-03-14T13:17:21.707677	60:45:cb:32:21:7d	ASUSTek COMPUTER INC.		-71
2019-03-14T13:17:22.128354	1e:be:2f:bb:60:3a	UNKNOWN		-81
2019-03-14T13:17:22.234499	1e:be:2f:bb:60:3a	UNKNOWN		-81
2019-03-14T13:17:24.317920	f0:76:6f:9b:78:06	UNKNOWN	NCKUEE-802.1x	-73
2019-03-14T13:17:24.343708	f0:76:6f:9b:78:06	UNKNOWN	NCKUEE-802.1x	-73
2019-03-14T13:17:30.995207	6e:82:f1:da:0e:34	UNKNOWN		-85
2019-03-14T13:17:31.100067	6e:82:f1:da:0e:34	UNKNOWN		-85
2019-03-14T13:17:31.230531	a0:28:ed:65:bd:54	UNKNOWN		-73
2019-03-14T13:17:35.175635	02:af:84:0a:bd:d2	UNKNOWN		-81
2019-03-14T13:17:35.219406	02:af:84:0a:bd:d2	UNKNOWN		-83
2019-03-14T13:17:38.561620	22:7c:1e:e1:47:93	UNKNOWN		-83
2019-03-14T13:17:39.056713	f0:76:6f:9b:78:06	UNKNOWN	NCKUEE-802.1x	-83
2019-03-14T13:17:41.339520	e6:2c:67:67:b4:eb	UNKNOWN		-81
2019-03-14T13:17:46.005196	a0:28:ed:65:bd:54	UNKNOWN		-71
2019-03-14T13:17:51.085112	a0:28:ed:65:bd:54	UNKNOWN		-79
2019-03-14T13:17:51.247463	a0:28:ed:65:bd:54	UNKNOWN		-85
2019-03-14T13:17:51.458256	24:0a:64:d1:cb:33	AzureWave Technology Inc.		-73
2019-03-14T13:17:51.485762	24:0a:64:d1:cb:33	AzureWave Technology Inc.		-79
2019-03-14T13:18:01.254380	a0:28:ed:65:bd:54	UNKNOWN		-83
2019-03-14T13:18:01.692195	da:a1:19:d9:4f:c5	UNKNOWN		-81
2019-03-14T13:18:03.859501	1c:70:22:0a:82:46	UNKNOWN		-71
2019-03-14T13:18:03.887459	1c:70:22:0a:82:46	UNKNOWN		-71
2019-03-14T13:18:07.393282	24:0a:64:25:7d:85	AzureWave Technology Inc.		-81
2019-03-14T13:18:11.367087	a0:28:ed:65:bd:54	UNKNOWN		-87
2019-03-14T13:18:15.562527	f8:28:19:5a:9d:e3	UNKNOWN		-75
2019-03-14T13:18:20.688357	02:da:0e:b2:1e:44	UNKNOWN		-77
2019-03-14T13:18:22.236066	24:0a:64:24:64:af	AzureWave Technology Inc.	NCKU-WLAN	-85
2019-03-14T13:18:22.972813	80:a5:89:62:e3:0b	AzureWave Technology Inc.	epslab_new2	-85
2019-03-14T13:18:29.410330	60:45:cb:32:21:7d	ASUSTek COMPUTER INC.		-81
2019-03-14T13:18:33.144238	60:45:cb:32:21:7d	ASUSTek COMPUTER INC.		-85
2019-03-14T13:18:34.097555	f4:5c:89:c7:37:91	Apple, Inc.	NCKUEE-802.1x	-87
2019-03-14T13:18:34.336392	be:c2:72:eb:ed:c1	UNKNOWN		-79
2019-03-14T13:18:39.513896	52:e0:aa:bd:de:dd	UNKNOWN		-85
2019-03-14T13:18:41.956995	24:0a:64:be:ac:a1	AzureWave Technology Inc.		-71
2019-03-14T13:18:42.737984	60:45:cb:32:21:7d	ASUSTek COMPUTER INC.		-85
2019-03-14T13:18:52.315879	8e:d3:9a:c1:ba:bc	UNKNOWN		-85
2019-03-14T13:18:55.986047	10:7b:44:2b:34:a7	UNKNOWN		-71
2019-03-14T13:18:56.087440	10:7b:44:2b:34:a7	UNKNOWN		-79
2019-03-14T13:18:56.100841	10:7b:44:2b:34:a7	UNKNOWN		-69
2019-03-14T13:18:56.720733	b8:27:eb:1a:ea:01	Raspberry Pi Foundation		-87
2019-03-14T13:18:56.797334	b8:27:eb:1a:ea:01	Raspberry Pi Foundation		-85
2019-03-14T13:18:57.052405	da:a1:19:cd:52:55	UNKNOWN		-69
2019-03-14T13:18:57.066913	da:a1:19:cd:52:55	UNKNOWN		-69
2019-03-14T13:18:57.095130	da:a1:19:cd:52:55	UNKNOWN		-69
2019-03-14T13:18:57.112653	da:a1:19:cd:52:55	UNKNOWN		-67
2019-03-14T13:18:57.130757	da:a1:19:cd:52:55	UNKNOWN		-69
2019-03-14T13:18:57.309191	da:a1:19:cd:52:55	UNKNOWN		-71
2019-03-14T13:18:57.924761	42:c0:95:80:c1:de	UNKNOWN		-81
2019-03-14T13:18:57.979550	42:c0:95:80:c1:de	UNKNOWN		-79
2019-03-14T13:19:01.376911	60:45:cb:32:21:7d	ASUSTek COMPUTER INC.	NCKU-WLAN-802.1x	-77
2019-03-14T13:19:01.396046	60:45:cb:32:21:7d	ASUSTek COMPUTER INC.	NCKU-WLAN-802.1x	-75
2019-03-14T13:19:05.232509	c8:1e:e7:e3:d9:92	Apple, Inc.	NCKU-WLAN-802.1x	-79
2019-03-14T13:19:06.042885	1c:70:22:0a:82:46	UNKNOWN		-73
2019-03-14T13:19:10.915396	da:a1:19:a0:e1:3d	UNKNOWN		-85
2019-03-14T13:19:10.984955	da:a1:19:a0:e1:3d	UNKNOWN		-83
2019-03-14T13:19:11.355708	fc:18:3c:ed:bb:57	UNKNOWN		-81
2019-03-14T13:19:13.012101	58:48:22:7c:18:33	Sony Mobile Communications AB		-79
2019-03-14T13:19:17.924721	a6:ab:8c:01:f5:9c	UNKNOWN		-83
2019-03-14T13:19:18.279801	00:1f:1f:85:95:e1	Edimax Technology Co. Ltd.		-49
2019-03-14T13:19:18.598619	60:45:cb:32:21:7d	ASUSTek COMPUTER INC.	NCKU-WLAN-802.1x	-81
2019-03-14T13:19:18.977912	f8:28:19:5a:9d:e3	UNKNOWN		-73
2019-03-14T13:19:19.099370	60:45:cb:32:21:7d	ASUSTek COMPUTER INC.		-81
2019-03-14T13:19:19.152205	60:45:cb:32:21:7d	ASUSTek COMPUTER INC.		-81
2019-03-14T13:19:19.178267	60:45:cb:32:21:7d	ASUSTek COMPUTER INC.		-81
2019-03-14T13:19:23.486831	ae:2f:27:a5:16:73	UNKNOWN		-79
2019-03-14T13:19:24.871771	c8:1e:e7:e3:d9:92	Apple, Inc.	NCKU-WLAN-802.1x	-79
2019-03-14T13:19:24.913818	60:45:cb:32:21:7d	ASUSTek COMPUTER INC.		-83
2019-03-14T13:19:28.201955	1e:5f:b7:7c:55:2e	UNKNOWN	hinet	-83
2019-03-14T13:19:28.266628	1e:5f:b7:7c:55:2e	UNKNOWN	hinet	-87
2019-03-14T13:19:28.283438	1e:5f:b7:7c:55:2e	UNKNOWN		-83
2019-03-14T13:19:29.629645	02:96:12:c4:00:cb	UNKNOWN		-81
2019-03-14T13:19:31.789024	fa:fb:83:d8:c7:16	UNKNOWN		-83
2019-03-14T13:19:34.098568	02:fb:4e:04:ba:a2	UNKNOWN		-81
2019-03-14T13:19:34.181438	02:fb:4e:04:ba:a2	UNKNOWN		-87
2019-03-14T13:19:36.025710	86:78:91:aa:75:3d	UNKNOWN		-75
2019-03-14T13:19:36.545036	06:9f:31:8b:6e:7b	UNKNOWN		-75
2019-03-14T13:19:38.737597	02:0f:09:5b:bb:e2	UNKNOWN		-85
2019-03-14T13:19:39.905690	f6:2c:aa:80:30:54	UNKNOWN		-79
2019-03-14T13:19:40.031406	f6:2c:aa:80:30:54	UNKNOWN		-79
2019-03-14T13:19:42.153486	24:0a:64:be:ac:a1	AzureWave Technology Inc.		-69
2019-03-14T13:19:42.255381	24:0a:64:be:ac:a1	AzureWave Technology Inc.		-75
2019-03-14T13:19:42.560825	24:0a:64:be:ac:a1	AzureWave Technology Inc.		-79
2019-03-14T13:19:45.630454	c8:1e:e7:e3:d9:92	Apple, Inc.	NCKU-WLAN-802.1x	-79
2019-03-14T13:19:47.940382	4c:bb:58:fa:24:31	Chicony Electronics Co., Ltd.	NCKUEE-STAFF	-85
2019-03-14T13:19:47.954802	4c:bb:58:fa:24:31	Chicony Electronics Co., Ltd.	NCKUEE-STAFF	-85
2019-03-14T13:19:48.351389	ee:ef:a8:ef:34:72	UNKNOWN		-77
2019-03-14T13:19:50.468663	8a:a8:8e:a2:67:7d	UNKNOWN		-79
2019-03-14T13:19:50.624732	4c:bb:58:fa:24:31	Chicony Electronics Co., Ltd.		-85
2019-03-14T13:19:50.638740	4c:bb:58:fa:24:31	Chicony Electronics Co., Ltd.	NCKUEE-STAFF	-83
2019-03-14T13:19:50.701692	9c:2a:83:7b:98:5f	Samsung Electronics Co.,Ltd		-43
2019-03-14T13:19:50.740906	9c:2a:83:7b:98:5f	Samsung Electronics Co.,Ltd		-61
2019-03-14T13:19:50.759066	9c:2a:83:7b:98:5f	Samsung Electronics Co.,Ltd		-61
2019-03-14T13:19:53.386247	c8:1e:e7:e3:d9:92	Apple, Inc.	NCKU-WLAN-802.1x	-79
2019-03-14T13:19:55.528133	56:60:f8:0d:f1:b5	UNKNOWN		-81
2019-03-14T13:19:56.769355	b8:27:eb:1a:ea:01	Raspberry Pi Foundation		-87
2019-03-14T13:20:00.561054	da:a1:19:e7:9f:2a	UNKNOWN		-85
2019-03-14T13:20:06.929775	c0:bd:d1:22:33:25	SAMSUNG ELECTRO-MECHANICS(THAILAND)	NCKU-WLAN-802.1x	-87
2019-03-14T13:20:09.494826	ce:bc:f8:d0:a5:b5	UNKNOWN		-83
2019-03-14T13:20:10.639976	dc:85:de:52:d2:7d	AzureWave Technology Inc.	NCKU-WLAN	-87
2019-03-14T13:20:11.168012	62:63:31:c0:c4:26	UNKNOWN		-89
2019-03-14T13:20:15.255351	d0:2b:20:65:d0:79	UNKNOWN	NCKU-Alumni	-83
2019-03-14T13:20:15.325381	d0:2b:20:65:d0:79	UNKNOWN	NCKU-Alumni	-83
2019-03-14T13:20:15.364050	d0:2b:20:65:d0:79	UNKNOWN	NCKU-Alumni	-81
2019-03-14T13:20:15.552155	c8:1e:e7:e3:d9:92	Apple, Inc.	NCKU-WLAN-802.1x	-87
2019-03-14T13:20:17.552482	ac:57:75:34:79:57	UNKNOWN	NCKU-WLAN-802.1x	-81
2019-03-14T13:20:18.812688	04:92:26:7b:65:c4	UNKNOWN		-83
2019-03-14T13:20:18.944556	04:92:26:7b:65:c4	UNKNOWN		-81
2019-03-14T13:20:20.938104	d0:2b:20:65:d0:79	UNKNOWN	NCKU-Alumni	-87
2019-03-14T13:20:21.170699	ec:51:bc:96:4f:b9	UNKNOWN		-79
2019-03-14T13:20:21.244894	ec:51:bc:96:4f:b9	UNKNOWN		-79
2019-03-14T13:20:23.043267	f8:28:19:5a:9d:e3	UNKNOWN		-79
2019-03-14T13:20:23.670778	5e:98:11:48:d3:82	UNKNOWN		-85
2019-03-14T13:20:28.456691	26:9c:2a:cd:a8:e8	UNKNOWN		-89
2019-03-14T13:20:30.343477	40:4e:36:94:19:ba	HTC Corporation		-81
2019-03-14T13:20:32.383350	ac:57:75:34:79:57	UNKNOWN	NCKU-WLAN-802.1x	-79
2019-03-14T13:20:33.533820	d0:2b:20:65:d0:79	UNKNOWN	NCKU-Alumni	-73
2019-03-14T13:20:39.013799	ac:57:75:34:79:57	UNKNOWN	NCKU-WLAN-802.1x	-83
2019-03-14T13:20:42.558855	24:0a:64:be:ac:a1	AzureWave Technology Inc.		-75
2019-03-14T13:20:43.033146	d0:2b:20:65:d0:79	UNKNOWN	NCKU-Alumni	-71
2019-03-14T13:20:43.367535	da:a1:19:89:d9:69	UNKNOWN		-79
2019-03-14T13:20:43.617402	da:a1:19:89:d9:69	UNKNOWN		-81
2019-03-14T13:20:43.695732	da:a1:19:89:d9:69	UNKNOWN		-79
2019-03-14T13:20:45.849079	04:92:26:7b:65:c4	UNKNOWN		-71
2019-03-14T13:20:45.930661	04:92:26:7b:65:c4	UNKNOWN		-71
2019-03-14T13:20:49.932579	f4:5c:89:c7:37:91	Apple, Inc.	NCKUEE-802.1x	-83
2019-03-14T13:20:50.764761	4c:bb:58:fa:24:31	Chicony Electronics Co., Ltd.	NCKUEE-STAFF	-81
2019-03-14T13:20:50.778143	4c:bb:58:fa:24:31	Chicony Electronics Co., Ltd.		-83
2019-03-14T13:20:50.792397	4c:bb:58:fa:24:31	Chicony Electronics Co., Ltd.	NCKUEE-STAFF	-87
2019-03-14T13:20:52.352012	48:4b:aa:07:0b:ae	Apple, Inc.		-83
2019-03-14T13:20:52.405388	48:4b:aa:07:0b:ae	Apple, Inc.		-87
2019-03-14T13:20:52.543505	ac:57:75:34:79:57	UNKNOWN		-79
2019-03-14T13:20:53.940057	ac:57:75:34:79:57	UNKNOWN		-75
2019-03-14T13:21:00.190627	d0:2b:20:65:d0:79	UNKNOWN	NCKU-Alumni	-75
2019-03-14T13:21:03.057076	2c:fd:a1:75:58:b4	UNKNOWN		-81
2019-03-14T13:21:03.656494	40:40:a7:95:2b:87	Sony Mobile Communications AB		-79
2019-03-14T13:21:05.915686	da:a1:19:e0:72:08	UNKNOWN		-83
2019-03-14T13:21:05.930654	da:a1:19:e0:72:08	UNKNOWN		-83
2019-03-14T13:21:06.003591	da:a1:19:e0:72:08	UNKNOWN		-83
2019-03-14T13:21:07.755142	9c:2a:83:7b:98:5f	Samsung Electronics Co.,Ltd		-71
2019-03-14T13:21:08.117582	04:92:26:7b:65:c4	UNKNOWN	NCKU-WLAN	-73
2019-03-14T13:21:08.137608	04:92:26:7b:65:c4	UNKNOWN	NCKU-WLAN	-75
2019-03-14T13:21:09.028540	04:92:26:7b:65:c4	UNKNOWN	NCKU-WLAN	-77
2019-03-14T13:21:14.283243	dc:74:a8:ff:50:24	UNKNOWN		-77
2019-03-14T13:21:18.276638	00:1f:1f:85:95:e1	Edimax Technology Co. Ltd.		-41
2019-03-14T13:21:19.195565	80:7a:bf:69:9a:5a	HTC Corporation	NCKU-WLAN-802.1x	-89
2019-03-14T13:21:22.207108	f8:28:19:5a:9d:e3	UNKNOWN		-73
2019-03-14T13:21:25.582417	04:92:26:7b:65:c4	UNKNOWN		-83
2019-03-14T13:21:25.670484	04:92:26:7b:65:c4	UNKNOWN		-81
2019-03-14T13:21:25.726793	f8:28:19:5a:9d:e3	UNKNOWN		-71
2019-03-14T13:21:26.180358	f8:28:19:5a:9d:e3	UNKNOWN		-79
2019-03-14T13:21:26.535926	40:40:a7:95:2b:87	Sony Mobile Communications AB		-63
2019-03-14T13:21:27.069089	80:a5:89:62:e3:0b	AzureWave Technology Inc.	epslab_new2	-87
2019-03-14T13:21:28.936100	da:a1:19:f9:17:c0	UNKNOWN		-77
2019-03-14T13:21:31.477550	80:7a:bf:69:9a:5a	HTC Corporation	NCKU-WLAN-802.1x	-77
2019-03-14T13:21:32.221996	04:92:26:7b:65:c4	UNKNOWN		-81
2019-03-14T13:21:38.489966	40:40:a7:95:2b:87	Sony Mobile Communications AB		-75
2019-03-14T13:21:38.567118	40:40:a7:95:2b:87	Sony Mobile Communications AB		-71
2019-03-14T13:21:39.162162	da:a1:19:e2:df:ed	UNKNOWN		-85
2019-03-14T13:21:39.984362	22:a5:89:62:e3:0b	UNKNOWN		-83
2019-03-14T13:21:41.323737	80:7a:bf:69:9a:5a	HTC Corporation	NCKU-WLAN-802.1x	-81
2019-03-14T13:21:42.448528	04:92:26:7b:65:c4	UNKNOWN		-83
2019-03-14T13:21:45.561773	04:92:26:7b:65:c4	UNKNOWN		-69
2019-03-14T13:21:46.338223	da:a1:19:bc:5b:1e	UNKNOWN		-81
2019-03-14T13:21:50.298302	04:92:26:7b:65:c4	UNKNOWN		-73
2019-03-14T13:21:50.627825	04:92:26:7b:65:c4	UNKNOWN	NCKU-WLAN	-75
2019-03-14T13:21:50.662399	04:92:26:7b:65:c4	UNKNOWN	NCKU-WLAN	-83
2019-03-14T13:21:50.756740	d4:6d:6d:f4:b5:e6	UNKNOWN		-85
2019-03-14T13:21:50.801248	4c:bb:58:fa:24:31	Chicony Electronics Co., Ltd.	NCKUEE-STAFF	-83
2019-03-14T13:21:53.167228	24:0a:64:d1:cb:33	AzureWave Technology Inc.		-81
2019-03-14T13:21:54.546214	38:53:9c:c4:cb:66	UNKNOWN		-77
2019-03-14T13:22:06.813818	da:a1:19:57:23:07	UNKNOWN		-83
2019-03-14T13:22:08.067636	42:1c:5a:ee:3c:cd	UNKNOWN		-87
2019-03-14T13:22:11.696646	80:a5:89:62:e3:0b	AzureWave Technology Inc.		-85
2019-03-14T13:22:11.735285	80:a5:89:62:e3:0b	AzureWave Technology Inc.		-87
2019-03-14T13:22:16.626865	6a:bf:c7:95:3d:13	UNKNOWN		-85
2019-03-14T13:22:23.013639	8a:b9:87:77:bc:f3	UNKNOWN		-75
2019-03-14T13:22:23.067588	8a:b9:87:77:bc:f3	UNKNOWN		-75
2019-03-14T13:22:26.912402	6e:e3:4c:7e:7a:68	UNKNOWN		-77
2019-03-14T13:22:27.739150	40:40:a7:95:2b:87	Sony Mobile Communications AB		-81
2019-03-14T13:22:28.995274	f8:28:19:5a:9d:e3	UNKNOWN		-69
2019-03-14T13:22:29.133269	f8:28:19:5a:9d:e3	UNKNOWN		-71
2019-03-14T13:22:33.205324	74:da:38:6a:ca:02	Edimax Technology Co. Ltd.		-89
2019-03-14T13:22:34.599952	04:d3:b0:85:4e:9a	UNKNOWN		-81
2019-03-14T13:22:34.942196	86:7f:e2:f5:e8:f5	UNKNOWN		-85
2019-03-14T13:22:35.353035	d0:17:c2:10:5f:5c	ASUSTek COMPUTER INC.		-37
2019-03-14T13:22:35.374634	d0:17:c2:10:5f:5c	ASUSTek COMPUTER INC.		-35
2019-03-14T13:22:35.390785	d0:17:c2:10:5f:5c	ASUSTek COMPUTER INC.		-37
2019-03-14T13:22:35.513889	d0:17:c2:10:5f:5c	ASUSTek COMPUTER INC.		-37
2019-03-14T13:22:40.014715	3c:f5:91:e7:00:59	UNKNOWN	MF910_38B597	-67
2019-03-14T13:22:42.535310	24:0a:64:be:ac:a1	AzureWave Technology Inc.		-71
2019-03-14T13:22:47.969340	48:a9:1c:4f:26:bb	UNKNOWN	NCKU-WLAN-802.1x	-81
2019-03-14T13:22:53.414629	4c:bb:58:fa:24:31	Chicony Electronics Co., Ltd.	NCKUEE-STAFF	-83
2019-03-14T13:22:55.484667	9c:2a:83:7b:98:5f	Samsung Electronics Co.,Ltd		-75
2019-03-14T13:22:55.528810	9c:2a:83:7b:98:5f	Samsung Electronics Co.,Ltd		-67
2019-03-14T13:22:55.903974	4c:bb:58:fa:24:31	Chicony Electronics Co., Ltd.		-85
2019-03-14T13:22:55.919085	4c:bb:58:fa:24:31	Chicony Electronics Co., Ltd.	NCKUEE-STAFF	-85
2019-03-14T13:22:55.938673	4c:bb:58:fa:24:31	Chicony Electronics Co., Ltd.	NCKUEE-STAFF	-85
2019-03-14T13:22:55.954846	4c:bb:58:fa:24:31	Chicony Electronics Co., Ltd.		-81
2019-03-14T13:22:55.973417	4c:bb:58:fa:24:31	Chicony Electronics Co., Ltd.	NCKUEE-STAFF	-79
2019-03-14T13:23:02.134466	e8:2a:44:d2:cc:bf	UNKNOWN		-87
2019-03-14T13:23:03.817145	4e:4d:4a:7e:8e:14	UNKNOWN	NCKU-WLAN-802.1x	-83
2019-03-14T13:23:03.895793	4e:4d:4a:7e:8e:14	UNKNOWN	D.BOW	-85
2019-03-14T13:23:03.908330	4e:4d:4a:7e:8e:14	UNKNOWN	D.BOW 1F_5G	-87
2019-03-14T13:23:03.943816	4e:4d:4a:7e:8e:14	UNKNOWN	Spaceinn-Lobby1	-87
2019-03-14T13:23:03.980432	4e:4d:4a:7e:8e:14	UNKNOWN	Spaceinn-M02	-89
2019-03-14T13:23:07.602287	1c:70:22:0a:82:46	UNKNOWN		-73
2019-03-14T13:23:07.856784	56:07:bc:09:88:7e	UNKNOWN		-77
2019-03-14T13:23:09.104588	da:a1:19:d8:07:6c	UNKNOWN		-83
2019-03-14T13:23:13.764103	00:0a:f5:ce:d6:e4	Airgo Networks, Inc.		-79
2019-03-14T13:23:15.409622	40:40:a7:95:2b:87	Sony Mobile Communications AB		-85
2019-03-14T13:23:18.641782	dc:85:de:52:d2:7d	AzureWave Technology Inc.	NCKU-WLAN	-87
2019-03-14T13:23:23.534986	80:a5:89:62:e3:0b	AzureWave Technology Inc.	epslab_new	-85
2019-03-14T13:23:23.644958	2c:4d:54:41:ab:be	ASUSTek COMPUTER INC.		-89
2019-03-14T13:23:23.663920	2c:4d:54:41:ab:be	ASUSTek COMPUTER INC.		-85
2019-03-14T13:23:23.679075	2c:4d:54:41:ab:be	ASUSTek COMPUTER INC.		-87
2019-03-14T13:23:28.883822	f8:28:19:5a:9d:e3	UNKNOWN		-77
2019-03-14T13:23:28.995478	f8:28:19:5a:9d:e3	UNKNOWN		-77
2019-03-14T13:23:36.192155	74:da:38:6a:ca:02	Edimax Technology Co. Ltd.	2F LAB Teacher	-87
2019-03-14T13:23:36.206152	74:da:38:6a:ca:02	Edimax Technology Co. Ltd.		-87
2019-03-14T13:23:36.841353	74:da:38:6a:ca:02	Edimax Technology Co. Ltd.	2F LAB Teacher	-87
2019-03-14T13:23:38.015259	c8:1e:e7:e3:d9:92	Apple, Inc.	NCKU-WLAN-802.1x	-83
2019-03-14T13:23:40.952317	fc:18:3c:ed:bb:57	UNKNOWN		-85
2019-03-14T13:23:42.259921	7e:47:5e:2f:e9:83	UNKNOWN		-85
2019-03-14T13:23:44.169877	96:14:3c:83:3e:53	UNKNOWN		-81
2019-03-14T13:23:45.047929	22:0b:60:ed:fa:02	UNKNOWN		-81
2019-03-14T13:23:45.542080	00:0a:f5:ce:d6:e4	Airgo Networks, Inc.		-85
2019-03-14T13:23:47.732463	00:0a:f5:ce:d6:e4	Airgo Networks, Inc.	MCSLAB	-85
2019-03-14T13:23:47.786288	00:0a:f5:ce:d6:e4	Airgo Networks, Inc.	MCSLAB	-85
2019-03-14T13:23:47.821906	00:0a:f5:ce:d6:e4	Airgo Networks, Inc.	MCSLAB	-89
2019-03-14T13:23:48.000685	d6:d8:24:87:9d:54	UNKNOWN		-83
2019-03-14T13:23:50.355462	40:4e:36:94:19:ba	HTC Corporation		-79
2019-03-14T13:23:50.676248	d4:6d:6d:f4:b5:e6	UNKNOWN		-87
2019-03-14T13:23:53.813238	ea:ef:8e:36:89:5b	UNKNOWN		-77
2019-03-14T13:23:53.848382	ea:ef:8e:36:89:5b	UNKNOWN		-79
2019-03-14T13:23:56.892291	da:a1:19:b2:3e:f2	UNKNOWN		-79
2019-03-14T13:23:58.326931	4c:bb:58:fa:24:31	Chicony Electronics Co., Ltd.	NCKUEE-STAFF	-83
2019-03-14T13:24:05.008036	9c:5c:f9:74:71:81	Sony Mobile Communications AB	penguin	-83
2019-03-14T13:24:05.025769	9c:5c:f9:74:71:81	Sony Mobile Communications AB	DBSE-92517	-87
2019-03-14T13:24:05.043398	9c:5c:f9:74:71:81	Sony Mobile Communications AB	MANDI BUS 11	-85
2019-03-14T13:24:05.059006	9c:5c:f9:74:71:81	Sony Mobile Communications AB	Sava Hoteli Bled	-85
2019-03-14T13:24:05.070768	9c:5c:f9:74:71:81	Sony Mobile Communications AB	Hotel Jezero Free	-85
2019-03-14T13:24:05.104837	9c:5c:f9:74:71:81	Sony Mobile Communications AB	CASTLE	-87
2019-03-14T13:24:05.742083	e8:2a:44:d2:cc:bf	UNKNOWN		-87
2019-03-14T13:24:05.814707	b0:e2:35:c7:a4:af	Xiaomi Communications Co Ltd		-81
2019-03-14T13:24:05.834638	b0:e2:35:c7:a4:af	Xiaomi Communications Co Ltd	miao	-81
2019-03-14T13:24:05.918844	e8:2a:44:d2:cc:bf	UNKNOWN		-85
2019-03-14T13:24:07.220110	24:0a:64:25:7d:85	AzureWave Technology Inc.		-83
2019-03-14T13:24:07.765866	1c:70:22:0a:82:46	UNKNOWN		-73
2019-03-14T13:24:10.840445	da:a1:19:d6:53:83	UNKNOWN		-83
2019-03-14T13:24:10.882097	da:a1:19:d6:53:83	UNKNOWN		-83
2019-03-14T13:24:10.896364	da:a1:19:d6:53:83	UNKNOWN		-83
2019-03-14T13:24:12.235764	ec:f3:42:8c:3a:f1	UNKNOWN		-69
2019-03-14T13:24:15.887325	80:7a:bf:69:9a:5a	HTC Corporation	NCKU-WLAN-802.1x	-83
2019-03-14T13:24:25.935673	00:1f:1f:85:95:e1	Edimax Technology Co. Ltd.		-51
2019-03-14T13:24:28.898612	9c:5c:f9:74:71:81	Sony Mobile Communications AB	dlink-FB90	-81
2019-03-14T13:24:28.910166	9c:5c:f9:74:71:81	Sony Mobile Communications AB	Amadria Park	-85
2019-03-14T13:24:28.921712	9c:5c:f9:74:71:81	Sony Mobile Communications AB	Sava Hoteli Bled	-85
2019-03-14T13:24:29.267999	00:1f:1f:85:95:e1	Edimax Technology Co. Ltd.		-51
2019-03-14T13:24:35.004445	9c:f4:8e:df:5b:c7	Apple, Inc.	NCKU-WLAN-802.1x	-83
2019-03-14T13:24:35.699012	f8:28:19:5a:9d:e3	UNKNOWN		-73
2019-03-14T13:24:35.808674	f8:28:19:5a:9d:e3	UNKNOWN		-69
2019-03-14T13:24:36.799020	9c:5c:f9:74:71:81	Sony Mobile Communications AB	Sava Hoteli Bled	-85
2019-03-14T13:24:38.694406	9c:5c:f9:74:71:81	Sony Mobile Communications AB		-81
2019-03-14T13:24:38.820694	9c:5c:f9:74:71:81	Sony Mobile Communications AB		-79
2019-03-14T13:24:38.863721	74:da:38:6a:ca:02	Edimax Technology Co. Ltd.	2F LAB Teacher	-83
2019-03-14T13:24:39.079368	6c:e8:5c:cb:66:0a	UNKNOWN		-81
2019-03-14T13:24:39.473088	74:da:38:6a:ca:02	Edimax Technology Co. Ltd.	2F LAB Teacher	-87
2019-03-14T13:24:42.528856	24:0a:64:be:ac:a1	AzureWave Technology Inc.		-71
2019-03-14T13:24:42.571628	24:0a:64:be:ac:a1	AzureWave Technology Inc.		-77
2019-03-14T13:24:44.016149	9c:5c:f9:74:71:81	Sony Mobile Communications AB	penguin	-87
2019-03-14T13:24:44.027449	9c:5c:f9:74:71:81	Sony Mobile Communications AB	DBSE-92517	-85
2019-03-14T13:24:44.041356	9c:5c:f9:74:71:81	Sony Mobile Communications AB		-87
2019-03-14T13:24:44.975083	80:7a:bf:69:9a:5a	HTC Corporation	NCKU-WLAN-802.1x	-83
2019-03-14T13:24:48.564618	2c:fd:a1:aa:1b:b5	UNKNOWN		-81
2019-03-14T13:24:53.020718	24:0a:64:d1:cb:33	AzureWave Technology Inc.		-77
2019-03-14T13:24:56.389328	8e:e5:87:53:08:3d	UNKNOWN		-69
2019-03-14T13:24:58.326897	4c:bb:58:fa:24:31	Chicony Electronics Co., Ltd.		-85
2019-03-14T13:24:59.075754	10:7b:44:a9:87:20	UNKNOWN		-85
2019-03-14T13:25:00.551248	00:0a:f5:ce:d6:e4	Airgo Networks, Inc.		-79
2019-03-14T13:25:00.941837	4c:bb:58:fa:24:31	Chicony Electronics Co., Ltd.		-83
2019-03-14T13:25:00.959792	4c:bb:58:fa:24:31	Chicony Electronics Co., Ltd.	NCKUEE-STAFF	-83
2019-03-14T13:25:00.974389	4c:bb:58:fa:24:31	Chicony Electronics Co., Ltd.	NCKUEE-STAFF	-83
2019-03-14T13:25:00.987689	4c:bb:58:fa:24:31	Chicony Electronics Co., Ltd.		-85
2019-03-14T13:25:01.002167	4c:bb:58:fa:24:31	Chicony Electronics Co., Ltd.	NCKUEE-STAFF	-85
2019-03-14T13:25:01.016547	4c:bb:58:fa:24:31	Chicony Electronics Co., Ltd.	NCKUEE-STAFF	-85
2019-03-14T13:25:03.067501	da:a1:19:84:ae:cc	UNKNOWN		-83
2019-03-14T13:25:16.841329	da:a1:19:87:04:b8	UNKNOWN		-69
2019-03-14T13:25:28.929075	da:a1:19:f3:82:65	UNKNOWN		-59
2019-03-14T13:25:30.457924	48:4b:aa:07:0b:ae	Apple, Inc.		-87
2019-03-14T13:25:30.993769	da:a1:19:df:06:fe	UNKNOWN		-45
2019-03-14T13:25:31.789098	32:5a:35:09:7f:60	UNKNOWN		-87
2019-03-14T13:25:34.887501	04:d3:b0:85:4e:9a	UNKNOWN		-81
2019-03-14T13:25:34.904687	9c:5c:f9:74:71:81	Sony Mobile Communications AB		-81
2019-03-14T13:25:35.180895	da:35:29:09:10:c1	UNKNOWN		-87
2019-03-14T13:25:35.890419	f8:28:19:5a:9d:e3	UNKNOWN		-69
2019-03-14T13:25:37.019461	00:0a:f5:ce:d6:e4	Airgo Networks, Inc.	MCSLAB	-41
2019-03-14T13:25:37.050492	00:0a:f5:ce:d6:e4	Airgo Networks, Inc.	MCSLAB	-43
2019-03-14T13:25:39.559110	9c:f4:8e:df:5b:c7	Apple, Inc.	NCKU-WLAN-802.1x	-87
2019-03-14T13:25:43.339462	24:0a:64:be:ac:a1	AzureWave Technology Inc.		-71
2019-03-14T13:25:43.384052	24:0a:64:be:ac:a1	AzureWave Technology Inc.		-75
2019-03-14T13:25:45.900926	52:b6:d9:84:85:fe	UNKNOWN		-83
2019-03-14T13:25:47.222871	c8:1e:e7:e3:d9:92	Apple, Inc.	NCKU-WLAN-802.1x	-85
2019-03-14T13:25:53.054183	a2:28:5f:96:b4:52	UNKNOWN		-85
2019-03-14T13:25:53.152096	24:0a:64:d1:cb:33	AzureWave Technology Inc.		-71
2019-03-14T13:25:53.238351	24:0a:64:24:64:af	AzureWave Technology Inc.	NCKU-WLAN	-83
2019-03-14T13:25:53.945754	18:f6:43:7e:b4:7a	Apple, Inc.	NCKU-WLAN-802.1x	-85
2019-03-14T13:25:59.662026	18:f6:43:7e:b4:7a	Apple, Inc.	NCKU-WLAN-802.1x	-83
2019-03-14T13:25:59.907308	da:a1:19:1d:9a:4e	UNKNOWN		-75
2019-03-14T13:26:00.482163	84:41:67:89:84:d2	UNKNOWN		-85
2019-03-14T13:26:01.725170	b6:f8:f2:43:11:cf	UNKNOWN		-55
2019-03-14T13:26:04.281669	b8:27:eb:0d:a3:f9	Raspberry Pi Foundation		-35
2019-03-14T13:26:04.300235	b8:27:eb:0d:a3:f9	Raspberry Pi Foundation		-35
2019-03-14T13:26:05.824004	18:f6:43:7e:b4:7a	Apple, Inc.	NCKU-WLAN-802.1x	-85
2019-03-14T13:26:07.069785	da:a1:19:37:9c:27	UNKNOWN		-81
2019-03-14T13:26:07.087849	da:a1:19:37:9c:27	UNKNOWN		-79
2019-03-14T13:26:07.634141	24:0a:64:25:7d:85	AzureWave Technology Inc.		-81
2019-03-14T13:26:08.520504	1c:70:22:0a:82:46	UNKNOWN		-77
2019-03-14T13:26:08.549564	1c:70:22:0a:82:46	UNKNOWN		-79
2019-03-14T13:26:09.309143	e8:2a:44:d2:cc:bf	UNKNOWN		-87
2019-03-14T13:26:09.391738	e8:2a:44:d2:cc:bf	UNKNOWN		-85
2019-03-14T13:26:10.825866	2c:4d:54:41:ab:be	ASUSTek COMPUTER INC.		-87
2019-03-14T13:26:12.413061	da:a1:19:82:de:e0	UNKNOWN		-79
2019-03-14T13:26:12.449478	da:a1:19:82:de:e0	UNKNOWN		-81
2019-03-14T13:26:12.882385	da:a1:19:e0:13:fe	UNKNOWN		-61
2019-03-14T13:26:12.938171	da:a1:19:e0:13:fe	UNKNOWN		-71
2019-03-14T13:26:13.012680	da:a1:19:05:01:ec	UNKNOWN		-69
2019-03-14T13:26:13.489198	9a:b9:a9:c2:01:5b	UNKNOWN		-85
2019-03-14T13:26:14.172437	00:b3:62:05:c4:ac	Apple, Inc.		-85
2019-03-14T13:26:17.754712	9c:f4:8e:df:5b:c7	Apple, Inc.	NCKU-WLAN-802.1x	-89
2019-03-14T13:26:18.354167	80:a5:89:b4:b5:e9	AzureWave Technology Inc.		-87
2019-03-14T13:26:19.801347	9c:5c:f9:74:71:81	Sony Mobile Communications AB		-81
2019-03-14T13:26:19.815373	9c:5c:f9:74:71:81	Sony Mobile Communications AB		-79
2019-03-14T13:26:22.221068	70:4d:7b:c4:b7:f4	ASUSTek COMPUTER INC.	NCKU-WLAN	-81
2019-03-14T13:26:22.706156	80:a5:89:b4:b5:e9	AzureWave Technology Inc.		-89
2019-03-14T13:26:25.681206	80:a5:89:b4:b5:e9	AzureWave Technology Inc.	NCKUEE-B1-4F	-87
2019-03-14T13:26:26.555627	8e:e5:87:53:08:3d	UNKNOWN		-89
2019-03-14T13:26:26.621992	8e:e5:87:53:08:3d	UNKNOWN		-85
2019-03-14T13:26:35.785493	9c:5c:f9:74:71:81	Sony Mobile Communications AB		-89
2019-03-14T13:26:36.408436	f8:28:19:5a:9d:e3	UNKNOWN		-79
2019-03-14T13:26:40.595348	aa:cf:77:8a:12:ce	UNKNOWN		-81
2019-03-14T13:26:43.752599	36:ce:aa:c4:bc:8a	UNKNOWN		-79
2019-03-14T13:26:43.869029	36:ce:aa:c4:bc:8a	UNKNOWN		-79
2019-03-14T13:26:45.110479	74:da:38:6a:ca:02	Edimax Technology Co. Ltd.		-91
2019-03-14T13:26:50.899698	20:16:d8:b1:23:fb	Liteon Technology Corporation		-89
2019-03-14T13:26:54.079998	24:0a:64:d1:cb:33	AzureWave Technology Inc.		-79
2019-03-14T13:26:54.639643	d4:6d:6d:f4:b5:e6	UNKNOWN		-85
2019-03-14T13:26:55.645573	9c:5c:f9:74:71:81	Sony Mobile Communications AB		-83
2019-03-14T13:27:05.801670	26:0a:64:24:64:af	UNKNOWN		-85
2019-03-14T13:27:06.163975	4c:bb:58:fa:24:31	Chicony Electronics Co., Ltd.	NCKUEE-STAFF	-83
2019-03-14T13:27:10.789093	24:0a:64:24:64:af	AzureWave Technology Inc.	NCKU-WLAN	-81
2019-03-14T13:27:11.029178	8e:e5:87:53:08:3d	UNKNOWN		-87
2019-03-14T13:27:12.463862	c8:1e:e7:e3:d9:92	Apple, Inc.		-81
2019-03-14T13:27:12.501510	c8:1e:e7:e3:d9:92	Apple, Inc.		-85
2019-03-14T13:27:15.393133	3a:65:dd:44:73:1e	UNKNOWN		-83
2019-03-14T13:27:18.905982	22:d4:6f:80:0d:d4	UNKNOWN		-87
2019-03-14T13:27:27.577927	0c:9d:92:72:f9:3a	UNKNOWN	MCSLAB	-41
2019-03-14T13:27:29.323442	ee:f1:79:32:84:dc	UNKNOWN		-85
2019-03-14T13:27:36.166865	f8:28:19:5a:9d:e3	UNKNOWN		-77
2019-03-14T13:27:36.247074	f8:28:19:5a:9d:e3	UNKNOWN		-79
2019-03-14T13:27:37.803051	c8:1e:e7:e3:d9:92	Apple, Inc.	NCKU-WLAN-802.1x	-81
2019-03-14T13:27:39.014604	00:1f:1f:85:95:e1	Edimax Technology Co. Ltd.		-53
2019-03-14T13:27:42.445742	4c:1a:3d:53:44:11	GUANGDONG OPPO MOBILE TELECOMMUNICATIONS CORP.,LTD		-81
2019-03-14T13:27:43.169822	24:0a:64:be:ac:a1	AzureWave Technology Inc.		-75
2019-03-14T13:27:43.733488	0c:9d:92:72:f9:3a	UNKNOWN	MCSLAB	-57
2019-03-14T13:27:43.749561	0c:9d:92:72:f9:3a	UNKNOWN	MCSLAB	-57
2019-03-14T13:27:48.080857	74:da:38:6a:ca:02	Edimax Technology Co. Ltd.	2F LAB Teacher	-85
2019-03-14T13:27:48.369753	74:da:38:6a:ca:02	Edimax Technology Co. Ltd.	2F LAB Teacher	-87
2019-03-14T13:27:48.594568	74:da:38:6a:ca:02	Edimax Technology Co. Ltd.		-87
2019-03-14T13:27:52.260886	ec:9b:f3:b0:c5:9e	SAMSUNG ELECTRO-MECHANICS(THAILAND)		-83
2019-03-14T13:27:53.618371	24:0a:64:d1:cb:33	AzureWave Technology Inc.		-81
2019-03-14T13:27:56.107921	8e:e5:87:53:08:3d	UNKNOWN		-81
2019-03-14T13:27:58.532208	18:f6:43:7e:b4:7a	Apple, Inc.	NCKU-WLAN-802.1x	-87
2019-03-14T13:28:00.127630	0c:9d:92:72:f9:3a	UNKNOWN	MCSLAB	-53
2019-03-14T13:28:04.482592	2c:4d:54:41:ab:be	ASUSTek COMPUTER INC.		-87
2019-03-14T13:28:08.765576	4c:bb:58:fa:24:31	Chicony Electronics Co., Ltd.		-83
2019-03-14T13:28:08.779491	4c:bb:58:fa:24:31	Chicony Electronics Co., Ltd.	NCKUEE-STAFF	-81
2019-03-14T13:28:09.055314	4c:bb:58:fa:24:31	Chicony Electronics Co., Ltd.	NCKUEE-STAFF	-83
2019-03-14T13:28:09.249818	1c:70:22:0a:82:46	UNKNOWN		-73
2019-03-14T13:28:10.817177	da:a1:19:3c:a2:7d	UNKNOWN		-57
2019-03-14T13:28:10.833100	da:a1:19:3c:a2:7d	UNKNOWN	2F	-59
2019-03-14T13:28:10.880710	da:a1:19:3c:a2:7d	UNKNOWN	2F	-59
2019-03-14T13:28:10.934581	da:a1:19:3c:a2:7d	UNKNOWN		-71
2019-03-14T13:28:10.950345	da:a1:19:3c:a2:7d	UNKNOWN		-67
2019-03-14T13:28:10.966360	da:a1:19:3c:a2:7d	UNKNOWN	2F	-67
2019-03-14T13:28:17.003365	e8:2a:44:d2:cc:bf	UNKNOWN		-87
2019-03-14T13:28:17.147289	da:a1:19:90:7f:55	UNKNOWN		-41
2019-03-14T13:28:17.181778	da:a1:19:90:7f:55	UNKNOWN		-45
2019-03-14T13:28:17.284184	e8:2a:44:d2:cc:bf	UNKNOWN		-89
2019-03-14T13:28:23.144790	da:a1:19:b9:62:e3	UNKNOWN		-45
2019-03-14T13:28:23.184845	da:a1:19:b9:62:e3	UNKNOWN	2F	-49
2019-03-14T13:28:23.249697	da:a1:19:b9:62:e3	UNKNOWN		-47
2019-03-14T13:28:23.265564	da:a1:19:b9:62:e3	UNKNOWN	2F	-47
2019-03-14T13:28:23.871186	24:0a:64:24:64:af	AzureWave Technology Inc.	NCKU-WLAN	-83
2019-03-14T13:28:29.200868	da:a1:19:cd:53:f1	UNKNOWN	2F	-43
2019-03-14T13:28:29.218131	da:a1:19:cd:53:f1	UNKNOWN		-45
2019-03-14T13:28:29.236830	da:a1:19:cd:53:f1	UNKNOWN	2F	-49
2019-03-14T13:28:29.275483	da:a1:19:cd:53:f1	UNKNOWN		-49
2019-03-14T13:28:31.999750	ec:51:bc:96:4b:e1	UNKNOWN		-79
2019-03-14T13:28:35.156115	da:a1:19:52:c1:f7	UNKNOWN		-87
2019-03-14T13:28:35.174127	da:a1:19:52:c1:f7	UNKNOWN	2F	-43
2019-03-14T13:28:35.251281	da:a1:19:52:c1:f7	UNKNOWN	2F	-43
2019-03-14T13:28:38.415908	44:00:10:df:8f:c8	Apple, Inc.	MBILAB	-83
2019-03-14T13:28:39.511662	f8:28:19:5a:9d:e3	UNKNOWN		-77
2019-03-14T13:28:41.201337	da:a1:19:e6:6b:4f	UNKNOWN		-51
2019-03-14T13:28:41.245101	da:a1:19:e6:6b:4f	UNKNOWN	2F	-51
2019-03-14T13:28:41.333260	da:a1:19:e6:6b:4f	UNKNOWN		-49
2019-03-14T13:28:41.367891	da:a1:19:e6:6b:4f	UNKNOWN	2F	-87
2019-03-14T13:28:41.497001	da:a1:19:e6:6b:4f	UNKNOWN		-53
2019-03-14T13:28:43.277120	24:0a:64:be:ac:a1	AzureWave Technology Inc.		-73
2019-03-14T13:28:43.801054	0c:9d:92:72:f9:3a	UNKNOWN		-55
2019-03-14T13:28:45.449123	9c:2a:83:7b:98:5f	Samsung Electronics Co.,Ltd		-69
2019-03-14T13:28:45.552937	9c:2a:83:7b:98:5f	Samsung Electronics Co.,Ltd		-69
2019-03-14T13:28:47.263325	da:a1:19:82:02:82	UNKNOWN		-49
2019-03-14T13:28:47.347222	da:a1:19:82:02:82	UNKNOWN		-51
2019-03-14T13:28:47.386882	da:a1:19:82:02:82	UNKNOWN	2F	-53
2019-03-14T13:28:47.551575	da:a1:19:82:02:82	UNKNOWN	2F	-51
2019-03-14T13:28:51.344218	74:da:38:6a:ca:02	Edimax Technology Co. Ltd.	2F LAB Teacher	-87
2019-03-14T13:28:52.028016	f2:98:b2:35:75:0f	UNKNOWN		-85
2019-03-14T13:28:53.227193	da:a1:19:8c:43:d1	UNKNOWN		-49
2019-03-14T13:28:53.242861	da:a1:19:8c:43:d1	UNKNOWN	2F	-43
2019-03-14T13:28:53.326260	da:a1:19:8c:43:d1	UNKNOWN		-43
2019-03-14T13:28:53.343837	da:a1:19:8c:43:d1	UNKNOWN	2F	-49
2019-03-14T13:28:53.390210	da:a1:19:8c:43:d1	UNKNOWN	2F	-55
2019-03-14T13:28:56.480459	d4:6d:6d:f4:b5:e6	UNKNOWN		-85
2019-03-14T13:28:56.800811	b8:27:eb:1a:ea:01	Raspberry Pi Foundation		-83
2019-03-14T13:28:59.184876	da:a1:19:da:8a:fa	UNKNOWN		-49
2019-03-14T13:28:59.200481	da:a1:19:da:8a:fa	UNKNOWN	2F	-39
2019-03-14T13:28:59.219825	da:a1:19:da:8a:fa	UNKNOWN		-51
2019-03-14T13:29:05.186973	da:a1:19:19:15:79	UNKNOWN	2F	-41
2019-03-14T13:29:05.229724	da:a1:19:19:15:79	UNKNOWN		-47
2019-03-14T13:29:05.245372	da:a1:19:19:15:79	UNKNOWN	2F	-47
2019-03-14T13:29:09.054936	4c:bb:58:fa:24:31	Chicony Electronics Co., Ltd.		-79
2019-03-14T13:29:09.634771	1c:70:22:0a:82:46	UNKNOWN		-71
2019-03-14T13:29:10.910884	9c:2a:83:7b:98:5f	Samsung Electronics Co.,Ltd		-63
2019-03-14T13:29:10.942791	9c:2a:83:7b:98:5f	Samsung Electronics Co.,Ltd		-65
2019-03-14T13:29:11.198896	da:a1:19:bf:15:da	UNKNOWN		-41
2019-03-14T13:29:11.222224	da:a1:19:bf:15:da	UNKNOWN	2F	-41
2019-03-14T13:29:11.239080	da:a1:19:bf:15:da	UNKNOWN		-49
2019-03-14T13:29:11.255616	da:a1:19:bf:15:da	UNKNOWN	2F	-43
2019-03-14T13:29:13.713655	00:b3:62:05:c4:ac	Apple, Inc.		-81
2019-03-14T13:29:13.731832	00:b3:62:05:c4:ac	Apple, Inc.		-83
2019-03-14T13:29:16.992513	12:76:b0:64:46:c7	UNKNOWN		-85
2019-03-14T13:29:17.022114	12:76:b0:64:46:c7	UNKNOWN		-87
2019-03-14T13:29:17.096963	40:b8:37:d4:99:79	Sony Mobile Communications AB		-81
2019-03-14T13:29:17.189633	e8:2a:44:d2:cc:bf	UNKNOWN		-87
2019-03-14T13:29:17.512899	da:a1:19:bf:fa:79	UNKNOWN	2F	-51
2019-03-14T13:29:17.668457	da:a1:19:bf:fa:79	UNKNOWN		-51
2019-03-14T13:29:17.710547	da:a1:19:bf:fa:79	UNKNOWN	2F	-51
2019-03-14T13:29:19.819706	fc:18:3c:ed:bb:57	UNKNOWN	Epslab_BEMS	-87
2019-03-14T13:29:21.495311	00:1f:1f:85:95:e1	Edimax Technology Co. Ltd.		-53
2019-03-14T13:29:21.874864	00:1f:1f:85:95:e1	Edimax Technology Co. Ltd.		-55
2019-03-14T13:29:23.058821	40:b8:37:d4:99:79	Sony Mobile Communications AB		-81
2019-03-14T13:29:25.325961	aa:49:81:0e:a5:3e	UNKNOWN		-87
