2019-03-09T10:47:29.432694	40:4e:36:5e:58:b2	HTC Corporation		-75
2019-03-09T10:47:40.637121	34:68:95:88:12:d3	Hon Hai Precision Ind. Co.,Ltd.		-87
2019-03-09T10:48:06.625130	b8:27:eb:32:f7:a4	Raspberry Pi Foundation		-47
2019-03-09T10:48:06.646552	b8:27:eb:32:f7:a4	Raspberry Pi Foundation		-47
2019-03-09T10:48:55.658137	34:68:95:88:12:d3	Hon Hai Precision Ind. Co.,Ltd.		-87
2019-03-09T10:48:57.700195	34:68:95:88:12:d3	Hon Hai Precision Ind. Co.,Ltd.		-89
2019-03-09T10:49:34.724116	b8:27:eb:32:f7:a4	Raspberry Pi Foundation		-47
2019-03-09T10:49:34.763178	b8:27:eb:32:f7:a4	Raspberry Pi Foundation		-47
2019-03-09T10:49:44.712154	f4:8e:92:55:07:48	HUAWEI TECHNOLOGIES CO.,LTD		-85
2019-03-09T10:50:49.621126	40:4e:36:5e:58:b2	HTC Corporation		-75
2019-03-09T10:50:50.528532	da:a1:19:17:9f:1b	UNKNOWN		-67
2019-03-09T10:50:50.548807	da:a1:19:17:9f:1b	UNKNOWN		-67
2019-03-09T10:50:50.565747	da:a1:19:17:9f:1b	UNKNOWN		-67
2019-03-09T10:50:50.580863	da:a1:19:17:9f:1b	UNKNOWN		-67
2019-03-09T10:51:30.563106	da:a1:19:7c:d5:08	UNKNOWN		-65
2019-03-09T10:51:30.578388	da:a1:19:7c:d5:08	UNKNOWN		-65
2019-03-09T10:51:30.593454	da:a1:19:7c:d5:08	UNKNOWN		-65
2019-03-09T10:51:30.610393	da:a1:19:7c:d5:08	UNKNOWN		-69
2019-03-09T10:51:55.856939	da:a1:19:ce:4e:f0	UNKNOWN		-65
2019-03-09T10:51:55.871930	da:a1:19:ce:4e:f0	UNKNOWN		-63
2019-03-09T10:51:55.887195	da:a1:19:ce:4e:f0	UNKNOWN		-65
2019-03-09T10:51:55.902234	da:a1:19:ce:4e:f0	UNKNOWN		-67
2019-03-09T10:53:57.994123	40:4e:36:cc:26:7d	HTC Corporation		-89
2019-03-09T10:54:05.977881	40:4e:36:cc:26:7d	HTC Corporation		-91
2019-03-09T10:54:09.809751	40:4e:36:5e:58:b2	HTC Corporation		-75
2019-03-09T10:54:09.869790	40:4e:36:5e:58:b2	HTC Corporation		-77
2019-03-09T10:54:10.489715	40:4e:36:cc:26:7d	HTC Corporation		-91
2019-03-09T10:54:15.457469	40:4e:36:cc:26:7d	HTC Corporation		-89
2019-03-09T10:54:15.496274	40:4e:36:cc:26:7d	HTC Corporation		-87
2019-03-09T10:54:56.622978	88:e6:28:23:f0:4e	Shenzhen Kezhonglong Optoelectronic Technology Co.,Ltd		-87
2019-03-09T10:55:06.528534	40:4e:36:5c:9b:24	HTC Corporation		-79
2019-03-09T10:55:06.546138	40:4e:36:5c:9b:24	HTC Corporation		-79
2019-03-09T10:55:52.199899	b8:27:eb:32:f7:a4	Raspberry Pi Foundation		-49
2019-03-09T10:55:52.218792	b8:27:eb:32:f7:a4	Raspberry Pi Foundation		-47
2019-03-09T10:56:37.469216	40:4e:36:cc:26:7d	HTC Corporation		-91
2019-03-09T10:57:21.308483	40:4e:36:5c:9b:24	HTC Corporation		-89
2019-03-09T10:57:27.248813	40:4e:36:5c:9b:24	HTC Corporation	123	-87
2019-03-09T10:57:27.256354	40:4e:36:5c:9b:24	HTC Corporation	2.4G	-85
2019-03-09T10:57:27.268569	40:4e:36:5c:9b:24	HTC Corporation	5G	-89
2019-03-09T10:57:27.276244	40:4e:36:5c:9b:24	HTC Corporation		-89
2019-03-09T10:57:27.284209	40:4e:36:5c:9b:24	HTC Corporation		-91
2019-03-09T10:57:29.992422	40:4e:36:5e:58:b2	HTC Corporation		-75
2019-03-09T10:57:30.322313	40:4e:36:5c:9b:24	HTC Corporation		-85
2019-03-09T10:57:32.703578	40:4e:36:5c:9b:24	HTC Corporation	123	-83
2019-03-09T10:57:32.720345	40:4e:36:5c:9b:24	HTC Corporation	2.4G	-83
2019-03-09T10:57:32.729892	40:4e:36:5c:9b:24	HTC Corporation	5G	-83
2019-03-09T10:57:32.738212	40:4e:36:5c:9b:24	HTC Corporation		-85
2019-03-09T10:57:32.759194	40:4e:36:5c:9b:24	HTC Corporation		-85
2019-03-09T10:57:32.768832	40:4e:36:5c:9b:24	HTC Corporation	123	-87
2019-03-09T10:57:32.776716	40:4e:36:5c:9b:24	HTC Corporation	2.4G	-85
2019-03-09T10:57:32.784866	40:4e:36:5c:9b:24	HTC Corporation	5G	-85
2019-03-09T10:57:32.796493	40:4e:36:5c:9b:24	HTC Corporation		-83
2019-03-09T10:57:32.810004	40:4e:36:5c:9b:24	HTC Corporation	123	-85
2019-03-09T10:57:32.819707	40:4e:36:5c:9b:24	HTC Corporation	2.4G	-85
2019-03-09T10:57:32.829851	40:4e:36:5c:9b:24	HTC Corporation	5G	-83
2019-03-09T10:57:37.060371	b8:27:eb:32:f7:a4	Raspberry Pi Foundation		-49
2019-03-09T10:57:37.078973	b8:27:eb:32:f7:a4	Raspberry Pi Foundation		-49
2019-03-09T10:57:42.426492	40:4e:36:5c:9b:24	HTC Corporation	123	-85
2019-03-09T10:57:42.443221	40:4e:36:5c:9b:24	HTC Corporation	2.4G	-83
2019-03-09T10:57:42.453264	40:4e:36:5c:9b:24	HTC Corporation	5G	-83
2019-03-09T10:57:42.460680	40:4e:36:5c:9b:24	HTC Corporation		-83
2019-03-09T10:57:44.433156	40:4e:36:5c:9b:24	HTC Corporation	123	-85
2019-03-09T10:57:44.450106	40:4e:36:5c:9b:24	HTC Corporation	2.4G	-87
2019-03-09T10:57:44.466849	40:4e:36:5c:9b:24	HTC Corporation	5G	-89
2019-03-09T10:57:44.483485	40:4e:36:5c:9b:24	HTC Corporation		-89
2019-03-09T10:57:53.154819	40:4e:36:5c:9b:24	HTC Corporation	123	-87
2019-03-09T10:57:53.171541	40:4e:36:5c:9b:24	HTC Corporation	2.4G	-87
2019-03-09T10:57:53.188175	40:4e:36:5c:9b:24	HTC Corporation	5G	-87
2019-03-09T10:57:55.182136	40:4e:36:5c:9b:24	HTC Corporation	123	-85
2019-03-09T10:57:55.198863	40:4e:36:5c:9b:24	HTC Corporation	2.4G	-85
2019-03-09T10:57:55.215879	40:4e:36:5c:9b:24	HTC Corporation	5G	-85
2019-03-09T10:57:55.232832	40:4e:36:5c:9b:24	HTC Corporation		-89
2019-03-09T10:58:15.188521	40:4e:36:5c:9b:24	HTC Corporation	123	-87
2019-03-09T10:58:15.205232	40:4e:36:5c:9b:24	HTC Corporation	2.4G	-89
2019-03-09T10:58:15.221987	40:4e:36:5c:9b:24	HTC Corporation	5G	-87
2019-03-09T10:58:15.230979	40:4e:36:5c:9b:24	HTC Corporation		-89
2019-03-09T10:58:35.195433	40:4e:36:5c:9b:24	HTC Corporation	123	-87
2019-03-09T10:58:35.215605	40:4e:36:5c:9b:24	HTC Corporation	2.4G	-91
2019-03-09T10:58:48.945747	40:4e:36:5c:9b:24	HTC Corporation		-87
2019-03-09T10:58:48.963822	40:4e:36:5c:9b:24	HTC Corporation	123	-87
2019-03-09T10:58:48.981314	40:4e:36:5c:9b:24	HTC Corporation	2.4G	-89
2019-03-09T10:58:48.998903	40:4e:36:5c:9b:24	HTC Corporation		-85
2019-03-09T10:58:49.016620	40:4e:36:5c:9b:24	HTC Corporation	123	-87
2019-03-09T10:58:49.028654	40:4e:36:5c:9b:24	HTC Corporation	2.4G	-87
2019-03-09T10:58:49.036509	40:4e:36:5c:9b:24	HTC Corporation	5G	-87
2019-03-09T10:58:57.181662	40:4e:36:5c:9b:24	HTC Corporation	123	-89
2019-03-09T10:59:37.239219	40:4e:36:5c:9b:24	HTC Corporation	123	-87
2019-03-09T10:59:44.555195	da:a1:19:66:6c:52	UNKNOWN		-73
2019-03-09T10:59:44.570373	da:a1:19:66:6c:52	UNKNOWN		-71
2019-03-09T10:59:44.585436	da:a1:19:66:6c:52	UNKNOWN		-73
2019-03-09T10:59:57.650970	40:4e:36:cc:26:7d	HTC Corporation		-85
2019-03-09T11:00:04.562115	da:a1:19:8c:02:d5	UNKNOWN		-73
2019-03-09T11:00:04.577386	da:a1:19:8c:02:d5	UNKNOWN		-73
2019-03-09T11:00:04.586094	da:a1:19:8c:02:d5	UNKNOWN		-73
2019-03-09T11:00:37.318368	40:4e:36:5c:9b:24	HTC Corporation	2.4G	-87
2019-03-09T11:00:42.870010	40:4e:36:5c:9b:24	HTC Corporation		-87
2019-03-09T11:00:42.885912	40:4e:36:5c:9b:24	HTC Corporation	123	-87
2019-03-09T11:00:42.893845	40:4e:36:5c:9b:24	HTC Corporation	2.4G	-87
2019-03-09T11:00:47.699134	40:4e:36:5c:9b:24	HTC Corporation		-87
2019-03-09T11:00:47.716799	40:4e:36:5c:9b:24	HTC Corporation	123	-87
2019-03-09T11:00:47.734615	40:4e:36:5c:9b:24	HTC Corporation	2.4G	-85
2019-03-09T11:00:47.752082	40:4e:36:5c:9b:24	HTC Corporation	5G	-85
2019-03-09T11:00:47.792120	40:4e:36:5c:9b:24	HTC Corporation	123	-87
2019-03-09T11:00:47.802245	40:4e:36:5c:9b:24	HTC Corporation	2.4G	-87
2019-03-09T11:00:50.187970	40:4e:36:5e:58:b2	HTC Corporation		-77
2019-03-09T11:00:50.235522	40:4e:36:5e:58:b2	HTC Corporation		-79
2019-03-09T11:00:50.634436	da:a1:19:5d:81:be	UNKNOWN		-79
2019-03-09T11:00:50.641388	da:a1:19:5d:81:be	UNKNOWN		-81
2019-03-09T11:00:50.651187	da:a1:19:5d:81:be	UNKNOWN		-81
2019-03-09T11:00:52.465823	40:4e:36:5c:9b:24	HTC Corporation		-85
2019-03-09T11:00:52.485269	40:4e:36:5c:9b:24	HTC Corporation	123	-85
2019-03-09T11:00:52.503228	40:4e:36:5c:9b:24	HTC Corporation	2.4G	-83
2019-03-09T11:00:52.511677	40:4e:36:5c:9b:24	HTC Corporation	5G	-85
2019-03-09T11:00:52.519620	40:4e:36:5c:9b:24	HTC Corporation		-87
2019-03-09T11:00:52.527490	40:4e:36:5c:9b:24	HTC Corporation	5G	-85
2019-03-09T11:00:52.583126	40:4e:36:5c:9b:24	HTC Corporation	123	-85
2019-03-09T11:00:52.590956	40:4e:36:5c:9b:24	HTC Corporation	5G	-89
2019-03-09T11:01:05.804943	40:4e:36:5c:9b:24	HTC Corporation	123	-85
2019-03-09T11:01:05.820600	40:4e:36:5c:9b:24	HTC Corporation	2.4G	-85
2019-03-09T11:01:05.836383	40:4e:36:5c:9b:24	HTC Corporation	5G	-83
2019-03-09T11:01:05.851990	40:4e:36:5c:9b:24	HTC Corporation		-85
2019-03-09T11:01:07.806226	40:4e:36:5c:9b:24	HTC Corporation	123	-87
2019-03-09T11:01:07.821938	40:4e:36:5c:9b:24	HTC Corporation	2.4G	-87
2019-03-09T11:01:07.837672	40:4e:36:5c:9b:24	HTC Corporation	5G	-85
2019-03-09T11:01:07.853576	40:4e:36:5c:9b:24	HTC Corporation		-87
2019-03-09T11:01:14.765598	40:4e:36:5c:9b:24	HTC Corporation		-81
2019-03-09T11:01:14.785995	40:4e:36:5c:9b:24	HTC Corporation	123	-81
2019-03-09T11:01:14.802576	40:4e:36:5c:9b:24	HTC Corporation	2.4G	-85
2019-03-09T11:01:14.819110	40:4e:36:5c:9b:24	HTC Corporation	5G	-83
2019-03-09T11:01:14.836574	40:4e:36:5c:9b:24	HTC Corporation		-79
2019-03-09T11:01:14.845827	40:4e:36:5c:9b:24	HTC Corporation	123	-79
2019-03-09T11:01:14.854396	40:4e:36:5c:9b:24	HTC Corporation	2.4G	-79
2019-03-09T11:01:14.863689	40:4e:36:5c:9b:24	HTC Corporation	5G	-81
2019-03-09T11:01:19.742385	40:4e:36:5c:9b:24	HTC Corporation	123	-85
2019-03-09T11:01:19.758304	40:4e:36:5c:9b:24	HTC Corporation		-83
2019-03-09T11:01:19.826819	40:4e:36:5c:9b:24	HTC Corporation	123	-85
2019-03-09T11:01:21.745075	40:4e:36:5c:9b:24	HTC Corporation	123	-79
2019-03-09T11:01:21.760792	40:4e:36:5c:9b:24	HTC Corporation	2.4G	-79
2019-03-09T11:01:21.776575	40:4e:36:5c:9b:24	HTC Corporation	5G	-81
2019-03-09T11:01:21.792271	40:4e:36:5c:9b:24	HTC Corporation		-81
2019-03-09T11:01:41.795437	40:4e:36:5c:9b:24	HTC Corporation	5G	-81
2019-03-09T11:01:41.812068	40:4e:36:5c:9b:24	HTC Corporation		-79
2019-03-09T11:01:45.583811	da:a1:19:7b:86:9a	UNKNOWN		-79
2019-03-09T11:01:45.598820	da:a1:19:7b:86:9a	UNKNOWN		-79
2019-03-09T11:01:45.615756	da:a1:19:7b:86:9a	UNKNOWN		-81
2019-03-09T11:02:05.569030	da:a1:19:37:95:5f	UNKNOWN		-79
2019-03-09T11:02:05.584366	da:a1:19:37:95:5f	UNKNOWN		-79
2019-03-09T11:02:05.599423	da:a1:19:37:95:5f	UNKNOWN		-79
2019-03-09T11:02:22.445366	38:d5:47:5e:24:46	ASUSTek COMPUTER INC.	Bat Man2	-85
2019-03-09T11:02:22.461035	38:d5:47:5e:24:46	ASUSTek COMPUTER INC.	Huawei AP	-85
2019-03-09T11:02:22.473198	38:d5:47:5e:24:46	ASUSTek COMPUTER INC.	Bat Man	-87
2019-03-09T11:02:22.485302	38:d5:47:5e:24:46	ASUSTek COMPUTER INC.	Bat Man_plus	-87
2019-03-09T11:02:22.497440	38:d5:47:5e:24:46	ASUSTek COMPUTER INC.	Xiaomi_plus	-91
2019-03-09T11:02:22.510778	38:d5:47:5e:24:46	ASUSTek COMPUTER INC.	A6S	-89
2019-03-09T11:02:22.518760	38:d5:47:5e:24:46	ASUSTek COMPUTER INC.	紅米手機	-89
2019-03-09T11:02:22.524350	38:d5:47:5e:24:46	ASUSTek COMPUTER INC.		-87
2019-03-09T11:02:45.589010	da:a1:19:ad:f7:e1	UNKNOWN		-81
2019-03-09T11:02:45.603508	da:a1:19:ad:f7:e1	UNKNOWN		-83
2019-03-09T11:02:45.617860	da:a1:19:ad:f7:e1	UNKNOWN		-81
2019-03-09T11:03:08.939440	da:a1:19:1b:a9:b0	UNKNOWN		-83
2019-03-09T11:03:08.954587	da:a1:19:1b:a9:b0	UNKNOWN		-85
2019-03-09T11:03:08.969620	da:a1:19:1b:a9:b0	UNKNOWN		-85
2019-03-09T11:03:10.579565	b8:27:eb:32:f7:a4	Raspberry Pi Foundation		-49
2019-03-09T11:03:10.597998	b8:27:eb:32:f7:a4	Raspberry Pi Foundation		-51
2019-03-09T11:03:25.630873	40:4e:36:cc:26:7d	HTC Corporation		-87
2019-03-09T11:03:28.919199	da:a1:19:a9:11:a0	UNKNOWN		-85
2019-03-09T11:03:28.934403	da:a1:19:a9:11:a0	UNKNOWN		-83
2019-03-09T11:03:28.953511	da:a1:19:a9:11:a0	UNKNOWN		-83
2019-03-09T11:03:28.968450	da:a1:19:a9:11:a0	UNKNOWN		-85
2019-03-09T11:03:28.978524	da:a1:19:a9:11:a0	UNKNOWN		-85
2019-03-09T11:03:33.176364	40:4e:36:cc:26:7d	HTC Corporation		-91
2019-03-09T11:04:10.378366	40:4e:36:5e:58:b2	HTC Corporation		-75
2019-03-09T11:04:10.415497	40:4e:36:5e:58:b2	HTC Corporation		-79
2019-03-09T11:04:25.947119	34:68:95:88:12:d3	Hon Hai Precision Ind. Co.,Ltd.		-91
2019-03-09T11:04:27.851126	4e:46:16:fc:8d:a2	UNKNOWN		-79
2019-03-09T11:05:55.959357	34:68:95:88:12:d3	Hon Hai Precision Ind. Co.,Ltd.		-91
2019-03-09T11:05:57.898449	da:a1:19:d3:f8:89	UNKNOWN		-77
2019-03-09T11:05:57.913521	da:a1:19:d3:f8:89	UNKNOWN		-73
2019-03-09T11:05:57.928495	da:a1:19:d3:f8:89	UNKNOWN		-77
2019-03-09T11:06:37.991251	40:4e:36:cc:26:7d	HTC Corporation		-89
2019-03-09T11:07:30.533781	40:4e:36:5e:58:b2	HTC Corporation		-73
2019-03-09T11:08:48.750779	da:a1:19:05:d7:61	UNKNOWN		-89
2019-03-09T11:09:03.495589	da:a1:19:0a:b0:ef	UNKNOWN		-87
2019-03-09T11:09:05.496211	da:a1:19:64:8d:a2	UNKNOWN		-87
2019-03-09T11:09:21.933782	da:a1:19:02:93:f0	UNKNOWN		-77
2019-03-09T11:09:21.982446	da:a1:19:02:93:f0	UNKNOWN		-75
2019-03-09T11:09:26.950758	da:a1:19:ca:87:13	UNKNOWN		-71
2019-03-09T11:09:28.955533	da:a1:19:73:36:1d	UNKNOWN		-77
2019-03-09T11:09:29.054066	da:a1:19:73:36:1d	UNKNOWN		-83
2019-03-09T11:09:48.981245	da:a1:19:46:1c:8e	UNKNOWN		-85
2019-03-09T11:10:50.715509	40:4e:36:5e:58:b2	HTC Corporation		-75
2019-03-09T11:10:50.781689	40:4e:36:5e:58:b2	HTC Corporation		-79
2019-03-09T11:11:49.003822	da:a1:19:75:ed:c1	UNKNOWN		-85
2019-03-09T11:11:49.051180	da:a1:19:75:ed:c1	UNKNOWN		-87
2019-03-09T11:11:49.070314	da:a1:19:75:ed:c1	UNKNOWN		-87
2019-03-09T11:12:19.214158	b8:27:eb:32:f7:a4	Raspberry Pi Foundation		-49
2019-03-09T11:12:19.256664	b8:27:eb:32:f7:a4	Raspberry Pi Foundation		-47
2019-03-09T11:13:11.087560	34:68:95:88:12:d3	Hon Hai Precision Ind. Co.,Ltd.		-87
2019-03-09T11:13:26.149134	34:68:95:88:12:d3	Hon Hai Precision Ind. Co.,Ltd.		-89
2019-03-09T11:13:41.101197	34:68:95:88:12:d3	Hon Hai Precision Ind. Co.,Ltd.		-89
2019-03-09T11:14:10.896083	40:4e:36:5e:58:b2	HTC Corporation		-75
2019-03-09T11:14:11.107716	34:68:95:88:12:d3	Hon Hai Precision Ind. Co.,Ltd.		-91
2019-03-09T11:14:49.177623	da:a1:19:b4:5a:ed	UNKNOWN		-67
2019-03-09T11:14:49.192874	da:a1:19:b4:5a:ed	UNKNOWN		-67
2019-03-09T11:14:49.208647	da:a1:19:b4:5a:ed	UNKNOWN		-67
2019-03-09T11:14:58.915836	fa:1c:67:74:59:98	UNKNOWN		-85
2019-03-09T11:15:16.499576	da:a1:19:a2:db:af	UNKNOWN		-73
2019-03-09T11:15:16.517353	da:a1:19:a2:db:af	UNKNOWN		-73
2019-03-09T11:15:16.533927	da:a1:19:a2:db:af	UNKNOWN		-73
2019-03-09T11:15:36.498964	da:a1:19:81:ac:7b	UNKNOWN		-73
2019-03-09T11:15:36.511828	da:a1:19:81:ac:7b	UNKNOWN		-73
2019-03-09T11:15:36.518813	da:a1:19:81:ac:7b	UNKNOWN		-73
2019-03-09T11:15:56.172115	34:68:95:88:12:d3	Hon Hai Precision Ind. Co.,Ltd.		-89
2019-03-09T11:16:22.635940	da:a1:19:ee:39:21	UNKNOWN		-77
2019-03-09T11:16:22.643090	da:a1:19:ee:39:21	UNKNOWN		-77
2019-03-09T11:16:22.649894	da:a1:19:ee:39:21	UNKNOWN		-77
2019-03-09T11:16:26.196351	34:68:95:88:12:d3	Hon Hai Precision Ind. Co.,Ltd.		-89
2019-03-09T11:16:37.938447	da:a1:19:49:77:ed	UNKNOWN		-87
2019-03-09T11:16:38.498371	40:4e:36:cc:26:7d	HTC Corporation		-91
2019-03-09T11:17:04.407788	da:a1:19:1a:c0:5f	UNKNOWN		-85
2019-03-09T11:17:11.208758	34:68:95:88:12:d3	Hon Hai Precision Ind. Co.,Ltd.		-87
2019-03-09T11:17:14.399549	da:a1:19:db:d9:e6	UNKNOWN		-87
2019-03-09T11:17:24.405366	da:a1:19:ce:ee:8e	UNKNOWN		-87
2019-03-09T11:17:24.427811	da:a1:19:ce:ee:8e	UNKNOWN		-87
2019-03-09T11:17:31.081179	40:4e:36:5e:58:b2	HTC Corporation		-73
2019-03-09T11:17:31.141218	40:4e:36:5e:58:b2	HTC Corporation		-77
2019-03-09T11:17:42.636812	da:a1:19:4f:7c:f2	UNKNOWN		-73
2019-03-09T11:17:42.646966	da:a1:19:4f:7c:f2	UNKNOWN		-73
2019-03-09T11:17:42.657993	da:a1:19:4f:7c:f2	UNKNOWN		-73
2019-03-09T11:17:49.708518	da:a1:19:c2:b7:c8	UNKNOWN		-89
2019-03-09T11:18:02.098474	da:a1:19:d6:16:56	UNKNOWN		-85
2019-03-09T11:18:02.635997	da:a1:19:45:ca:4a	UNKNOWN		-75
2019-03-09T11:18:02.645448	da:a1:19:45:ca:4a	UNKNOWN		-75
2019-03-09T11:18:02.653319	da:a1:19:45:ca:4a	UNKNOWN		-75
2019-03-09T11:18:22.112319	da:a1:19:56:47:17	UNKNOWN		-85
2019-03-09T11:18:22.644342	da:a1:19:76:db:73	UNKNOWN		-75
2019-03-09T11:18:22.651968	da:a1:19:76:db:73	UNKNOWN		-75
2019-03-09T11:18:22.661758	da:a1:19:76:db:73	UNKNOWN		-75
2019-03-09T11:19:02.646385	da:a1:19:9f:ea:13	UNKNOWN		-75
2019-03-09T11:19:02.653309	da:a1:19:9f:ea:13	UNKNOWN		-75
2019-03-09T11:19:02.663457	da:a1:19:9f:ea:13	UNKNOWN		-75
2019-03-09T11:19:06.354213	b4:c0:f5:f1:54:6c	UNKNOWN		-85
2019-03-09T11:19:06.417474	b4:c0:f5:f1:54:6c	UNKNOWN		-85
2019-03-09T11:19:18.917114	da:a1:19:f7:df:e7	UNKNOWN		-79
2019-03-09T11:19:18.963493	da:a1:19:f7:df:e7	UNKNOWN		-79
2019-03-09T11:19:37.020178	2e:33:f4:2a:ec:03	UNKNOWN		-83
2019-03-09T11:19:37.039390	2e:33:f4:2a:ec:03	UNKNOWN		-89
2019-03-09T11:19:58.673428	40:4e:36:cc:26:7d	HTC Corporation		-87
2019-03-09T11:19:59.976811	da:a1:19:ea:c4:af	UNKNOWN		-87
2019-03-09T11:20:00.025343	da:a1:19:ea:c4:af	UNKNOWN		-89
2019-03-09T11:20:09.066945	40:4e:36:5e:58:b2	HTC Corporation		-77
2019-03-09T11:20:09.215022	40:4e:36:5e:58:b2	HTC Corporation		-77
2019-03-09T11:20:50.386500	da:a1:19:df:27:19	UNKNOWN		-73
2019-03-09T11:20:50.393510	da:a1:19:df:27:19	UNKNOWN		-73
2019-03-09T11:20:50.410232	da:a1:19:df:27:19	UNKNOWN		-73
2019-03-09T11:20:51.275118	40:4e:36:5e:58:b2	HTC Corporation		-73
2019-03-09T11:20:51.334709	40:4e:36:5e:58:b2	HTC Corporation		-77
2019-03-09T11:20:52.429925	2c:4d:54:2e:73:0a	ASUSTek COMPUTER INC.	ks car 1	-89
2019-03-09T11:20:52.449379	2c:4d:54:2e:73:0a	ASUSTek COMPUTER INC.	ks car 1	-91
2019-03-09T11:20:52.467035	2c:4d:54:2e:73:0a	ASUSTek COMPUTER INC.	ks car 1	-87
2019-03-09T11:20:52.483624	2c:4d:54:2e:73:0a	ASUSTek COMPUTER INC.	ks car 1	-89
2019-03-09T11:20:52.498528	2c:4d:54:2e:73:0a	ASUSTek COMPUTER INC.	ks car 1	-87
2019-03-09T11:20:52.513486	2c:4d:54:2e:73:0a	ASUSTek COMPUTER INC.	ks car 1	-89
2019-03-09T11:20:52.528399	2c:4d:54:2e:73:0a	ASUSTek COMPUTER INC.	ks car 1	-87
2019-03-09T11:20:52.543505	2c:4d:54:2e:73:0a	ASUSTek COMPUTER INC.	ks car 1	-91
2019-03-09T11:20:54.446513	2c:4d:54:2e:73:0a	ASUSTek COMPUTER INC.		-71
2019-03-09T11:20:54.454422	2c:4d:54:2e:73:0a	ASUSTek COMPUTER INC.		-71
2019-03-09T11:20:54.876441	2c:4d:54:2e:73:0a	ASUSTek COMPUTER INC.	ks car 1	-77
2019-03-09T11:20:54.883838	2c:4d:54:2e:73:0a	ASUSTek COMPUTER INC.	ks car 1	-75
2019-03-09T11:20:54.890768	2c:4d:54:2e:73:0a	ASUSTek COMPUTER INC.	ks car 1	-73
2019-03-09T11:20:54.900223	2c:4d:54:2e:73:0a	ASUSTek COMPUTER INC.	ks car 1	-75
2019-03-09T11:20:54.911587	2c:4d:54:2e:73:0a	ASUSTek COMPUTER INC.	ks car 1	-75
2019-03-09T11:20:54.921549	2c:4d:54:2e:73:0a	ASUSTek COMPUTER INC.	ks car 1	-75
2019-03-09T11:20:54.931281	2c:4d:54:2e:73:0a	ASUSTek COMPUTER INC.	ks car 1	-77
2019-03-09T11:20:54.941515	2c:4d:54:2e:73:0a	ASUSTek COMPUTER INC.	ks car 1	-75
2019-03-09T11:20:54.948508	2c:4d:54:2e:73:0a	ASUSTek COMPUTER INC.	ks car 1	-77
2019-03-09T11:20:54.955474	2c:4d:54:2e:73:0a	ASUSTek COMPUTER INC.	ks car 1	-71
2019-03-09T11:20:54.962224	2c:4d:54:2e:73:0a	ASUSTek COMPUTER INC.	ks car 1	-71
2019-03-09T11:20:54.969081	2c:4d:54:2e:73:0a	ASUSTek COMPUTER INC.	ks car 1	-75
2019-03-09T11:20:54.977387	2c:4d:54:2e:73:0a	ASUSTek COMPUTER INC.	ks car 1	-75
2019-03-09T11:20:54.984389	2c:4d:54:2e:73:0a	ASUSTek COMPUTER INC.	ks car 1	-75
2019-03-09T11:20:54.991141	2c:4d:54:2e:73:0a	ASUSTek COMPUTER INC.	ks car 1	-77
2019-03-09T11:20:54.998152	2c:4d:54:2e:73:0a	ASUSTek COMPUTER INC.	ks car 1	-75
2019-03-09T11:21:00.900472	2c:4d:54:2e:73:0a	ASUSTek COMPUTER INC.		-83
2019-03-09T11:21:00.909117	2c:4d:54:2e:73:0a	ASUSTek COMPUTER INC.		-85
2019-03-09T11:21:00.916659	2c:4d:54:2e:73:0a	ASUSTek COMPUTER INC.		-85
2019-03-09T11:21:00.923480	2c:4d:54:2e:73:0a	ASUSTek COMPUTER INC.		-83
2019-03-09T11:21:00.952424	2c:4d:54:2e:73:0a	ASUSTek COMPUTER INC.		-89
2019-03-09T11:21:00.963096	2c:4d:54:2e:73:0a	ASUSTek COMPUTER INC.		-85
2019-03-09T11:21:32.051129	54:9f:13:0f:70:7c	Apple, Inc.	happy.2	-87
2019-03-09T11:21:32.072298	54:9f:13:0f:70:7c	Apple, Inc.	happy.2	-87
2019-03-09T11:21:35.377205	02:2e:8e:4e:0e:c2	UNKNOWN		-89
2019-03-09T11:21:35.878713	4a:b3:4c:fd:af:8f	UNKNOWN	CHTWL	-91
2019-03-09T11:21:46.657716	40:4e:36:cc:26:7d	HTC Corporation		-87
2019-03-09T11:21:46.697934	40:4e:36:cc:26:7d	HTC Corporation		-87
2019-03-09T11:23:18.848805	40:4e:36:cc:26:7d	HTC Corporation		-87
2019-03-09T11:24:11.457220	40:4e:36:5e:58:b2	HTC Corporation		-73
2019-03-09T11:25:04.541223	da:a1:19:53:f2:c0	UNKNOWN		-81
2019-03-09T11:25:04.549932	da:a1:19:53:f2:c0	UNKNOWN		-81
2019-03-09T11:25:35.094138	da:a1:19:3d:e4:ec	UNKNOWN		-85
2019-03-09T11:25:37.013187	da:a1:19:db:25:7f	UNKNOWN		-87
2019-03-09T11:25:41.537883	80:01:84:f7:01:d4	HTC Corporation		-87
2019-03-09T11:25:41.549662	80:01:84:f7:01:d4	HTC Corporation		-87
2019-03-09T11:27:31.635593	40:4e:36:5e:58:b2	HTC Corporation		-73
2019-03-09T11:27:31.695792	40:4e:36:5e:58:b2	HTC Corporation		-77
2019-03-09T11:27:50.358073	da:a1:19:b8:8d:77	UNKNOWN		-75
2019-03-09T11:27:50.366019	da:a1:19:b8:8d:77	UNKNOWN		-77
2019-03-09T11:27:50.375358	da:a1:19:b8:8d:77	UNKNOWN		-75
2019-03-09T11:27:50.395666	da:a1:19:b8:8d:77	UNKNOWN		-79
2019-03-09T11:29:59.189192	40:4e:36:cc:26:7d	HTC Corporation		-87
2019-03-09T11:30:30.356112	da:a1:19:89:06:d1	UNKNOWN		-75
2019-03-09T11:30:30.364408	da:a1:19:89:06:d1	UNKNOWN		-75
2019-03-09T11:30:30.375478	da:a1:19:89:06:d1	UNKNOWN		-75
2019-03-09T11:30:51.832640	40:4e:36:5e:58:b2	HTC Corporation		-73
2019-03-09T11:30:51.893227	40:4e:36:5e:58:b2	HTC Corporation		-77
2019-03-09T11:31:34.184420	40:4e:36:cc:26:7d	HTC Corporation		-87
2019-03-09T11:32:41.704908	da:a1:19:5d:ba:4a	UNKNOWN		-73
2019-03-09T11:32:41.725987	da:a1:19:5d:ba:4a	UNKNOWN		-73
2019-03-09T11:32:41.744956	da:a1:19:5d:ba:4a	UNKNOWN		-75
2019-03-09T11:32:41.759903	da:a1:19:5d:ba:4a	UNKNOWN		-75
2019-03-09T11:32:41.774612	da:a1:19:5d:ba:4a	UNKNOWN		-73
2019-03-09T11:32:48.837381	40:4e:36:cc:26:7d	HTC Corporation		-85
2019-03-09T11:33:01.688212	da:a1:19:5f:25:c1	UNKNOWN		-75
2019-03-09T11:33:01.703474	da:a1:19:5f:25:c1	UNKNOWN		-73
2019-03-09T11:33:01.724373	da:a1:19:5f:25:c1	UNKNOWN		-73
2019-03-09T11:33:01.743663	da:a1:19:5f:25:c1	UNKNOWN		-73
2019-03-09T11:33:01.758717	da:a1:19:5f:25:c1	UNKNOWN		-73
2019-03-09T11:33:19.381300	40:4e:36:cc:26:7d	HTC Corporation		-87
2019-03-09T11:34:12.017722	40:4e:36:5e:58:b2	HTC Corporation		-73
2019-03-09T11:35:50.425193	da:a1:19:e3:70:70	UNKNOWN		-77
2019-03-09T11:35:50.444702	da:a1:19:e3:70:70	UNKNOWN		-77
2019-03-09T11:35:50.459625	da:a1:19:e3:70:70	UNKNOWN		-79
2019-03-09T11:36:28.846888	da:a1:19:84:a2:ad	UNKNOWN		-87
2019-03-09T11:36:39.541982	40:4e:36:cc:26:7d	HTC Corporation		-87
2019-03-09T11:37:32.218309	40:4e:36:5e:58:b2	HTC Corporation		-73
2019-03-09T11:37:32.265235	40:4e:36:5e:58:b2	HTC Corporation		-75
2019-03-09T11:37:46.622000	da:a1:19:c3:d2:e7	UNKNOWN		-77
2019-03-09T11:37:46.637097	da:a1:19:c3:d2:e7	UNKNOWN		-77
2019-03-09T11:37:46.674460	da:a1:19:c3:d2:e7	UNKNOWN		-77
2019-03-09T11:38:33.859475	da:a1:19:44:df:d9	UNKNOWN		-89
2019-03-09T11:40:06.644116	da:a1:19:dd:8f:5e	UNKNOWN		-75
2019-03-09T11:40:06.650799	da:a1:19:dd:8f:5e	UNKNOWN		-75
2019-03-09T11:40:06.657547	da:a1:19:dd:8f:5e	UNKNOWN		-75
2019-03-09T11:40:52.403136	40:4e:36:5e:58:b2	HTC Corporation		-75
2019-03-09T11:40:52.447106	40:4e:36:5e:58:b2	HTC Corporation		-79
2019-03-09T11:40:53.132010	da:a1:19:21:76:59	UNKNOWN		-87
2019-03-09T11:41:13.169392	da:a1:19:82:5f:88	UNKNOWN		-87
2019-03-09T11:41:31.669822	40:4e:36:cc:26:7d	HTC Corporation		-87
2019-03-09T11:41:31.773995	40:4e:36:cc:26:7d	HTC Corporation		-85
2019-03-09T11:41:40.545904	da:a1:19:77:7f:6a	UNKNOWN		-87
2019-03-09T11:41:45.158204	40:4e:36:cc:26:7d	HTC Corporation		-83
2019-03-09T11:41:45.198554	40:4e:36:cc:26:7d	HTC Corporation		-77
2019-03-09T11:42:00.553837	da:a1:19:6b:f7:44	UNKNOWN		-89
2019-03-09T11:42:24.272801	40:4e:36:cc:26:7d	HTC Corporation		-87
2019-03-09T11:42:30.243240	10:7b:44:20:70:74	UNKNOWN		-87
2019-03-09T11:42:30.265206	10:7b:44:20:70:74	UNKNOWN		-85
2019-03-09T11:42:30.275905	10:7b:44:20:70:74	UNKNOWN		-85
2019-03-09T11:42:30.282681	10:7b:44:20:70:74	UNKNOWN		-85
2019-03-09T11:43:19.887616	40:4e:36:cc:26:7d	HTC Corporation		-89
2019-03-09T11:43:30.739281	10:7b:44:20:70:74	UNKNOWN		-89
2019-03-09T11:43:30.756268	10:7b:44:20:70:74	UNKNOWN		-87
2019-03-09T11:43:30.774928	10:7b:44:20:70:74	UNKNOWN		-89
2019-03-09T11:43:40.684739	da:a1:19:a1:b1:de	UNKNOWN		-87
2019-03-09T11:43:40.714960	da:a1:19:a1:b1:de	UNKNOWN		-85
2019-03-09T11:44:12.567926	40:4e:36:5e:58:b2	HTC Corporation		-75
2019-03-09T11:44:12.628689	40:4e:36:5e:58:b2	HTC Corporation		-77
2019-03-09T11:44:20.690810	da:a1:19:ee:30:ab	UNKNOWN		-87
2019-03-09T11:44:33.976692	ec:51:bc:96:9d:71	UNKNOWN		-87
2019-03-09T11:44:40.739727	da:a1:19:cf:b0:b7	UNKNOWN		-89
2019-03-09T11:45:36.567600	58:48:22:98:0c:96	Sony Mobile Communications AB		-89
2019-03-09T11:45:36.587969	58:48:22:98:0c:96	Sony Mobile Communications AB		-89
2019-03-09T11:45:40.814416	da:a1:19:69:bd:1c	UNKNOWN		-85
2019-03-09T11:45:40.834773	da:a1:19:69:bd:1c	UNKNOWN		-87
2019-03-09T11:45:57.196273	da:a1:19:45:d9:fd	UNKNOWN		-71
2019-03-09T11:45:57.203403	da:a1:19:45:d9:fd	UNKNOWN		-71
2019-03-09T11:45:57.210437	da:a1:19:45:d9:fd	UNKNOWN		-69
2019-03-09T11:46:02.434404	da:a1:19:c3:d0:2e	UNKNOWN		-87
2019-03-09T11:47:03.542124	22:b4:70:ce:b3:a1	UNKNOWN		-85
2019-03-09T11:47:12.547715	2a:50:05:8b:b5:ba	UNKNOWN		-89
2019-03-09T11:47:12.567035	2a:50:05:8b:b5:ba	UNKNOWN		-85
2019-03-09T11:47:19.359571	da:a1:19:47:aa:f1	UNKNOWN		-91
2019-03-09T11:47:32.744012	40:4e:36:5e:58:b2	HTC Corporation		-71
2019-03-09T11:47:32.804007	40:4e:36:5e:58:b2	HTC Corporation		-77
2019-03-09T11:47:43.046457	da:a1:19:aa:c3:5f	UNKNOWN		-87
2019-03-09T11:47:43.073518	da:a1:19:aa:c3:5f	UNKNOWN		-85
2019-03-09T11:47:47.382952	b8:27:eb:32:f7:a4	Raspberry Pi Foundation		-47
2019-03-09T11:47:47.403583	b8:27:eb:32:f7:a4	Raspberry Pi Foundation		-47
2019-03-09T11:48:13.616081	da:a1:19:84:6f:6d	UNKNOWN		-87
2019-03-09T11:48:13.640214	da:a1:19:84:6f:6d	UNKNOWN		-87
2019-03-09T11:48:19.457409	42:c8:a5:e5:e3:1c	UNKNOWN		-83
2019-03-09T11:48:33.655557	da:a1:19:a7:2c:3c	UNKNOWN		-85
2019-03-09T11:48:53.627173	da:a1:19:ad:ea:f8	UNKNOWN		-87
2019-03-09T11:48:53.653949	da:a1:19:ad:ea:f8	UNKNOWN		-85
2019-03-09T11:50:00.207686	40:4e:36:cc:26:7d	HTC Corporation		-87
2019-03-09T11:50:52.925265	40:4e:36:5e:58:b2	HTC Corporation		-73
2019-03-09T11:54:13.122185	40:4e:36:5e:58:b2	HTC Corporation		-73
2019-03-09T11:54:13.182175	40:4e:36:5e:58:b2	HTC Corporation		-77
2019-03-09T11:55:14.670286	7c:03:ab:fc:6f:b3	UNKNOWN		-81
2019-03-09T11:55:14.676881	7c:03:ab:fc:6f:b3	UNKNOWN		-79
2019-03-09T11:55:28.246224	da:a1:19:66:22:a2	UNKNOWN		-67
2019-03-09T11:55:28.254025	da:a1:19:66:22:a2	UNKNOWN		-67
2019-03-09T11:55:28.261041	da:a1:19:66:22:a2	UNKNOWN		-67
2019-03-09T11:57:08.278678	da:a1:19:a5:65:f0	UNKNOWN		-67
2019-03-09T11:57:08.289410	da:a1:19:a5:65:f0	UNKNOWN		-67
2019-03-09T11:57:08.299633	da:a1:19:a5:65:f0	UNKNOWN		-65
2019-03-09T11:57:08.310211	da:a1:19:a5:65:f0	UNKNOWN		-67
2019-03-09T11:57:08.318066	da:a1:19:a5:65:f0	UNKNOWN		-65
2019-03-09T11:57:08.332778	da:a1:19:a5:65:f0	UNKNOWN		-69
2019-03-09T11:57:33.296511	40:4e:36:5e:58:b2	HTC Corporation		-75
2019-03-09T11:57:33.782288	da:a1:19:7a:00:12	UNKNOWN		-85
2019-03-09T11:57:33.802190	da:a1:19:7a:00:12	UNKNOWN		-87
2019-03-09T11:57:48.278030	da:a1:19:34:f2:96	UNKNOWN		-67
2019-03-09T11:57:48.290330	da:a1:19:34:f2:96	UNKNOWN		-67
2019-03-09T11:57:48.300500	da:a1:19:34:f2:96	UNKNOWN		-67
2019-03-09T11:57:48.308509	da:a1:19:34:f2:96	UNKNOWN		-67
2019-03-09T11:57:48.316371	da:a1:19:34:f2:96	UNKNOWN		-67
2019-03-09T11:57:53.808933	da:a1:19:ab:04:b4	UNKNOWN		-89
2019-03-09T11:59:48.287653	da:a1:19:2a:72:d2	UNKNOWN		-67
2019-03-09T11:59:48.295824	da:a1:19:2a:72:d2	UNKNOWN		-67
2019-03-09T11:59:48.305812	da:a1:19:2a:72:d2	UNKNOWN		-67
2019-03-09T11:59:48.326593	da:a1:19:2a:72:d2	UNKNOWN		-69
2019-03-09T11:59:48.335917	da:a1:19:2a:72:d2	UNKNOWN		-67
2019-03-09T11:59:52.722252	40:4e:36:cc:26:7d	HTC Corporation		-87
2019-03-09T12:00:00.717745	40:4e:36:cc:26:7d	HTC Corporation		-81
2019-03-09T12:00:53.477066	40:4e:36:5e:58:b2	HTC Corporation		-75
2019-03-09T12:00:53.548044	40:4e:36:5e:58:b2	HTC Corporation		-77
2019-03-09T12:01:04.029856	da:a1:19:da:6e:aa	UNKNOWN		-71
2019-03-09T12:01:04.037506	da:a1:19:da:6e:aa	UNKNOWN		-71
2019-03-09T12:01:04.058919	da:a1:19:da:6e:aa	UNKNOWN		-71
2019-03-09T12:02:27.403901	da:a1:19:fa:5f:cc	UNKNOWN		-69
2019-03-09T12:02:27.419166	da:a1:19:fa:5f:cc	UNKNOWN		-69
2019-03-09T12:02:27.434293	da:a1:19:fa:5f:cc	UNKNOWN		-69
2019-03-09T12:02:37.346876	40:98:ad:9e:f3:ec	UNKNOWN	sweetlovelyhome	-83
2019-03-09T12:02:37.361642	40:98:ad:9e:f3:ec	UNKNOWN	sweetlovelyhome	-81
2019-03-09T12:02:39.373710	4e:3d:24:d0:d5:a6	UNKNOWN		-77
2019-03-09T12:02:39.430336	4e:3d:24:d0:d5:a6	UNKNOWN		-77
2019-03-09T12:03:01.839515	da:a1:19:c2:99:a6	UNKNOWN		-81
2019-03-09T12:03:01.857922	da:a1:19:c2:99:a6	UNKNOWN		-79
2019-03-09T12:03:01.865470	da:a1:19:c2:99:a6	UNKNOWN		-81
2019-03-09T12:04:01.839622	da:a1:19:9e:a8:07	UNKNOWN		-67
2019-03-09T12:04:01.857564	da:a1:19:9e:a8:07	UNKNOWN		-67
2019-03-09T12:04:01.873334	da:a1:19:9e:a8:07	UNKNOWN		-67
2019-03-09T12:04:01.910131	da:a1:19:9e:a8:07	UNKNOWN		-69
2019-03-09T12:04:13.659902	40:4e:36:5e:58:b2	HTC Corporation		-75
2019-03-09T12:06:41.073946	40:4e:36:cc:26:7d	HTC Corporation		-85
2019-03-09T12:07:33.849085	40:4e:36:5e:58:b2	HTC Corporation		-77
2019-03-09T12:07:33.902132	40:4e:36:5e:58:b2	HTC Corporation		-81
2019-03-09T12:08:38.526090	40:4e:36:5e:58:b2	HTC Corporation		-73
2019-03-09T12:08:38.571708	40:4e:36:5e:58:b2	HTC Corporation		-83
2019-03-09T12:08:58.544598	40:4e:36:5e:58:b2	HTC Corporation		-77
2019-03-09T12:08:58.571454	40:4e:36:5e:58:b2	HTC Corporation		-79
2019-03-09T12:09:40.861525	40:4e:36:5e:58:b2	HTC Corporation		-81
2019-03-09T12:09:40.904370	40:4e:36:5e:58:b2	HTC Corporation		-81
2019-03-09T12:09:58.751387	da:a1:19:4c:8a:cd	UNKNOWN		-71
2019-03-09T12:09:58.767902	da:a1:19:4c:8a:cd	UNKNOWN		-71
2019-03-09T12:09:58.784230	da:a1:19:4c:8a:cd	UNKNOWN		-73
2019-03-09T12:10:01.248537	40:4e:36:cc:26:7d	HTC Corporation		-89
2019-03-09T12:10:38.751665	da:a1:19:eb:90:34	UNKNOWN		-75
2019-03-09T12:10:38.767842	da:a1:19:eb:90:34	UNKNOWN		-75
2019-03-09T12:10:38.774718	da:a1:19:eb:90:34	UNKNOWN		-75
2019-03-09T12:10:54.040989	40:4e:36:5e:58:b2	HTC Corporation		-79
2019-03-09T12:11:14.070021	da:a1:19:08:1e:18	UNKNOWN		-71
2019-03-09T12:11:14.085287	da:a1:19:08:1e:18	UNKNOWN		-71
2019-03-09T12:11:14.100267	da:a1:19:08:1e:18	UNKNOWN		-73
2019-03-09T12:11:34.081652	da:a1:19:16:9f:aa	UNKNOWN		-75
2019-03-09T12:11:34.096693	da:a1:19:16:9f:aa	UNKNOWN		-73
2019-03-09T12:11:41.046440	40:4e:36:5e:58:b2	HTC Corporation		-83
2019-03-09T12:11:41.083914	40:4e:36:5e:58:b2	HTC Corporation		-85
2019-03-09T12:12:20.182170	da:a1:19:0d:11:47	UNKNOWN		-75
2019-03-09T12:12:20.197383	da:a1:19:0d:11:47	UNKNOWN		-73
2019-03-09T12:12:20.212311	da:a1:19:0d:11:47	UNKNOWN		-75
2019-03-09T12:13:21.424807	40:4e:36:cc:26:7d	HTC Corporation		-87
2019-03-09T12:14:14.201672	40:4e:36:5e:58:b2	HTC Corporation		-83
2019-03-09T12:15:04.376136	40:4e:36:5e:58:b2	HTC Corporation		-79
2019-03-09T12:15:04.415955	40:4e:36:5e:58:b2	HTC Corporation		-79
2019-03-09T12:15:36.712273	34:68:95:88:12:d3	Hon Hai Precision Ind. Co.,Ltd.		-85
2019-03-09T12:16:23.881418	40:4e:36:5e:58:b2	HTC Corporation		-79
2019-03-09T12:16:23.923744	40:4e:36:5e:58:b2	HTC Corporation		-79
2019-03-09T12:16:24.061159	40:4e:36:5e:58:b2	HTC Corporation		-83
2019-03-09T12:16:24.101204	40:4e:36:5e:58:b2	HTC Corporation		-81
2019-03-09T12:16:26.750716	da:a1:19:e3:e4:36	UNKNOWN		-75
2019-03-09T12:16:26.767264	da:a1:19:e3:e4:36	UNKNOWN		-73
2019-03-09T12:16:26.781552	da:a1:19:e3:e4:36	UNKNOWN		-73
2019-03-09T12:16:26.799376	da:a1:19:e3:e4:36	UNKNOWN		-75
2019-03-09T12:16:57.844568	da:a1:19:96:e4:f1	UNKNOWN		-69
2019-03-09T12:16:57.881310	da:a1:19:96:e4:f1	UNKNOWN		-69
2019-03-09T12:16:57.895428	da:a1:19:96:e4:f1	UNKNOWN		-67
2019-03-09T12:17:34.366241	40:4e:36:5e:58:b2	HTC Corporation		-69
2019-03-09T12:17:34.430122	40:4e:36:5e:58:b2	HTC Corporation		-75
2019-03-09T12:17:37.849352	da:a1:19:aa:49:b5	UNKNOWN		-71
2019-03-09T12:17:37.865969	da:a1:19:aa:49:b5	UNKNOWN		-71
2019-03-09T12:17:37.881032	da:a1:19:aa:49:b5	UNKNOWN		-73
2019-03-09T12:17:42.161655	e4:b2:fb:b7:ad:3f	UNKNOWN		-89
2019-03-09T12:17:42.183388	e4:b2:fb:b7:ad:3f	UNKNOWN		-89
2019-03-09T12:17:47.557920	e4:b2:fb:b7:ad:3f	UNKNOWN	bbFreeWi-Fi-5G	-89
2019-03-09T12:17:47.578111	e4:b2:fb:b7:ad:3f	UNKNOWN	bbFreeWi-Fi-5G	-89
2019-03-09T12:17:56.308502	40:4e:36:5e:58:b2	HTC Corporation		-71
2019-03-09T12:17:56.349818	40:4e:36:5e:58:b2	HTC Corporation		-73
2019-03-09T12:17:56.451981	40:4e:36:5e:58:b2	HTC Corporation		-77
2019-03-09T12:18:14.903117	da:a1:19:a6:56:c6	UNKNOWN		-71
2019-03-09T12:18:14.917223	da:a1:19:a6:56:c6	UNKNOWN		-71
2019-03-09T12:18:14.931293	da:a1:19:a6:56:c6	UNKNOWN		-71
2019-03-09T12:18:33.829994	e4:b2:fb:b7:ad:3f	UNKNOWN		-85
2019-03-09T12:18:33.853258	e4:b2:fb:b7:ad:3f	UNKNOWN		-87
2019-03-09T12:18:41.268265	40:4e:36:5e:58:b2	HTC Corporation		-75
2019-03-09T12:18:41.342823	40:4e:36:5e:58:b2	HTC Corporation		-75
2019-03-09T12:19:26.355504	40:4e:36:5e:58:b2	HTC Corporation		-69
2019-03-09T12:19:26.377587	40:4e:36:5e:58:b2	HTC Corporation		-71
2019-03-09T12:20:01.782691	40:4e:36:cc:26:7d	HTC Corporation		-87
2019-03-09T12:20:30.866012	da:a1:19:72:5b:c5	UNKNOWN		-71
2019-03-09T12:20:30.880410	da:a1:19:72:5b:c5	UNKNOWN		-69
2019-03-09T12:20:30.894796	da:a1:19:72:5b:c5	UNKNOWN		-69
2019-03-09T12:20:30.912939	da:a1:19:72:5b:c5	UNKNOWN		-73
2019-03-09T12:20:50.864182	da:a1:19:73:d6:36	UNKNOWN		-67
2019-03-09T12:20:50.880776	da:a1:19:73:d6:36	UNKNOWN		-67
2019-03-09T12:20:50.897124	da:a1:19:73:d6:36	UNKNOWN		-67
2019-03-09T12:21:14.302097	40:4e:36:cc:26:7d	HTC Corporation		-89
2019-03-09T12:21:40.446462	da:a1:19:01:81:25	UNKNOWN		-83
2019-03-09T12:21:40.463314	da:a1:19:01:81:25	UNKNOWN		-83
2019-03-09T12:21:40.471300	da:a1:19:01:81:25	UNKNOWN		-83
2019-03-09T12:21:50.573017	4e:a6:c0:b3:96:af	UNKNOWN		-87
2019-03-09T12:22:50.759210	da:a1:19:fd:8a:58	UNKNOWN		-73
2019-03-09T12:22:50.775667	da:a1:19:fd:8a:58	UNKNOWN		-73
2019-03-09T12:22:50.792287	da:a1:19:fd:8a:58	UNKNOWN		-73
2019-03-09T12:22:53.928813	7e:85:b5:0a:e9:62	UNKNOWN		-91
2019-03-09T12:22:59.862143	6e:5f:2a:5f:f9:2c	UNKNOWN		-89
2019-03-09T12:23:15.321933	da:a1:19:ea:d7:55	UNKNOWN		-77
2019-03-09T12:23:46.910222	da:a1:19:62:4e:e9	UNKNOWN		-73
2019-03-09T12:23:46.917861	da:a1:19:62:4e:e9	UNKNOWN		-77
2019-03-09T12:23:46.925362	da:a1:19:62:4e:e9	UNKNOWN		-77
2019-03-09T12:26:42.128921	40:4e:36:cc:26:7d	HTC Corporation		-87
2019-03-09T12:32:27.535956	da:a1:19:30:c2:f1	UNKNOWN		-67
2019-03-09T12:32:27.550883	da:a1:19:30:c2:f1	UNKNOWN		-67
2019-03-09T12:32:32.106961	92:87:10:89:b7:d2	UNKNOWN		-87
2019-03-09T12:32:47.537109	da:a1:19:1b:a5:85	UNKNOWN		-69
2019-03-09T12:32:47.552206	da:a1:19:1b:a5:85	UNKNOWN		-69
2019-03-09T12:32:47.567211	da:a1:19:1b:a5:85	UNKNOWN		-69
2019-03-09T12:33:06.857523	34:68:95:88:12:d3	Hon Hai Precision Ind. Co.,Ltd.		-89
2019-03-09T12:33:22.469988	40:4e:36:cc:26:7d	HTC Corporation		-89
2019-03-09T12:33:47.546703	da:a1:19:17:30:3a	UNKNOWN		-69
2019-03-09T12:33:47.561870	da:a1:19:17:30:3a	UNKNOWN		-69
2019-03-09T12:33:47.577301	da:a1:19:17:30:3a	UNKNOWN		-71
2019-03-09T12:34:02.130599	e4:b2:fb:b7:ad:3f	UNKNOWN		-89
2019-03-09T12:36:04.689947	40:4e:36:cc:26:7d	HTC Corporation		-89
2019-03-09T12:36:04.732726	40:4e:36:cc:26:7d	HTC Corporation		-89
2019-03-09T12:36:42.647333	40:4e:36:cc:26:7d	HTC Corporation		-87
2019-03-09T12:37:03.521389	b8:53:ac:3c:14:12	Apple, Inc.	LOOKING F1c46e7b188e2e	-83
2019-03-09T12:37:24.124878	84:11:9e:7d:88:da	Samsung Electronics Co.,Ltd		-91
2019-03-09T12:37:24.154723	84:11:9e:7d:88:da	Samsung Electronics Co.,Ltd		-91
2019-03-09T12:38:08.156104	40:4e:36:5e:58:b2	HTC Corporation		-89
2019-03-09T12:40:51.923586	34:68:95:88:12:d3	Hon Hai Precision Ind. Co.,Ltd.		-91
2019-03-09T12:41:43.318832	76:df:ab:a4:94:ea	UNKNOWN		-87
2019-03-09T12:41:43.353965	76:df:ab:a4:94:ea	UNKNOWN		-89
2019-03-09T12:42:04.363148	46:32:3c:f5:86:cc	UNKNOWN		-85
2019-03-09T12:42:04.405154	46:32:3c:f5:86:cc	UNKNOWN		-83
2019-03-09T12:42:45.665503	8e:e6:b5:0a:9b:ac	UNKNOWN		-83
2019-03-09T12:42:45.688228	8e:e6:b5:0a:9b:ac	UNKNOWN		-85
2019-03-09T12:43:22.981991	40:4e:36:cc:26:7d	HTC Corporation		-87
2019-03-09T12:43:27.413140	16:58:13:33:ba:18	UNKNOWN		-87
2019-03-09T12:43:48.285277	ca:be:c1:19:18:e7	UNKNOWN		-83
2019-03-09T12:43:48.312155	ca:be:c1:19:18:e7	UNKNOWN		-81
2019-03-09T12:44:09.151544	7e:57:58:86:78:d9	UNKNOWN		-83
2019-03-09T12:44:29.978703	6a:6a:04:3b:de:8c	UNKNOWN		-81
2019-03-09T12:44:30.025535	6a:6a:04:3b:de:8c	UNKNOWN		-81
2019-03-09T12:45:11.175840	82:ee:fc:42:a6:76	UNKNOWN		-81
2019-03-09T12:45:11.206487	82:ee:fc:42:a6:76	UNKNOWN		-81
2019-03-09T12:45:32.036302	86:12:12:67:15:38	UNKNOWN		-81
2019-03-09T12:45:32.095052	86:12:12:67:15:38	UNKNOWN		-81
2019-03-09T12:45:32.148989	86:12:12:67:15:38	UNKNOWN		-77
2019-03-09T12:50:03.332229	40:4e:36:cc:26:7d	HTC Corporation		-85
2019-03-09T12:51:17.238826	da:a1:19:10:75:0e	UNKNOWN		-73
2019-03-09T12:51:17.255666	da:a1:19:10:75:0e	UNKNOWN		-71
2019-03-09T12:51:17.270641	da:a1:19:10:75:0e	UNKNOWN		-75
2019-03-09T12:51:17.285646	da:a1:19:10:75:0e	UNKNOWN		-75
2019-03-09T12:52:06.460284	38:a2:8c:0e:79:21	SHENZHEN RF-LINK TECHNOLOGY CO.,LTD.		-85
2019-03-09T12:52:06.477206	38:a2:8c:0e:79:21	SHENZHEN RF-LINK TECHNOLOGY CO.,LTD.		-89
2019-03-09T12:52:12.372202	ca:5f:1e:30:f8:fd	UNKNOWN		-85
2019-03-09T12:52:12.401180	ca:5f:1e:30:f8:fd	UNKNOWN		-87
2019-03-09T12:52:12.439912	ca:5f:1e:30:f8:fd	UNKNOWN		-87
2019-03-09T12:52:20.337837	06:ae:ec:d4:d0:a4	UNKNOWN		-87
2019-03-09T12:52:20.377297	06:ae:ec:d4:d0:a4	UNKNOWN		-87
2019-03-09T12:52:22.312440	16:0d:9e:9f:98:7d	UNKNOWN		-79
2019-03-09T12:52:24.281472	ba:57:13:6f:0d:eb	UNKNOWN		-85
2019-03-09T12:52:24.302773	ba:57:13:6f:0d:eb	UNKNOWN		-87
2019-03-09T12:52:24.463140	38:a2:8c:0e:79:21	SHENZHEN RF-LINK TECHNOLOGY CO.,LTD.		-71
2019-03-09T12:52:24.483688	38:a2:8c:0e:79:21	SHENZHEN RF-LINK TECHNOLOGY CO.,LTD.		-73
2019-03-09T12:52:36.224322	92:b8:78:f7:5f:a9	UNKNOWN		-89
2019-03-09T12:52:36.249304	92:b8:78:f7:5f:a9	UNKNOWN		-89
2019-03-09T12:52:42.449852	38:a2:8c:0e:79:21	SHENZHEN RF-LINK TECHNOLOGY CO.,LTD.		-71
2019-03-09T12:52:42.463032	38:a2:8c:0e:79:21	SHENZHEN RF-LINK TECHNOLOGY CO.,LTD.		-71
2019-03-09T12:52:42.555161	38:a2:8c:0e:79:21	SHENZHEN RF-LINK TECHNOLOGY CO.,LTD.		-73
2019-03-09T12:53:00.434254	38:a2:8c:0e:79:21	SHENZHEN RF-LINK TECHNOLOGY CO.,LTD.		-71
2019-03-09T12:53:00.447433	38:a2:8c:0e:79:21	SHENZHEN RF-LINK TECHNOLOGY CO.,LTD.		-71
2019-03-09T12:53:00.541035	38:a2:8c:0e:79:21	SHENZHEN RF-LINK TECHNOLOGY CO.,LTD.		-73
2019-03-09T12:53:18.363036	38:a2:8c:0e:79:21	SHENZHEN RF-LINK TECHNOLOGY CO.,LTD.		-71
2019-03-09T12:53:18.376123	38:a2:8c:0e:79:21	SHENZHEN RF-LINK TECHNOLOGY CO.,LTD.		-71
2019-03-09T12:53:18.473941	38:a2:8c:0e:79:21	SHENZHEN RF-LINK TECHNOLOGY CO.,LTD.		-73
2019-03-09T12:53:21.880557	8a:cf:9c:c7:70:77	UNKNOWN		-89
2019-03-09T12:53:23.514665	40:4e:36:cc:26:7d	HTC Corporation		-85
2019-03-09T12:53:34.509264	f6:2a:9c:e3:88:46	UNKNOWN		-87
2019-03-09T12:53:36.337429	38:a2:8c:0e:79:21	SHENZHEN RF-LINK TECHNOLOGY CO.,LTD.		-71
2019-03-09T12:53:36.350452	38:a2:8c:0e:79:21	SHENZHEN RF-LINK TECHNOLOGY CO.,LTD.		-73
2019-03-09T12:53:36.442903	38:a2:8c:0e:79:21	SHENZHEN RF-LINK TECHNOLOGY CO.,LTD.		-73
2019-03-09T12:53:38.780103	f6:2a:9c:e3:88:46	UNKNOWN		-89
2019-03-09T12:53:38.803724	f6:2a:9c:e3:88:46	UNKNOWN		-91
2019-03-09T12:53:47.582521	da:b2:e0:bb:65:d6	UNKNOWN		-85
2019-03-09T12:53:47.607588	da:b2:e0:bb:65:d6	UNKNOWN		-85
2019-03-09T12:53:54.286783	38:a2:8c:0e:79:21	SHENZHEN RF-LINK TECHNOLOGY CO.,LTD.		-71
2019-03-09T12:53:54.299747	38:a2:8c:0e:79:21	SHENZHEN RF-LINK TECHNOLOGY CO.,LTD.		-71
2019-03-09T12:53:54.385013	38:a2:8c:0e:79:21	SHENZHEN RF-LINK TECHNOLOGY CO.,LTD.		-73
2019-03-09T12:53:57.239523	da:a1:19:8d:51:6a	UNKNOWN		-79
2019-03-09T12:53:57.254701	da:a1:19:8d:51:6a	UNKNOWN		-81
2019-03-09T12:53:57.269618	da:a1:19:8d:51:6a	UNKNOWN		-81
2019-03-09T12:54:12.253978	38:a2:8c:0e:79:21	SHENZHEN RF-LINK TECHNOLOGY CO.,LTD.		-71
2019-03-09T12:54:12.267125	38:a2:8c:0e:79:21	SHENZHEN RF-LINK TECHNOLOGY CO.,LTD.		-71
2019-03-09T12:54:30.240477	38:a2:8c:0e:79:21	SHENZHEN RF-LINK TECHNOLOGY CO.,LTD.		-71
2019-03-09T12:54:30.253803	38:a2:8c:0e:79:21	SHENZHEN RF-LINK TECHNOLOGY CO.,LTD.		-71
2019-03-09T12:54:30.354273	38:a2:8c:0e:79:21	SHENZHEN RF-LINK TECHNOLOGY CO.,LTD.		-69
2019-03-09T12:54:37.685671	ce:36:ac:86:44:b5	UNKNOWN		-85
2019-03-09T12:54:45.370212	0a:68:5b:12:5d:6d	UNKNOWN		-87
2019-03-09T12:54:45.395100	0a:68:5b:12:5d:6d	UNKNOWN		-89
2019-03-09T12:54:48.261122	38:a2:8c:0e:79:21	SHENZHEN RF-LINK TECHNOLOGY CO.,LTD.		-71
2019-03-09T12:54:48.274539	38:a2:8c:0e:79:21	SHENZHEN RF-LINK TECHNOLOGY CO.,LTD.		-71
2019-03-09T12:54:48.372499	38:a2:8c:0e:79:21	SHENZHEN RF-LINK TECHNOLOGY CO.,LTD.		-73
2019-03-09T12:54:58.044601	e2:8f:8c:67:23:24	UNKNOWN		-85
2019-03-09T12:54:58.073789	e2:8f:8c:67:23:24	UNKNOWN		-83
2019-03-09T12:54:58.107509	e2:8f:8c:67:23:24	UNKNOWN		-85
2019-03-09T12:55:06.290604	38:a2:8c:0e:79:21	SHENZHEN RF-LINK TECHNOLOGY CO.,LTD.		-71
2019-03-09T12:55:06.304010	38:a2:8c:0e:79:21	SHENZHEN RF-LINK TECHNOLOGY CO.,LTD.		-71
2019-03-09T12:55:08.797417	e2:8f:8c:67:23:24	UNKNOWN		-85
2019-03-09T12:55:16.091563	42:01:a1:77:2c:37	UNKNOWN		-87
2019-03-09T12:55:16.118120	42:01:a1:77:2c:37	UNKNOWN		-85
2019-03-09T12:55:24.275476	38:a2:8c:0e:79:21	SHENZHEN RF-LINK TECHNOLOGY CO.,LTD.		-71
2019-03-09T12:55:24.281332	38:a2:8c:0e:79:21	SHENZHEN RF-LINK TECHNOLOGY CO.,LTD.		-71
2019-03-09T12:55:24.385201	38:a2:8c:0e:79:21	SHENZHEN RF-LINK TECHNOLOGY CO.,LTD.		-73
2019-03-09T12:55:33.060435	96:a8:48:99:e3:9f	UNKNOWN		-89
2019-03-09T12:55:33.082952	96:a8:48:99:e3:9f	UNKNOWN		-89
2019-03-09T12:55:42.264282	38:a2:8c:0e:79:21	SHENZHEN RF-LINK TECHNOLOGY CO.,LTD.		-71
2019-03-09T12:55:42.277296	38:a2:8c:0e:79:21	SHENZHEN RF-LINK TECHNOLOGY CO.,LTD.		-73
2019-03-09T12:55:42.366535	38:a2:8c:0e:79:21	SHENZHEN RF-LINK TECHNOLOGY CO.,LTD.		-73
2019-03-09T12:55:53.768791	96:a8:48:99:e3:9f	UNKNOWN		-87
2019-03-09T12:55:56.400746	38:a2:8c:0e:79:21	SHENZHEN RF-LINK TECHNOLOGY CO.,LTD.		-71
2019-03-09T12:55:56.413792	38:a2:8c:0e:79:21	SHENZHEN RF-LINK TECHNOLOGY CO.,LTD.		-71
2019-03-09T12:55:56.511252	38:a2:8c:0e:79:21	SHENZHEN RF-LINK TECHNOLOGY CO.,LTD.		-73
2019-03-09T12:56:06.102611	2e:01:2c:aa:20:83	UNKNOWN		-87
2019-03-09T12:56:06.149912	2e:01:2c:aa:20:83	UNKNOWN		-89
2019-03-09T12:56:14.391442	38:a2:8c:0e:79:21	SHENZHEN RF-LINK TECHNOLOGY CO.,LTD.		-71
2019-03-09T12:56:14.404578	38:a2:8c:0e:79:21	SHENZHEN RF-LINK TECHNOLOGY CO.,LTD.		-73
2019-03-09T12:56:14.511950	38:a2:8c:0e:79:21	SHENZHEN RF-LINK TECHNOLOGY CO.,LTD.		-73
2019-03-09T12:56:32.346626	38:a2:8c:0e:79:21	SHENZHEN RF-LINK TECHNOLOGY CO.,LTD.		-71
2019-03-09T12:56:32.359615	38:a2:8c:0e:79:21	SHENZHEN RF-LINK TECHNOLOGY CO.,LTD.		-71
2019-03-09T12:56:32.452914	38:a2:8c:0e:79:21	SHENZHEN RF-LINK TECHNOLOGY CO.,LTD.		-73
2019-03-09T12:56:38.488128	fa:31:d0:a9:48:12	UNKNOWN		-91
2019-03-09T12:56:42.382414	fa:31:d0:a9:48:12	UNKNOWN		-89
2019-03-09T12:56:42.412415	fa:31:d0:a9:48:12	UNKNOWN		-87
2019-03-09T12:56:43.738094	40:4e:36:cc:26:7d	HTC Corporation		-87
2019-03-09T12:56:50.355677	38:a2:8c:0e:79:21	SHENZHEN RF-LINK TECHNOLOGY CO.,LTD.		-71
2019-03-09T12:56:50.361598	38:a2:8c:0e:79:21	SHENZHEN RF-LINK TECHNOLOGY CO.,LTD.		-71
2019-03-09T12:56:50.456197	38:a2:8c:0e:79:21	SHENZHEN RF-LINK TECHNOLOGY CO.,LTD.		-73
2019-03-09T12:57:08.383214	38:a2:8c:0e:79:21	SHENZHEN RF-LINK TECHNOLOGY CO.,LTD.		-71
2019-03-09T12:57:08.396217	38:a2:8c:0e:79:21	SHENZHEN RF-LINK TECHNOLOGY CO.,LTD.		-71
2019-03-09T12:57:08.485546	38:a2:8c:0e:79:21	SHENZHEN RF-LINK TECHNOLOGY CO.,LTD.		-75
2019-03-09T12:57:26.339355	38:a2:8c:0e:79:21	SHENZHEN RF-LINK TECHNOLOGY CO.,LTD.		-71
2019-03-09T12:57:26.352408	38:a2:8c:0e:79:21	SHENZHEN RF-LINK TECHNOLOGY CO.,LTD.		-71
2019-03-09T12:57:26.461598	38:a2:8c:0e:79:21	SHENZHEN RF-LINK TECHNOLOGY CO.,LTD.		-73
2019-03-09T12:57:33.586125	fa:31:d0:a9:48:12	UNKNOWN		-91
2019-03-09T12:57:44.358266	38:a2:8c:0e:79:21	SHENZHEN RF-LINK TECHNOLOGY CO.,LTD.		-71
2019-03-09T12:57:44.371294	38:a2:8c:0e:79:21	SHENZHEN RF-LINK TECHNOLOGY CO.,LTD.		-71
2019-03-09T12:58:02.351377	38:a2:8c:0e:79:21	SHENZHEN RF-LINK TECHNOLOGY CO.,LTD.		-73
2019-03-09T12:58:02.364846	38:a2:8c:0e:79:21	SHENZHEN RF-LINK TECHNOLOGY CO.,LTD.		-73
2019-03-09T12:58:09.441005	58:48:22:4f:32:bc	Sony Mobile Communications AB		-89
2019-03-09T12:58:18.552670	52:d1:f1:f3:db:37	UNKNOWN		-83
2019-03-09T12:58:18.580662	52:d1:f1:f3:db:37	UNKNOWN		-83
2019-03-09T12:58:20.371191	38:a2:8c:0e:79:21	SHENZHEN RF-LINK TECHNOLOGY CO.,LTD.		-71
2019-03-09T12:58:20.384241	38:a2:8c:0e:79:21	SHENZHEN RF-LINK TECHNOLOGY CO.,LTD.		-71
2019-03-09T12:58:20.473926	38:a2:8c:0e:79:21	SHENZHEN RF-LINK TECHNOLOGY CO.,LTD.		-73
2019-03-09T12:58:37.130527	34:68:95:88:12:d3	Hon Hai Precision Ind. Co.,Ltd.		-87
2019-03-09T12:58:38.351651	38:a2:8c:0e:79:21	SHENZHEN RF-LINK TECHNOLOGY CO.,LTD.		-71
2019-03-09T12:58:38.364556	38:a2:8c:0e:79:21	SHENZHEN RF-LINK TECHNOLOGY CO.,LTD.		-71
2019-03-09T12:58:38.456596	38:a2:8c:0e:79:21	SHENZHEN RF-LINK TECHNOLOGY CO.,LTD.		-73
2019-03-09T12:58:38.462510	38:a2:8c:0e:79:21	SHENZHEN RF-LINK TECHNOLOGY CO.,LTD.		-73
2019-03-09T12:58:56.358673	38:a2:8c:0e:79:21	SHENZHEN RF-LINK TECHNOLOGY CO.,LTD.		-69
2019-03-09T12:58:56.364639	38:a2:8c:0e:79:21	SHENZHEN RF-LINK TECHNOLOGY CO.,LTD.		-69
2019-03-09T12:58:56.465849	38:a2:8c:0e:79:21	SHENZHEN RF-LINK TECHNOLOGY CO.,LTD.		-73
2019-03-09T12:58:56.471881	38:a2:8c:0e:79:21	SHENZHEN RF-LINK TECHNOLOGY CO.,LTD.		-73
2019-03-09T12:59:14.336190	38:a2:8c:0e:79:21	SHENZHEN RF-LINK TECHNOLOGY CO.,LTD.		-71
2019-03-09T12:59:14.350949	38:a2:8c:0e:79:21	SHENZHEN RF-LINK TECHNOLOGY CO.,LTD.		-71
2019-03-09T12:59:32.375141	38:a2:8c:0e:79:21	SHENZHEN RF-LINK TECHNOLOGY CO.,LTD.		-71
2019-03-09T12:59:32.388093	38:a2:8c:0e:79:21	SHENZHEN RF-LINK TECHNOLOGY CO.,LTD.		-71
2019-03-09T12:59:46.037366	5e:89:c1:8a:b1:f2	UNKNOWN		-81
2019-03-09T12:59:46.092258	5e:89:c1:8a:b1:f2	UNKNOWN		-81
2019-03-09T12:59:49.650649	d2:38:c5:69:68:74	UNKNOWN		-85
2019-03-09T12:59:49.675307	d2:38:c5:69:68:74	UNKNOWN		-85
2019-03-09T12:59:50.347970	38:a2:8c:0e:79:21	SHENZHEN RF-LINK TECHNOLOGY CO.,LTD.		-71
2019-03-09T12:59:50.361056	38:a2:8c:0e:79:21	SHENZHEN RF-LINK TECHNOLOGY CO.,LTD.		-71
2019-03-09T12:59:50.451465	38:a2:8c:0e:79:21	SHENZHEN RF-LINK TECHNOLOGY CO.,LTD.		-73
2019-03-09T12:59:57.314546	ae:7a:14:2a:56:6b	UNKNOWN		-81
2019-03-09T13:00:03.857699	40:4e:36:cc:26:7d	HTC Corporation		-89
2019-03-09T13:00:08.368653	38:a2:8c:0e:79:21	SHENZHEN RF-LINK TECHNOLOGY CO.,LTD.		-71
2019-03-09T13:00:08.381766	38:a2:8c:0e:79:21	SHENZHEN RF-LINK TECHNOLOGY CO.,LTD.		-71
2019-03-09T13:00:09.991738	66:c6:15:6f:61:a2	UNKNOWN		-77
2019-03-09T13:00:10.006867	66:c6:15:6f:61:a2	UNKNOWN		-77
2019-03-09T13:00:26.361353	38:a2:8c:0e:79:21	SHENZHEN RF-LINK TECHNOLOGY CO.,LTD.		-71
2019-03-09T13:00:26.367314	38:a2:8c:0e:79:21	SHENZHEN RF-LINK TECHNOLOGY CO.,LTD.		-71
2019-03-09T13:00:26.466192	38:a2:8c:0e:79:21	SHENZHEN RF-LINK TECHNOLOGY CO.,LTD.		-73
2019-03-09T13:00:26.472101	38:a2:8c:0e:79:21	SHENZHEN RF-LINK TECHNOLOGY CO.,LTD.		-73
2019-03-09T13:00:28.028021	a2:58:cd:fe:b8:c9	UNKNOWN		-85
2019-03-09T13:00:28.074991	a2:58:cd:fe:b8:c9	UNKNOWN		-89
2019-03-09T13:00:31.069894	a2:58:cd:fe:b8:c9	UNKNOWN		-83
2019-03-09T13:00:31.094026	a2:58:cd:fe:b8:c9	UNKNOWN		-73
2019-03-09T13:00:44.346558	38:a2:8c:0e:79:21	SHENZHEN RF-LINK TECHNOLOGY CO.,LTD.		-69
2019-03-09T13:00:44.359586	38:a2:8c:0e:79:21	SHENZHEN RF-LINK TECHNOLOGY CO.,LTD.		-71
2019-03-09T13:00:44.451298	38:a2:8c:0e:79:21	SHENZHEN RF-LINK TECHNOLOGY CO.,LTD.		-73
2019-03-09T13:00:44.990211	96:4a:6e:40:81:ac	UNKNOWN		-85
2019-03-09T13:00:45.015083	96:4a:6e:40:81:ac	UNKNOWN		-85
2019-03-09T13:01:01.662096	38:a2:8c:0e:79:21	SHENZHEN RF-LINK TECHNOLOGY CO.,LTD.		-71
2019-03-09T13:01:01.675164	38:a2:8c:0e:79:21	SHENZHEN RF-LINK TECHNOLOGY CO.,LTD.		-71
2019-03-09T13:01:16.095805	96:4a:6e:40:81:ac	UNKNOWN		-85
2019-03-09T13:01:16.115660	96:4a:6e:40:81:ac	UNKNOWN		-89
2019-03-09T13:01:18.045812	4a:ef:ad:74:85:35	UNKNOWN		-91
2019-03-09T13:01:19.506740	38:a2:8c:0e:79:21	SHENZHEN RF-LINK TECHNOLOGY CO.,LTD.		-67
2019-03-09T13:01:19.514046	38:a2:8c:0e:79:21	SHENZHEN RF-LINK TECHNOLOGY CO.,LTD.		-71
2019-03-09T13:01:19.656698	38:a2:8c:0e:79:21	SHENZHEN RF-LINK TECHNOLOGY CO.,LTD.		-73
2019-03-09T13:01:37.501537	38:a2:8c:0e:79:21	SHENZHEN RF-LINK TECHNOLOGY CO.,LTD.		-69
2019-03-09T13:01:37.514607	38:a2:8c:0e:79:21	SHENZHEN RF-LINK TECHNOLOGY CO.,LTD.		-67
2019-03-09T13:01:49.991136	f6:07:61:a9:c2:3b	UNKNOWN		-81
2019-03-09T13:01:50.015929	f6:07:61:a9:c2:3b	UNKNOWN		-83
2019-03-09T13:01:55.456175	38:a2:8c:0e:79:21	SHENZHEN RF-LINK TECHNOLOGY CO.,LTD.		-67
2019-03-09T13:01:55.462173	38:a2:8c:0e:79:21	SHENZHEN RF-LINK TECHNOLOGY CO.,LTD.		-69
2019-03-09T13:02:13.364510	38:a2:8c:0e:79:21	SHENZHEN RF-LINK TECHNOLOGY CO.,LTD.		-69
2019-03-09T13:02:13.377904	38:a2:8c:0e:79:21	SHENZHEN RF-LINK TECHNOLOGY CO.,LTD.		-69
2019-03-09T13:02:13.471315	38:a2:8c:0e:79:21	SHENZHEN RF-LINK TECHNOLOGY CO.,LTD.		-71
2019-03-09T13:02:19.141832	f6:07:61:a9:c2:3b	UNKNOWN		-85
2019-03-09T13:02:31.355122	38:a2:8c:0e:79:21	SHENZHEN RF-LINK TECHNOLOGY CO.,LTD.		-71
2019-03-09T13:02:31.368110	38:a2:8c:0e:79:21	SHENZHEN RF-LINK TECHNOLOGY CO.,LTD.		-69
2019-03-09T13:02:31.457908	38:a2:8c:0e:79:21	SHENZHEN RF-LINK TECHNOLOGY CO.,LTD.		-73
2019-03-09T13:02:31.470912	38:a2:8c:0e:79:21	SHENZHEN RF-LINK TECHNOLOGY CO.,LTD.		-71
2019-03-09T13:02:49.244612	38:a2:8c:0e:79:21	SHENZHEN RF-LINK TECHNOLOGY CO.,LTD.		-69
2019-03-09T13:02:49.250536	38:a2:8c:0e:79:21	SHENZHEN RF-LINK TECHNOLOGY CO.,LTD.		-71
2019-03-09T13:02:49.347847	38:a2:8c:0e:79:21	SHENZHEN RF-LINK TECHNOLOGY CO.,LTD.		-73
2019-03-09T13:02:52.665660	1e:16:db:23:bb:56	UNKNOWN		-83
2019-03-09T13:03:00.253388	1e:16:db:23:bb:56	UNKNOWN		-87
2019-03-09T13:03:00.273750	1e:16:db:23:bb:56	UNKNOWN		-91
2019-03-09T13:03:07.234696	38:a2:8c:0e:79:21	SHENZHEN RF-LINK TECHNOLOGY CO.,LTD.		-69
2019-03-09T13:03:07.249642	38:a2:8c:0e:79:21	SHENZHEN RF-LINK TECHNOLOGY CO.,LTD.		-69
2019-03-09T13:03:07.337213	38:a2:8c:0e:79:21	SHENZHEN RF-LINK TECHNOLOGY CO.,LTD.		-71
2019-03-09T13:03:24.033265	40:4e:36:cc:26:7d	HTC Corporation		-89
2019-03-09T13:03:25.249933	38:a2:8c:0e:79:21	SHENZHEN RF-LINK TECHNOLOGY CO.,LTD.		-71
2019-03-09T13:03:25.263198	38:a2:8c:0e:79:21	SHENZHEN RF-LINK TECHNOLOGY CO.,LTD.		-71
2019-03-09T13:03:25.347089	38:a2:8c:0e:79:21	SHENZHEN RF-LINK TECHNOLOGY CO.,LTD.		-73
2019-03-09T13:03:40.408358	ce:4c:1a:cb:2a:0b	UNKNOWN		-89
2019-03-09T13:03:43.241351	38:a2:8c:0e:79:21	SHENZHEN RF-LINK TECHNOLOGY CO.,LTD.		-69
2019-03-09T13:03:43.254459	38:a2:8c:0e:79:21	SHENZHEN RF-LINK TECHNOLOGY CO.,LTD.		-71
2019-03-09T13:03:43.352013	38:a2:8c:0e:79:21	SHENZHEN RF-LINK TECHNOLOGY CO.,LTD.		-73
2019-03-09T13:03:43.365156	38:a2:8c:0e:79:21	SHENZHEN RF-LINK TECHNOLOGY CO.,LTD.		-71
2019-03-09T13:04:01.265447	38:a2:8c:0e:79:21	SHENZHEN RF-LINK TECHNOLOGY CO.,LTD.		-69
2019-03-09T13:04:01.278464	38:a2:8c:0e:79:21	SHENZHEN RF-LINK TECHNOLOGY CO.,LTD.		-71
2019-03-09T13:04:12.669140	06:31:eb:83:74:8f	UNKNOWN		-87
2019-03-09T13:04:12.718437	06:31:eb:83:74:8f	UNKNOWN		-87
2019-03-09T13:04:19.238867	38:a2:8c:0e:79:21	SHENZHEN RF-LINK TECHNOLOGY CO.,LTD.		-69
2019-03-09T13:04:19.244980	38:a2:8c:0e:79:21	SHENZHEN RF-LINK TECHNOLOGY CO.,LTD.		-71
2019-03-09T13:04:21.408178	86:aa:ae:e9:91:bd	UNKNOWN		-85
2019-03-09T13:04:21.466368	86:aa:ae:e9:91:bd	UNKNOWN		-83
2019-03-09T13:04:25.026113	ca:f8:c0:cf:ec:ae	UNKNOWN		-89
2019-03-09T13:04:25.053485	ca:f8:c0:cf:ec:ae	UNKNOWN		-85
2019-03-09T13:04:27.471421	7e:35:fb:31:22:1a	UNKNOWN		-89
2019-03-09T13:04:27.529529	7e:35:fb:31:22:1a	UNKNOWN		-89
2019-03-09T13:04:33.321158	1e:52:2d:4d:50:2b	UNKNOWN		-83
2019-03-09T13:04:33.353589	1e:52:2d:4d:50:2b	UNKNOWN		-81
2019-03-09T13:04:37.234908	38:a2:8c:0e:79:21	SHENZHEN RF-LINK TECHNOLOGY CO.,LTD.		-69
2019-03-09T13:04:37.248353	38:a2:8c:0e:79:21	SHENZHEN RF-LINK TECHNOLOGY CO.,LTD.		-69
2019-03-09T13:04:37.336772	38:a2:8c:0e:79:21	SHENZHEN RF-LINK TECHNOLOGY CO.,LTD.		-73
2019-03-09T13:04:40.903287	d6:c4:3e:c2:85:d0	UNKNOWN		-83
2019-03-09T13:04:40.928686	d6:c4:3e:c2:85:d0	UNKNOWN		-83
2019-03-09T13:04:48.585851	42:24:3a:49:f0:0f	UNKNOWN		-85
2019-03-09T13:04:55.197514	38:a2:8c:0e:79:21	SHENZHEN RF-LINK TECHNOLOGY CO.,LTD.		-71
2019-03-09T13:04:55.210646	38:a2:8c:0e:79:21	SHENZHEN RF-LINK TECHNOLOGY CO.,LTD.		-71
2019-03-09T13:05:01.205503	3e:04:73:99:54:28	UNKNOWN		-87
2019-03-09T13:05:01.230544	3e:04:73:99:54:28	UNKNOWN		-87
2019-03-09T13:05:10.406297	3e:04:73:99:54:28	UNKNOWN		-83
2019-03-09T13:05:10.434274	3e:04:73:99:54:28	UNKNOWN		-85
2019-03-09T13:05:13.215408	38:a2:8c:0e:79:21	SHENZHEN RF-LINK TECHNOLOGY CO.,LTD.		-71
2019-03-09T13:05:13.228769	38:a2:8c:0e:79:21	SHENZHEN RF-LINK TECHNOLOGY CO.,LTD.		-71
2019-03-09T13:05:18.856201	66:f1:47:61:f6:7c	UNKNOWN		-87
2019-03-09T13:05:18.903933	66:f1:47:61:f6:7c	UNKNOWN		-87
2019-03-09T13:05:31.248458	38:a2:8c:0e:79:21	SHENZHEN RF-LINK TECHNOLOGY CO.,LTD.		-71
2019-03-09T13:05:31.261587	38:a2:8c:0e:79:21	SHENZHEN RF-LINK TECHNOLOGY CO.,LTD.		-71
2019-03-09T13:05:36.497078	1e:35:54:2b:aa:0c	UNKNOWN		-89
2019-03-09T13:05:36.517008	1e:35:54:2b:aa:0c	UNKNOWN		-87
2019-03-09T13:05:49.242405	38:a2:8c:0e:79:21	SHENZHEN RF-LINK TECHNOLOGY CO.,LTD.		-69
2019-03-09T13:05:49.255386	38:a2:8c:0e:79:21	SHENZHEN RF-LINK TECHNOLOGY CO.,LTD.		-67
2019-03-09T13:05:49.343135	38:a2:8c:0e:79:21	SHENZHEN RF-LINK TECHNOLOGY CO.,LTD.		-73
2019-03-09T13:05:53.777076	1e:1c:2c:4d:7e:60	UNKNOWN		-89
2019-03-09T13:05:56.501613	38:a2:8c:0e:79:21	SHENZHEN RF-LINK TECHNOLOGY CO.,LTD.		-71
2019-03-09T13:05:56.514980	38:a2:8c:0e:79:21	SHENZHEN RF-LINK TECHNOLOGY CO.,LTD.		-71
2019-03-09T13:05:56.629443	38:a2:8c:0e:79:21	SHENZHEN RF-LINK TECHNOLOGY CO.,LTD.		-71
2019-03-09T13:05:56.638679	38:a2:8c:0e:79:21	SHENZHEN RF-LINK TECHNOLOGY CO.,LTD.		-71
2019-03-09T13:06:05.028052	5e:b0:a5:a2:21:9a	UNKNOWN		-91
2019-03-09T13:06:05.051800	5e:b0:a5:a2:21:9a	UNKNOWN		-87
2019-03-09T13:06:14.432305	38:a2:8c:0e:79:21	SHENZHEN RF-LINK TECHNOLOGY CO.,LTD.		-69
2019-03-09T13:06:14.445345	38:a2:8c:0e:79:21	SHENZHEN RF-LINK TECHNOLOGY CO.,LTD.		-69
2019-03-09T13:06:14.543181	38:a2:8c:0e:79:21	SHENZHEN RF-LINK TECHNOLOGY CO.,LTD.		-73
2019-03-09T13:06:17.684031	7e:09:d5:c8:03:96	UNKNOWN		-83
2019-03-09T13:06:17.713055	7e:09:d5:c8:03:96	UNKNOWN		-83
2019-03-09T13:06:32.415206	38:a2:8c:0e:79:21	SHENZHEN RF-LINK TECHNOLOGY CO.,LTD.		-71
2019-03-09T13:06:32.430950	38:a2:8c:0e:79:21	SHENZHEN RF-LINK TECHNOLOGY CO.,LTD.		-71
2019-03-09T13:06:32.518476	38:a2:8c:0e:79:21	SHENZHEN RF-LINK TECHNOLOGY CO.,LTD.		-73
2019-03-09T13:06:35.743598	a6:a0:74:63:3e:24	UNKNOWN		-87
2019-03-09T13:06:40.418382	a6:a0:74:63:3e:24	UNKNOWN		-85
2019-03-09T13:06:40.460296	a6:a0:74:63:3e:24	UNKNOWN		-85
2019-03-09T13:06:44.208412	40:4e:36:cc:26:7d	HTC Corporation		-85
2019-03-09T13:06:50.360578	38:a2:8c:0e:79:21	SHENZHEN RF-LINK TECHNOLOGY CO.,LTD.		-71
2019-03-09T13:06:50.366641	38:a2:8c:0e:79:21	SHENZHEN RF-LINK TECHNOLOGY CO.,LTD.		-71
2019-03-09T13:06:50.473539	38:a2:8c:0e:79:21	SHENZHEN RF-LINK TECHNOLOGY CO.,LTD.		-73
2019-03-09T13:06:52.688450	ea:54:32:2f:49:87	UNKNOWN		-83
2019-03-09T13:06:52.722260	ea:54:32:2f:49:87	UNKNOWN		-83
2019-03-09T13:07:08.277446	38:a2:8c:0e:79:21	SHENZHEN RF-LINK TECHNOLOGY CO.,LTD.		-69
2019-03-09T13:07:08.290471	38:a2:8c:0e:79:21	SHENZHEN RF-LINK TECHNOLOGY CO.,LTD.		-69
2019-03-09T13:07:08.383557	38:a2:8c:0e:79:21	SHENZHEN RF-LINK TECHNOLOGY CO.,LTD.		-71
2019-03-09T13:07:17.668620	88:e6:28:23:f0:4e	Shenzhen Kezhonglong Optoelectronic Technology Co.,Ltd		-89
2019-03-09T13:07:25.318364	ce:29:76:43:8f:96	UNKNOWN		-85
2019-03-09T13:07:25.369198	ce:29:76:43:8f:96	UNKNOWN		-83
2019-03-09T13:07:26.317483	38:a2:8c:0e:79:21	SHENZHEN RF-LINK TECHNOLOGY CO.,LTD.		-69
2019-03-09T13:07:26.330436	38:a2:8c:0e:79:21	SHENZHEN RF-LINK TECHNOLOGY CO.,LTD.		-69
2019-03-09T13:07:44.301211	38:a2:8c:0e:79:21	SHENZHEN RF-LINK TECHNOLOGY CO.,LTD.		-71
2019-03-09T13:07:44.315029	38:a2:8c:0e:79:21	SHENZHEN RF-LINK TECHNOLOGY CO.,LTD.		-71
2019-03-09T13:07:44.402239	38:a2:8c:0e:79:21	SHENZHEN RF-LINK TECHNOLOGY CO.,LTD.		-73
2019-03-09T13:07:57.965027	aa:63:02:0a:f6:49	UNKNOWN		-85
2019-03-09T13:07:57.987040	aa:63:02:0a:f6:49	UNKNOWN		-87
2019-03-09T13:08:02.315061	38:a2:8c:0e:79:21	SHENZHEN RF-LINK TECHNOLOGY CO.,LTD.		-71
2019-03-09T13:08:02.328104	38:a2:8c:0e:79:21	SHENZHEN RF-LINK TECHNOLOGY CO.,LTD.		-71
2019-03-09T13:08:02.424822	38:a2:8c:0e:79:21	SHENZHEN RF-LINK TECHNOLOGY CO.,LTD.		-73
2019-03-09T13:08:03.323021	ac:fd:ce:a7:55:3f	Intel Corporate	Stacy6508	-91
2019-03-09T13:08:03.333036	ac:fd:ce:a7:55:3f	Intel Corporate	marco	-87
2019-03-09T13:08:09.360229	ea:aa:5e:bf:d3:b2	UNKNOWN		-85
2019-03-09T13:08:09.414950	ea:aa:5e:bf:d3:b2	UNKNOWN		-87
2019-03-09T13:08:12.978753	0e:ab:88:21:4d:d2	UNKNOWN		-85
2019-03-09T13:08:13.007925	0e:ab:88:21:4d:d2	UNKNOWN		-85
2019-03-09T13:08:20.266191	38:a2:8c:0e:79:21	SHENZHEN RF-LINK TECHNOLOGY CO.,LTD.		-69
2019-03-09T13:08:20.279703	38:a2:8c:0e:79:21	SHENZHEN RF-LINK TECHNOLOGY CO.,LTD.		-71
2019-03-09T13:08:33.300090	b6:83:9f:9c:98:c2	UNKNOWN		-83
2019-03-09T13:08:33.317600	b6:83:9f:9c:98:c2	UNKNOWN		-83
2019-03-09T13:08:38.210788	38:a2:8c:0e:79:21	SHENZHEN RF-LINK TECHNOLOGY CO.,LTD.		-71
2019-03-09T13:08:38.223079	38:a2:8c:0e:79:21	SHENZHEN RF-LINK TECHNOLOGY CO.,LTD.		-71
2019-03-09T13:08:38.313407	38:a2:8c:0e:79:21	SHENZHEN RF-LINK TECHNOLOGY CO.,LTD.		-73
2019-03-09T13:08:50.930984	de:bc:7a:44:ae:1f	UNKNOWN		-89
2019-03-09T13:08:50.974195	de:bc:7a:44:ae:1f	UNKNOWN		-89
2019-03-09T13:08:56.195211	38:a2:8c:0e:79:21	SHENZHEN RF-LINK TECHNOLOGY CO.,LTD.		-71
2019-03-09T13:08:56.207743	38:a2:8c:0e:79:21	SHENZHEN RF-LINK TECHNOLOGY CO.,LTD.		-71
2019-03-09T13:09:01.096186	de:bc:7a:44:ae:1f	UNKNOWN		-85
2019-03-09T13:09:01.124473	de:bc:7a:44:ae:1f	UNKNOWN		-87
2019-03-09T13:09:07.343410	34:68:95:88:12:d3	Hon Hai Precision Ind. Co.,Ltd.		-91
2019-03-09T13:09:08.595101	c2:a8:f8:86:cf:a1	UNKNOWN		-81
2019-03-09T13:09:08.618684	c2:a8:f8:86:cf:a1	UNKNOWN		-81
2019-03-09T13:09:14.166602	38:a2:8c:0e:79:21	SHENZHEN RF-LINK TECHNOLOGY CO.,LTD.		-71
2019-03-09T13:09:14.179118	38:a2:8c:0e:79:21	SHENZHEN RF-LINK TECHNOLOGY CO.,LTD.		-71
2019-03-09T13:09:14.273841	38:a2:8c:0e:79:21	SHENZHEN RF-LINK TECHNOLOGY CO.,LTD.		-75
2019-03-09T13:09:18.633175	30:0e:d5:1e:ad:a8	Hon Hai Precision Ind. Co.,Ltd.		-87
2019-03-09T13:09:32.205657	38:a2:8c:0e:79:21	SHENZHEN RF-LINK TECHNOLOGY CO.,LTD.		-73
2019-03-09T13:09:32.324200	38:a2:8c:0e:79:21	SHENZHEN RF-LINK TECHNOLOGY CO.,LTD.		-75
2019-03-09T13:09:41.238160	82:b1:52:8e:55:12	UNKNOWN		-87
2019-03-09T13:09:41.271108	82:b1:52:8e:55:12	UNKNOWN		-83
2019-03-09T13:09:46.102956	82:b1:52:8e:55:12	UNKNOWN		-83
2019-03-09T13:09:46.123055	82:b1:52:8e:55:12	UNKNOWN		-83
2019-03-09T13:09:50.082726	38:a2:8c:0e:79:21	SHENZHEN RF-LINK TECHNOLOGY CO.,LTD.		-71
2019-03-09T13:09:50.095868	38:a2:8c:0e:79:21	SHENZHEN RF-LINK TECHNOLOGY CO.,LTD.		-71
2019-03-09T13:09:50.178269	38:a2:8c:0e:79:21	SHENZHEN RF-LINK TECHNOLOGY CO.,LTD.		-73
2019-03-09T13:10:04.383867	40:4e:36:cc:26:7d	HTC Corporation		-91
2019-03-09T13:10:04.908271	22:1d:91:93:1b:76	UNKNOWN		-85
2019-03-09T13:10:04.963905	22:1d:91:93:1b:76	UNKNOWN		-83
2019-03-09T13:10:05.122396	5e:2f:ec:26:47:68	UNKNOWN		-87
2019-03-09T13:10:05.142421	5e:2f:ec:26:47:68	UNKNOWN		-85
2019-03-09T13:10:07.976122	38:a2:8c:0e:79:21	SHENZHEN RF-LINK TECHNOLOGY CO.,LTD.		-71
2019-03-09T13:10:07.989188	38:a2:8c:0e:79:21	SHENZHEN RF-LINK TECHNOLOGY CO.,LTD.		-71
2019-03-09T13:10:08.078957	38:a2:8c:0e:79:21	SHENZHEN RF-LINK TECHNOLOGY CO.,LTD.		-73
2019-03-09T13:10:17.051239	7e:8f:05:6b:ff:11	UNKNOWN		-87
2019-03-09T13:10:25.844629	38:a2:8c:0e:79:21	SHENZHEN RF-LINK TECHNOLOGY CO.,LTD.		-77
2019-03-09T13:10:25.873654	38:a2:8c:0e:79:21	SHENZHEN RF-LINK TECHNOLOGY CO.,LTD.		-77
2019-03-09T13:10:37.369773	34:68:95:88:12:d3	Hon Hai Precision Ind. Co.,Ltd.		-89
2019-03-09T13:11:38.404853	da:a1:19:8c:fa:a3	UNKNOWN		-71
2019-03-09T13:11:38.420753	da:a1:19:8c:fa:a3	UNKNOWN		-71
2019-03-09T13:11:38.435771	da:a1:19:8c:fa:a3	UNKNOWN		-73
2019-03-09T13:13:24.578632	40:4e:36:cc:26:7d	HTC Corporation		-89
2019-03-09T13:13:29.341181	b8:27:eb:32:f7:a4	Raspberry Pi Foundation		-45
2019-03-09T13:13:29.362084	b8:27:eb:32:f7:a4	Raspberry Pi Foundation		-45
2019-03-09T13:14:51.032207	2e:33:b9:87:22:01	UNKNOWN		-77
2019-03-09T13:15:13.693281	40:4e:36:5e:58:b2	HTC Corporation		-89
2019-03-09T13:16:29.953926	0a:6c:93:5a:be:84	UNKNOWN		-91
2019-03-09T13:16:44.727694	40:4e:36:cc:26:7d	HTC Corporation		-87
2019-03-09T13:19:17.736169	88:e6:28:23:f0:4e	Shenzhen Kezhonglong Optoelectronic Technology Co.,Ltd		-91
2019-03-09T13:19:23.738698	da:a1:19:2f:15:cb	UNKNOWN		-91
2019-03-09T13:19:23.756502	da:a1:19:2f:15:cb	UNKNOWN		-89
2019-03-09T13:20:04.909433	40:4e:36:cc:26:7d	HTC Corporation		-87
2019-03-09T13:20:14.669881	da:a1:19:2e:2f:c0	UNKNOWN		-89
2019-03-09T13:20:14.677115	da:a1:19:2e:2f:c0	UNKNOWN		-89
2019-03-09T13:20:14.686488	da:a1:19:2e:2f:c0	UNKNOWN		-87
2019-03-09T13:20:14.695444	da:a1:19:2e:2f:c0	UNKNOWN		-89
2019-03-09T13:20:38.630757	da:a1:19:56:ba:eb	UNKNOWN		-85
2019-03-09T13:20:38.639223	da:a1:19:56:ba:eb	UNKNOWN		-91
2019-03-09T13:20:38.647472	da:a1:19:56:ba:eb	UNKNOWN		-85
2019-03-09T13:21:24.614377	da:a1:19:48:11:d6	UNKNOWN		-91
2019-03-09T13:21:24.637877	da:a1:19:48:11:d6	UNKNOWN		-87
2019-03-09T13:21:24.648127	da:a1:19:48:11:d6	UNKNOWN		-91
2019-03-09T13:21:56.118420	da:a1:19:00:3d:c1	UNKNOWN		-91
2019-03-09T13:22:26.561941	da:a1:19:3b:25:40	UNKNOWN		-91
2019-03-09T13:22:26.574963	da:a1:19:3b:25:40	UNKNOWN		-91
2019-03-09T13:22:26.585088	da:a1:19:3b:25:40	UNKNOWN		-91
2019-03-09T13:22:32.170209	b8:27:eb:32:f7:a4	Raspberry Pi Foundation		-45
2019-03-09T13:22:32.186383	b8:27:eb:32:f7:a4	Raspberry Pi Foundation		-47
2019-03-09T13:22:57.318644	da:a1:19:f3:16:23	UNKNOWN		-91
2019-03-09T13:22:57.330147	da:a1:19:f3:16:23	UNKNOWN		-89
2019-03-09T13:22:57.340636	da:a1:19:f3:16:23	UNKNOWN		-87
2019-03-09T13:23:25.078345	40:4e:36:cc:26:7d	HTC Corporation		-89
2019-03-09T13:26:03.831065	b8:27:eb:32:f7:a4	Raspberry Pi Foundation		-45
2019-03-09T13:26:03.860705	b8:27:eb:32:f7:a4	Raspberry Pi Foundation		-45
2019-03-09T13:26:45.254544	40:4e:36:cc:26:7d	HTC Corporation		-91
                                                                  