2019-03-05T16:09:45.977866	e0:33:8e:20:34:ec	UNKNOWN	NCKU-WLAN	-83
2019-03-05T16:09:47.049123	2c:4d:54:2b:76:00	ASUSTek COMPUTER INC.	NCKU-WLAN	-77
2019-03-05T16:09:48.446952	be:01:a6:62:2d:6c	UNKNOWN		-75
2019-03-05T16:09:50.192390	24:0a:64:25:7d:85	AzureWave Technology Inc.		-71
2019-03-05T16:09:52.031838	f2:5d:aa:35:4b:6d	UNKNOWN		-77
2019-03-05T16:09:52.222071	a8:c8:3a:d2:08:29	HUAWEI TECHNOLOGIES CO.,LTD		-57
2019-03-05T16:09:52.258103	a8:c8:3a:d2:08:29	HUAWEI TECHNOLOGIES CO.,LTD		-55
2019-03-05T16:09:52.275153	a8:c8:3a:d2:08:29	HUAWEI TECHNOLOGIES CO.,LTD		-61
2019-03-05T16:09:52.546478	d4:38:9c:87:25:30	UNKNOWN		-83
2019-03-05T16:09:53.889394	60:f4:45:8e:cb:58	Apple, Inc.		-73
2019-03-05T16:11:00.226743	a8:c8:3a:d2:08:29	HUAWEI TECHNOLOGIES CO.,LTD		-55
2019-03-05T16:11:03.265182	4c:bb:58:fa:24:31	Chicony Electronics Co., Ltd.		-87
2019-03-05T16:11:03.275200	4c:bb:58:fa:24:31	Chicony Electronics Co., Ltd.	NCKUEE-STAFF	-87
2019-03-05T16:11:04.266890	6a:84:6b:5a:28:98	UNKNOWN		-85
2019-03-05T16:11:08.210425	a8:c8:3a:d2:08:29	HUAWEI TECHNOLOGIES CO.,LTD		-55
2019-03-05T16:11:08.561725	00:e1:8c:97:d1:19	UNKNOWN	MCSLAB_5G	-63
2019-03-05T16:11:10.794958	da:a1:19:c1:0c:7f	UNKNOWN		-85
2019-03-05T16:11:10.842184	da:a1:19:c1:0c:7f	UNKNOWN		-79
2019-03-05T16:11:11.418980	ac:5f:3e:66:3a:94	SAMSUNG ELECTRO-MECHANICS(THAILAND)		-75
2019-03-05T16:11:12.307406	e4:b2:fb:4b:f4:0d	UNKNOWN	NCKUEE-B1-4F	-81
2019-03-05T16:11:16.449505	dc:37:14:4c:e4:93	Apple, Inc.	NCKU-WLAN-802.1x	-83
2019-03-05T16:11:16.916413	dc:37:14:4c:e4:93	Apple, Inc.	NCKU-WLAN-802.1x	-83
2019-03-05T16:11:16.987641	dc:37:14:4c:e4:93	Apple, Inc.	NCKU-WLAN-802.1x	-81
2019-03-05T16:11:17.097314	7e:0e:64:d6:34:df	UNKNOWN		-83
2019-03-05T16:11:23.516126	f4:28:53:19:7e:1f	Zioncom Electronics (Shenzhen) Ltd.	O3O	-51
2019-03-05T16:11:24.525702	a8:c8:3a:d2:08:29	HUAWEI TECHNOLOGIES CO.,LTD		-57
2019-03-05T16:11:24.804051	be:30:88:71:54:28	UNKNOWN		-75
2019-03-05T16:11:25.409550	1c:70:22:0a:82:46	UNKNOWN		-59
2019-03-05T16:11:25.444451	1c:70:22:0a:82:46	UNKNOWN		-59
2019-03-05T16:11:27.467331	da:a1:19:fd:64:01	UNKNOWN		-83
2019-03-05T16:11:27.483283	da:a1:19:fd:64:01	UNKNOWN		-79
2019-03-05T16:11:27.606238	6e:98:f6:e2:29:27	UNKNOWN		-75
2019-03-05T16:11:27.784296	fc:18:3c:55:52:8f	UNKNOWN	MECLAB_2.4G	-87
2019-03-05T16:11:27.806162	fc:18:3c:55:52:8f	UNKNOWN	MECLAB_2.4G	-85
2019-03-05T16:11:29.553030	4e:a7:15:91:ae:ea	UNKNOWN		-79
2019-03-05T16:11:29.597098	4e:a7:15:91:ae:ea	UNKNOWN		-79
2019-03-05T16:11:31.798483	00:1f:1f:85:95:e1	Edimax Technology Co. Ltd.		-49
2019-03-05T16:11:32.150217	a8:c8:3a:d2:08:29	HUAWEI TECHNOLOGIES CO.,LTD		-59
2019-03-05T16:11:32.183047	a8:c8:3a:d2:08:29	HUAWEI TECHNOLOGIES CO.,LTD		-55
2019-03-05T16:11:39.437777	7e:1f:dd:92:d8:7b	UNKNOWN		-53
2019-03-05T16:11:40.225843	a8:c8:3a:d2:08:29	HUAWEI TECHNOLOGIES CO.,LTD		-57
2019-03-05T16:11:41.619700	c2:cd:32:16:99:10	UNKNOWN		-73
2019-03-05T16:11:41.844181	ac:5f:3e:66:3a:94	SAMSUNG ELECTRO-MECHANICS(THAILAND)		-87
2019-03-05T16:11:41.910319	40:4e:36:29:cc:d8	HTC Corporation		-85
2019-03-05T16:11:41.943535	e4:b2:fb:4b:f4:0d	UNKNOWN	NCKUEE-B1-4F	-85
2019-03-05T16:11:42.058396	dc:37:14:4c:e4:93	Apple, Inc.	NCKU-WLAN-802.1x	-83
2019-03-05T16:11:44.905953	fe:85:74:87:19:ad	UNKNOWN		-81
2019-03-05T16:11:45.108949	28:3f:69:c8:0d:38	Sony Mobile Communications AB		-89
2019-03-05T16:11:46.895744	dc:8b:28:65:76:c9	UNKNOWN		-75
2019-03-05T16:11:47.916267	dc:8b:28:65:76:c9	UNKNOWN		-77
2019-03-05T16:11:48.003342	dc:8b:28:65:76:c9	UNKNOWN		-75
2019-03-05T16:11:48.297937	a8:c8:3a:d2:08:29	HUAWEI TECHNOLOGIES CO.,LTD		-55
2019-03-05T16:11:54.858046	50:9e:a7:a6:48:6b	Samsung Electronics Co.,Ltd	NCKUEE-B1-4F	-83
2019-03-05T16:11:56.321580	a8:c8:3a:d2:08:29	HUAWEI TECHNOLOGIES CO.,LTD		-57
2019-03-05T16:11:57.553889	22:79:1b:d6:eb:32	UNKNOWN		-77
2019-03-05T16:11:59.113436	50:9e:a7:a6:48:6b	Samsung Electronics Co.,Ltd	NCKUEE-B1-4F	-85
2019-03-05T16:12:02.951367	ac:57:75:89:24:75	UNKNOWN		-79
2019-03-05T16:12:03.013771	3e:12:0e:64:2a:d4	UNKNOWN		-83
2019-03-05T16:12:04.509568	a8:c8:3a:d2:08:29	HUAWEI TECHNOLOGIES CO.,LTD		-55
2019-03-05T16:12:04.536301	a8:c8:3a:d2:08:29	HUAWEI TECHNOLOGIES CO.,LTD		-55
2019-03-05T16:12:09.261972	f4:28:53:19:7e:1f	Zioncom Electronics (Shenzhen) Ltd.	O3O	-49
2019-03-05T16:12:09.551759	4a:d4:73:bd:29:6f	UNKNOWN		-77
2019-03-05T16:12:10.310520	da:a1:19:86:6f:c4	UNKNOWN		-71
2019-03-05T16:12:10.433048	da:a1:19:55:d6:6c	UNKNOWN		-81
2019-03-05T16:12:10.651211	82:a6:53:2c:bb:af	UNKNOWN		-81
2019-03-05T16:12:12.241168	ac:57:75:89:24:75	UNKNOWN	DBSE-Guest	-81
2019-03-05T16:12:12.538022	0e:18:be:a1:df:3f	UNKNOWN		-75
2019-03-05T16:12:12.839831	d4:38:9c:87:25:30	UNKNOWN		-77
2019-03-05T16:12:15.739696	da:a1:19:81:38:5e	UNKNOWN		-85
2019-03-05T16:12:18.580574	70:70:0d:b7:93:4e	Apple, Inc.		-81
2019-03-05T16:12:19.944718	d4:38:9c:87:25:30	UNKNOWN		-81
2019-03-05T16:12:20.291205	a8:c8:3a:d2:08:29	HUAWEI TECHNOLOGIES CO.,LTD		-55
2019-03-05T16:12:22.595439	fa:e1:8b:d2:2b:da	UNKNOWN		-83
2019-03-05T16:12:25.612889	1c:70:22:0a:82:46	UNKNOWN		-61
2019-03-05T16:12:26.870806	10:7b:44:23:98:4c	UNKNOWN		-63
2019-03-05T16:12:28.078620	f0:1b:6c:a4:9b:c5	vivo Mobile Communication Co., Ltd.		-83
2019-03-05T16:12:28.450716	cc:9f:7a:a0:89:85	Chiun Mai Communication Systems, Inc		-77
2019-03-05T16:12:28.557243	a8:c8:3a:d2:08:29	HUAWEI TECHNOLOGIES CO.,LTD		-55
2019-03-05T16:12:28.603580	a8:c8:3a:d2:08:29	HUAWEI TECHNOLOGIES CO.,LTD		-55
2019-03-05T16:12:31.735236	48:5d:60:74:c1:d3	AzureWave Technology Inc.		-83
2019-03-05T16:12:33.064153	cc:9f:7a:a0:89:85	Chiun Mai Communication Systems, Inc		-79
2019-03-05T16:12:33.387670	24:0a:64:25:7d:85	AzureWave Technology Inc.		-73
2019-03-05T16:12:33.575804	28:3f:69:c8:2b:7b	Sony Mobile Communications AB	92475	-83
2019-03-05T16:12:33.699852	18:cf:5e:fa:69:81	Liteon Technology Corporation	NCKU-WLAN	-87
2019-03-05T16:12:36.050881	0a:3d:1d:9a:13:97	UNKNOWN		-79
2019-03-05T16:12:36.552561	a8:c8:3a:d2:08:29	HUAWEI TECHNOLOGIES CO.,LTD		-57
2019-03-05T16:12:36.756726	60:f4:45:8e:cb:58	Apple, Inc.	NCKU-WLAN-802.1x	-77
2019-03-05T16:12:37.259625	da:a1:19:0e:36:07	UNKNOWN		-85
2019-03-05T16:12:42.321879	a0:99:9b:b1:42:99	Apple, Inc.	NCKU-WLAN	-83
2019-03-05T16:12:42.944850	f0:1b:6c:a4:9b:c5	vivo Mobile Communication Co., Ltd.		-85
2019-03-05T16:12:44.356611	a8:c8:3a:d2:08:29	HUAWEI TECHNOLOGIES CO.,LTD		-55
2019-03-05T16:12:44.385569	a8:c8:3a:d2:08:29	HUAWEI TECHNOLOGIES CO.,LTD		-51
2019-03-05T16:12:45.410676	28:3f:69:c8:0d:38	Sony Mobile Communications AB		-79
2019-03-05T16:12:45.451753	28:3f:69:c8:0d:38	Sony Mobile Communications AB		-79
2019-03-05T18:17:23.467065	3c:f5:91:e7:00:59	UNKNOWN	TOTOLINK	-79
2019-03-05T18:17:24.191560	3c:f5:91:e7:00:59	UNKNOWN	MF910_38B597	-81
2019-03-05T18:17:30.242989	b4:6b:fc:d7:6b:35	UNKNOWN		-79
2019-03-05T18:17:30.451717	b4:6b:fc:d7:6b:35	UNKNOWN		-77
2019-03-05T18:17:31.096889	c4:b3:01:b7:d5:6b	Apple, Inc.		-87
2019-03-05T18:17:32.800947	4c:bb:58:fa:24:31	Chicony Electronics Co., Ltd.		-85
2019-03-05T18:17:33.185296	ec:f3:42:8c:3a:f1	UNKNOWN		-89
2019-03-06T18:38:54.129423	f8:28:19:5a:9d:e3	UNKNOWN		-77
2019-03-06T18:38:54.431195	3c:f5:91:e7:00:59	UNKNOWN	TOTOLINK	-81
2019-03-06T18:38:55.241054	c4:b3:01:b7:d5:6b	Apple, Inc.		-85
2019-03-06T18:38:55.612305	ec:f3:42:8c:3a:f1	UNKNOWN		-79
2019-03-06T18:38:57.538222	f8:28:19:5a:9d:e3	UNKNOWN		-79
2019-03-06T18:39:03.054999	b8:27:eb:0d:a3:f9	Raspberry Pi Foundation		-49
2019-03-06T18:39:04.521639	ac:e4:b5:af:df:cf	UNKNOWN	NCKU-WLAN-802.1x	-73
2019-03-06T18:39:05.022705	2c:0e:3d:46:ea:76	SAMSUNG ELECTRO-MECHANICS(THAILAND)	NCKU-WLAN	-75
2019-03-06T18:39:06.063028	f4:28:53:19:7e:1f	Zioncom Electronics (Shenzhen) Ltd.	O3O	-15
2019-03-06T18:39:12.215281	12:71:8a:77:9f:7c	UNKNOWN		-79
2019-03-06T18:39:13.218335	4c:18:9a:d0:ff:1f	UNKNOWN		-73
2019-03-06T18:39:15.167104	2c:0e:3d:46:ea:76	SAMSUNG ELECTRO-MECHANICS(THAILAND)	NCKU-WLAN	-85
2019-03-06T18:39:16.035602	36:79:39:98:a8:c6	UNKNOWN		-75
2019-03-06T18:39:16.056643	36:79:39:98:a8:c6	UNKNOWN		-73
2019-03-06T18:39:26.695135	94:39:e5:34:9c:9e	Hon Hai Precision Ind. Co.,Ltd.		-85
2019-03-06T18:39:33.772501	f8:28:19:58:60:e1	UNKNOWN		-81
2019-03-06T18:39:36.812162	f4:28:53:19:7e:1f	Zioncom Electronics (Shenzhen) Ltd.	O3O	-15
2019-03-06T18:39:40.970937	24:0a:64:be:ac:a1	AzureWave Technology Inc.		-77
2019-03-06T18:39:43.223246	b8:27:eb:5b:e9:a5	Raspberry Pi Foundation		-83
2019-03-06T18:39:43.248993	b8:27:eb:5b:e9:a5	Raspberry Pi Foundation		-85
2019-03-06T18:39:43.961480	80:a5:89:85:93:09	AzureWave Technology Inc.	NCKUEE-802.1x	-89
2019-03-06T18:39:48.021813	ac:e4:b5:af:df:cf	UNKNOWN		-83
2019-03-06T18:39:48.414608	86:26:50:ae:4d:86	UNKNOWN		-43
2019-03-06T18:39:48.449482	86:26:50:ae:4d:86	UNKNOWN		-43
2019-03-06T18:39:48.628246	5e:a8:39:30:f9:45	UNKNOWN		-79
2019-03-06T18:39:49.961358	b4:6b:fc:d7:6b:35	UNKNOWN		-77
2019-03-06T18:39:51.733736	dc:85:de:3e:0f:38	AzureWave Technology Inc.	TP-Back_92A27	-83
2019-03-06T18:39:53.102950	4c:bb:58:fa:24:31	Chicony Electronics Co., Ltd.		-83
2019-03-06T18:39:53.110577	4c:bb:58:fa:24:31	Chicony Electronics Co., Ltd.	NCKUEE-STAFF	-87
2019-03-06T18:39:53.969026	ec:51:bc:96:4b:e1	UNKNOWN		-79
2019-03-06T18:39:57.320090	f8:28:19:5a:9d:e3	UNKNOWN		-77
2019-03-06T18:40:00.634059	f8:28:19:5a:9d:e3	UNKNOWN		-77
2019-03-06T18:40:06.126887	1c:70:22:0a:82:46	UNKNOWN	TWNGBM	-77
2019-03-06T18:40:06.143511	1c:70:22:0a:82:46	UNKNOWN	TWNGBM	-77
2019-03-06T18:40:06.318977	6c:4d:73:d0:f0:1d	UNKNOWN		-79
2019-03-06T18:40:08.791114	30:85:a9:e4:f8:cf	ASUSTek COMPUTER INC.		-85
2019-03-06T18:40:08.988402	a2:50:60:ff:94:df	UNKNOWN		-79
2019-03-06T18:40:10.653547	ec:51:bc:96:4b:e1	UNKNOWN		-87
2019-03-06T18:40:12.503830	e8:2a:44:d2:cc:bf	UNKNOWN		-81
2019-03-06T18:40:16.418273	e8:2a:44:d2:cc:bf	UNKNOWN		-81
2019-03-06T18:40:16.720193	e8:2a:44:d2:cc:bf	UNKNOWN		-83
2019-03-06T18:40:19.178198	0a:c2:6e:7b:d9:b0	UNKNOWN		-81
2019-03-06T18:40:19.997820	e8:2a:44:d2:cc:bf	UNKNOWN		-83
2019-03-06T18:40:20.672600	58:40:4e:bc:0e:82	Apple, Inc.		-83
2019-03-06T18:40:20.688666	58:40:4e:bc:0e:82	Apple, Inc.		-83
2019-03-06T18:40:24.505860	22:2c:fb:e6:3c:d0	UNKNOWN		-87
2019-03-06T18:40:26.389571	e2:a4:79:5e:07:f6	UNKNOWN		-85
2019-03-06T18:40:26.438505	e2:a4:79:5e:07:f6	UNKNOWN		-85
2019-03-06T18:40:29.515084	7a:96:21:46:99:f4	UNKNOWN		-79
2019-03-06T18:40:29.854874	18:31:bf:d9:c0:3d	UNKNOWN		-87
2019-03-06T18:40:30.792160	5e:a5:3f:22:f8:3c	UNKNOWN		-83
2019-03-06T18:40:32.676646	66:de:e2:7a:09:5c	UNKNOWN		-83
2019-03-06T18:40:33.560625	4a:87:4c:5e:29:35	UNKNOWN		-29
2019-03-06T18:40:34.374704	ec:51:bc:96:4b:e1	UNKNOWN		-83
2019-03-06T18:40:38.797035	f4:28:53:19:7e:1f	Zioncom Electronics (Shenzhen) Ltd.	O3O	-15
2019-03-06T18:40:40.044449	fe:40:94:92:15:33	UNKNOWN		-81
2019-03-06T18:40:40.991181	24:0a:64:be:ac:a1	AzureWave Technology Inc.		-77
2019-03-06T18:40:41.155511	30:85:a9:e4:f8:cf	ASUSTek COMPUTER INC.		-81
2019-03-06T18:40:43.134967	da:a1:19:f6:22:57	UNKNOWN		-61
2019-03-06T18:40:46.865095	18:31:bf:d9:c0:3d	UNKNOWN	TWNGBM	-87
2019-03-06T18:40:46.873930	18:31:bf:d9:c0:3d	UNKNOWN	TWNGBM	-83
2019-03-06T18:40:49.706921	da:a1:19:38:ee:11	UNKNOWN		-83
2019-03-06T18:40:49.982195	b4:6b:fc:d7:6b:35	UNKNOWN		-75
2019-03-06T18:40:51.008265	b4:6b:fc:d7:6b:35	UNKNOWN		-81
2019-03-06T18:40:51.044922	b4:6b:fc:d7:6b:35	UNKNOWN		-81
2019-03-06T18:40:51.285875	1c:70:22:0a:82:46	UNKNOWN		-81
2019-03-06T18:40:53.311053	4c:bb:58:fa:24:31	Chicony Electronics Co., Ltd.	NCKUEE-STAFF	-87
2019-03-06T18:40:57.218751	80:a5:89:85:93:09	AzureWave Technology Inc.	NCKUEE-802.1x	-83
2019-03-06T18:41:03.883906	f8:28:19:5a:9d:e3	UNKNOWN		-77
2019-03-06T18:41:07.330026	dc:85:de:3e:0f:38	AzureWave Technology Inc.	TP-Back_92A27	-83
2019-03-06T18:41:09.498661	28:16:a8:65:77:47	UNKNOWN	NCKU-WLAN	-83
2019-03-06T18:41:09.520302	f4:28:53:19:7e:1f	Zioncom Electronics (Shenzhen) Ltd.	O3O	-15
2019-03-06T18:41:09.579142	5a:52:57:11:9f:9b	UNKNOWN		-79
2019-03-06T18:41:11.733042	50:82:d5:9a:79:0c	Apple, Inc.	NCKU-WLAN-802.1x	-83
2019-03-06T18:41:12.735383	32:91:3c:fd:13:c3	UNKNOWN		-83
2019-03-06T18:41:13.457066	da:a1:19:44:31:89	UNKNOWN		-75
2019-03-06T18:41:13.492461	da:a1:19:44:31:89	UNKNOWN	CHT Wi-Fi Auto	-75
2019-03-06T18:41:13.634658	b0:35:9f:54:4b:b0	Intel Corporate	NCKUEE-802.1x	-83
2019-03-06T18:41:15.335235	3c:a0:67:7a:23:a5	Liteon Technology Corporation		-89
2019-03-06T18:41:18.531569	4a:87:4c:5e:29:35	UNKNOWN		-39
2019-03-06T18:41:19.726228	f0:98:9d:73:32:ed	UNKNOWN		-83
2019-03-06T18:41:20.051655	e8:2a:44:d2:cc:bf	UNKNOWN		-91
2019-03-06T18:41:24.174719	ca:f7:fb:04:b7:86	UNKNOWN		-69
2019-03-06T18:41:26.522570	7a:9f:ba:d7:83:32	UNKNOWN		-77
2019-03-06T18:41:26.970359	e2:0e:8b:47:ae:d2	UNKNOWN		-81
2019-03-06T18:41:27.913037	92:0d:4d:df:de:92	UNKNOWN		-77
2019-03-06T18:41:32.338066	d4:61:da:42:34:dc	UNKNOWN	Dlink DIR-615	-77
2019-03-06T18:41:40.648640	f4:28:53:19:7e:1f	Zioncom Electronics (Shenzhen) Ltd.	O3O	-15
2019-03-06T18:41:42.784373	da:a1:19:9c:78:c0	UNKNOWN		-87
2019-03-06T18:41:44.232806	3c:a0:67:7a:23:a5	Liteon Technology Corporation		-83
2019-03-06T18:41:45.583842	da:a1:19:b5:8a:3f	UNKNOWN		-87
2019-03-06T18:41:45.963168	da:a1:19:4a:1c:ff	UNKNOWN		-85
2019-03-06T18:41:50.069291	b4:6b:fc:d7:6b:35	UNKNOWN		-79
2019-03-06T18:41:52.216775	16:26:41:77:21:5b	UNKNOWN		-81
2019-03-06T18:41:54.042518	b8:27:eb:32:f7:a4	Raspberry Pi Foundation		-39
2019-03-06T18:41:55.048342	b8:27:eb:32:f7:a4	Raspberry Pi Foundation	O3O	-39
2019-03-06T18:41:55.637288	04:d3:b0:85:4e:9a	UNKNOWN		-81
2019-03-06T18:41:59.748237	18:31:bf:d9:c0:3d	UNKNOWN	TWNGBM	-77
2019-03-06T18:41:59.765856	18:31:bf:d9:c0:3d	UNKNOWN	daniel	-75
2019-03-06T18:42:00.664070	b8:27:eb:0d:a3:f9	Raspberry Pi Foundation		-47
2019-03-06T18:42:02.657555	9a:6e:2f:c1:38:21	UNKNOWN		-43
2019-03-06T18:42:05.956546	82:e0:26:43:ab:42	UNKNOWN		-85
2019-03-06T18:42:06.230064	da:a1:19:7b:af:25	UNKNOWN		-77
2019-03-06T18:42:09.615377	2c:4d:54:c7:74:60	ASUSTek COMPUTER INC.		-87
2019-03-06T18:42:09.696307	22:a5:89:85:93:09	UNKNOWN		-81
2019-03-06T18:42:14.894029	32:b6:b1:ac:59:22	UNKNOWN		-73
2019-03-06T18:42:17.126225	0c:d7:46:17:63:97	Apple, Inc.	NCKU-WLAN-802.1x	-73
2019-03-06T18:42:18.351172	9a:d6:2c:8f:4d:11	UNKNOWN		-73
2019-03-06T18:42:21.071313	6c:4d:73:d0:f0:1d	UNKNOWN		-79
2019-03-06T18:42:22.753878	3e:6d:68:ab:ab:68	UNKNOWN		-71
2019-03-06T18:42:26.175913	3c:a0:67:7a:23:a5	Liteon Technology Corporation		-83
2019-03-06T18:42:26.427415	f6:c6:39:56:19:a1	UNKNOWN		-77
2019-03-06T18:42:33.583906	0e:05:f1:09:b8:45	UNKNOWN		-87
2019-03-06T18:42:33.781442	ce:a4:90:22:37:39	UNKNOWN		-81
2019-03-06T18:42:36.329189	ba:21:0c:7b:a7:ef	UNKNOWN		-75
2019-03-06T18:42:38.239589	50:82:d5:9a:79:0c	Apple, Inc.	NCKU-WLAN-802.1x	-87
2019-03-06T18:42:40.089623	3c:a0:67:7a:23:a5	Liteon Technology Corporation		-83
2019-03-06T18:42:40.593735	da:a1:19:02:17:5c	UNKNOWN		-83
2019-03-06T18:42:40.603615	da:a1:19:02:17:5c	UNKNOWN		-81
2019-03-06T18:42:40.713413	3a:6e:ea:51:3e:d6	UNKNOWN		-83
2019-03-06T18:42:41.923257	94:39:e5:34:9c:9e	Hon Hai Precision Ind. Co.,Ltd.		-83
2019-03-06T18:42:41.950042	94:39:e5:34:9c:9e	Hon Hai Precision Ind. Co.,Ltd.		-85
2019-03-06T18:42:42.996565	b8:27:eb:5b:e9:a5	Raspberry Pi Foundation		-77
2019-03-06T18:42:43.031562	b8:27:eb:5b:e9:a5	Raspberry Pi Foundation		-77
2019-03-06T18:42:44.154098	a6:36:e2:b1:c4:2a	UNKNOWN		-77
2019-03-06T18:42:44.205116	a6:36:e2:b1:c4:2a	UNKNOWN		-83
2019-03-06T18:42:44.285365	e2:02:eb:d7:63:83	UNKNOWN		-87
2019-03-06T18:42:45.639781	9a:6e:2f:c1:38:21	UNKNOWN		-45
2019-03-06T18:42:48.180186	12:c8:c8:01:4c:48	UNKNOWN		-77
2019-03-06T18:42:48.512880	2c:0e:3d:46:ea:76	SAMSUNG ELECTRO-MECHANICS(THAILAND)	NCKU-WLAN	-85
2019-03-06T18:42:49.639318	b4:6b:fc:d7:6b:35	UNKNOWN		-79
2019-03-06T18:42:51.493314	da:a1:19:9d:3a:0c	UNKNOWN		-85
2019-03-06T18:42:51.692441	1c:70:22:0a:82:46	UNKNOWN		-79
2019-03-06T18:42:54.116026	d4:a3:3d:22:fe:ad	UNKNOWN	NCKU-WLAN-802.1x	-83
2019-03-06T18:42:54.138529	d4:a3:3d:22:fe:ad	UNKNOWN	NCKU-WLAN-802.1x	-79
2019-03-06T18:42:54.350697	46:99:89:53:5b:19	UNKNOWN		-89
2019-03-06T18:42:54.377277	3c:a0:67:7a:23:a5	Liteon Technology Corporation		-81
2019-03-06T18:42:54.415941	3c:a0:67:7a:23:a5	Liteon Technology Corporation		-83
2019-03-06T18:42:55.876958	4e:65:82:75:e5:88	UNKNOWN		-79
2019-03-06T18:42:55.961779	da:a1:19:77:13:29	UNKNOWN		-85
2019-03-06T18:43:04.645959	ec:f3:42:8c:ec:2d	UNKNOWN		-75
2019-03-06T18:43:06.301023	f8:28:19:5a:9d:e3	UNKNOWN		-71
2019-03-06T18:43:07.586917	3c:a0:67:7a:23:a5	Liteon Technology Corporation		-83
2019-03-06T18:43:10.598091	f8:28:19:5a:9d:e3	UNKNOWN		-73
2019-03-06T18:43:12.338147	3c:a0:67:7a:23:a5	Liteon Technology Corporation	NCKU-WLAN-802.1x	-83
2019-03-06T18:43:13.350818	f4:28:53:19:7e:1f	Zioncom Electronics (Shenzhen) Ltd.	O3O	-15
2019-03-06T18:43:13.443364	3c:a0:67:7a:23:a5	Liteon Technology Corporation	NCKU-WLAN-802.1x	-83
2019-03-06T18:43:15.396517	42:4a:82:df:06:f5	UNKNOWN		-79
2019-03-06T18:43:25.315770	80:a5:89:85:93:09	AzureWave Technology Inc.	NCKUEE-802.1x	-79
2019-03-06T18:43:25.344600	80:a5:89:85:93:09	AzureWave Technology Inc.	NCKUEE-802.1x	-77
2019-03-06T18:43:27.186672	da:a1:19:38:4d:4e	UNKNOWN		-79
2019-03-06T18:43:30.848703	da:a1:19:d1:85:b9	UNKNOWN		-87
2019-03-06T18:43:30.941012	e8:2a:44:d2:cc:bf	UNKNOWN		-83
2019-03-06T18:43:35.616676	1e:f5:4b:d5:ef:ab	UNKNOWN		-79
2019-03-06T18:43:36.771345	ea:77:58:c1:cf:b2	UNKNOWN		-83
2019-03-06T18:43:36.954264	ec:f3:42:8c:ec:2d	UNKNOWN		-73
2019-03-06T18:43:40.207512	da:3f:b7:b0:d1:08	UNKNOWN		-83
2019-03-06T18:43:40.438399	24:0a:64:be:ac:a1	AzureWave Technology Inc.		-73
2019-03-06T18:43:41.639369	e2:0e:8b:47:ae:d2	UNKNOWN		-81
2019-03-06T18:43:42.771069	b8:27:eb:5b:e9:a5	Raspberry Pi Foundation		-87
2019-03-06T18:43:43.384251	06:b8:4b:03:ef:cd	UNKNOWN		-85
2019-03-06T18:43:44.576865	f4:28:53:19:7e:1f	Zioncom Electronics (Shenzhen) Ltd.	O3O	-15
2019-03-06T18:43:48.364655	62:38:2d:94:cc:55	UNKNOWN		-85
2019-03-06T18:43:48.999511	da:a1:19:d4:0f:89	UNKNOWN	NCKU-WLAN-802.1x	-79
2019-03-06T18:43:50.483572	b4:6b:fc:d7:6b:35	UNKNOWN		-79
2019-03-06T18:43:53.057628	da:a1:19:1f:27:ea	UNKNOWN		-73
2019-03-06T18:43:53.071334	da:a1:19:1f:27:ea	UNKNOWN		-75
2019-03-06T18:43:53.103215	da:a1:19:1f:27:ea	UNKNOWN		-75
2019-03-06T18:43:58.501195	ce:d2:4d:38:de:99	UNKNOWN		-77
2019-03-06T18:44:01.881977	3c:a0:67:7a:23:a5	Liteon Technology Corporation	NCKU-WLAN-802.1x	-83
2019-03-06T18:44:02.688426	74:eb:80:a9:1d:c6	UNKNOWN	NCKU-WLAN	-87
2019-03-06T18:44:03.939723	74:eb:80:a9:1d:c6	UNKNOWN	NCKU-WLAN	-83
2019-03-06T18:44:07.800028	aa:bb:18:fc:4a:2b	UNKNOWN		-85
2019-03-06T18:44:09.400487	30:24:32:a7:c9:8e	UNKNOWN		-77
2019-03-06T18:44:09.448806	30:24:32:a7:c9:8e	UNKNOWN		-75
2019-03-06T18:44:10.152894	f8:28:19:5a:9d:e3	UNKNOWN		-69
2019-03-06T18:44:11.324859	3c:a0:67:7a:23:a5	Liteon Technology Corporation	NCKU-WLAN-802.1x	-85
2019-03-06T18:44:12.301557	80:a5:89:94:58:95	AzureWave Technology Inc.		-87
2019-03-06T18:44:13.499261	f8:28:19:5a:9d:e3	UNKNOWN		-69
2019-03-06T18:44:14.228135	a6:c6:c2:6b:cd:6d	UNKNOWN		-71
2019-03-06T18:44:14.779491	b0:70:2d:dd:2d:6e	Apple, Inc.		-83
2019-03-06T18:44:14.839705	3c:a0:67:7a:23:a5	Liteon Technology Corporation	NCKU-WLAN-802.1x	-85
2019-03-06T18:44:15.500142	f4:28:53:19:7e:1f	Zioncom Electronics (Shenzhen) Ltd.	O3O	-15
2019-03-06T18:44:17.426365	fc:18:3c:55:52:8f	UNKNOWN	MECLAB_2.4G	-81
2019-03-06T18:44:17.765476	da:a1:19:ac:a1:7a	UNKNOWN		-81
2019-03-06T18:44:18.628329	68:07:15:c5:2c:45	Intel Corporate	ndelab92602	-79
2019-03-06T18:44:20.803795	7a:ff:55:4e:7f:6f	UNKNOWN		-83
2019-03-06T18:44:27.760089	80:a5:89:94:58:95	AzureWave Technology Inc.		-85
2019-03-06T18:44:32.098171	3c:a0:67:7a:23:a5	Liteon Technology Corporation		-85
2019-03-06T18:44:33.642658	80:a5:89:94:58:95	AzureWave Technology Inc.	NCKUEE-B1-4F	-85
2019-03-06T18:44:34.061262	da:a1:19:11:a6:63	UNKNOWN		-83
2019-03-06T18:44:34.925070	da:a1:19:e1:35:80	UNKNOWN	TWM WiFi Auto	-79
2019-03-06T18:44:36.134513	da:a1:19:41:5c:28	UNKNOWN	FET Wi-Fi Auto	-77
2019-03-06T18:44:36.157035	da:a1:19:41:5c:28	UNKNOWN		-77
2019-03-06T18:44:36.163873	da:a1:19:41:5c:28	UNKNOWN	TWM WiFi Auto	-77
2019-03-06T18:44:36.170698	da:a1:19:41:5c:28	UNKNOWN	FET Wi-Fi Auto	-77
2019-03-06T18:44:37.019498	c2:53:f8:c9:58:21	UNKNOWN		-79
2019-03-06T18:44:37.745259	da:a1:19:41:8e:04	UNKNOWN		-79
2019-03-06T18:44:38.434006	80:a5:89:85:93:09	AzureWave Technology Inc.	NCKUEE-802.1x	-79
2019-03-06T18:44:38.446869	80:a5:89:85:93:09	AzureWave Technology Inc.	NCKUEE-802.1x	-79
2019-03-06T18:44:40.472294	24:0a:64:be:ac:a1	AzureWave Technology Inc.		-71
2019-03-06T18:44:42.812822	b8:27:eb:5b:e9:a5	Raspberry Pi Foundation		-83
2019-03-06T18:44:43.085307	3c:a0:67:7a:23:a5	Liteon Technology Corporation	NCKU-WLAN-802.1x	-81
2019-03-06T18:44:43.100324	3c:a0:67:7a:23:a5	Liteon Technology Corporation	NCKU-WLAN-802.1x	-81
2019-03-06T18:44:43.606127	da:a1:19:26:4c:ee	UNKNOWN		-63
2019-03-06T18:44:43.673078	da:a1:19:26:4c:ee	UNKNOWN		-71
2019-03-06T18:44:47.890344	8e:19:38:a7:eb:e7	UNKNOWN		-83
2019-03-06T18:44:47.957100	8e:19:38:a7:eb:e7	UNKNOWN		-81
2019-03-06T18:44:48.114331	60:f4:45:06:05:44	Apple, Inc.	GREEEEEEEEERC	-85
2019-03-06T18:44:52.407840	1c:70:22:0a:82:46	UNKNOWN		-77
2019-03-06T18:44:52.642863	f2:30:19:57:58:43	UNKNOWN		-51
2019-03-06T18:44:53.084128	42:2b:0b:f3:c2:db	UNKNOWN		-89
2019-03-06T18:44:55.320119	30:85:a9:e4:f8:cf	ASUSTek COMPUTER INC.	TWNGBM	-81
2019-03-06T18:44:55.328477	30:85:a9:e4:f8:cf	ASUSTek COMPUTER INC.	HTC Portable Hotspot A6EC	-79
2019-03-06T18:44:55.465446	04:d3:b0:85:4e:9a	UNKNOWN		-73
2019-03-06T18:44:58.729381	4c:bb:58:fa:24:31	Chicony Electronics Co., Ltd.		-81
2019-03-06T18:44:59.561922	18:31:bf:d9:c0:3d	UNKNOWN	daniel	-87
2019-03-06T18:45:01.134292	22:0c:d3:f7:d0:5d	UNKNOWN		-83
2019-03-06T18:45:02.851996	da:a1:19:1a:0a:e5	UNKNOWN	NCKU-WLAN-802.1x	-79
2019-03-06T18:45:03.764973	b8:53:ac:1c:4b:46	Apple, Inc.		-83
2019-03-06T18:45:05.448731	78:7e:61:9c:16:1d	Apple, Inc.	ndelab92602	-77
2019-03-06T18:45:05.463796	78:7e:61:9c:16:1d	Apple, Inc.	ndelab92602	-79
2019-03-06T18:45:06.819920	ec:f3:42:8c:ec:2d	UNKNOWN		-77
2019-03-06T18:45:07.190797	da:a1:19:09:18:f1	UNKNOWN		-77
2019-03-06T18:45:10.312789	da:a1:19:c0:67:dc	UNKNOWN		-79
2019-03-06T18:45:10.325940	da:a1:19:c0:67:dc	UNKNOWN	CHT Wi-Fi Auto	-77
2019-03-06T18:45:12.685373	3c:a0:67:7a:23:a5	Liteon Technology Corporation	NCKU-WLAN-802.1x	-83
2019-03-06T18:45:13.656792	f8:28:19:5a:9d:e3	UNKNOWN		-69
2019-03-06T18:45:13.723212	f8:28:19:5a:9d:e3	UNKNOWN		-69
2019-03-06T18:45:15.270239	ac:37:43:e9:2a:5a	HTC Corporation		-79
2019-03-06T18:45:16.375696	da:a1:19:23:d7:1b	UNKNOWN		-69
2019-03-06T18:45:16.812370	f8:28:19:5a:9d:e3	UNKNOWN		-69
2019-03-06T18:45:16.892830	f8:28:19:5a:9d:e3	UNKNOWN		-69
2019-03-06T18:45:17.492768	f4:28:53:19:7e:1f	Zioncom Electronics (Shenzhen) Ltd.	O3O	-15
2019-03-06T18:45:23.606250	bc:e1:43:2f:93:f8	UNKNOWN	LCC87	-75
2019-03-06T18:45:24.143652	b2:ab:5b:5b:ec:0b	UNKNOWN		-81
2019-03-06T18:45:26.948354	da:a1:19:10:3c:85	UNKNOWN		-79
2019-03-06T18:45:29.796010	bc:e1:43:2f:93:f8	UNKNOWN	LCC87	-83
2019-03-06T18:45:29.807530	da:a1:19:64:d2:c4	UNKNOWN		-83
2019-03-06T18:45:31.271772	e8:2a:44:d2:cc:bf	UNKNOWN		-83
2019-03-06T18:45:35.926658	da:a1:19:03:b7:63	UNKNOWN		-81
2019-03-06T18:45:35.957287	da:a1:19:03:b7:63	UNKNOWN		-81
2019-03-06T18:45:36.529369	58:40:4e:bc:0e:82	Apple, Inc.		-83
2019-03-06T18:45:38.722817	da:a1:19:f6:82:79	UNKNOWN		-81
2019-03-06T18:45:38.880019	a6:b3:eb:51:cf:33	UNKNOWN		-79
2019-03-06T18:45:39.513083	00:e1:8c:97:d1:19	UNKNOWN	MCSLAB_5G	-39
2019-03-06T18:45:40.727545	24:0a:64:be:ac:a1	AzureWave Technology Inc.		-81
2019-03-06T18:45:41.560117	48:2c:a0:65:34:43	UNKNOWN		-83
2019-03-06T18:45:42.622703	bc:e1:43:2f:93:f8	UNKNOWN	LCC87	-77
2019-03-06T18:45:45.327423	da:a1:19:2b:2a:1d	UNKNOWN		-67
2019-03-06T18:45:48.115703	f4:28:53:19:7e:1f	Zioncom Electronics (Shenzhen) Ltd.	O3O	-15
2019-03-06T18:45:48.556101	bc:e1:43:2f:93:f8	UNKNOWN	LCC87	-83
2019-03-06T18:45:48.563583	bc:e1:43:2f:93:f8	UNKNOWN	LCC87	-83
2019-03-06T18:45:48.594268	bc:e1:43:2f:93:f8	UNKNOWN	LCC87	-79
2019-03-06T18:45:49.433234	f0:98:9d:73:32:ed	UNKNOWN		-83
2019-03-06T18:45:50.500810	da:a1:19:1f:f9:80	UNKNOWN		-79
2019-03-06T18:45:50.506914	da:a1:19:1f:f9:80	UNKNOWN		-79
2019-03-06T18:45:50.533655	da:a1:19:1f:f9:80	UNKNOWN		-81
2019-03-06T18:45:50.539742	da:a1:19:1f:f9:80	UNKNOWN		-79
2019-03-06T18:45:50.605008	da:a1:19:1f:f9:80	UNKNOWN	CHT Wi-Fi Auto	-81
2019-03-06T18:45:52.433818	3c:a0:67:7a:23:a5	Liteon Technology Corporation	NCKU-WLAN-802.1x	-81
2019-03-06T18:45:52.502282	c6:82:23:29:7d:04	UNKNOWN		-81
2019-03-06T18:45:52.726465	1c:70:22:0a:82:46	UNKNOWN		-75
2019-03-06T18:45:52.755427	1c:70:22:0a:82:46	UNKNOWN		-79
2019-03-06T18:45:53.348842	80:a5:89:94:58:95	AzureWave Technology Inc.	NCKUEE-B1-4F	-83
2019-03-06T18:45:53.378278	80:a5:89:94:58:95	AzureWave Technology Inc.	NCKUEE-B1-4F	-83
2019-03-06T18:45:54.876200	80:a5:89:85:93:09	AzureWave Technology Inc.	NCKUEE-802.1x	-79
2019-03-06T18:46:03.157607	da:a1:19:1a:97:c1	UNKNOWN		-81
2019-03-06T18:46:03.205517	da:a1:19:1a:97:c1	UNKNOWN		-83
2019-03-06T18:46:05.425500	3c:a0:67:7a:23:a5	Liteon Technology Corporation	NCKU-WLAN-802.1x	-83
2019-03-06T18:46:05.442535	3c:a0:67:7a:23:a5	Liteon Technology Corporation	NCKU-WLAN-802.1x	-83
2019-03-06T18:46:05.808648	04:c2:3e:3f:c2:98	HTC Corporation		-77
2019-03-06T18:46:09.195245	da:a1:19:1e:71:f9	UNKNOWN		-79
2019-03-06T18:46:14.439734	ac:37:43:e9:2a:5a	HTC Corporation		-77
2019-03-06T18:46:14.480432	ac:37:43:e9:2a:5a	HTC Corporation		-69
2019-03-06T18:46:18.979443	da:a1:19:2c:0a:e8	UNKNOWN	NCKU-WLAN-802.1x	-85
2019-03-06T18:46:19.581600	f4:28:53:19:7e:1f	Zioncom Electronics (Shenzhen) Ltd.	O3O	-15
2019-03-06T18:46:20.109645	da:a1:19:f4:a4:19	UNKNOWN	NCKU-WLAN-802.1x	-79
2019-03-06T18:46:26.833881	3c:a0:67:7a:23:a5	Liteon Technology Corporation		-83
2019-03-06T18:46:28.863685	b2:8b:4d:84:05:54	UNKNOWN		-75
2019-03-06T18:46:29.694834	18:31:bf:d9:c0:3d	UNKNOWN		-73
2019-03-06T18:46:30.633931	da:a1:19:e4:ac:d4	UNKNOWN		-77
2019-03-06T18:46:34.895681	da:a1:19:3a:fe:40	UNKNOWN	CHT Wi-Fi Auto	-79
2019-03-06T18:46:34.909162	da:a1:19:3a:fe:40	UNKNOWN		-77
2019-03-06T18:46:38.418361	ca:df:62:17:2f:9a	UNKNOWN		-83
2019-03-06T18:46:40.553202	3c:a0:67:7a:23:a5	Liteon Technology Corporation		-83
2019-03-06T18:46:40.643306	24:0a:64:be:ac:a1	AzureWave Technology Inc.		-79
2019-03-06T18:46:44.041423	f6:ff:80:6b:22:15	UNKNOWN		-77
2019-03-06T18:46:49.560715	b4:6b:fc:d7:6b:35	UNKNOWN		-81
2019-03-06T18:46:50.039847	f4:28:53:19:7e:1f	Zioncom Electronics (Shenzhen) Ltd.	O3O	-15
2019-03-06T18:46:50.533797	b4:6b:fc:d7:6b:35	UNKNOWN		-79
2019-03-06T18:46:54.246304	18:31:bf:d9:c0:3d	UNKNOWN		-69
2019-03-06T18:46:54.683284	da:a1:19:db:73:c8	UNKNOWN		-85
2019-03-06T18:46:57.554272	da:a1:19:9e:e8:b3	UNKNOWN		-87
2019-03-06T18:47:01.434628	ec:51:bc:99:d4:11	UNKNOWN		-85
2019-03-06T18:47:07.395971	80:a5:89:85:93:09	AzureWave Technology Inc.	NCKUEE-802.1x	-81
2019-03-06T18:47:07.420593	80:a5:89:85:93:09	AzureWave Technology Inc.	NCKUEE-802.1x	-85
2019-03-06T18:47:08.490147	36:81:a5:1c:af:9e	UNKNOWN		-79
2019-03-06T18:47:08.991171	ec:f3:42:8c:ec:2d	UNKNOWN		-79
2019-03-06T18:47:09.024940	ec:f3:42:8c:ec:2d	UNKNOWN		-75
2019-03-06T18:47:11.206288	80:a5:89:94:58:95	AzureWave Technology Inc.	NCKUEE-B1-4F	-87
2019-03-06T18:47:20.943119	f8:28:19:5a:9d:e3	UNKNOWN		-71
2019-03-06T18:47:23.536949	3c:a0:67:7a:23:a5	Liteon Technology Corporation		-81
2019-03-06T18:47:23.624103	f8:28:19:5a:9d:e3	UNKNOWN		-69
2019-03-06T18:47:23.670600	f8:28:19:5a:9d:e3	UNKNOWN		-71
2019-03-06T18:47:26.054356	8a:31:73:3f:b5:d4	UNKNOWN		-69
2019-03-06T18:47:26.098976	8a:31:73:3f:b5:d4	UNKNOWN		-81
2019-03-06T18:47:37.486616	3c:a0:67:7a:23:a5	Liteon Technology Corporation		-81
2019-03-06T18:47:40.718358	24:0a:64:be:ac:a1	AzureWave Technology Inc.		-75
2019-03-06T18:47:42.410153	94:b8:6d:da:56:dd	UNKNOWN	SDL_wifi	-85
2019-03-06T18:47:42.893071	3c:a0:67:7a:23:a5	Liteon Technology Corporation	NCKU-WLAN-802.1x	-85
2019-03-06T18:47:43.399763	ec:f3:42:8c:ec:2d	UNKNOWN		-87
2019-03-06T18:47:49.745299	b4:6b:fc:d7:6b:35	UNKNOWN		-79
2019-03-06T18:47:51.639646	58:40:4e:bc:0e:82	Apple, Inc.		-83
2019-03-06T18:47:52.743470	3c:a0:67:7a:23:a5	Liteon Technology Corporation		-83
2019-03-06T18:47:53.639118	40:4e:36:30:8b:90	HTC Corporation		-89
2019-03-06T18:47:55.654334	04:d3:b0:85:4e:9a	UNKNOWN		-77
2019-03-06T18:47:56.083578	74:b5:87:1a:72:18	UNKNOWN	NCKU-WLAN	-81
2019-03-06T18:47:59.876719	74:b5:87:1a:72:18	UNKNOWN		-79
2019-03-06T18:48:00.308946	da:0d:1d:3b:ac:54	UNKNOWN		-87
2019-03-06T18:48:01.832249	4c:bb:58:fa:24:31	Chicony Electronics Co., Ltd.		-85
2019-03-06T18:48:01.842181	4c:bb:58:fa:24:31	Chicony Electronics Co., Ltd.	NCKUEE-STAFF	-89
2019-03-06T18:48:01.977369	f0:03:8c:34:f0:6f	AzureWave Technology Inc.		-85
2019-03-06T18:48:07.287796	3c:a0:67:7a:23:a5	Liteon Technology Corporation		-83
2019-03-06T18:48:18.766914	3c:a0:67:7a:23:a5	Liteon Technology Corporation	NCKU-WLAN-802.1x	-83
2019-03-06T18:48:21.979841	da:a1:19:d3:a5:9c	UNKNOWN		-81
2019-03-06T18:48:23.029340	80:a5:89:85:93:09	AzureWave Technology Inc.	NCKUEE-802.1x	-83
2019-03-06T18:48:23.041940	80:a5:89:85:93:09	AzureWave Technology Inc.	NCKUEE-802.1x	-83
2019-03-06T18:48:23.408307	2a:a8:9a:1a:e5:46	UNKNOWN		-81
2019-03-06T18:48:23.687762	f8:28:19:5a:9d:e3	UNKNOWN		-69
2019-03-06T18:48:23.736635	f8:28:19:5a:9d:e3	UNKNOWN		-69
2019-03-06T18:48:23.919581	f4:28:53:19:7e:1f	Zioncom Electronics (Shenzhen) Ltd.	O3O	-15
2019-03-06T18:48:33.009825	18:31:bf:d9:c0:3d	UNKNOWN	TWNGBM	-69
2019-03-06T18:48:33.017806	18:31:bf:d9:c0:3d	UNKNOWN	daniel	-69
2019-03-06T18:48:33.027333	18:31:bf:d9:c0:3d	UNKNOWN		-65
2019-03-06T18:48:40.626178	24:0a:64:be:ac:a1	AzureWave Technology Inc.		-85
2019-03-06T18:48:41.928770	22:a5:89:94:58:95	UNKNOWN		-81
2019-03-06T18:48:42.640525	4a:70:45:68:f0:96	UNKNOWN		-81
2019-03-06T18:48:46.241623	e8:2a:44:d2:cc:bf	UNKNOWN		-85
2019-03-06T18:48:46.318038	e8:2a:44:d2:cc:bf	UNKNOWN		-85
2019-03-06T18:48:46.634973	e8:2a:44:d2:cc:bf	UNKNOWN		-81
2019-03-06T18:48:47.060129	b2:5d:e0:33:5e:09	UNKNOWN		-77
2019-03-06T18:48:49.738206	3c:a0:67:7a:23:a5	Liteon Technology Corporation		-81
2019-03-06T18:48:50.845305	58:7f:57:c3:de:9d	Apple, Inc.	NCKU-WLAN-802.1x	-81
2019-03-06T18:48:50.915661	58:7f:57:c3:de:9d	Apple, Inc.	NCKU-WLAN-802.1x	-79
2019-03-06T18:48:50.982125	58:7f:57:c3:de:9d	Apple, Inc.	NCKU-WLAN-802.1x	-81
2019-03-06T18:48:51.220906	58:7f:57:c3:de:9d	Apple, Inc.	NCKU-WLAN-802.1x	-87
2019-03-06T18:48:51.900617	94:39:e5:34:9c:9e	Hon Hai Precision Ind. Co.,Ltd.		-83
2019-03-06T18:48:54.293726	f4:28:53:19:7e:1f	Zioncom Electronics (Shenzhen) Ltd.	O3O	-15
2019-03-06T18:49:02.984902	3a:26:f0:f0:9e:4d	UNKNOWN		-81
2019-03-06T18:49:03.460032	3c:a0:67:7a:23:a5	Liteon Technology Corporation		-79
2019-03-06T18:49:07.208541	cc:2f:71:a3:c8:cf	UNKNOWN	CILS92810	-85
2019-03-06T18:49:07.221005	cc:2f:71:a3:c8:cf	UNKNOWN		-87
2019-03-06T18:49:22.717735	84:4b:f5:08:0c:a6	Hon Hai Precision Ind. Co.,Ltd.	unconfigured	-85
2019-03-06T18:49:25.499021	f4:28:53:19:7e:1f	Zioncom Electronics (Shenzhen) Ltd.	O3O	-15
2019-03-06T18:49:25.505542	f4:28:53:19:7e:1f	Zioncom Electronics (Shenzhen) Ltd.	O3O	-15
2019-03-06T18:49:25.949510	1e:ea:88:b1:53:72	UNKNOWN		-83
2019-03-06T18:49:30.665142	f8:28:19:5a:9d:e3	UNKNOWN		-69
2019-03-06T18:49:37.745822	1e:f5:4b:d5:ef:ab	UNKNOWN		-77
2019-03-06T18:49:41.113985	24:0a:64:be:ac:a1	AzureWave Technology Inc.		-75
2019-03-06T18:49:41.135056	24:0a:64:be:ac:a1	AzureWave Technology Inc.		-77
2019-03-06T18:49:41.426992	f8:32:e4:df:a6:45	ASUSTek COMPUTER INC.		-79
2019-03-06T18:49:41.972069	80:a5:89:85:93:09	AzureWave Technology Inc.	NCKUEE-802.1x	-85
2019-03-06T18:49:41.988463	80:a5:89:85:93:09	AzureWave Technology Inc.	NCKUEE-802.1x	-81
2019-03-06T18:49:50.333154	b4:6b:fc:d7:6b:35	UNKNOWN		-79
2019-03-06T18:49:50.359825	b4:6b:fc:d7:6b:35	UNKNOWN		-79
2019-03-06T18:49:54.642610	80:a5:89:94:58:95	AzureWave Technology Inc.	NCKUEE-B1-4F	-85
2019-03-06T18:49:56.014941	04:d3:b0:85:4e:9a	UNKNOWN		-75
2019-03-06T18:49:58.936037	f4:28:53:19:7e:1f	Zioncom Electronics (Shenzhen) Ltd.	O3O	-15
2019-03-06T18:50:12.202701	04:d3:b0:cc:89:4a	UNKNOWN		-73
2019-03-06T18:50:15.850063	3c:a0:67:7a:23:a5	Liteon Technology Corporation		-81
2019-03-06T18:50:20.376586	9c:5c:f9:3a:ab:5a	Sony Mobile Communications AB		-85
2019-03-06T18:50:29.624603	f4:28:53:19:7e:1f	Zioncom Electronics (Shenzhen) Ltd.	O3O	-15
2019-03-06T18:50:29.648833	f4:28:53:19:7e:1f	Zioncom Electronics (Shenzhen) Ltd.	O3O	-15
2019-03-06T18:50:30.275651	f8:28:19:58:60:e1	UNKNOWN		-83
2019-03-06T18:50:33.528836	18:31:bf:d9:c0:3d	UNKNOWN		-75
2019-03-06T18:50:33.549337	18:31:bf:d9:c0:3d	UNKNOWN		-71
2019-03-06T18:50:33.776311	f8:28:19:5a:9d:e3	UNKNOWN		-69
2019-03-06T18:50:33.821879	f8:28:19:5a:9d:e3	UNKNOWN		-71
2019-03-06T18:50:34.063898	3c:a0:67:7a:23:a5	Liteon Technology Corporation	NCKU-WLAN-802.1x	-81
2019-03-06T18:50:34.416067	f8:28:19:5a:9d:e3	UNKNOWN		-71
2019-03-06T18:50:43.341892	b8:27:eb:5b:e9:a5	Raspberry Pi Foundation		-81
2019-03-06T18:50:45.852668	40:4e:36:5e:58:57	HTC Corporation	MMIC	-87
2019-03-06T18:50:45.862066	40:4e:36:5e:58:57	HTC Corporation	MMIC	-87
2019-03-06T18:50:45.870620	40:4e:36:5e:58:57	HTC Corporation	MMIC	-85
2019-03-06T18:50:49.930633	18:31:bf:d9:c0:3d	UNKNOWN		-81
2019-03-06T18:50:55.705816	04:d3:b0:85:4e:9a	UNKNOWN		-75
2019-03-06T18:50:56.526342	84:4b:f5:08:0c:a6	Hon Hai Precision Ind. Co.,Ltd.	unconfigured	-87
2019-03-06T18:50:58.348735	fa:8d:19:0d:c4:06	UNKNOWN		-67
2019-03-06T18:50:59.029966	2a:1e:c1:d1:aa:f0	UNKNOWN		-81
2019-03-06T18:51:00.834723	f4:28:53:19:7e:1f	Zioncom Electronics (Shenzhen) Ltd.	O3O	-15
2019-03-06T18:51:02.285115	4c:bb:58:fa:24:31	Chicony Electronics Co., Ltd.	NCKUEE-STAFF	-87
2019-03-06T18:51:02.291506	4c:bb:58:fa:24:31	Chicony Electronics Co., Ltd.	NCKUEE-STAFF	-85
2019-03-06T18:51:02.538683	52:9d:ff:96:f5:35	UNKNOWN		-85
2019-03-06T18:51:04.639403	da:a1:19:74:37:91	UNKNOWN		-69
2019-03-06T18:51:05.370978	da:a1:19:fc:1c:d0	UNKNOWN	epslab_new	-81
2019-03-06T18:51:05.784412	3c:a0:67:7a:23:a5	Liteon Technology Corporation	NCKU-WLAN-802.1x	-81
2019-03-06T18:51:08.030697	0a:0a:53:d5:bd:9b	UNKNOWN		-81
2019-03-06T18:51:08.792313	fc:18:3c:ed:bb:57	UNKNOWN	epslab_new	-85
2019-03-06T18:51:09.591577	da:a1:19:4a:34:4d	UNKNOWN		-81
2019-03-06T18:51:10.419570	da:a1:19:6a:35:8f	UNKNOWN		-77
2019-03-06T18:51:12.352754	da:a1:19:62:6d:36	UNKNOWN	NCKU-WLAN-802.1x	-79
2019-03-06T18:51:12.479046	f0:98:9d:73:32:ed	UNKNOWN		-65
2019-03-06T18:51:12.502282	f0:98:9d:73:32:ed	UNKNOWN		-81
2019-03-06T18:51:18.800890	36:b7:ee:52:32:c1	UNKNOWN		-79
2019-03-06T18:51:22.986017	0a:1c:28:04:0c:cb	UNKNOWN		-79
2019-03-06T18:51:26.498853	ee:39:56:89:7f:30	UNKNOWN		-77
2019-03-06T18:51:26.533765	ee:39:56:89:7f:30	UNKNOWN		-77
2019-03-06T18:51:31.454045	62:98:40:e0:02:b4	UNKNOWN		-85
2019-03-06T18:51:31.651366	f4:28:53:19:7e:1f	Zioncom Electronics (Shenzhen) Ltd.	O3O	-15
2019-03-06T18:51:33.264581	da:a1:19:00:46:cd	UNKNOWN		-83
2019-03-06T18:51:33.409773	48:bf:6b:22:a1:6c	Apple, Inc.	MMIC	-87
2019-03-06T18:51:33.430997	48:bf:6b:22:a1:6c	Apple, Inc.	MMIC	-89
2019-03-06T18:51:33.943869	f6:2b:93:8b:08:ed	UNKNOWN		-81
2019-03-06T18:51:33.954506	f8:28:19:5a:9d:e3	UNKNOWN		-69
2019-03-06T18:51:33.992659	f8:28:19:5a:9d:e3	UNKNOWN		-69
2019-03-06T18:51:34.704854	f8:28:19:5a:9d:e3	UNKNOWN		-71
2019-03-06T18:51:35.140475	6c:4d:73:d0:f0:1d	UNKNOWN		-83
2019-03-06T18:51:37.088338	f8:28:19:5a:9d:e3	UNKNOWN		-73
2019-03-06T18:51:37.178808	1e:b5:98:9b:4c:86	UNKNOWN		-85
2019-03-06T18:51:37.226529	1e:b5:98:9b:4c:86	UNKNOWN		-83
2019-03-06T18:51:38.085270	12:9a:0d:18:87:11	UNKNOWN		-43
2019-03-06T18:51:39.555339	fc:18:3c:ed:bb:57	UNKNOWN	NCKU-WLAN-802.1x	-87
2019-03-06T18:51:41.148641	da:a1:19:8b:21:e6	UNKNOWN		-81
2019-03-06T18:51:41.861937	74:df:bf:97:ae:b3	Liteon Technology Corporation	NCKUEE-B1-4F	-81
2019-03-06T18:51:44.450448	ee:09:ab:1c:f2:20	UNKNOWN		-73
2019-03-06T18:51:45.787237	f6:8b:ed:e0:8e:85	UNKNOWN		-81
2019-03-06T18:51:47.198859	e8:2a:44:d2:cc:bf	UNKNOWN		-83
2019-03-06T18:51:47.691902	f4:28:53:19:7e:1f	Zioncom Electronics (Shenzhen) Ltd.	O3O	-15
2019-03-06T18:51:50.376658	da:21:74:0b:ad:c3	UNKNOWN		-85
2019-03-06T18:51:50.624708	e8:2a:44:d2:cc:bf	UNKNOWN		-85
2019-03-06T18:51:50.793338	18:31:bf:d9:c0:3d	UNKNOWN		-83
2019-03-06T18:51:53.129363	da:a1:19:58:de:06	UNKNOWN		-83
2019-03-06T18:51:55.530476	1c:70:22:0a:82:46	UNKNOWN		-79
2019-03-06T18:51:59.540478	4c:18:9a:d0:ff:1f	UNKNOWN		-63
2019-03-06T18:52:00.323814	3c:a0:67:7a:23:a5	Liteon Technology Corporation	NCKU-WLAN-802.1x	-85
2019-03-06T18:52:01.736164	f4:28:53:19:7e:1f	Zioncom Electronics (Shenzhen) Ltd.	O3O	-15
2019-03-06T18:52:05.925121	6a:07:0a:0b:25:f3	UNKNOWN		-77
2019-03-06T18:52:05.967909	6a:07:0a:0b:25:f3	UNKNOWN		-77
2019-03-06T18:52:08.644213	12:53:3c:b4:d5:38	UNKNOWN		-79
2019-03-06T18:52:09.448384	80:a5:89:85:93:09	AzureWave Technology Inc.	NCKUEE-802.1x	-85
2019-03-06T18:52:09.467698	80:a5:89:85:93:09	AzureWave Technology Inc.	NCKUEE-802.1x	-85
2019-03-06T18:52:09.509541	3c:a0:67:7a:23:a5	Liteon Technology Corporation		-83
2019-03-06T18:52:09.528746	3c:a0:67:7a:23:a5	Liteon Technology Corporation		-85
2019-03-06T18:52:10.146099	2c:4d:54:c7:74:60	ASUSTek COMPUTER INC.		-87
2019-03-06T18:52:11.832795	ac:37:43:4f:c0:47	HTC Corporation	NCKUEE-802.1x	-85
2019-03-06T18:52:13.369357	9a:43:71:12:8d:73	UNKNOWN		-83
2019-03-06T18:52:14.294269	7a:7c:69:a8:41:8e	UNKNOWN		-85
2019-03-06T18:52:21.486835	3c:a0:67:7a:23:a5	Liteon Technology Corporation	NCKU-WLAN-802.1x	-85
2019-03-06T18:52:21.494809	3c:a0:67:7a:23:a5	Liteon Technology Corporation	NCKU-WLAN-802.1x	-81
2019-03-06T18:52:32.960901	3c:a0:67:7a:23:a5	Liteon Technology Corporation	NCKU-WLAN-802.1x	-85
2019-03-06T18:52:33.081588	f4:28:53:19:7e:1f	Zioncom Electronics (Shenzhen) Ltd.	O3O	-15
2019-03-06T18:52:38.592357	da:a1:19:49:ed:56	UNKNOWN		-81
2019-03-06T18:52:40.592819	da:a1:19:cb:48:ef	UNKNOWN		-81
2019-03-06T18:52:40.637109	24:0a:64:be:ac:a1	AzureWave Technology Inc.		-75
2019-03-06T18:52:42.505172	c2:62:b3:08:50:c6	UNKNOWN		-87
2019-03-06T18:52:44.035544	b4:f6:1c:c6:bd:eb	UNKNOWN	MBILAB	-79
2019-03-06T18:52:50.248439	b4:6b:fc:d7:6b:35	UNKNOWN		-79
2019-03-06T18:52:50.779107	e8:2a:44:d2:cc:bf	UNKNOWN		-85
2019-03-06T18:52:51.882525	f6:74:57:b4:74:92	UNKNOWN		-83
2019-03-06T18:52:52.149698	3c:a0:67:7a:23:a5	Liteon Technology Corporation		-85
2019-03-06T18:52:52.535493	b6:f3:79:ec:a5:0c	UNKNOWN		-77
2019-03-06T18:52:55.715673	7e:c0:cd:1f:02:1f	UNKNOWN		-63
2019-03-06T18:52:57.332034	18:31:bf:d9:c0:3d	UNKNOWN	TWNGBM	-85
2019-03-06T18:52:59.973560	b4:f6:1c:c6:bd:eb	UNKNOWN	MBILAB	-81
2019-03-06T18:53:00.811569	f4:28:53:19:7e:1f	Zioncom Electronics (Shenzhen) Ltd.	O3O	-15
2019-03-06T18:53:01.931077	f4:28:53:19:7e:1f	Zioncom Electronics (Shenzhen) Ltd.	O3O	-15
2019-03-06T18:53:04.266774	76:e3:80:27:f8:4d	UNKNOWN		-81
2019-03-06T18:53:08.934488	da:a1:19:dc:15:d1	UNKNOWN		-81
2019-03-06T18:53:08.966041	da:a1:19:dc:15:d1	UNKNOWN		-75
2019-03-06T18:53:09.688052	9c:b6:d0:21:11:9f	Rivet Networks		-79
2019-03-06T18:53:09.719812	9c:b6:d0:21:11:9f	Rivet Networks		-79
2019-03-06T18:53:15.396651	64:cc:2e:7e:ee:ac	Xiaomi Communications Co Ltd		-79
2019-03-06T18:53:21.216001	3c:a0:67:7a:23:a5	Liteon Technology Corporation		-85
2019-03-06T18:53:21.628100	76:dd:1d:99:35:e6	UNKNOWN		-81
2019-03-06T18:53:21.644577	76:dd:1d:99:35:e6	UNKNOWN		-81
2019-03-06T18:53:30.344848	b8:53:ac:1c:4b:46	Apple, Inc.	NCKU-WLAN-802.1x	-89
2019-03-06T18:53:35.294024	ac:37:43:f2:b6:6c	HTC Corporation		-81
2019-03-06T18:53:35.983372	3c:a0:67:7a:23:a5	Liteon Technology Corporation		-87
2019-03-06T18:53:37.195708	f4:28:53:19:7e:1f	Zioncom Electronics (Shenzhen) Ltd.	O3O	-15
2019-03-06T18:53:40.759082	f8:28:19:5a:9d:e3	UNKNOWN		-69
2019-03-06T18:53:42.840787	76:0c:d4:7b:13:a8	UNKNOWN		-89
2019-03-06T18:53:43.625553	9e:f7:e0:74:12:c9	UNKNOWN		-83
2019-03-06T18:53:50.054122	b4:6b:fc:d7:6b:35	UNKNOWN		-75
2019-03-06T18:53:50.196950	6c:4d:73:d0:f0:1d	UNKNOWN		-79
2019-03-06T18:53:50.221870	6c:4d:73:d0:f0:1d	UNKNOWN		-79
2019-03-06T18:53:50.540710	b8:27:eb:1a:ea:01	Raspberry Pi Foundation		-85
2019-03-06T18:53:50.600800	b8:27:eb:1a:ea:01	Raspberry Pi Foundation		-89
2019-03-06T18:53:51.246127	b4:6b:fc:d7:6b:35	UNKNOWN		-79
2019-03-06T18:53:54.819521	e8:2a:44:d2:cc:bf	UNKNOWN		-81
2019-03-06T18:53:56.396290	1c:70:22:0a:82:46	UNKNOWN		-77
2019-03-06T18:53:59.027402	e8:2a:44:d2:cc:bf	UNKNOWN		-81
2019-03-06T18:53:59.687380	da:a1:19:c7:16:06	UNKNOWN	NCKU-WLAN-802.1x	-79
2019-03-06T18:54:08.062710	f4:28:53:19:7e:1f	Zioncom Electronics (Shenzhen) Ltd.	O3O	-15
2019-03-06T18:54:09.158171	2e:76:45:42:51:10	UNKNOWN		-83
2019-03-06T18:54:14.180123	da:a1:19:e1:94:7d	UNKNOWN		-75
2019-03-06T18:54:25.906157	b2:ad:1c:71:69:73	UNKNOWN		-87
2019-03-06T18:54:36.220724	d8:61:62:00:fa:6a	UNKNOWN	Epslab_BEMS	-77
2019-03-06T18:54:39.483071	f4:28:53:19:7e:1f	Zioncom Electronics (Shenzhen) Ltd.	O3O	-15
2019-03-06T18:54:40.795098	80:a5:89:85:93:09	AzureWave Technology Inc.	NCKUEE-802.1x	-83
2019-03-06T18:54:41.206157	24:0a:64:be:ac:a1	AzureWave Technology Inc.		-73
2019-03-06T18:54:42.782777	f2:03:ea:de:f5:d1	UNKNOWN		-81
2019-03-06T18:54:43.036476	f8:32:e4:df:a6:45	ASUSTek COMPUTER INC.		-79
2019-03-06T18:54:43.677790	b8:27:eb:5b:e9:a5	Raspberry Pi Foundation		-75
2019-03-06T18:54:44.248712	f8:28:19:5a:9d:e3	UNKNOWN		-69
2019-03-06T18:54:47.389735	f8:28:19:5a:9d:e3	UNKNOWN		-69
2019-03-06T18:54:48.011358	38:ca:da:e4:b6:49	Apple, Inc.	NCKUEE-802.1x	-79
2019-03-06T18:54:50.512532	b4:6b:fc:d7:6b:35	UNKNOWN		-77
2019-03-06T18:54:53.168432	da:a1:19:0f:93:27	UNKNOWN		-83
2019-03-06T18:54:54.562142	54:9f:13:bb:14:e2	Apple, Inc.	MECLAB_2.4G	-81
2019-03-06T18:54:56.890799	1c:70:22:0a:82:46	UNKNOWN		-75
2019-03-06T18:55:02.619609	38:d5:47:8d:ca:4e	ASUSTek COMPUTER INC.		-85
2019-03-06T18:55:05.827898	18:31:bf:d9:c0:3d	UNKNOWN	TWNGBM	-83
2019-03-06T18:55:05.869474	18:31:bf:d9:c0:3d	UNKNOWN	TWNGBM	-81
2019-03-06T18:55:07.608744	82:e0:e0:ca:a0:99	UNKNOWN		-87
2019-03-06T18:55:10.097904	f4:28:53:19:7e:1f	Zioncom Electronics (Shenzhen) Ltd.	O3O	-15
2019-03-06T18:55:23.932662	2c:4d:54:2a:ab:f5	ASUSTek COMPUTER INC.		-77
2019-03-06T18:55:25.919464	80:a5:89:94:58:95	AzureWave Technology Inc.	NCKUEE-B1-4F	-83
2019-03-06T18:55:30.645506	3c:a0:67:7a:23:a5	Liteon Technology Corporation		-85
2019-03-06T18:55:30.679049	72:65:82:a2:72:f2	UNKNOWN		-77
2019-03-06T18:55:31.440679	a6:f3:66:98:ee:89	UNKNOWN		-87
2019-03-06T18:55:36.414095	8c:85:90:00:e6:4e	UNKNOWN	NCKU-WLAN-802.1x	-81
2019-03-06T18:55:39.460443	8c:85:90:00:e6:4e	UNKNOWN		-77
2019-03-06T18:55:40.681807	f4:28:53:19:7e:1f	Zioncom Electronics (Shenzhen) Ltd.	O3O	-15
2019-03-06T18:55:41.132563	24:0a:64:be:ac:a1	AzureWave Technology Inc.		-75
2019-03-06T18:55:41.226588	00:e1:8c:97:d1:19	UNKNOWN	MCSLAB_5G	-45
2019-03-06T18:55:43.232653	da:a1:19:f3:a5:57	UNKNOWN		-81
2019-03-06T18:55:43.689601	8c:85:90:00:e6:4e	UNKNOWN	NCKU-WLAN	-77
2019-03-06T18:55:44.693223	d8:61:62:00:fa:6a	UNKNOWN	Epslab_BEMS	-77
2019-03-06T18:55:44.699920	d8:61:62:00:fa:6a	UNKNOWN	Epslab_BEMS	-77
2019-03-06T18:55:46.384719	8c:85:90:43:e5:8b	UNKNOWN		-71
2019-03-06T18:55:50.321979	8c:85:90:00:e6:4e	UNKNOWN	NCKU-WLAN-802.1x	-81
2019-03-06T18:55:50.392020	f8:28:19:5a:9d:e3	UNKNOWN		-69
2019-03-06T18:55:50.468514	f8:28:19:5a:9d:e3	UNKNOWN		-67
2019-03-06T18:55:55.873794	fc:18:3c:ed:bb:57	UNKNOWN	NCKU-WLAN-802.1x	-83
2019-03-06T18:55:56.454361	d8:61:62:00:fa:6a	UNKNOWN	Epslab_BEMS	-77
2019-03-06T18:55:56.635394	d8:61:62:00:fa:6a	UNKNOWN	Epslab_BEMS	-87
2019-03-06T18:55:57.226384	1c:70:22:0a:82:46	UNKNOWN		-77
2019-03-06T18:55:59.322323	3c:a0:67:7a:23:a5	Liteon Technology Corporation		-85
2019-03-06T18:56:01.367191	38:37:8b:f3:56:ff	UNKNOWN		-85
2019-03-06T18:56:03.601747	38:37:8b:f3:56:ff	UNKNOWN	NCKU-WLAN-802.1x	-83
2019-03-06T18:56:05.675348	4c:bb:58:fa:24:31	Chicony Electronics Co., Ltd.	NCKUEE-STAFF	-85
2019-03-06T18:56:06.158122	38:ca:da:e4:b6:49	Apple, Inc.	NCKUEE-802.1x	-85
2019-03-06T18:56:13.442669	3c:a0:67:7a:23:a5	Liteon Technology Corporation		-85
2019-03-06T18:56:13.659953	70:3e:ac:b2:b6:c7	Apple, Inc.	MVControlLab	-85
2019-03-06T18:56:13.669133	70:3e:ac:b2:b6:c7	Apple, Inc.	MVControlLab	-87
2019-03-06T18:56:23.213695	1e:f5:4b:d5:ef:ab	UNKNOWN		-79
2019-03-06T18:56:27.265753	3c:a0:67:7a:23:a5	Liteon Technology Corporation		-81
2019-03-06T18:56:28.791341	40:4e:36:19:62:e4	HTC Corporation	JFOFFICE	-79
2019-03-06T18:56:30.778145	40:4e:36:19:62:e4	HTC Corporation		-87
2019-03-06T18:56:32.593527	da:a1:19:bb:dc:bd	UNKNOWN		-87
2019-03-06T18:56:34.468598	da:a1:19:0f:16:ae	UNKNOWN		-77
2019-03-06T18:56:40.754989	da:a1:19:00:1c:e8	UNKNOWN		-79
2019-03-06T18:56:41.583972	80:a5:89:94:58:95	AzureWave Technology Inc.	NCKUEE-B1-4F	-85
2019-03-06T18:56:42.839300	f4:28:53:19:7e:1f	Zioncom Electronics (Shenzhen) Ltd.	O3O	-15
2019-03-06T18:56:51.185397	b4:6b:fc:d7:6b:35	UNKNOWN		-79
2019-03-06T18:56:51.764612	fc:18:3c:ed:bb:57	UNKNOWN	NCKU-WLAN-802.1x	-87
2019-03-06T18:56:52.763743	da:a1:19:1f:39:1a	UNKNOWN		-83
2019-03-06T18:56:54.151125	f8:28:19:5a:9d:e3	UNKNOWN		-67
2019-03-06T18:56:55.880362	da:a1:19:29:be:7b	UNKNOWN		-83
2019-03-06T18:57:00.137967	02:dc:2b:d4:28:fb	UNKNOWN		-85
2019-03-06T18:57:00.750555	74:df:bf:97:ae:b3	Liteon Technology Corporation	NCKUEE-B1-4F	-79
2019-03-06T18:57:01.793245	da:a1:19:52:a1:44	UNKNOWN		-83
2019-03-06T18:57:01.831637	da:a1:19:57:29:22	UNKNOWN		-83
2019-03-06T18:57:04.037412	48:4b:aa:07:0b:ae	Apple, Inc.		-85
2019-03-06T18:57:07.787355	da:a1:19:89:bb:45	UNKNOWN		-87
2019-03-06T18:57:08.143124	4c:bb:58:fa:24:31	Chicony Electronics Co., Ltd.	NCKUEE-STAFF	-89
2019-03-06T18:57:08.835605	da:a1:19:a9:4e:fb	UNKNOWN		-87
2019-03-06T18:57:10.647558	da:3f:32:f1:3a:93	UNKNOWN		-85
2019-03-06T18:57:13.636738	52:3c:55:23:c1:fc	UNKNOWN		-85
2019-03-06T18:57:14.600240	e6:5c:99:fd:54:e3	UNKNOWN		-87
2019-03-06T18:57:18.766390	ca:38:ec:45:7a:68	UNKNOWN		-73
2019-03-06T18:57:23.840191	b2:d1:16:47:1a:0e	UNKNOWN		-79
2019-03-06T18:57:25.539360	3e:68:df:fb:8b:c5	UNKNOWN		-83
2019-03-06T18:57:25.873013	2c:4d:54:2a:ab:f5	ASUSTek COMPUTER INC.		-83
2019-03-06T18:57:26.418975	36:95:14:29:1c:18	UNKNOWN		-81
2019-03-06T18:57:29.590133	da:a1:19:e9:67:7a	UNKNOWN		-81
2019-03-06T18:57:32.004813	52:58:b9:79:3a:6a	UNKNOWN		-73
2019-03-06T18:57:32.044268	52:58:b9:79:3a:6a	UNKNOWN		-73
2019-03-06T18:57:34.680780	aa:be:99:18:30:ca	UNKNOWN		-85
2019-03-06T18:57:35.393248	c4:9d:ed:b6:69:64	Microsoft Corporation		-81
2019-03-06T18:57:39.836513	da:a1:19:b8:64:ed	UNKNOWN		-87
2019-03-06T18:57:43.476333	b8:27:eb:5b:e9:a5	Raspberry Pi Foundation		-81
2019-03-06T18:57:46.019260	06:44:09:1b:12:53	UNKNOWN		-75
2019-03-06T18:57:46.743427	f2:03:9a:de:74:63	UNKNOWN	NCKU-WLAN	-85
2019-03-06T18:57:47.841941	98:10:e8:5c:34:94	Apple, Inc.	NCKU-WLAN-802.1x	-77
2019-03-06T18:57:47.856404	da:a1:19:74:24:94	UNKNOWN		-63
2019-03-06T18:57:50.091635	b4:6b:fc:d7:6b:35	UNKNOWN		-75
2019-03-06T18:57:51.080900	18:31:bf:d9:c0:3d	UNKNOWN	daniel	-79
2019-03-06T18:57:51.120591	00:1f:1f:85:95:e1	Edimax Technology Co. Ltd.		-21
2019-03-06T18:57:51.406517	00:1f:1f:85:95:e1	Edimax Technology Co. Ltd.		-51
2019-03-06T18:57:51.418779	da:a1:19:ca:a6:15	UNKNOWN		-83
2019-03-06T18:57:51.460497	da:a1:19:ca:a6:15	UNKNOWN		-83
2019-03-06T18:57:54.010733	c4:85:08:2b:4b:ca	Intel Corporate	CILS92810	-85
2019-03-06T18:57:54.068964	f8:28:19:5a:9d:e3	UNKNOWN		-69
2019-03-06T18:57:54.129170	f8:28:19:5a:9d:e3	UNKNOWN		-83
2019-03-06T18:57:55.284207	98:10:e8:5c:34:94	Apple, Inc.	NCKU-WLAN-802.1x	-85
2019-03-06T18:57:57.239121	f8:28:19:5a:9d:e3	UNKNOWN		-87
2019-03-06T18:57:57.486130	da:a1:19:12:61:67	UNKNOWN	ti.iMM MM MMI。有和你 MM#k	-79
2019-03-06T18:57:57.812423	1c:70:22:0a:82:46	UNKNOWN		-77
2019-03-06T18:57:57.882310	2c:4d:54:2a:ab:f5	ASUSTek COMPUTER INC.	MSIC_AP	-85
2019-03-06T18:57:58.121274	98:10:e8:5c:34:94	Apple, Inc.	NCKU-WLAN-802.1x	-77
2019-03-06T18:58:04.543708	c2:d7:24:6c:a0:cb	UNKNOWN		-85
2019-03-06T18:58:05.651271	d6:09:85:9d:e3:14	UNKNOWN		-83
2019-03-06T18:58:06.319712	da:a1:19:55:ef:02	UNKNOWN		-81
2019-03-06T18:58:09.307483	ae:a9:f3:d9:d1:7e	UNKNOWN		-85
2019-03-06T18:58:14.242710	82:2a:53:8a:f7:74	UNKNOWN		-77
2019-03-06T18:58:20.908458	3c:a0:67:7a:23:a5	Liteon Technology Corporation		-83
2019-03-06T18:58:22.798974	4e:3c:0c:3d:87:66	UNKNOWN		-77
2019-03-06T18:58:24.145656	ce:99:af:c1:f0:3d	UNKNOWN		-77
2019-03-06T18:58:25.264442	18:31:bf:d9:c0:3d	UNKNOWN	TWNGBM	-81
2019-03-06T18:58:27.694909	da:a1:19:e7:b0:86	UNKNOWN		-83
2019-03-06T18:58:30.205943	bc:e6:3f:0a:08:c2	Samsung Electronics Co.,Ltd	GREEEEEEEEERC	-79
2019-03-06T18:58:30.241221	bc:e6:3f:0a:08:c2	Samsung Electronics Co.,Ltd	GREEEEEEEEERC	-79
2019-03-06T18:58:34.062245	bc:e6:3f:0a:08:c2	Samsung Electronics Co.,Ltd	GREEEEEEEEERC	-85
2019-03-06T18:58:34.081059	bc:e6:3f:0a:08:c2	Samsung Electronics Co.,Ltd	GREEEEEEEEERC	-81
2019-03-06T18:58:35.370663	3c:a0:67:7a:23:a5	Liteon Technology Corporation		-87
2019-03-06T18:58:40.141036	02:20:0f:c3:74:1d	UNKNOWN		-83
2019-03-06T18:58:41.156347	24:0a:64:be:ac:a1	AzureWave Technology Inc.		-79
2019-03-06T18:58:45.926200	f0:03:8c:38:4b:2f	AzureWave Technology Inc.	NCKU-WLAN-802.1x	-81
2019-03-06T18:58:46.564548	f0:03:8c:38:4b:2f	AzureWave Technology Inc.	NCKU-WLAN-802.1x	-73
2019-03-06T18:58:47.404539	be:4c:22:9a:07:93	UNKNOWN		-85
2019-03-06T18:58:47.433358	be:4c:22:9a:07:93	UNKNOWN		-83
2019-03-06T18:58:47.708300	f0:03:8c:38:4b:2f	AzureWave Technology Inc.	NCKU-WLAN-802.1x	-77
2019-03-06T18:58:47.714322	f0:03:8c:38:4b:2f	AzureWave Technology Inc.	NCKU-WLAN-802.1x	-77
2019-03-06T18:58:48.805964	76:29:76:42:c5:bd	UNKNOWN		-83
2019-03-06T18:58:49.106695	00:1f:1f:85:95:e1	Edimax Technology Co. Ltd.		-27
2019-03-06T18:58:49.755722	3c:a0:67:7a:23:a5	Liteon Technology Corporation		-81
2019-03-06T18:58:50.906477	f0:03:8c:38:4b:2f	AzureWave Technology Inc.	NCKU-WLAN-802.1x	-87
2019-03-06T18:58:51.147563	b4:6b:fc:d7:6b:35	UNKNOWN		-77
2019-03-06T18:58:54.934877	3c:a0:67:7a:23:a5	Liteon Technology Corporation	NCKU-WLAN-802.1x	-83
2019-03-06T18:58:56.356398	fc:18:3c:ed:bb:57	UNKNOWN	NCKU-WLAN-802.1x	-85
2019-03-06T18:58:57.290576	f8:28:19:5a:9d:e3	UNKNOWN		-69
2019-03-06T18:58:57.954491	f8:28:19:5a:9d:e3	UNKNOWN		-73
2019-03-06T18:58:58.253018	da:a1:19:c1:5d:2e	UNKNOWN		-75
2019-03-06T18:58:58.738429	b2:01:c1:6e:64:86	UNKNOWN		-77
2019-03-06T18:59:02.657304	12:6d:09:a5:c8:18	UNKNOWN		-83
2019-03-06T18:59:04.297620	f0:03:8c:38:4b:2f	AzureWave Technology Inc.	NCKU-WLAN-802.1x	-83
2019-03-06T18:59:17.029318	94:39:e5:34:9c:9e	Hon Hai Precision Ind. Co.,Ltd.		-83
2019-03-06T18:59:17.789341	f4:28:53:19:7e:1f	Zioncom Electronics (Shenzhen) Ltd.	O3O	-15
2019-03-06T18:59:18.790165	ea:29:b3:95:fc:13	UNKNOWN		-75
2019-03-06T18:59:22.517740	00:1f:1f:85:95:e1	Edimax Technology Co. Ltd.		-29
2019-03-06T18:59:23.029458	00:1f:1f:85:95:e1	Edimax Technology Co. Ltd.		-51
2019-03-06T18:59:27.075729	8c:fe:57:a6:02:9a	UNKNOWN	HP-Print-D9-LaserJet Pro MFP	-81
2019-03-06T18:59:28.517184	da:a1:19:26:11:e6	UNKNOWN	NCKU-WLAN	-85
2019-03-06T18:59:32.662190	3c:a0:67:7a:23:a5	Liteon Technology Corporation		-81
2019-03-06T18:59:38.011231	80:a5:89:85:93:09	AzureWave Technology Inc.	NCKUEE-802.1x	-83
2019-03-06T18:59:38.945938	2c:4d:54:2a:ab:f5	ASUSTek COMPUTER INC.	NCKU-WLAN	-83
2019-03-06T18:59:40.102873	3c:a0:67:7a:23:a5	Liteon Technology Corporation	NCKU-WLAN-802.1x	-83
2019-03-06T18:59:43.474655	b8:27:eb:5b:e9:a5	Raspberry Pi Foundation		-77
2019-03-06T18:59:43.835108	3c:a0:67:7a:23:a5	Liteon Technology Corporation	NCKU-WLAN-802.1x	-85
2019-03-06T18:59:45.151748	0a:1f:a6:cf:0b:51	UNKNOWN		-75
2019-03-06T18:59:49.749733	70:4d:7b:c4:b7:f4	ASUSTek COMPUTER INC.	NCKU-WLAN	-75
2019-03-06T18:59:50.806732	58:40:4e:5b:5f:10	Apple, Inc.	WangLab-nckuee	-85
2019-03-06T18:59:51.844117	f2:03:9a:de:74:63	UNKNOWN		-79
2019-03-06T18:59:51.857036	f2:03:9a:de:74:63	UNKNOWN		-83
2019-03-06T18:59:52.041287	1a:be:52:00:4e:2c	UNKNOWN		-79
2019-03-06T18:59:55.091007	b2:c6:fa:21:7c:32	UNKNOWN		-71
2019-03-06T18:59:55.132150	b2:c6:fa:21:7c:32	UNKNOWN		-73
2019-03-06T18:59:55.909727	04:d3:b0:85:4e:9a	UNKNOWN		-75
2019-03-06T18:59:58.351785	1c:70:22:0a:82:46	UNKNOWN		-75
2019-03-06T19:00:01.667085	34:02:86:25:d6:36	Intel Corporate		-81
2019-03-06T19:00:01.981425	3c:a0:67:7a:23:a5	Liteon Technology Corporation		-85
2019-03-06T19:00:02.422017	e8:2a:44:d2:cc:bf	UNKNOWN		-83
2019-03-06T19:00:04.544854	70:4d:7b:c4:b7:f4	ASUSTek COMPUTER INC.	NCKU-WLAN	-69
2019-03-06T19:00:06.661245	da:a1:19:80:63:ea	UNKNOWN		-85
2019-03-06T19:00:15.066270	48:3b:38:73:ad:f7	Apple, Inc.		-85
2019-03-06T19:00:15.264453	c2:08:13:29:81:54	UNKNOWN		-81
2019-03-06T19:00:15.630776	72:9a:30:15:0f:95	UNKNOWN		-79
2019-03-06T19:00:18.993512	94:39:e5:34:9c:9e	Hon Hai Precision Ind. Co.,Ltd.		-83
2019-03-06T19:00:19.441331	82:8c:fe:89:84:37	UNKNOWN		-81
2019-03-06T19:00:19.827472	f4:28:53:19:7e:1f	Zioncom Electronics (Shenzhen) Ltd.	O3O	-15
2019-03-06T19:00:21.475501	4a:c6:cd:91:e3:8e	UNKNOWN		-69
2019-03-06T19:00:21.861936	4c:18:9a:d0:ff:1f	UNKNOWN		-75
2019-03-06T19:00:23.338144	04:d3:b0:cc:89:4a	UNKNOWN	NCKUEE-802.1x	-73
2019-03-06T19:00:23.674019	d0:2b:20:4f:4e:ea	UNKNOWN	NCKU-WLAN-802.1x	-77
2019-03-06T19:00:25.653224	bc:e6:3f:0a:08:c2	Samsung Electronics Co.,Ltd		-85
2019-03-06T19:00:27.553389	34:14:5f:df:69:35	Samsung Electronics Co.,Ltd		-87
2019-03-06T19:00:28.931675	7a:be:37:d0:a9:a2	UNKNOWN		-73
2019-03-06T19:00:29.468175	bc:e6:3f:0a:08:c2	Samsung Electronics Co.,Ltd	NCKU-WLAN	-81
2019-03-06T19:00:29.601620	bc:e6:3f:0a:08:c2	Samsung Electronics Co.,Ltd	NCKU-WLAN	-81
2019-03-06T19:00:29.664508	bc:e6:3f:0a:08:c2	Samsung Electronics Co.,Ltd	NCKU-WLAN	-83
2019-03-06T19:00:30.005295	38:37:8b:f3:56:ff	UNKNOWN	NCKU-WLAN-802.1x	-85
2019-03-06T19:00:31.389565	0a:f2:a9:a9:a8:94	UNKNOWN		-79
2019-03-06T19:00:37.599181	e2:4c:eb:4a:d1:0f	UNKNOWN		-85
2019-03-06T19:00:41.299698	24:0a:64:be:ac:a1	AzureWave Technology Inc.		-71
2019-03-06T19:00:45.026437	3c:a0:67:7a:23:a5	Liteon Technology Corporation		-83
2019-03-06T19:00:47.366775	a2:da:7c:78:2a:bd	UNKNOWN		-85
2019-03-06T19:00:50.936751	22:a5:89:85:93:09	UNKNOWN		-83
2019-03-06T19:00:51.424033	b4:6b:fc:d7:6b:35	UNKNOWN		-79
2019-03-06T19:00:51.447979	b4:6b:fc:d7:6b:35	UNKNOWN		-79
2019-03-06T19:00:54.048690	80:a5:89:85:93:09	AzureWave Technology Inc.	NCKUEE-802.1x	-81
2019-03-06T19:00:56.413661	7c:2a:31:e5:63:a7	UNKNOWN		-87
2019-03-06T19:00:56.543975	48:3b:38:73:ad:f7	Apple, Inc.	NCKU-WLAN-802.1x	-89
2019-03-06T19:00:58.891619	3c:a0:67:7a:23:a5	Liteon Technology Corporation		-83
2019-03-06T19:01:03.038872	3c:a0:67:7a:23:a5	Liteon Technology Corporation	NCKU-WLAN-802.1x	-85
2019-03-06T19:01:03.865097	f8:28:19:5a:9d:e3	UNKNOWN		-71
2019-03-06T19:01:04.578138	f8:28:19:5a:9d:e3	UNKNOWN		-81
2019-03-06T19:01:05.160210	e2:5f:22:a2:96:f6	UNKNOWN		-87
2019-03-06T19:01:07.048293	18:31:bf:d9:c0:3d	UNKNOWN	daniel	-81
2019-03-06T19:01:07.273955	f8:28:19:5a:9d:e3	UNKNOWN		-71
2019-03-06T19:01:08.251801	00:1f:1f:85:95:e1	Edimax Technology Co. Ltd.		-85
2019-03-06T19:01:09.150873	00:1f:1f:85:95:e1	Edimax Technology Co. Ltd.		-73
2019-03-06T19:01:09.191765	48:3b:38:73:ad:f7	Apple, Inc.	NCKU-WLAN-802.1x	-75
2019-03-06T19:01:13.045473	3c:a0:67:7a:23:a5	Liteon Technology Corporation		-81
2019-03-06T19:01:13.446281	48:3b:38:73:ad:f7	Apple, Inc.	NCKU-WLAN-802.1x	-81
2019-03-06T19:01:18.601046	48:3b:38:73:ad:f7	Apple, Inc.	NCKU-WLAN-802.1x	-79
2019-03-06T19:01:20.912159	38:37:8b:f3:56:ff	UNKNOWN	NCKU-WLAN-802.1x	-79
2019-03-06T19:01:21.207534	38:37:8b:f3:56:ff	UNKNOWN	NCKU-WLAN-802.1x	-83
2019-03-06T19:01:21.711453	ac:37:43:e9:2a:5a	HTC Corporation		-79
2019-03-06T19:01:21.866276	f4:28:53:19:7e:1f	Zioncom Electronics (Shenzhen) Ltd.	O3O	-15
2019-03-06T19:01:28.016942	18:31:bf:d9:c0:3d	UNKNOWN	TWNGBM	-83
2019-03-06T19:01:30.826672	18:34:51:74:f1:3e	Apple, Inc.	SpaceLab	-85
2019-03-06T19:01:31.900409	bc:e6:3f:0a:08:c2	Samsung Electronics Co.,Ltd	NCKU-WLAN	-75
2019-03-06T19:01:33.026111	48:3b:38:73:ad:f7	Apple, Inc.	NCKU-WLAN-802.1x	-81
2019-03-06T19:01:33.672575	bc:e6:3f:0a:08:c2	Samsung Electronics Co.,Ltd		-85
2019-03-06T19:01:34.057404	4e:65:3e:f2:bd:87	UNKNOWN		-83
2019-03-06T19:01:35.621759	48:3b:38:73:ad:f7	Apple, Inc.	NCKU-WLAN-802.1x	-83
2019-03-06T19:01:36.233470	18:34:51:74:f1:3e	Apple, Inc.	SpaceLab	-87
2019-03-06T19:01:37.236989	18:34:51:74:f1:3e	Apple, Inc.	SpaceLab	-83
2019-03-06T19:01:37.352556	18:34:51:74:f1:3e	Apple, Inc.	SpaceLab	-79
2019-03-06T19:01:37.376171	18:34:51:74:f1:3e	Apple, Inc.	SpaceLab	-83
2019-03-06T19:01:37.539238	3a:0f:e9:60:ae:4c	UNKNOWN		-73
2019-03-06T19:01:37.580184	12:9a:34:14:4f:56	UNKNOWN		-83
2019-03-06T19:01:38.014369	3c:a0:67:7a:23:a5	Liteon Technology Corporation	NCKU-WLAN-802.1x	-85
2019-03-06T19:01:39.132346	e6:cf:f2:ef:49:e5	UNKNOWN		-89
2019-03-06T19:01:41.414041	e4:2b:34:37:bd:d4	UNKNOWN	Graphene Lab-2.45GHZ	-79
2019-03-06T19:01:42.015874	48:3b:38:73:ad:f7	Apple, Inc.	NCKU-WLAN-802.1x	-83
2019-03-06T19:01:43.281857	b8:27:eb:5b:e9:a5	Raspberry Pi Foundation		-87
2019-03-06T19:01:44.265451	18:34:51:74:f1:3e	Apple, Inc.	SpaceLab	-71
2019-03-06T19:01:45.776872	ea:4b:35:8f:85:61	UNKNOWN		-81
2019-03-06T19:01:46.204810	18:34:51:74:f1:3e	Apple, Inc.	SpaceLab	-83
2019-03-06T19:01:48.100595	18:34:51:74:f1:3e	Apple, Inc.	SpaceLab	-85
2019-03-06T19:01:48.197124	18:34:51:74:f1:3e	Apple, Inc.	SpaceLab	-89
2019-03-06T19:01:49.620923	e4:2b:34:37:bd:d4	UNKNOWN	Graphene Lab-2.45GHZ	-83
2019-03-06T19:01:51.474442	fa:60:ce:2e:1e:7e	UNKNOWN		-83
2019-03-06T19:01:53.426188	f4:28:53:19:7e:1f	Zioncom Electronics (Shenzhen) Ltd.	O3O	-15
2019-03-06T19:01:54.673635	92:d2:7e:a5:94:79	UNKNOWN		-83
2019-03-06T19:01:55.901336	04:d3:b0:85:4e:9a	UNKNOWN		-73
2019-03-06T19:01:56.174509	d6:16:dd:db:87:05	UNKNOWN		-83
2019-03-06T19:01:57.141099	3c:a0:67:7a:23:a5	Liteon Technology Corporation		-83
2019-03-06T19:01:59.336765	1c:70:22:0a:82:46	UNKNOWN		-77
2019-03-06T19:01:59.358077	1c:70:22:0a:82:46	UNKNOWN		-79
2019-03-06T19:02:00.140882	18:34:51:74:f1:3e	Apple, Inc.	SpaceLab	-85
2019-03-06T19:02:00.247836	18:34:51:74:f1:3e	Apple, Inc.	SpaceLab	-83
2019-03-06T19:02:06.101224	e8:2a:44:d2:cc:bf	UNKNOWN		-85
2019-03-06T19:02:07.190525	f8:28:19:5a:9d:e3	UNKNOWN		-71
2019-03-06T19:02:08.939518	da:a1:19:80:e7:21	UNKNOWN		-79
2019-03-06T19:02:09.609768	60:45:cb:c1:4d:f0	ASUSTek COMPUTER INC.		-75
2019-03-06T19:02:09.705793	60:45:cb:c1:4d:f0	ASUSTek COMPUTER INC.		-75
2019-03-06T19:02:10.347843	f8:28:19:5a:9d:e3	UNKNOWN		-71
2019-03-06T19:02:14.118285	06:85:53:0f:24:6d	UNKNOWN		-85
2019-03-06T19:02:14.874666	60:45:cb:c1:4d:f0	ASUSTek COMPUTER INC.		-85
2019-03-06T19:02:16.477080	da:a1:19:95:e6:c5	UNKNOWN		-81
2019-03-06T19:02:16.510234	da:a1:19:95:e6:c5	UNKNOWN		-79
2019-03-06T19:02:16.984418	32:24:88:3d:c8:9f	UNKNOWN		-85
2019-03-06T19:02:17.328709	16:a7:f7:9d:0f:dd	UNKNOWN		-77
2019-03-06T19:02:17.514665	18:34:51:74:f1:3e	Apple, Inc.	SpaceLab	-81
2019-03-06T19:02:23.004035	72:27:6f:07:ad:b2	UNKNOWN		-75
2019-03-06T19:02:23.070759	72:27:6f:07:ad:b2	UNKNOWN		-75
2019-03-06T19:02:23.159194	72:27:6f:07:ad:b2	UNKNOWN		-79
2019-03-06T19:02:23.949337	fc:18:3c:ed:bb:57	UNKNOWN	NCKU-WLAN-802.1x	-83
2019-03-06T19:02:23.959618	f4:28:53:19:7e:1f	Zioncom Electronics (Shenzhen) Ltd.	O3O	-15
2019-03-06T19:02:25.780316	da:a1:19:2a:e3:d2	UNKNOWN	ti.iMM MM MMI。有和你 MM#k	-83
2019-03-06T19:02:26.170223	3c:a0:67:7a:23:a5	Liteon Technology Corporation		-83
2019-03-06T19:02:27.303048	f0:98:9d:73:32:ed	UNKNOWN		-87
2019-03-06T19:02:30.624351	3c:a0:67:7a:23:a5	Liteon Technology Corporation	NCKU-WLAN-802.1x	-81
2019-03-06T19:02:30.630565	3c:a0:67:7a:23:a5	Liteon Technology Corporation	NCKU-WLAN-802.1x	-81
2019-03-06T19:02:30.954297	00:1f:1f:85:95:e1	Edimax Technology Co. Ltd.		-85
2019-03-06T19:02:32.884216	00:1f:1f:85:95:e1	Edimax Technology Co. Ltd.		-69
2019-03-06T19:02:33.461758	22:ce:32:ca:bc:c7	UNKNOWN		-83
2019-03-06T19:02:34.431184	48:3b:38:73:ad:f7	Apple, Inc.	NCKU-WLAN-802.1x	-77
2019-03-06T19:02:37.317828	66:94:b1:bb:0f:fd	UNKNOWN		-83
2019-03-06T19:02:38.992147	b6:1b:44:90:da:49	UNKNOWN		-85
2019-03-06T19:02:41.021749	da:a1:19:a4:46:99	UNKNOWN		-85
2019-03-06T19:02:41.116902	24:0a:64:be:ac:a1	AzureWave Technology Inc.		-71
2019-03-06T19:02:44.819412	b6:2e:28:1f:14:41	UNKNOWN		-65
2019-03-06T19:02:46.315961	42:e3:28:5f:bd:dc	UNKNOWN		-69
2019-03-06T19:02:49.237434	34:02:86:25:d6:36	Intel Corporate	NCKU-WLAN-802.1x	-79
2019-03-06T19:02:51.276302	b4:6b:fc:d7:6b:35	UNKNOWN		-77
2019-03-06T19:02:54.415906	a6:8c:bc:9f:eb:c7	UNKNOWN		-75
2019-03-06T19:02:55.109195	3c:a0:67:7a:23:a5	Liteon Technology Corporation		-83
2019-03-06T19:02:55.152829	3c:a0:67:7a:23:a5	Liteon Technology Corporation		-83
2019-03-06T19:02:55.300267	f4:28:53:19:7e:1f	Zioncom Electronics (Shenzhen) Ltd.	O3O	-15
2019-03-06T19:02:55.954681	04:d3:b0:85:4e:9a	UNKNOWN		-77
2019-03-06T19:02:56.766655	a2:4a:3b:46:52:7e	UNKNOWN		-85
2019-03-06T19:02:57.684483	18:31:bf:d9:c0:3d	UNKNOWN	TWNGBM	-85
2019-03-06T19:02:57.711363	18:31:bf:d9:c0:3d	UNKNOWN	TWNGBM	-81
2019-03-06T19:03:00.035565	48:a4:72:70:65:ac	UNKNOWN	NCKU-WLAN-802.1x	-81
2019-03-06T19:03:02.743078	2c:4d:54:be:e5:8e	ASUSTek COMPUTER INC.		-79
2019-03-06T19:03:06.751858	3c:a0:67:7a:23:a5	Liteon Technology Corporation	NCKU-WLAN-802.1x	-85
2019-03-06T19:03:08.334231	c8:38:70:d9:2f:c7	Samsung Electronics Co.,Ltd		-77
2019-03-06T19:03:08.764057	3c:a0:67:7a:23:a5	Liteon Technology Corporation	NCKU-WLAN-802.1x	-81
2019-03-06T19:03:11.107482	4c:bb:58:fa:24:31	Chicony Electronics Co., Ltd.		-85
2019-03-06T19:03:11.176485	38:d5:47:8d:ca:4e	ASUSTek COMPUTER INC.		-65
2019-03-06T19:03:12.556822	f6:0b:47:76:58:b9	UNKNOWN		-83
2019-03-06T19:03:13.837737	f8:28:19:5a:9d:e3	UNKNOWN		-71
2019-03-06T19:03:14.520281	da:a1:19:c4:ba:c5	UNKNOWN		-83
2019-03-06T19:03:14.559524	f8:28:19:5a:9d:e3	UNKNOWN		-73
2019-03-06T19:03:16.673348	46:22:d7:99:b3:bd	UNKNOWN		-83
2019-03-06T19:03:18.125262	d2:2c:8e:81:52:5c	UNKNOWN		-85
2019-03-06T19:03:18.481766	3c:a0:67:7a:23:a5	Liteon Technology Corporation	NCKU-WLAN-802.1x	-83
2019-03-06T19:03:18.913215	9e:c9:cf:df:55:88	UNKNOWN		-87
2019-03-06T19:03:23.166375	3c:a0:67:7a:23:a5	Liteon Technology Corporation		-83
2019-03-06T19:03:26.078252	f4:28:53:19:7e:1f	Zioncom Electronics (Shenzhen) Ltd.	O3O	-15
2019-03-06T19:03:28.127031	3c:a0:67:7a:23:a5	Liteon Technology Corporation	NCKU-WLAN-802.1x	-85
2019-03-06T19:03:33.941861	d6:ef:32:6a:1c:a8	UNKNOWN		-83
2019-03-06T19:03:41.295482	24:0a:64:be:ac:a1	AzureWave Technology Inc.		-73
2019-03-06T19:03:42.146253	fc:18:3c:ed:bb:57	UNKNOWN	NCKU-WLAN-802.1x	-83
2019-03-06T19:03:48.338638	42:bb:ee:c6:53:f0	UNKNOWN		-65
2019-03-06T19:03:50.618074	b8:27:eb:1a:ea:01	Raspberry Pi Foundation		-87
2019-03-06T19:03:51.598034	38:d5:47:8d:ca:4e	ASUSTek COMPUTER INC.		-73
2019-03-06T19:03:51.616168	38:d5:47:8d:ca:4e	ASUSTek COMPUTER INC.		-75
2019-03-06T19:03:52.309636	3c:a0:67:7a:23:a5	Liteon Technology Corporation		-83
2019-03-06T19:03:52.336442	b4:6b:fc:d7:6b:35	UNKNOWN		-79
