2019-11-27T11:38:45.227210	da:a1:19:92:5e:f4	UNKNOWN		-87
2019-11-27T11:38:46.161935	aa:0b:53:e3:1e:58	UNKNOWN		-79
2019-11-27T11:38:46.803961	20:47:da:53:a7:0d	UNKNOWN		-85
2019-11-27T11:38:46.817730	20:47:da:53:a7:0d	UNKNOWN		-85
2019-11-27T11:38:47.213184	b8:27:eb:70:0d:e2	Raspberry Pi Foundation		-47
2019-11-27T11:38:49.264968	14:c2:13:97:66:2a	UNKNOWN	NCKU-WLAN-802.1x	-77
2019-11-27T11:38:49.584648	32:9a:36:02:0d:1c	UNKNOWN		-65
2019-11-27T11:38:49.640088	32:9a:36:02:0d:1c	UNKNOWN		-69
2019-11-27T11:38:50.980274	b0:6f:e0:1d:de:0c	UNKNOWN		-39
2019-11-27T11:38:51.007091	b0:6f:e0:1d:de:0c	UNKNOWN		-39
2019-11-27T11:38:51.446923	b0:6f:e0:1d:de:0c	UNKNOWN		-65
2019-11-27T11:38:51.756515	f8:59:71:aa:d8:13	Intel Corporate	James	-85
2019-11-27T11:38:51.777046	d2:7d:60:23:de:32	UNKNOWN		-83
2019-11-27T11:38:51.803201	d2:7d:60:23:de:32	UNKNOWN		-85
2019-11-27T11:38:52.681529	ca:8b:96:1c:2c:ee	UNKNOWN		-75
2019-11-27T11:38:53.825962	b8:27:eb:85:bf:e1	Raspberry Pi Foundation		-81
2019-11-27T11:38:53.943115	46:49:8a:c1:19:93	UNKNOWN		-85
2019-11-27T11:38:56.218820	d0:c6:37:5c:8a:2d	UNKNOWN		-71
2019-11-27T11:38:56.433549	d4:61:9d:34:24:bc	Apple, Inc.	TWNGBM	-83
2019-11-27T12:00:41.586051	b8:27:eb:01:ea:27	Raspberry Pi Foundation		-61
2019-11-27T12:00:41.620851	d0:c6:37:5c:8a:2d	UNKNOWN		-67
2019-11-27T12:00:46.021188	26:63:a1:36:d0:7f	UNKNOWN		-81
2019-11-27T12:00:46.289052	b8:27:eb:26:1a:ca	Raspberry Pi Foundation		-61
2019-11-27T12:00:46.494293	b8:27:eb:0d:4a:66	Raspberry Pi Foundation		-47
2019-11-27T12:00:47.921135	06:41:ab:2f:93:6d	UNKNOWN		-81
2019-11-27T12:00:49.388406	1c:70:22:0a:82:46	UNKNOWN		-67
2019-11-27T12:00:51.348072	d2:73:52:1b:ec:ee	UNKNOWN		-59
2019-11-27T12:00:54.267465	64:70:33:24:a4:81	UNKNOWN	NCKU-WLAN-802.1x	-85
2019-11-27T12:00:54.955919	de:a6:8c:23:bc:49	UNKNOWN		-53
2019-11-27T12:00:55.342262	b8:27:eb:9a:2a:d4	Raspberry Pi Foundation		-81
2019-11-27T12:00:56.788903	6c:e8:5c:cb:66:0a	UNKNOWN		-81
2019-11-27T12:01:00.935326	f4:28:53:19:7e:1f	Zioncom Electronics (Shenzhen) Ltd.		-41
2019-11-27T12:01:01.010130	f4:28:53:19:7e:1f	Zioncom Electronics (Shenzhen) Ltd.		-43
2019-11-27T12:01:02.094301	dc:85:de:52:d2:7d	AzureWave Technology Inc.	NCKU-WLAN-802.1x	-85
2019-11-27T12:01:02.165171	64:70:33:24:a4:81	UNKNOWN	NCKU-WLAN-802.1x	-79
2019-11-27T12:01:02.199844	64:70:33:24:a4:81	UNKNOWN	NCKU-WLAN-802.1x	-85
2019-11-27T12:01:02.233402	b8:27:eb:08:9e:dc	Raspberry Pi Foundation		-47
2019-11-27T12:01:02.253768	b8:27:eb:08:9e:dc	Raspberry Pi Foundation		-43
2019-11-27T12:01:04.126135	ac:37:43:3c:1a:2f	HTC Corporation		-43
2019-11-27T12:01:04.306889	b8:27:eb:f1:06:9c	Raspberry Pi Foundation		-41
2019-11-27T12:01:05.930090	f0:98:9d:73:32:ed	UNKNOWN		-85
2019-11-27T12:01:06.582729	b8:27:eb:b2:89:cb	Raspberry Pi Foundation		-55
2019-11-27T12:01:07.373862	7c:2a:31:a7:a2:c9	UNKNOWN	SmileLab92583	-73
2019-11-27T12:01:07.609072	2e:b0:04:55:bd:5a	UNKNOWN		-75
2019-11-27T12:01:08.026169	7c:2a:31:a7:a2:c9	UNKNOWN	SmileLab92583	-77
2019-11-27T12:01:08.836462	da:a1:19:c8:4e:ed	UNKNOWN	NCKU-WLAN	-73
2019-11-27T12:01:08.859787	da:a1:19:c8:4e:ed	UNKNOWN	NCKU-WLAN	-77
2019-11-27T12:01:12.353358	38:a4:ed:4c:a9:39	Xiaomi Communications Co Ltd		-83
2019-11-27T12:01:12.485436	38:a4:ed:4c:a9:39	Xiaomi Communications Co Ltd		-81
2019-11-27T12:01:14.326560	b8:27:eb:c5:4a:49	Raspberry Pi Foundation		-37
2019-11-27T12:01:14.376260	b8:27:eb:c5:4a:49	Raspberry Pi Foundation		-37
2019-11-27T12:01:15.050055	74:9e:af:5b:2a:b8	UNKNOWN	NCKU-WLAN-802.1x	-77
2019-11-27T12:01:16.388086	7c:2a:31:a7:a2:c9	UNKNOWN		-75
2019-11-27T12:01:16.410911	ae:b3:43:62:a0:fa	UNKNOWN		-87
2019-11-27T12:01:16.619607	44:00:10:b2:57:78	Apple, Inc.	NCKUEE-B1-4F	-85
2019-11-27T12:01:16.960687	7c:2a:31:a7:a2:c9	UNKNOWN	SmileLab92583	-73
2019-11-27T12:01:17.203671	7c:2a:31:a7:a2:c9	UNKNOWN	SmileLab92583	-77
2019-11-27T12:01:18.866467	2e:5f:ad:6d:ad:c2	UNKNOWN		-71
2019-11-27T12:01:18.889627	2e:5f:ad:6d:ad:c2	UNKNOWN		-69
2019-11-27T12:01:19.086735	7c:2a:31:a7:a2:c9	UNKNOWN	SmileLab92583	-77
2019-11-27T12:01:19.398663	2a:80:5a:dc:13:55	UNKNOWN		-65
2019-11-27T12:01:19.436813	7c:2a:31:a7:a2:c9	UNKNOWN	SmileLab92583	-75
2019-11-27T12:01:19.931749	0e:cd:fc:89:45:28	UNKNOWN		-73
2019-11-27T12:01:19.957014	0e:cd:fc:89:45:28	UNKNOWN		-75
2019-11-27T12:01:20.275163	7c:2a:31:a7:a2:c9	UNKNOWN	SmileLab92583	-77
2019-11-27T12:01:20.719957	da:a1:19:31:80:54	UNKNOWN	NCKU-WLAN	-81
2019-11-27T12:01:20.747192	da:a1:19:31:80:54	UNKNOWN	NCKU-WLAN	-75
2019-11-27T12:01:20.876217	7c:2a:31:a7:a2:c9	UNKNOWN	SmileLab92583	-77
2019-11-27T12:01:21.238263	7c:2a:31:a7:a2:c9	UNKNOWN	SmileLab92583	-75
2019-11-27T12:01:22.487558	7c:2a:31:a7:a2:c9	UNKNOWN		-75
2019-11-27T12:01:23.711244	7c:2a:31:a7:a2:c9	UNKNOWN	SmileLab92583	-71
2019-11-27T12:01:24.084167	ac:37:43:3c:1a:2f	HTC Corporation		-45
2019-11-27T12:01:24.326046	7c:2a:31:a7:a2:c9	UNKNOWN	SmileLab92583	-65
2019-11-27T12:01:27.171121	74:b5:87:63:c7:be	UNKNOWN		-85
2019-11-27T12:01:27.358025	38:d5:47:8f:66:69	ASUSTek COMPUTER INC.		-77
2019-11-27T12:01:28.268031	5a:4b:49:34:bc:d8	UNKNOWN		-67
2019-11-27T12:01:28.589150	1e:64:93:4a:58:6b	UNKNOWN		-73
2019-11-27T12:01:31.674682	6e:26:05:e2:53:44	UNKNOWN		-69
2019-11-27T12:01:31.693491	6e:26:05:e2:53:44	UNKNOWN		-67
2019-11-27T12:01:33.922297	b8:27:eb:0d:4a:66	Raspberry Pi Foundation	MCSLAB	-49
2019-11-27T12:01:34.087332	b8:27:eb:70:0d:e2	Raspberry Pi Foundation		-47
2019-11-27T12:01:34.326871	3c:2e:ff:93:82:ae	UNKNOWN	NCKU-WLAN-802.1x	-79
2019-11-27T12:01:34.781715	44:d4:e0:4b:6e:cf	Sony Mobile Communications AB		-83
2019-11-27T12:01:35.418541	42:c9:47:d2:e2:fb	UNKNOWN	LastLonger-Secret	-67
2019-11-27T12:01:35.426020	42:c9:47:d2:e2:fb	UNKNOWN		-65
2019-11-27T12:01:35.442307	42:c9:47:d2:e2:fb	UNKNOWN	LastLonger-Secret	-75
2019-11-27T12:01:36.818392	da:a1:19:80:35:b1	UNKNOWN		-73
2019-11-27T12:01:39.136694	32:76:42:27:a2:e7	UNKNOWN		-75
2019-11-27T12:01:39.289382	20:ee:28:61:db:71	UNKNOWN		-71
2019-11-27T12:01:39.540719	c6:c5:13:f0:47:5e	UNKNOWN		-71
2019-11-27T12:01:41.015863	d0:c6:37:5c:8a:2d	UNKNOWN		-73
2019-11-27T12:01:44.069987	ac:37:43:3c:1a:2f	HTC Corporation		-49
2019-11-27T12:01:44.145597	ac:37:43:3c:1a:2f	HTC Corporation		-77
2019-11-27T12:01:44.426563	40:4e:36:5f:22:f6	HTC Corporation		-77
2019-11-27T12:01:44.903888	da:a1:19:a8:1f:6a	UNKNOWN		-73
2019-11-27T12:01:44.978890	da:a1:19:a8:1f:6a	UNKNOWN		-77
2019-11-27T12:01:45.805019	74:9e:af:5b:2a:b8	UNKNOWN	NCKU-WLAN-802.1x	-79
2019-11-27T12:01:48.007932	ac:d1:b8:0e:b4:df	Hon Hai Precision Ind. Co.,Ltd.		-81
2019-11-27T12:01:49.137221	44:00:10:b2:57:78	Apple, Inc.	NCKUEE-B1-4F	-83
2019-11-27T12:01:49.145432	44:00:10:b2:57:78	Apple, Inc.	NCKUEE-B1-4F	-81
2019-11-27T12:01:49.212754	1c:70:22:0a:82:46	UNKNOWN		-67
2019-11-27T12:01:49.219331	1c:70:22:0a:82:46	UNKNOWN		-67
2019-11-27T12:01:50.075108	b8:27:eb:0d:4a:66	Raspberry Pi Foundation		-47
2019-11-27T12:01:50.985728	50:9e:a7:a6:48:6b	Samsung Electronics Co.,Ltd	NCKUEE-B1-4F	-81
2019-11-27T12:01:51.197205	f2:dc:b8:86:c4:8e	UNKNOWN		-65
2019-11-27T12:01:51.412131	e6:90:2a:26:83:ac	UNKNOWN		-83
2019-11-27T12:01:52.165229	f8:28:19:58:47:61	UNKNOWN		-81
2019-11-27T12:01:53.722262	64:cc:2e:0b:c4:73	Xiaomi Communications Co Ltd	NCKU-WLAN-802.1x	-85
2019-11-27T12:01:54.728647	e6:90:2a:26:83:ac	UNKNOWN		-79
2019-11-27T12:01:57.094962	8a:9d:e7:9e:10:bf	UNKNOWN		-67
2019-11-27T12:01:59.370613	de:d6:af:0a:af:e3	UNKNOWN		-73
2019-11-27T12:01:59.423284	de:d6:af:0a:af:e3	UNKNOWN		-73
2019-11-27T12:01:59.850997	f4:28:53:19:7e:1f	Zioncom Electronics (Shenzhen) Ltd.		-41
2019-11-27T12:02:01.297883	b8:27:eb:08:9e:dc	Raspberry Pi Foundation		-41
2019-11-27T12:02:01.335954	b8:27:eb:08:9e:dc	Raspberry Pi Foundation		-41
2019-11-27T12:02:01.681892	ec:f3:42:8c:59:fb	UNKNOWN	NCKU-WLAN-802.1x	-71
2019-11-27T12:02:02.130415	3c:2e:ff:93:82:ae	UNKNOWN	NCKU-WLAN-802.1x	-81
2019-11-27T12:02:02.946404	2e:d7:ae:cc:5a:7e	UNKNOWN		-65
2019-11-27T12:02:02.979454	2e:d7:ae:cc:5a:7e	UNKNOWN		-53
2019-11-27T12:02:03.317075	da:a1:19:0e:46:ec	UNKNOWN	NCKU-WLAN	-87
2019-11-27T12:02:03.427928	da:a1:19:79:ea:89	UNKNOWN	NCKU-WLAN	-85
2019-11-27T12:02:03.544971	ac:37:43:3c:1a:2f	HTC Corporation		-47
2019-11-27T12:02:03.640148	b8:27:eb:f1:06:9c	Raspberry Pi Foundation		-45
2019-11-27T12:02:03.658687	b8:27:eb:f1:06:9c	Raspberry Pi Foundation		-43
2019-11-27T12:02:04.040903	ac:37:43:cb:22:83	HTC Corporation		-83
2019-11-27T12:02:06.109104	b8:27:eb:b2:89:cb	Raspberry Pi Foundation		-61
2019-11-27T12:02:06.401007	2a:e9:75:81:98:ee	UNKNOWN		-59
2019-11-27T12:02:06.427746	2a:e9:75:81:98:ee	UNKNOWN		-59
2019-11-27T12:02:06.480503	ec:51:bc:96:4b:e1	UNKNOWN		-85
2019-11-27T12:02:07.217350	2a:06:cc:24:be:4b	UNKNOWN		-59
2019-11-27T12:02:07.532066	92:d0:e1:b3:54:eb	UNKNOWN		-85
2019-11-27T12:02:07.785700	f4:06:16:e5:ea:e4	UNKNOWN	NCKU-WLAN-802.1x	-79
2019-11-27T12:02:08.124196	4c:57:ca:9c:f8:2c	Apple, Inc.		-87
2019-11-27T12:02:09.776281	b8:5d:0a:65:68:82	UNKNOWN		-83
2019-11-27T12:02:09.921289	dc:85:de:52:d2:7d	AzureWave Technology Inc.	NCKU-WLAN-802.1x	-83
2019-11-27T12:02:10.547335	86:eb:d0:8c:17:7f	UNKNOWN		-59
2019-11-27T12:02:10.612823	86:eb:d0:8c:17:7f	UNKNOWN		-61
2019-11-27T12:02:10.789185	ec:f3:42:8c:59:fb	UNKNOWN	NCKU-WLAN-802.1x	-73
2019-11-27T12:02:10.860656	da:bf:d3:dd:3f:02	UNKNOWN		-79
2019-11-27T12:02:12.139459	ac:37:43:cb:22:83	HTC Corporation		-83
2019-11-27T12:02:14.164264	b8:27:eb:c5:4a:49	Raspberry Pi Foundation		-37
2019-11-27T12:02:14.192495	b8:27:eb:c5:4a:49	Raspberry Pi Foundation		-39
2019-11-27T12:02:14.213856	3e:dc:02:7e:0d:e1	UNKNOWN		-69
2019-11-27T12:02:14.335880	3e:dc:02:7e:0d:e1	UNKNOWN		-61
2019-11-27T12:02:16.186935	dc:8b:28:65:76:c9	UNKNOWN		-79
2019-11-27T12:02:16.232646	7c:2a:31:a7:a2:c9	UNKNOWN		-77
2019-11-27T12:02:17.036422	da:a1:19:2a:48:e4	UNKNOWN		-81
2019-11-27T12:02:17.052841	da:a1:19:2a:48:e4	UNKNOWN		-85
2019-11-27T12:02:17.159226	da:a1:19:2a:48:e4	UNKNOWN		-83
2019-11-27T12:02:17.383130	dc:8b:28:65:76:c9	UNKNOWN		-65
2019-11-27T12:02:17.583253	ac:37:43:cb:22:83	HTC Corporation		-83
2019-11-27T12:02:17.893146	b8:27:eb:5b:e9:a5	Raspberry Pi Foundation		-75
2019-11-27T12:02:17.909667	b8:27:eb:5b:e9:a5	Raspberry Pi Foundation	kappa	-79
2019-11-27T12:02:17.927561	66:40:b4:06:ba:2f	UNKNOWN		-65
2019-11-27T12:02:20.490541	c6:f7:22:c9:0e:59	UNKNOWN		-59
2019-11-27T12:02:20.516916	c6:f7:22:c9:0e:59	UNKNOWN		-61
2019-11-27T12:02:21.429163	a0:56:f3:63:f4:bf	UNKNOWN		-83
2019-11-27T12:02:21.446183	a0:56:f3:63:f4:bf	UNKNOWN		-83
2019-11-27T12:02:22.422902	da:a1:19:c7:e1:04	UNKNOWN		-87
2019-11-27T12:02:23.549780	ac:37:43:cb:22:83	HTC Corporation		-85
2019-11-27T12:02:24.529373	ac:37:43:3c:1a:2f	HTC Corporation		-47
2019-11-27T12:02:24.539149	ac:37:43:3c:1a:2f	HTC Corporation		-47
2019-11-27T12:02:25.496292	7c:2a:31:a7:a2:c9	UNKNOWN		-75
2019-11-27T12:02:25.637969	6c:4d:73:a7:2b:1c	UNKNOWN		-83
2019-11-27T12:02:26.237152	7c:2a:31:a7:a2:c9	UNKNOWN	SmileLab92583	-81
2019-11-27T12:02:29.028393	dc:85:de:52:d2:7d	AzureWave Technology Inc.	NCKU-WLAN-802.1x	-81
2019-11-27T12:02:29.033947	38:d5:47:8f:66:69	ASUSTek COMPUTER INC.	NCKU-WLAN	-83
2019-11-27T12:02:29.335144	da:a1:19:bd:a2:1d	UNKNOWN	NCKU-WLAN-802.1x	-57
2019-11-27T12:02:29.425278	54:27:1e:a1:fc:cb	AzureWave Technology Inc.	NCKU-WLAN-802.1x	-85
2019-11-27T12:02:29.488483	38:d5:47:8f:66:69	ASUSTek COMPUTER INC.	NCKU-WLAN	-71
2019-11-27T12:02:29.828703	e4:b3:18:d0:81:e4	Intel Corporate	92726	-73
2019-11-27T12:02:29.946221	da:a1:19:b8:ac:ee	UNKNOWN	NCKU-WLAN-802.1x	-57
2019-11-27T12:02:30.126522	b0:6f:e0:1d:de:0c	UNKNOWN		-41
